#
# There is insufficient memory for the Java Runtime Environment to continue.
# Native memory allocation (malloc) failed to allocate 1163056 bytes for Chunk::new
# Possible reasons:
#   The system is out of physical RAM or swap space
#   The process is running with CompressedOops enabled, and the Java Heap may be blocking the growth of the native heap
# Possible solutions:
#   Reduce memory load on the system
#   Increase physical memory or swap space
#   Check if swap backing store is full
#   Decrease Java heap size (-Xmx/-Xms)
#   Decrease number of Java threads
#   Decrease Java thread stack sizes (-Xss)
#   Set larger code cache with -XX:ReservedCodeCacheSize=
#   JVM is running with Unscaled Compressed Oops mode in which the Java heap is
#     placed in the first 4GB address space. The Java Heap base address is the
#     maximum limit for the native heap growth. Please use -XX:HeapBaseMinAddress
#     to set the Java Heap base and to place the Java Heap above 4GB virtual address.
# This output file may be truncated or incomplete.
#
#  Out of Memory Error (./src/hotspot/share/memory/arena.cpp:197), pid=9364, tid=10324
#
# JRE version: OpenJDK Runtime Environment (11.0.11+9) (build 11.0.11+9-b60-7590822)
# Java VM: OpenJDK 64-Bit Server VM (11.0.11+9-b60-7590822, mixed mode, tiered, compressed oops, g1 gc, windows-amd64)
# No core dump will be written. Minidumps are not enabled by default on client versions of Windows
#

---------------  S U M M A R Y ------------

Command Line: --add-opens=java.base/java.util=ALL-UNNAMED --add-opens=java.base/java.lang=ALL-UNNAMED --add-opens=java.base/java.lang.invoke=ALL-UNNAMED --add-opens=java.base/java.util=ALL-UNNAMED --add-opens=java.prefs/java.util.prefs=ALL-UNNAMED --add-opens=java.prefs/java.util.prefs=ALL-UNNAMED --add-opens=java.base/java.nio.charset=ALL-UNNAMED --add-opens=java.base/java.net=ALL-UNNAMED --add-opens=java.base/java.util.concurrent.atomic=ALL-UNNAMED -Xmx2048m -Dfile.encoding=UTF-8 -Duser.country=RU -Duser.language=ru -Duser.variant org.gradle.launcher.daemon.bootstrap.GradleDaemon 7.2

Host: AMD Ryzen 5 3500U with Radeon Vega Mobile Gfx  , 8 cores, 6G,  Windows 10 , 64 bit Build 22000 (10.0.22000.675)
Time: Tue May 17 14:03:59 2022 RTZ 2 (зима) elapsed time: 30.885505 seconds (0d 0h 0m 30s)

---------------  T H R E A D  ---------------

Current thread (0x0000026a4b445000):  JavaThread "C2 CompilerThread0" daemon [_thread_in_native, id=10324, stack(0x00000082c7100000,0x00000082c7200000)]


Current CompileTask:
C2:  30885 14662  s!   4       jdk.internal.loader.URLClassPath::getLoader (194 bytes)

Stack: [0x00000082c7100000,0x00000082c7200000]
Native frames: (J=compiled Java code, j=interpreted, Vv=VM code, C=native code)
V  [jvm.dll+0x5f214a]
V  [jvm.dll+0x726fb5]
V  [jvm.dll+0x7285cd]
V  [jvm.dll+0x728c83]
V  [jvm.dll+0x243278]
V  [jvm.dll+0xbc53c]
V  [jvm.dll+0xbca3c]
V  [jvm.dll+0x353e3b]
V  [jvm.dll+0x321893]
V  [jvm.dll+0x320d8a]
V  [jvm.dll+0x1fc1e2]
V  [jvm.dll+0x1fb3d4]
V  [jvm.dll+0x183d6c]
V  [jvm.dll+0x209a57]
V  [jvm.dll+0x2082a1]
V  [jvm.dll+0x6ef58f]
V  [jvm.dll+0x6e80b5]
V  [jvm.dll+0x5f1036]
C  [ucrtbase.dll+0x26c0c]
C  [KERNEL32.DLL+0x154e0]
C  [ntdll.dll+0x485b]


---------------  P R O C E S S  ---------------

Threads class SMR info:
_java_thread_list=0x0000026a528cfb80, length=141, elements={
0x0000026a2f00b800, 0x0000026a4b41b800, 0x0000026a4b426800, 0x0000026a4b43c000,
0x0000026a4b43d000, 0x0000026a4b442000, 0x0000026a4b445000, 0x0000026a4b44a800,
0x0000026a4b44b800, 0x0000026a4bf0f800, 0x0000026a4d31a800, 0x0000026a4d691800,
0x0000026a4c95c800, 0x0000026a4d770800, 0x0000026a4d765800, 0x0000026a4d8af000,
0x0000026a4d8b9000, 0x0000026a4d8e7800, 0x0000026a4d8e8800, 0x0000026a4de33000,
0x0000026a4de31000, 0x0000026a4de32000, 0x0000026a4de33800, 0x0000026a4e035800,
0x0000026a4e037800, 0x0000026a4e038000, 0x0000026a4e039000, 0x0000026a4e033000,
0x0000026a4e036800, 0x0000026a4e039800, 0x0000026a4e03a800, 0x0000026a4e035000,
0x0000026a4e03e800, 0x0000026a4e03b800, 0x0000026a4e03f800, 0x0000026a4e040000,
0x0000026a4e042000, 0x0000026a4e03c000, 0x0000026a4e03e000, 0x0000026a4e03d000,
0x0000026a50e9f800, 0x0000026a50ea2000, 0x0000026a50ea3800, 0x0000026a50ea0800,
0x0000026a50e9e800, 0x0000026a50ea6000, 0x0000026a50ea7000, 0x0000026a50ea1000,
0x0000026a50ea7800, 0x0000026a50ea8800, 0x0000026a50ea4800, 0x0000026a50ea3000,
0x0000026a50eaa000, 0x0000026a50ea9800, 0x0000026a50eab000, 0x0000026a50ea5800,
0x0000026a50eac000, 0x0000026a50eac800, 0x0000026a50ead800, 0x0000026a50b49000,
0x0000026a50b46800, 0x0000026a50b47000, 0x0000026a50b44800, 0x0000026a50b48000,
0x0000026a50b45800, 0x0000026a50b43000, 0x0000026a50b49800, 0x0000026a50b44000,
0x0000026a50b4b000, 0x0000026a50b4d000, 0x0000026a50b4d800, 0x0000026a50b4e800,
0x0000026a50b50000, 0x0000026a50b4c000, 0x0000026a50b4a800, 0x0000026a50b51000,
0x0000026a50b4f800, 0x0000026a50b51800, 0x0000026a50a41800, 0x0000026a50a3e000,
0x0000026a50a3f000, 0x0000026a50a40800, 0x0000026a50a3f800, 0x0000026a50a42000,
0x0000026a50a43000, 0x0000026a50a3d800, 0x0000026a50a49800, 0x0000026a50a48000,
0x0000026a50a48800, 0x0000026a50a47000, 0x0000026a50a44000, 0x0000026a50a4a800,
0x0000026a50a44800, 0x0000026a50a4b000, 0x0000026a50a46000, 0x0000026a50a45800,
0x0000026a50a4c000, 0x0000026a50da8800, 0x0000026a50da6800, 0x0000026a50da7800,
0x0000026a50da9000, 0x0000026a50daa000, 0x0000026a50da4000, 0x0000026a50dab000,
0x0000026a50da5000, 0x0000026a50dab800, 0x0000026a50da6000, 0x0000026a50dad000,
0x0000026a50daf000, 0x0000026a50dae000, 0x0000026a50daf800, 0x0000026a50dac800,
0x0000026a50db0800, 0x0000026a50db3000, 0x0000026a50db1800, 0x0000026a50db2000,
0x0000026a51dc9000, 0x0000026a51dc9800, 0x0000026a51dcd800, 0x0000026a51dcd000,
0x0000026a51dc8000, 0x0000026a51dcc000, 0x0000026a51dce800, 0x0000026a51dcf800,
0x0000026a51dca800, 0x0000026a51dd0000, 0x0000026a51dd1000, 0x0000026a51dcb000,
0x0000026a51dd2800, 0x0000026a51dd2000, 0x0000026a51dd3800, 0x0000026a51dd4000,
0x0000026a51dd5000, 0x0000026a51dd6000, 0x0000026a51dd6800, 0x0000026a54575000,
0x0000026a54572800, 0x0000026a5456f800, 0x0000026a54571000, 0x0000026a54576000,
0x0000026a54571800
}

Java Threads: ( => current thread )
  0x0000026a2f00b800 JavaThread "main" [_thread_blocked, id=16884, stack(0x00000082c6500000,0x00000082c6600000)]
  0x0000026a4b41b800 JavaThread "Reference Handler" daemon [_thread_blocked, id=6980, stack(0x00000082c6c00000,0x00000082c6d00000)]
  0x0000026a4b426800 JavaThread "Finalizer" daemon [_thread_blocked, id=11956, stack(0x00000082c6d00000,0x00000082c6e00000)]
  0x0000026a4b43c000 JavaThread "Signal Dispatcher" daemon [_thread_blocked, id=16420, stack(0x00000082c6e00000,0x00000082c6f00000)]
  0x0000026a4b43d000 JavaThread "Attach Listener" daemon [_thread_blocked, id=17452, stack(0x00000082c6f00000,0x00000082c7000000)]
  0x0000026a4b442000 JavaThread "Service Thread" daemon [_thread_blocked, id=13464, stack(0x00000082c7000000,0x00000082c7100000)]
=>0x0000026a4b445000 JavaThread "C2 CompilerThread0" daemon [_thread_in_native, id=10324, stack(0x00000082c7100000,0x00000082c7200000)]
  0x0000026a4b44a800 JavaThread "C1 CompilerThread0" daemon [_thread_in_vm, id=2756, stack(0x00000082c7200000,0x00000082c7300000)]
  0x0000026a4b44b800 JavaThread "Sweeper thread" daemon [_thread_blocked, id=9572, stack(0x00000082c7300000,0x00000082c7400000)]
  0x0000026a4bf0f800 JavaThread "Common-Cleaner" daemon [_thread_blocked, id=16324, stack(0x00000082c7400000,0x00000082c7500000)]
  0x0000026a4d31a800 JavaThread "Daemon health stats" [_thread_blocked, id=18436, stack(0x00000082c7700000,0x00000082c7800000)]
  0x0000026a4d691800 JavaThread "Incoming local TCP Connector on port 52955" [_thread_in_native, id=16032, stack(0x00000082c7800000,0x00000082c7900000)]
  0x0000026a4c95c800 JavaThread "Daemon periodic checks" [_thread_blocked, id=17744, stack(0x00000082c7900000,0x00000082c7a00000)]
  0x0000026a4d770800 JavaThread "Daemon" [_thread_blocked, id=12180, stack(0x00000082c7a00000,0x00000082c7b00000)]
  0x0000026a4d765800 JavaThread "Handler for socket connection from /127.0.0.1:52955 to /127.0.0.1:52956" [_thread_in_native, id=9952, stack(0x00000082c7b00000,0x00000082c7c00000)]
  0x0000026a4d8af000 JavaThread "Cancel handler" [_thread_blocked, id=9208, stack(0x00000082c7c00000,0x00000082c7d00000)]
  0x0000026a4d8b9000 JavaThread "Daemon worker" [_thread_blocked, id=10884, stack(0x00000082c7d00000,0x00000082c7e00000)]
  0x0000026a4d8e7800 JavaThread "Asynchronous log dispatcher for DefaultDaemonConnection: socket connection from /127.0.0.1:52955 to /127.0.0.1:52956" [_thread_blocked, id=10360, stack(0x00000082c7e00000,0x00000082c7f00000)]
  0x0000026a4d8e8800 JavaThread "Stdin handler" [_thread_blocked, id=6320, stack(0x00000082c7f00000,0x00000082c8000000)]
  0x0000026a4de33000 JavaThread "Daemon client event forwarder" [_thread_blocked, id=18792, stack(0x00000082c8600000,0x00000082c8700000)]
  0x0000026a4de31000 JavaThread "Cache worker for journal cache (C:\Users\polin\.gradle\caches\journal-1)" [_thread_blocked, id=1860, stack(0x00000082c8700000,0x00000082c8800000)]
  0x0000026a4de32000 JavaThread "File lock request listener" [_thread_in_native, id=5316, stack(0x00000082c8800000,0x00000082c8900000)]
  0x0000026a4de33800 JavaThread "Cache worker for file hash cache (C:\Users\polin\.gradle\caches\7.2\fileHashes)" [_thread_blocked, id=2996, stack(0x00000082c8900000,0x00000082c8a00000)]
  0x0000026a4e035800 JavaThread "Cache worker for file hash cache (D:\all_projects\mirea\mobilki\pr11\.gradle\7.2\fileHashes)" [_thread_blocked, id=9232, stack(0x00000082c8b00000,0x00000082c8c00000)]
  0x0000026a4e037800 JavaThread "File watcher server" daemon [_thread_in_native, id=18460, stack(0x00000082c8c00000,0x00000082c8d00000)]
  0x0000026a4e038000 JavaThread "File watcher consumer" daemon [_thread_blocked, id=10868, stack(0x00000082c8d00000,0x00000082c8e00000)]
  0x0000026a4e039000 JavaThread "Cache worker for checksums cache (D:\all_projects\mirea\mobilki\pr11\.gradle\checksums)" [_thread_blocked, id=11132, stack(0x00000082c8e00000,0x00000082c8f00000)]
  0x0000026a4e033000 JavaThread "Cache worker for cache directory md-supplier (C:\Users\polin\.gradle\caches\7.2\md-supplier)" [_thread_blocked, id=7136, stack(0x00000082c8f00000,0x00000082c9000000)]
  0x0000026a4e036800 JavaThread "Cache worker for cache directory md-rule (C:\Users\polin\.gradle\caches\7.2\md-rule)" [_thread_blocked, id=10584, stack(0x00000082c9000000,0x00000082c9100000)]
  0x0000026a4e039800 JavaThread "Cache worker for execution history cache (C:\Users\polin\.gradle\caches\7.2\executionHistory)" [_thread_blocked, id=180, stack(0x00000082c9100000,0x00000082c9200000)]
  0x0000026a4e03a800 JavaThread "jar transforms" [_thread_blocked, id=10700, stack(0x00000082c9200000,0x00000082c9300000)]
  0x0000026a4e035000 JavaThread "Cache worker for file content cache (C:\Users\polin\.gradle\caches\7.2\fileContent)" [_thread_blocked, id=15384, stack(0x00000082c9300000,0x00000082c9400000)]
  0x0000026a4e03e800 JavaThread "jar transforms Thread 2" [_thread_blocked, id=16004, stack(0x00000082c9400000,0x00000082c9500000)]
  0x0000026a4e03b800 JavaThread "Cache worker for dependencies-accessors (D:\all_projects\mirea\mobilki\pr11\.gradle\7.2\dependencies-accessors)" [_thread_blocked, id=2484, stack(0x00000082c9500000,0x00000082c9600000)]
  0x0000026a4e03f800 JavaThread "jar transforms Thread 3" [_thread_blocked, id=8004, stack(0x00000082c9600000,0x00000082c9700000)]
  0x0000026a4e040000 JavaThread "Cache worker for Build Output Cleanup Cache (D:\all_projects\mirea\mobilki\pr11\.gradle\buildOutputCleanup)" [_thread_blocked, id=7592, stack(0x00000082c9700000,0x00000082c9800000)]
  0x0000026a4e042000 JavaThread "Unconstrained build operations" [_thread_blocked, id=16288, stack(0x00000082c9800000,0x00000082c9900000)]
  0x0000026a4e03c000 JavaThread "Unconstrained build operations Thread 2" [_thread_blocked, id=12652, stack(0x00000082c9900000,0x00000082c9a00000)]
  0x0000026a4e03e000 JavaThread "Unconstrained build operations Thread 3" [_thread_in_Java, id=6408, stack(0x00000082c9a00000,0x00000082c9b00000)]
  0x0000026a4e03d000 JavaThread "Unconstrained build operations Thread 4" [_thread_blocked, id=5604, stack(0x00000082c9b00000,0x00000082c9c00000)]
  0x0000026a50e9f800 JavaThread "Unconstrained build operations Thread 5" [_thread_in_Java, id=2980, stack(0x00000082c9c00000,0x00000082c9d00000)]
  0x0000026a50ea2000 JavaThread "Unconstrained build operations Thread 6" [_thread_blocked, id=8544, stack(0x00000082c9d00000,0x00000082c9e00000)]
  0x0000026a50ea3800 JavaThread "Unconstrained build operations Thread 7" [_thread_blocked, id=13740, stack(0x00000082c9e00000,0x00000082c9f00000)]
  0x0000026a50ea0800 JavaThread "Unconstrained build operations Thread 8" [_thread_blocked, id=16848, stack(0x00000082c9f00000,0x00000082ca000000)]
  0x0000026a50e9e800 JavaThread "Unconstrained build operations Thread 9" [_thread_blocked, id=10096, stack(0x00000082ca000000,0x00000082ca100000)]
  0x0000026a50ea6000 JavaThread "Unconstrained build operations Thread 10" [_thread_blocked, id=13896, stack(0x00000082ca100000,0x00000082ca200000)]
  0x0000026a50ea7000 JavaThread "Unconstrained build operations Thread 11" [_thread_blocked, id=11844, stack(0x00000082ca200000,0x00000082ca300000)]
  0x0000026a50ea1000 JavaThread "Unconstrained build operations Thread 12" [_thread_blocked, id=9576, stack(0x00000082ca300000,0x00000082ca400000)]
  0x0000026a50ea7800 JavaThread "Unconstrained build operations Thread 13" [_thread_blocked, id=5532, stack(0x00000082ca400000,0x00000082ca500000)]
  0x0000026a50ea8800 JavaThread "Unconstrained build operations Thread 14" [_thread_blocked, id=7284, stack(0x00000082ca500000,0x00000082ca600000)]
  0x0000026a50ea4800 JavaThread "Unconstrained build operations Thread 15" [_thread_blocked, id=19416, stack(0x00000082ca600000,0x00000082ca700000)]
  0x0000026a50ea3000 JavaThread "Unconstrained build operations Thread 16" [_thread_blocked, id=3160, stack(0x00000082ca700000,0x00000082ca800000)]
  0x0000026a50eaa000 JavaThread "Unconstrained build operations Thread 17" [_thread_blocked, id=17008, stack(0x00000082ca800000,0x00000082ca900000)]
  0x0000026a50ea9800 JavaThread "Unconstrained build operations Thread 18" [_thread_blocked, id=17264, stack(0x00000082ca900000,0x00000082caa00000)]
  0x0000026a50eab000 JavaThread "Unconstrained build operations Thread 19" [_thread_blocked, id=15828, stack(0x00000082caa00000,0x00000082cab00000)]
  0x0000026a50ea5800 JavaThread "Unconstrained build operations Thread 20" [_thread_blocked, id=800, stack(0x00000082cab00000,0x00000082cac00000)]
  0x0000026a50eac000 JavaThread "Unconstrained build operations Thread 21" [_thread_blocked, id=8512, stack(0x00000082cac00000,0x00000082cad00000)]
  0x0000026a50eac800 JavaThread "Unconstrained build operations Thread 22" [_thread_blocked, id=1824, stack(0x00000082cad00000,0x00000082cae00000)]
  0x0000026a50ead800 JavaThread "Unconstrained build operations Thread 23" [_thread_blocked, id=11428, stack(0x00000082cae00000,0x00000082caf00000)]
  0x0000026a50b49000 JavaThread "Unconstrained build operations Thread 24" [_thread_blocked, id=18528, stack(0x00000082caf00000,0x00000082cb000000)]
  0x0000026a50b46800 JavaThread "Unconstrained build operations Thread 25" [_thread_blocked, id=12548, stack(0x00000082cb000000,0x00000082cb100000)]
  0x0000026a50b47000 JavaThread "Unconstrained build operations Thread 26" [_thread_blocked, id=1512, stack(0x00000082cb100000,0x00000082cb200000)]
  0x0000026a50b44800 JavaThread "Unconstrained build operations Thread 27" [_thread_blocked, id=5684, stack(0x00000082cb200000,0x00000082cb300000)]
  0x0000026a50b48000 JavaThread "Unconstrained build operations Thread 28" [_thread_in_Java, id=17152, stack(0x00000082cb300000,0x00000082cb400000)]
  0x0000026a50b45800 JavaThread "Unconstrained build operations Thread 29" [_thread_blocked, id=8268, stack(0x00000082cb400000,0x00000082cb500000)]
  0x0000026a50b43000 JavaThread "Unconstrained build operations Thread 30" [_thread_blocked, id=8664, stack(0x00000082cb500000,0x00000082cb600000)]
  0x0000026a50b49800 JavaThread "Unconstrained build operations Thread 31" [_thread_blocked, id=4876, stack(0x00000082cb600000,0x00000082cb700000)]
  0x0000026a50b44000 JavaThread "Unconstrained build operations Thread 32" [_thread_blocked, id=16788, stack(0x00000082cb700000,0x00000082cb800000)]
  0x0000026a50b4b000 JavaThread "Unconstrained build operations Thread 33" [_thread_blocked, id=15752, stack(0x00000082cb800000,0x00000082cb900000)]
  0x0000026a50b4d000 JavaThread "Unconstrained build operations Thread 34" [_thread_blocked, id=6492, stack(0x00000082cb900000,0x00000082cba00000)]
  0x0000026a50b4d800 JavaThread "Unconstrained build operations Thread 35" [_thread_blocked, id=15568, stack(0x00000082cba00000,0x00000082cbb00000)]
  0x0000026a50b4e800 JavaThread "Unconstrained build operations Thread 36" [_thread_blocked, id=7832, stack(0x00000082cbb00000,0x00000082cbc00000)]
  0x0000026a50b50000 JavaThread "Unconstrained build operations Thread 37" [_thread_blocked, id=17640, stack(0x00000082cbc00000,0x00000082cbd00000)]
  0x0000026a50b4c000 JavaThread "Unconstrained build operations Thread 38" [_thread_blocked, id=7512, stack(0x00000082cbd00000,0x00000082cbe00000)]
  0x0000026a50b4a800 JavaThread "Unconstrained build operations Thread 39" [_thread_blocked, id=18572, stack(0x00000082cbe00000,0x00000082cbf00000)]
  0x0000026a50b51000 JavaThread "Unconstrained build operations Thread 40" [_thread_blocked, id=13704, stack(0x00000082cbf00000,0x00000082cc000000)]
  0x0000026a50b4f800 JavaThread "Unconstrained build operations Thread 41" [_thread_blocked, id=8060, stack(0x00000082cc000000,0x00000082cc100000)]
  0x0000026a50b51800 JavaThread "Unconstrained build operations Thread 42" [_thread_blocked, id=14448, stack(0x00000082cc100000,0x00000082cc200000)]
  0x0000026a50a41800 JavaThread "Unconstrained build operations Thread 43" [_thread_in_Java, id=16524, stack(0x00000082cc200000,0x00000082cc300000)]
  0x0000026a50a3e000 JavaThread "Unconstrained build operations Thread 44" [_thread_blocked, id=12920, stack(0x00000082cc300000,0x00000082cc400000)]
  0x0000026a50a3f000 JavaThread "Unconstrained build operations Thread 45" [_thread_blocked, id=12316, stack(0x00000082cc400000,0x00000082cc500000)]
  0x0000026a50a40800 JavaThread "Unconstrained build operations Thread 46" [_thread_blocked, id=17396, stack(0x00000082cc500000,0x00000082cc600000)]
  0x0000026a50a3f800 JavaThread "Unconstrained build operations Thread 47" [_thread_blocked, id=6900, stack(0x00000082cc600000,0x00000082cc700000)]
  0x0000026a50a42000 JavaThread "Unconstrained build operations Thread 48" [_thread_blocked, id=1440, stack(0x00000082cc700000,0x00000082cc800000)]
  0x0000026a50a43000 JavaThread "Unconstrained build operations Thread 49" [_thread_blocked, id=632, stack(0x00000082cc800000,0x00000082cc900000)]
  0x0000026a50a3d800 JavaThread "Unconstrained build operations Thread 50" [_thread_blocked, id=9996, stack(0x00000082cc900000,0x00000082cca00000)]
  0x0000026a50a49800 JavaThread "Unconstrained build operations Thread 51" [_thread_blocked, id=7660, stack(0x00000082cca00000,0x00000082ccb00000)]
  0x0000026a50a48000 JavaThread "Unconstrained build operations Thread 52" [_thread_blocked, id=6472, stack(0x00000082ccb00000,0x00000082ccc00000)]
  0x0000026a50a48800 JavaThread "Unconstrained build operations Thread 53" [_thread_blocked, id=12312, stack(0x00000082ccc00000,0x00000082ccd00000)]
  0x0000026a50a47000 JavaThread "Unconstrained build operations Thread 54" [_thread_blocked, id=14372, stack(0x00000082ccd00000,0x00000082cce00000)]
  0x0000026a50a44000 JavaThread "Unconstrained build operations Thread 55" [_thread_blocked, id=5980, stack(0x00000082cce00000,0x00000082ccf00000)]
  0x0000026a50a4a800 JavaThread "Unconstrained build operations Thread 56" [_thread_blocked, id=14696, stack(0x00000082ccf00000,0x00000082cd000000)]
  0x0000026a50a44800 JavaThread "Unconstrained build operations Thread 57" [_thread_blocked, id=15800, stack(0x00000082cd000000,0x00000082cd100000)]
  0x0000026a50a4b000 JavaThread "Unconstrained build operations Thread 58" [_thread_blocked, id=17664, stack(0x00000082cd100000,0x00000082cd200000)]
  0x0000026a50a46000 JavaThread "Unconstrained build operations Thread 59" [_thread_blocked, id=3468, stack(0x00000082cd200000,0x00000082cd300000)]
  0x0000026a50a45800 JavaThread "Unconstrained build operations Thread 60" [_thread_in_vm, id=19120, stack(0x00000082cd300000,0x00000082cd400000)]
  0x0000026a50a4c000 JavaThread "Unconstrained build operations Thread 61" [_thread_blocked, id=7504, stack(0x00000082cd400000,0x00000082cd500000)]
  0x0000026a50da8800 JavaThread "Unconstrained build operations Thread 62" [_thread_blocked, id=10560, stack(0x00000082cd500000,0x00000082cd600000)]
  0x0000026a50da6800 JavaThread "Unconstrained build operations Thread 63" [_thread_blocked, id=1780, stack(0x00000082cd600000,0x00000082cd700000)]
  0x0000026a50da7800 JavaThread "Unconstrained build operations Thread 64" [_thread_blocked, id=10452, stack(0x00000082cd700000,0x00000082cd800000)]
  0x0000026a50da9000 JavaThread "Unconstrained build operations Thread 65" [_thread_blocked, id=9344, stack(0x00000082cd800000,0x00000082cd900000)]
  0x0000026a50daa000 JavaThread "Unconstrained build operations Thread 66" [_thread_blocked, id=19328, stack(0x00000082cd900000,0x00000082cda00000)]
  0x0000026a50da4000 JavaThread "Unconstrained build operations Thread 67" [_thread_blocked, id=1768, stack(0x00000082cda00000,0x00000082cdb00000)]
  0x0000026a50dab000 JavaThread "Unconstrained build operations Thread 68" [_thread_blocked, id=5676, stack(0x00000082cdb00000,0x00000082cdc00000)]
  0x0000026a50da5000 JavaThread "Unconstrained build operations Thread 69" [_thread_blocked, id=13712, stack(0x00000082cdc00000,0x00000082cdd00000)]
  0x0000026a50dab800 JavaThread "Unconstrained build operations Thread 70" [_thread_blocked, id=6376, stack(0x00000082cdd00000,0x00000082cde00000)]
  0x0000026a50da6000 JavaThread "Unconstrained build operations Thread 71" [_thread_blocked, id=10044, stack(0x00000082cde00000,0x00000082cdf00000)]
  0x0000026a50dad000 JavaThread "Unconstrained build operations Thread 72" [_thread_blocked, id=5956, stack(0x00000082cdf00000,0x00000082ce000000)]
  0x0000026a50daf000 JavaThread "Unconstrained build operations Thread 73" [_thread_blocked, id=18956, stack(0x00000082ce000000,0x00000082ce100000)]
  0x0000026a50dae000 JavaThread "Unconstrained build operations Thread 74" [_thread_blocked, id=19292, stack(0x00000082ce100000,0x00000082ce200000)]
  0x0000026a50daf800 JavaThread "Unconstrained build operations Thread 75" [_thread_blocked, id=8904, stack(0x00000082ce200000,0x00000082ce300000)]
  0x0000026a50dac800 JavaThread "Unconstrained build operations Thread 76" [_thread_blocked, id=4180, stack(0x00000082ce300000,0x00000082ce400000)]
  0x0000026a50db0800 JavaThread "Unconstrained build operations Thread 77" [_thread_blocked, id=11524, stack(0x00000082ce400000,0x00000082ce500000)]
  0x0000026a50db3000 JavaThread "Unconstrained build operations Thread 78" [_thread_in_Java, id=18980, stack(0x00000082ce500000,0x00000082ce600000)]
  0x0000026a50db1800 JavaThread "Unconstrained build operations Thread 79" [_thread_blocked, id=15204, stack(0x00000082ce600000,0x00000082ce700000)]
  0x0000026a50db2000 JavaThread "Unconstrained build operations Thread 80" [_thread_blocked, id=1164, stack(0x00000082ce700000,0x00000082ce800000)]
  0x0000026a51dc9000 JavaThread "jar transforms Thread 4" [_thread_blocked, id=12772, stack(0x00000082ce800000,0x00000082ce900000)]
  0x0000026a51dc9800 JavaThread "jar transforms Thread 5" [_thread_blocked, id=13836, stack(0x00000082ce900000,0x00000082cea00000)]
  0x0000026a51dcd800 JavaThread "jar transforms Thread 6" [_thread_blocked, id=7048, stack(0x00000082cea00000,0x00000082ceb00000)]
  0x0000026a51dcd000 JavaThread "jar transforms Thread 7" [_thread_blocked, id=5472, stack(0x00000082ceb00000,0x00000082cec00000)]
  0x0000026a51dc8000 JavaThread "jar transforms Thread 8" [_thread_blocked, id=1380, stack(0x00000082cec00000,0x00000082ced00000)]
  0x0000026a51dcc000 JavaThread "Memory manager" [_thread_blocked, id=13808, stack(0x00000082ced00000,0x00000082cee00000)]
  0x0000026a51dce800 JavaThread "build event listener" [_thread_blocked, id=12156, stack(0x00000082cee00000,0x00000082cef00000)]
  0x0000026a51dcf800 JavaThread "pool-3-thread-1" [_thread_blocked, id=8540, stack(0x00000082cef00000,0x00000082cf000000)]
  0x0000026a51dca800 JavaThread "build event listener" [_thread_blocked, id=17912, stack(0x00000082cf000000,0x00000082cf100000)]
  0x0000026a51dd0000 JavaThread "Execution worker for ':'" [_thread_blocked, id=9244, stack(0x00000082cf100000,0x00000082cf200000)]
  0x0000026a51dd1000 JavaThread "Execution worker for ':' Thread 2" [_thread_blocked, id=12764, stack(0x00000082cf200000,0x00000082cf300000)]
  0x0000026a51dcb000 JavaThread "Execution worker for ':' Thread 3" [_thread_blocked, id=18504, stack(0x00000082cf300000,0x00000082cf400000)]
  0x0000026a51dd2800 JavaThread "Execution worker for ':' Thread 4" [_thread_blocked, id=18656, stack(0x00000082cf400000,0x00000082cf500000)]
  0x0000026a51dd2000 JavaThread "Execution worker for ':' Thread 5" [_thread_blocked, id=16396, stack(0x00000082cf500000,0x00000082cf600000)]
  0x0000026a51dd3800 JavaThread "Execution worker for ':' Thread 6" [_thread_blocked, id=16520, stack(0x00000082cf600000,0x00000082cf700000)]
  0x0000026a51dd4000 JavaThread "Execution worker for ':' Thread 7" [_thread_blocked, id=11452, stack(0x00000082cf700000,0x00000082cf800000)]
  0x0000026a51dd5000 JavaThread "Cache worker for execution history cache (D:\all_projects\mirea\mobilki\pr11\.gradle\7.2\executionHistory)" [_thread_blocked, id=15596, stack(0x00000082cf800000,0x00000082cf900000)]
  0x0000026a51dd6000 JavaThread "WorkerExecutor Queue" [_thread_blocked, id=11388, stack(0x00000082cf900000,0x00000082cfa00000)]
  0x0000026a51dd6800 JavaThread "WorkerExecutor Queue Thread 2" [_thread_blocked, id=4200, stack(0x00000082cfa00000,0x00000082cfb00000)]
  0x0000026a54575000 JavaThread "WorkerExecutor Queue Thread 3" [_thread_blocked, id=11136, stack(0x00000082cfb00000,0x00000082cfc00000)]
  0x0000026a54572800 JavaThread "WorkerExecutor Queue Thread 4" [_thread_blocked, id=10464, stack(0x00000082cfe00000,0x00000082cff00000)]
  0x0000026a5456f800 JavaThread "WorkerExecutor Queue Thread 5" [_thread_blocked, id=3336, stack(0x00000082cff00000,0x00000082d0000000)]
  0x0000026a54571000 JavaThread "WorkerExecutor Queue Thread 6" [_thread_blocked, id=16720, stack(0x00000082d0000000,0x00000082d0100000)]
  0x0000026a54576000 JavaThread "WorkerExecutor Queue Thread 8" [_thread_blocked, id=13924, stack(0x00000082d0200000,0x00000082d0300000)]
  0x0000026a54571800 JavaThread "WorkerExecutor Queue Thread 9" [_thread_blocked, id=15628, stack(0x00000082d0100000,0x00000082d0200000)]

Other Threads:
  0x0000026a4b419000 VMThread "VM Thread" [stack: 0x00000082c6b00000,0x00000082c6c00000] [id=16672]
  0x0000026a4bf37000 WatcherThread [stack: 0x00000082c7500000,0x00000082c7600000] [id=1648]
  0x0000026a2f027000 GCTaskThread "GC Thread#0" [stack: 0x00000082c6600000,0x00000082c6700000] [id=13224]
  0x0000026a4c49f000 GCTaskThread "GC Thread#1" [stack: 0x00000082c7600000,0x00000082c7700000] [id=864]
  0x0000026a4d8ea000 GCTaskThread "GC Thread#2" [stack: 0x00000082c8000000,0x00000082c8100000] [id=17828]
  0x0000026a4ddae800 GCTaskThread "GC Thread#3" [stack: 0x00000082c8100000,0x00000082c8200000] [id=13372]
  0x0000026a4ddaf000 GCTaskThread "GC Thread#4" [stack: 0x00000082c8200000,0x00000082c8300000] [id=19216]
  0x0000026a4ddaf800 GCTaskThread "GC Thread#5" [stack: 0x00000082c8300000,0x00000082c8400000] [id=6244]
  0x0000026a4ddb0800 GCTaskThread "GC Thread#6" [stack: 0x00000082c8400000,0x00000082c8500000] [id=16664]
  0x0000026a4ddb1000 GCTaskThread "GC Thread#7" [stack: 0x00000082c8500000,0x00000082c8600000] [id=19192]
  0x0000026a2f058000 ConcurrentGCThread "G1 Main Marker" [stack: 0x00000082c6700000,0x00000082c6800000] [id=5484]
  0x0000026a2f05a800 ConcurrentGCThread "G1 Conc#0" [stack: 0x00000082c6800000,0x00000082c6900000] [id=8248]
  0x0000026a4dda8800 ConcurrentGCThread "G1 Conc#1" [stack: 0x00000082c8a00000,0x00000082c8b00000] [id=8308]
  0x0000026a2f0e5800 ConcurrentGCThread "G1 Refine#0" [stack: 0x00000082c6900000,0x00000082c6a00000] [id=19040]
  0x0000026a54628000 ConcurrentGCThread "G1 Refine#1" [stack: 0x00000082cfc00000,0x00000082cfd00000] [id=19092]
  0x0000026a5462a800 ConcurrentGCThread "G1 Refine#2" [stack: 0x00000082cfd00000,0x00000082cfe00000] [id=8852]
  0x0000026a2f0e6800 ConcurrentGCThread "G1 Young RemSet Sampling" [stack: 0x00000082c6a00000,0x00000082c6b00000] [id=6364]

Threads with active compile tasks:
C2 CompilerThread0  30929 14662  s!   4       jdk.internal.loader.URLClassPath::getLoader (194 bytes)
C1 CompilerThread0  30929 15110       1       com.android.tools.r8.internal.PR0::a (5 bytes)

VM state:not at safepoint (normal execution)

VM Mutex/Monitor currently owned by a thread: None

Heap address: 0x0000000080000000, size: 2048 MB, Compressed Oops mode: 32-bit
Narrow klass base: 0x0000000000000000, Narrow klass shift: 3
Compressed class space size: 1073741824 Address: 0x0000000100000000

Heap:
 garbage-first heap   total 288768K, used 199053K [0x0000000080000000, 0x0000000100000000)
  region size 1024K, 18 young (18432K), 2 survivors (2048K)
 Metaspace       used 108679K, capacity 111387K, committed 112456K, reserved 1146880K
  class space    used 13866K, capacity 14882K, committed 15308K, reserved 1048576K
Heap Regions: E=young(eden), S=young(survivor), O=old, HS=humongous(starts), HC=humongous(continues), CS=collection set, F=free, A=archive, TAMS=top-at-mark-start (previous, next)
|   0|0x0000000080000000, 0x0000000080100000, 0x0000000080100000|100%| O|  |TAMS 0x0000000080100000, 0x0000000080000000| Untracked 
|   1|0x0000000080100000, 0x0000000080200000, 0x0000000080200000|100%| O|  |TAMS 0x0000000080200000, 0x0000000080100000| Untracked 
|   2|0x0000000080200000, 0x0000000080300000, 0x0000000080300000|100%| O|  |TAMS 0x0000000080300000, 0x0000000080200000| Untracked 
|   3|0x0000000080300000, 0x0000000080400000, 0x0000000080400000|100%|HS|  |TAMS 0x0000000080400000, 0x0000000080300000| Complete 
|   4|0x0000000080400000, 0x0000000080500000, 0x0000000080500000|100%|HC|  |TAMS 0x0000000080500000, 0x0000000080400000| Complete 
|   5|0x0000000080500000, 0x0000000080600000, 0x0000000080600000|100%|HC|  |TAMS 0x0000000080600000, 0x0000000080500000| Complete 
|   6|0x0000000080600000, 0x0000000080700000, 0x0000000080700000|100%| O|  |TAMS 0x0000000080700000, 0x0000000080600000| Untracked 
|   7|0x0000000080700000, 0x0000000080800000, 0x0000000080800000|100%| O|  |TAMS 0x0000000080800000, 0x0000000080700000| Untracked 
|   8|0x0000000080800000, 0x0000000080900000, 0x0000000080900000|100%| O|  |TAMS 0x0000000080900000, 0x0000000080800000| Untracked 
|   9|0x0000000080900000, 0x0000000080a00000, 0x0000000080a00000|100%| O|  |TAMS 0x0000000080a00000, 0x0000000080900000| Untracked 
|  10|0x0000000080a00000, 0x0000000080b00000, 0x0000000080b00000|100%| O|  |TAMS 0x0000000080b00000, 0x0000000080a00000| Untracked 
|  11|0x0000000080b00000, 0x0000000080c00000, 0x0000000080c00000|100%| O|  |TAMS 0x0000000080c00000, 0x0000000080b00000| Untracked 
|  12|0x0000000080c00000, 0x0000000080d00000, 0x0000000080d00000|100%| O|  |TAMS 0x0000000080d00000, 0x0000000080c00000| Untracked 
|  13|0x0000000080d00000, 0x0000000080e00000, 0x0000000080e00000|100%| O|  |TAMS 0x0000000080e00000, 0x0000000080d00000| Untracked 
|  14|0x0000000080e00000, 0x0000000080f00000, 0x0000000080f00000|100%| O|  |TAMS 0x0000000080f00000, 0x0000000080e00000| Untracked 
|  15|0x0000000080f00000, 0x0000000081000000, 0x0000000081000000|100%| O|  |TAMS 0x0000000081000000, 0x0000000080f00000| Untracked 
|  16|0x0000000081000000, 0x0000000081100000, 0x0000000081100000|100%| O|  |TAMS 0x0000000081100000, 0x0000000081000000| Untracked 
|  17|0x0000000081100000, 0x0000000081200000, 0x0000000081200000|100%| O|  |TAMS 0x0000000081200000, 0x0000000081100000| Untracked 
|  18|0x0000000081200000, 0x0000000081300000, 0x0000000081300000|100%| O|  |TAMS 0x0000000081300000, 0x0000000081200000| Untracked 
|  19|0x0000000081300000, 0x0000000081400000, 0x0000000081400000|100%| O|  |TAMS 0x0000000081400000, 0x0000000081300000| Untracked 
|  20|0x0000000081400000, 0x0000000081500000, 0x0000000081500000|100%| O|  |TAMS 0x0000000081500000, 0x0000000081400000| Untracked 
|  21|0x0000000081500000, 0x0000000081600000, 0x0000000081600000|100%| O|  |TAMS 0x0000000081600000, 0x0000000081500000| Untracked 
|  22|0x0000000081600000, 0x0000000081700000, 0x0000000081700000|100%| O|  |TAMS 0x0000000081700000, 0x0000000081600000| Untracked 
|  23|0x0000000081700000, 0x0000000081800000, 0x0000000081800000|100%| O|  |TAMS 0x0000000081800000, 0x0000000081700000| Untracked 
|  24|0x0000000081800000, 0x0000000081900000, 0x0000000081900000|100%| O|  |TAMS 0x0000000081900000, 0x0000000081800000| Untracked 
|  25|0x0000000081900000, 0x0000000081a00000, 0x0000000081a00000|100%| O|  |TAMS 0x0000000081a00000, 0x0000000081900000| Untracked 
|  26|0x0000000081a00000, 0x0000000081b00000, 0x0000000081b00000|100%|HS|  |TAMS 0x0000000081b00000, 0x0000000081a00000| Complete 
|  27|0x0000000081b00000, 0x0000000081c00000, 0x0000000081c00000|100%|HS|  |TAMS 0x0000000081c00000, 0x0000000081b00000| Complete 
|  28|0x0000000081c00000, 0x0000000081d00000, 0x0000000081d00000|100%|HS|  |TAMS 0x0000000081d00000, 0x0000000081c00000| Complete 
|  29|0x0000000081d00000, 0x0000000081e00000, 0x0000000081e00000|100%|HS|  |TAMS 0x0000000081e00000, 0x0000000081d00000| Complete 
|  30|0x0000000081e00000, 0x0000000081f00000, 0x0000000081f00000|100%|HC|  |TAMS 0x0000000081f00000, 0x0000000081e00000| Complete 
|  31|0x0000000081f00000, 0x0000000082000000, 0x0000000082000000|100%| O|  |TAMS 0x0000000082000000, 0x0000000081f00000| Untracked 
|  32|0x0000000082000000, 0x0000000082100000, 0x0000000082100000|100%| O|  |TAMS 0x0000000082100000, 0x0000000082000000| Untracked 
|  33|0x0000000082100000, 0x0000000082200000, 0x0000000082200000|100%| O|  |TAMS 0x0000000082200000, 0x0000000082100000| Untracked 
|  34|0x0000000082200000, 0x0000000082300000, 0x0000000082300000|100%| O|  |TAMS 0x0000000082300000, 0x0000000082200000| Untracked 
|  35|0x0000000082300000, 0x0000000082400000, 0x0000000082400000|100%| O|  |TAMS 0x0000000082400000, 0x0000000082300000| Untracked 
|  36|0x0000000082400000, 0x0000000082500000, 0x0000000082500000|100%| O|  |TAMS 0x0000000082500000, 0x0000000082400000| Untracked 
|  37|0x0000000082500000, 0x0000000082600000, 0x0000000082600000|100%| O|  |TAMS 0x0000000082600000, 0x0000000082500000| Untracked 
|  38|0x0000000082600000, 0x0000000082700000, 0x0000000082700000|100%| O|  |TAMS 0x0000000082700000, 0x0000000082600000| Untracked 
|  39|0x0000000082700000, 0x0000000082800000, 0x0000000082800000|100%| O|  |TAMS 0x0000000082800000, 0x0000000082700000| Untracked 
|  40|0x0000000082800000, 0x0000000082900000, 0x0000000082900000|100%| O|  |TAMS 0x0000000082900000, 0x0000000082800000| Untracked 
|  41|0x0000000082900000, 0x0000000082a00000, 0x0000000082a00000|100%| O|  |TAMS 0x0000000082a00000, 0x0000000082900000| Untracked 
|  42|0x0000000082a00000, 0x0000000082b00000, 0x0000000082b00000|100%| O|  |TAMS 0x0000000082b00000, 0x0000000082a00000| Untracked 
|  43|0x0000000082b00000, 0x0000000082c00000, 0x0000000082c00000|100%| O|  |TAMS 0x0000000082c00000, 0x0000000082b00000| Untracked 
|  44|0x0000000082c00000, 0x0000000082d00000, 0x0000000082d00000|100%| O|  |TAMS 0x0000000082d00000, 0x0000000082c00000| Untracked 
|  45|0x0000000082d00000, 0x0000000082e00000, 0x0000000082e00000|100%| O|  |TAMS 0x0000000082e00000, 0x0000000082d00000| Untracked 
|  46|0x0000000082e00000, 0x0000000082f00000, 0x0000000082f00000|100%| O|  |TAMS 0x0000000082f00000, 0x0000000082e00000| Untracked 
|  47|0x0000000082f00000, 0x0000000083000000, 0x0000000083000000|100%| O|  |TAMS 0x0000000083000000, 0x0000000082f00000| Untracked 
|  48|0x0000000083000000, 0x0000000083100000, 0x0000000083100000|100%| O|  |TAMS 0x0000000083100000, 0x0000000083000000| Untracked 
|  49|0x0000000083100000, 0x0000000083200000, 0x0000000083200000|100%| O|  |TAMS 0x0000000083200000, 0x0000000083100000| Untracked 
|  50|0x0000000083200000, 0x0000000083300000, 0x0000000083300000|100%| O|  |TAMS 0x0000000083300000, 0x0000000083200000| Untracked 
|  51|0x0000000083300000, 0x0000000083400000, 0x0000000083400000|100%| O|  |TAMS 0x0000000083400000, 0x0000000083300000| Untracked 
|  52|0x0000000083400000, 0x0000000083500000, 0x0000000083500000|100%| O|  |TAMS 0x0000000083500000, 0x0000000083400000| Untracked 
|  53|0x0000000083500000, 0x0000000083600000, 0x0000000083600000|100%| O|  |TAMS 0x0000000083600000, 0x0000000083500000| Untracked 
|  54|0x0000000083600000, 0x0000000083700000, 0x0000000083700000|100%| O|  |TAMS 0x0000000083700000, 0x0000000083600000| Untracked 
|  55|0x0000000083700000, 0x0000000083800000, 0x0000000083800000|100%| O|  |TAMS 0x0000000083800000, 0x0000000083700000| Untracked 
|  56|0x0000000083800000, 0x0000000083900000, 0x0000000083900000|100%| O|  |TAMS 0x0000000083900000, 0x0000000083800000| Untracked 
|  57|0x0000000083900000, 0x0000000083a00000, 0x0000000083a00000|100%| O|  |TAMS 0x0000000083a00000, 0x0000000083900000| Untracked 
|  58|0x0000000083a00000, 0x0000000083b00000, 0x0000000083b00000|100%| O|  |TAMS 0x0000000083b00000, 0x0000000083a00000| Untracked 
|  59|0x0000000083b00000, 0x0000000083c00000, 0x0000000083c00000|100%| O|  |TAMS 0x0000000083c00000, 0x0000000083b00000| Untracked 
|  60|0x0000000083c00000, 0x0000000083d00000, 0x0000000083d00000|100%| O|  |TAMS 0x0000000083d00000, 0x0000000083c00000| Untracked 
|  61|0x0000000083d00000, 0x0000000083e00000, 0x0000000083e00000|100%| O|  |TAMS 0x0000000083e00000, 0x0000000083d00000| Untracked 
|  62|0x0000000083e00000, 0x0000000083f00000, 0x0000000083f00000|100%| O|  |TAMS 0x0000000083f00000, 0x0000000083e00000| Untracked 
|  63|0x0000000083f00000, 0x0000000084000000, 0x0000000084000000|100%| O|  |TAMS 0x0000000084000000, 0x0000000083f00000| Untracked 
|  64|0x0000000084000000, 0x0000000084100000, 0x0000000084100000|100%| O|  |TAMS 0x0000000084100000, 0x0000000084000000| Untracked 
|  65|0x0000000084100000, 0x0000000084200000, 0x0000000084200000|100%| O|  |TAMS 0x0000000084200000, 0x0000000084100000| Untracked 
|  66|0x0000000084200000, 0x0000000084300000, 0x0000000084300000|100%| O|  |TAMS 0x0000000084300000, 0x0000000084200000| Untracked 
|  67|0x0000000084300000, 0x0000000084400000, 0x0000000084400000|100%| O|  |TAMS 0x0000000084400000, 0x0000000084300000| Untracked 
|  68|0x0000000084400000, 0x0000000084400000, 0x0000000084500000|  0%| F|  |TAMS 0x0000000084400000, 0x0000000084400000| Untracked 
|  69|0x0000000084500000, 0x0000000084600000, 0x0000000084600000|100%| O|  |TAMS 0x0000000084600000, 0x0000000084500000| Untracked 
|  70|0x0000000084600000, 0x0000000084700000, 0x0000000084700000|100%| O|  |TAMS 0x0000000084700000, 0x0000000084600000| Untracked 
|  71|0x0000000084700000, 0x0000000084800000, 0x0000000084800000|100%| O|  |TAMS 0x0000000084800000, 0x0000000084700000| Untracked 
|  72|0x0000000084800000, 0x0000000084900000, 0x0000000084900000|100%| O|  |TAMS 0x0000000084900000, 0x0000000084800000| Untracked 
|  73|0x0000000084900000, 0x0000000084a00000, 0x0000000084a00000|100%| O|  |TAMS 0x0000000084a00000, 0x0000000084900000| Untracked 
|  74|0x0000000084a00000, 0x0000000084b00000, 0x0000000084b00000|100%|HS|  |TAMS 0x0000000084b00000, 0x0000000084a00000| Complete 
|  75|0x0000000084b00000, 0x0000000084c00000, 0x0000000084c00000|100%|HC|  |TAMS 0x0000000084c00000, 0x0000000084b00000| Complete 
|  76|0x0000000084c00000, 0x0000000084d00000, 0x0000000084d00000|100%| O|  |TAMS 0x0000000084d00000, 0x0000000084c00000| Untracked 
|  77|0x0000000084d00000, 0x0000000084e00000, 0x0000000084e00000|100%| O|  |TAMS 0x0000000084e00000, 0x0000000084d00000| Untracked 
|  78|0x0000000084e00000, 0x0000000084f00000, 0x0000000084f00000|100%| O|  |TAMS 0x0000000084f00000, 0x0000000084e00000| Untracked 
|  79|0x0000000084f00000, 0x0000000085000000, 0x0000000085000000|100%| O|  |TAMS 0x0000000085000000, 0x0000000084f00000| Untracked 
|  80|0x0000000085000000, 0x0000000085100000, 0x0000000085100000|100%| O|  |TAMS 0x0000000085100000, 0x0000000085000000| Untracked 
|  81|0x0000000085100000, 0x0000000085200000, 0x0000000085200000|100%| O|  |TAMS 0x0000000085200000, 0x0000000085100000| Untracked 
|  82|0x0000000085200000, 0x0000000085300000, 0x0000000085300000|100%| O|  |TAMS 0x0000000085300000, 0x0000000085200000| Untracked 
|  83|0x0000000085300000, 0x0000000085400000, 0x0000000085400000|100%| O|  |TAMS 0x0000000085400000, 0x0000000085300000| Untracked 
|  84|0x0000000085400000, 0x0000000085500000, 0x0000000085500000|100%| O|  |TAMS 0x0000000085400000, 0x0000000085400000| Untracked 
|  85|0x0000000085500000, 0x0000000085600000, 0x0000000085600000|100%| O|  |TAMS 0x0000000085600000, 0x0000000085500000| Untracked 
|  86|0x0000000085600000, 0x0000000085700000, 0x0000000085700000|100%| O|  |TAMS 0x0000000085600000, 0x0000000085600000| Untracked 
|  87|0x0000000085700000, 0x0000000085800000, 0x0000000085800000|100%| O|  |TAMS 0x0000000085700000, 0x0000000085700000| Untracked 
|  88|0x0000000085800000, 0x0000000085900000, 0x0000000085900000|100%| O|  |TAMS 0x0000000085800000, 0x0000000085800000| Untracked 
|  89|0x0000000085900000, 0x0000000085a00000, 0x0000000085a00000|100%| O|  |TAMS 0x0000000085a00000, 0x0000000085900000| Untracked 
|  90|0x0000000085a00000, 0x0000000085b00000, 0x0000000085b00000|100%| O|  |TAMS 0x0000000085a00000, 0x0000000085a00000| Untracked 
|  91|0x0000000085b00000, 0x0000000085c00000, 0x0000000085c00000|100%| O|  |TAMS 0x0000000085c00000, 0x0000000085b00000| Untracked 
|  92|0x0000000085c00000, 0x0000000085d00000, 0x0000000085d00000|100%| O|  |TAMS 0x0000000085c00000, 0x0000000085c00000| Untracked 
|  93|0x0000000085d00000, 0x0000000085e00000, 0x0000000085e00000|100%| O|  |TAMS 0x0000000085e00000, 0x0000000085d00000| Untracked 
|  94|0x0000000085e00000, 0x0000000085f00000, 0x0000000085f00000|100%| O|  |TAMS 0x0000000085f00000, 0x0000000085e00000| Untracked 
|  95|0x0000000085f00000, 0x0000000086000000, 0x0000000086000000|100%| O|  |TAMS 0x0000000086000000, 0x0000000085f00000| Untracked 
|  96|0x0000000086000000, 0x0000000086100000, 0x0000000086100000|100%| O|  |TAMS 0x0000000086100000, 0x0000000086000000| Untracked 
|  97|0x0000000086100000, 0x0000000086200000, 0x0000000086200000|100%| O|  |TAMS 0x0000000086200000, 0x0000000086100000| Untracked 
|  98|0x0000000086200000, 0x0000000086300000, 0x0000000086300000|100%| O|  |TAMS 0x0000000086300000, 0x0000000086200000| Untracked 
|  99|0x0000000086300000, 0x0000000086400000, 0x0000000086400000|100%| O|  |TAMS 0x0000000086400000, 0x0000000086300000| Untracked 
| 100|0x0000000086400000, 0x0000000086500000, 0x0000000086500000|100%| O|  |TAMS 0x0000000086500000, 0x0000000086400000| Untracked 
| 101|0x0000000086500000, 0x0000000086600000, 0x0000000086600000|100%| O|  |TAMS 0x0000000086600000, 0x0000000086500000| Untracked 
| 102|0x0000000086600000, 0x0000000086700000, 0x0000000086700000|100%| O|  |TAMS 0x0000000086700000, 0x0000000086600000| Untracked 
| 103|0x0000000086700000, 0x0000000086800000, 0x0000000086800000|100%| O|  |TAMS 0x0000000086800000, 0x0000000086700000| Untracked 
| 104|0x0000000086800000, 0x0000000086900000, 0x0000000086900000|100%| O|  |TAMS 0x0000000086900000, 0x0000000086800000| Untracked 
| 105|0x0000000086900000, 0x0000000086a00000, 0x0000000086a00000|100%| O|  |TAMS 0x0000000086a00000, 0x0000000086900000| Untracked 
| 106|0x0000000086a00000, 0x0000000086b00000, 0x0000000086b00000|100%| O|  |TAMS 0x0000000086b00000, 0x0000000086a00000| Untracked 
| 107|0x0000000086b00000, 0x0000000086c00000, 0x0000000086c00000|100%| O|  |TAMS 0x0000000086c00000, 0x0000000086b00000| Untracked 
| 108|0x0000000086c00000, 0x0000000086d00000, 0x0000000086d00000|100%| O|  |TAMS 0x0000000086d00000, 0x0000000086c00000| Untracked 
| 109|0x0000000086d00000, 0x0000000086e00000, 0x0000000086e00000|100%| O|  |TAMS 0x0000000086e00000, 0x0000000086d00000| Untracked 
| 110|0x0000000086e00000, 0x0000000086f00000, 0x0000000086f00000|100%| O|  |TAMS 0x0000000086f00000, 0x0000000086e00000| Untracked 
| 111|0x0000000086f00000, 0x0000000087000000, 0x0000000087000000|100%| O|  |TAMS 0x0000000087000000, 0x0000000086f00000| Untracked 
| 112|0x0000000087000000, 0x0000000087100000, 0x0000000087100000|100%| O|  |TAMS 0x0000000087100000, 0x0000000087000000| Untracked 
| 113|0x0000000087100000, 0x0000000087200000, 0x0000000087200000|100%| O|  |TAMS 0x0000000087200000, 0x0000000087100000| Untracked 
| 114|0x0000000087200000, 0x0000000087300000, 0x0000000087300000|100%| O|  |TAMS 0x0000000087300000, 0x0000000087200000| Untracked 
| 115|0x0000000087300000, 0x0000000087400000, 0x0000000087400000|100%| O|  |TAMS 0x0000000087400000, 0x0000000087300000| Untracked 
| 116|0x0000000087400000, 0x0000000087500000, 0x0000000087500000|100%| O|  |TAMS 0x0000000087500000, 0x0000000087400000| Untracked 
| 117|0x0000000087500000, 0x0000000087600000, 0x0000000087600000|100%| O|  |TAMS 0x0000000087600000, 0x0000000087500000| Untracked 
| 118|0x0000000087600000, 0x0000000087700000, 0x0000000087700000|100%| O|  |TAMS 0x0000000087700000, 0x0000000087600000| Untracked 
| 119|0x0000000087700000, 0x0000000087800000, 0x0000000087800000|100%| O|  |TAMS 0x0000000087800000, 0x0000000087700000| Untracked 
| 120|0x0000000087800000, 0x0000000087900000, 0x0000000087900000|100%| O|  |TAMS 0x0000000087900000, 0x0000000087800000| Untracked 
| 121|0x0000000087900000, 0x0000000087a00000, 0x0000000087a00000|100%| O|  |TAMS 0x0000000087a00000, 0x0000000087900000| Untracked 
| 122|0x0000000087a00000, 0x0000000087b00000, 0x0000000087b00000|100%| O|  |TAMS 0x0000000087b00000, 0x0000000087a00000| Untracked 
| 123|0x0000000087b00000, 0x0000000087c00000, 0x0000000087c00000|100%| O|  |TAMS 0x0000000087c00000, 0x0000000087b00000| Untracked 
| 124|0x0000000087c00000, 0x0000000087d00000, 0x0000000087d00000|100%| O|  |TAMS 0x0000000087d00000, 0x0000000087c00000| Untracked 
| 125|0x0000000087d00000, 0x0000000087e00000, 0x0000000087e00000|100%| O|  |TAMS 0x0000000087e00000, 0x0000000087d00000| Untracked 
| 126|0x0000000087e00000, 0x0000000087f00000, 0x0000000087f00000|100%| O|  |TAMS 0x0000000087f00000, 0x0000000087e00000| Untracked 
| 127|0x0000000087f00000, 0x0000000088000000, 0x0000000088000000|100%| O|  |TAMS 0x0000000088000000, 0x0000000087f00000| Untracked 
| 128|0x0000000088000000, 0x0000000088100000, 0x0000000088100000|100%| O|  |TAMS 0x0000000088100000, 0x0000000088000000| Untracked 
| 129|0x0000000088100000, 0x0000000088200000, 0x0000000088200000|100%| O|  |TAMS 0x0000000088200000, 0x0000000088100000| Untracked 
| 130|0x0000000088200000, 0x0000000088300000, 0x0000000088300000|100%| O|  |TAMS 0x0000000088300000, 0x0000000088200000| Untracked 
| 131|0x0000000088300000, 0x0000000088400000, 0x0000000088400000|100%| O|  |TAMS 0x0000000088400000, 0x0000000088300000| Untracked 
| 132|0x0000000088400000, 0x0000000088500000, 0x0000000088500000|100%| O|  |TAMS 0x0000000088500000, 0x0000000088400000| Untracked 
| 133|0x0000000088500000, 0x0000000088600000, 0x0000000088600000|100%| O|  |TAMS 0x0000000088600000, 0x0000000088500000| Untracked 
| 134|0x0000000088600000, 0x0000000088700000, 0x0000000088700000|100%| O|  |TAMS 0x0000000088700000, 0x0000000088600000| Untracked 
| 135|0x0000000088700000, 0x0000000088800000, 0x0000000088800000|100%| O|  |TAMS 0x0000000088800000, 0x0000000088700000| Untracked 
| 136|0x0000000088800000, 0x0000000088900000, 0x0000000088900000|100%| O|  |TAMS 0x0000000088900000, 0x0000000088800000| Untracked 
| 137|0x0000000088900000, 0x0000000088a00000, 0x0000000088a00000|100%| O|  |TAMS 0x0000000088a00000, 0x0000000088900000| Untracked 
| 138|0x0000000088a00000, 0x0000000088b00000, 0x0000000088b00000|100%| O|  |TAMS 0x0000000088b00000, 0x0000000088a00000| Untracked 
| 139|0x0000000088b00000, 0x0000000088c00000, 0x0000000088c00000|100%| O|  |TAMS 0x0000000088c00000, 0x0000000088b00000| Untracked 
| 140|0x0000000088c00000, 0x0000000088d00000, 0x0000000088d00000|100%| O|  |TAMS 0x0000000088d00000, 0x0000000088c00000| Untracked 
| 141|0x0000000088d00000, 0x0000000088e00000, 0x0000000088e00000|100%| O|  |TAMS 0x0000000088e00000, 0x0000000088d00000| Untracked 
| 142|0x0000000088e00000, 0x0000000088f00000, 0x0000000088f00000|100%| O|  |TAMS 0x0000000088f00000, 0x0000000088e00000| Untracked 
| 143|0x0000000088f00000, 0x0000000089000000, 0x0000000089000000|100%| O|  |TAMS 0x0000000089000000, 0x0000000088f00000| Untracked 
| 144|0x0000000089000000, 0x0000000089100000, 0x0000000089100000|100%| O|  |TAMS 0x0000000089100000, 0x0000000089000000| Untracked 
| 145|0x0000000089100000, 0x0000000089200000, 0x0000000089200000|100%| O|  |TAMS 0x0000000089200000, 0x0000000089100000| Untracked 
| 146|0x0000000089200000, 0x0000000089300000, 0x0000000089300000|100%| O|  |TAMS 0x0000000089300000, 0x0000000089200000| Untracked 
| 147|0x0000000089300000, 0x0000000089400000, 0x0000000089400000|100%| O|  |TAMS 0x0000000089400000, 0x0000000089300000| Untracked 
| 148|0x0000000089400000, 0x0000000089500000, 0x0000000089500000|100%| O|  |TAMS 0x0000000089500000, 0x0000000089400000| Untracked 
| 149|0x0000000089500000, 0x0000000089600000, 0x0000000089600000|100%| O|  |TAMS 0x0000000089600000, 0x0000000089500000| Untracked 
| 150|0x0000000089600000, 0x0000000089700000, 0x0000000089700000|100%| O|  |TAMS 0x0000000089700000, 0x0000000089600000| Untracked 
| 151|0x0000000089700000, 0x0000000089800000, 0x0000000089800000|100%| O|  |TAMS 0x0000000089800000, 0x0000000089700000| Untracked 
| 152|0x0000000089800000, 0x0000000089900000, 0x0000000089900000|100%| O|  |TAMS 0x0000000089900000, 0x0000000089800000| Untracked 
| 153|0x0000000089900000, 0x0000000089a00000, 0x0000000089a00000|100%| O|  |TAMS 0x0000000089a00000, 0x0000000089900000| Untracked 
| 154|0x0000000089a00000, 0x0000000089b00000, 0x0000000089b00000|100%| O|  |TAMS 0x0000000089b00000, 0x0000000089a00000| Untracked 
| 155|0x0000000089b00000, 0x0000000089c00000, 0x0000000089c00000|100%| O|  |TAMS 0x0000000089c00000, 0x0000000089b00000| Untracked 
| 156|0x0000000089c00000, 0x0000000089d00000, 0x0000000089d00000|100%| O|  |TAMS 0x0000000089d00000, 0x0000000089c00000| Untracked 
| 157|0x0000000089d00000, 0x0000000089e00000, 0x0000000089e00000|100%| O|  |TAMS 0x0000000089e00000, 0x0000000089d00000| Untracked 
| 158|0x0000000089e00000, 0x0000000089f00000, 0x0000000089f00000|100%| O|  |TAMS 0x0000000089f00000, 0x0000000089e00000| Untracked 
| 159|0x0000000089f00000, 0x000000008a000000, 0x000000008a000000|100%| O|  |TAMS 0x0000000089f00000, 0x0000000089f00000| Untracked 
| 160|0x000000008a000000, 0x000000008a100000, 0x000000008a100000|100%| O|  |TAMS 0x000000008a000000, 0x000000008a000000| Untracked 
| 161|0x000000008a100000, 0x000000008a200000, 0x000000008a200000|100%| O|  |TAMS 0x000000008a100000, 0x000000008a100000| Untracked 
| 162|0x000000008a200000, 0x000000008a300000, 0x000000008a300000|100%| O|  |TAMS 0x000000008a200000, 0x000000008a200000| Untracked 
| 163|0x000000008a300000, 0x000000008a400000, 0x000000008a400000|100%| O|  |TAMS 0x000000008a300000, 0x000000008a300000| Untracked 
| 164|0x000000008a400000, 0x000000008a500000, 0x000000008a500000|100%| O|  |TAMS 0x000000008a400000, 0x000000008a400000| Untracked 
| 165|0x000000008a500000, 0x000000008a600000, 0x000000008a600000|100%| O|  |TAMS 0x000000008a500000, 0x000000008a500000| Untracked 
| 166|0x000000008a600000, 0x000000008a700000, 0x000000008a700000|100%| O|  |TAMS 0x000000008a600000, 0x000000008a600000| Untracked 
| 167|0x000000008a700000, 0x000000008a800000, 0x000000008a800000|100%| O|  |TAMS 0x000000008a700000, 0x000000008a700000| Untracked 
| 168|0x000000008a800000, 0x000000008a900000, 0x000000008a900000|100%| O|  |TAMS 0x000000008a800000, 0x000000008a800000| Untracked 
| 169|0x000000008a900000, 0x000000008aa00000, 0x000000008aa00000|100%| O|  |TAMS 0x000000008a900000, 0x000000008a900000| Untracked 
| 170|0x000000008aa00000, 0x000000008ab00000, 0x000000008ab00000|100%| O|  |TAMS 0x000000008aa00000, 0x000000008aa00000| Untracked 
| 171|0x000000008ab00000, 0x000000008ac00000, 0x000000008ac00000|100%| O|  |TAMS 0x000000008ab00000, 0x000000008ab00000| Untracked 
| 172|0x000000008ac00000, 0x000000008ad00000, 0x000000008ad00000|100%| O|  |TAMS 0x000000008ac00000, 0x000000008ac00000| Untracked 
| 173|0x000000008ad00000, 0x000000008ae00000, 0x000000008ae00000|100%| O|  |TAMS 0x000000008ad00000, 0x000000008ad00000| Untracked 
| 174|0x000000008ae00000, 0x000000008af00000, 0x000000008af00000|100%| O|  |TAMS 0x000000008ae00000, 0x000000008ae00000| Untracked 
| 175|0x000000008af00000, 0x000000008b000000, 0x000000008b000000|100%| O|  |TAMS 0x000000008af00000, 0x000000008af00000| Untracked 
| 176|0x000000008b000000, 0x000000008b100000, 0x000000008b100000|100%| O|  |TAMS 0x000000008b000000, 0x000000008b000000| Untracked 
| 177|0x000000008b100000, 0x000000008b200000, 0x000000008b200000|100%| O|  |TAMS 0x000000008b100000, 0x000000008b100000| Untracked 
| 178|0x000000008b200000, 0x000000008b300000, 0x000000008b300000|100%| O|  |TAMS 0x000000008b200000, 0x000000008b200000| Untracked 
| 179|0x000000008b300000, 0x000000008b3d0800, 0x000000008b400000| 81%| O|  |TAMS 0x000000008b300000, 0x000000008b300000| Untracked 
| 180|0x000000008b400000, 0x000000008b400000, 0x000000008b500000|  0%| F|  |TAMS 0x000000008b400000, 0x000000008b400000| Untracked 
| 181|0x000000008b500000, 0x000000008b500000, 0x000000008b600000|  0%| F|  |TAMS 0x000000008b500000, 0x000000008b500000| Untracked 
| 182|0x000000008b600000, 0x000000008b600000, 0x000000008b700000|  0%| F|  |TAMS 0x000000008b600000, 0x000000008b600000| Untracked 
| 183|0x000000008b700000, 0x000000008b700000, 0x000000008b800000|  0%| F|  |TAMS 0x000000008b700000, 0x000000008b700000| Untracked 
| 184|0x000000008b800000, 0x000000008b800000, 0x000000008b900000|  0%| F|  |TAMS 0x000000008b800000, 0x000000008b800000| Untracked 
| 185|0x000000008b900000, 0x000000008b900000, 0x000000008ba00000|  0%| F|  |TAMS 0x000000008b900000, 0x000000008b900000| Untracked 
| 186|0x000000008ba00000, 0x000000008ba00000, 0x000000008bb00000|  0%| F|  |TAMS 0x000000008ba00000, 0x000000008ba00000| Untracked 
| 187|0x000000008bb00000, 0x000000008bb00000, 0x000000008bc00000|  0%| F|  |TAMS 0x000000008bb00000, 0x000000008bb00000| Untracked 
| 188|0x000000008bc00000, 0x000000008bc00000, 0x000000008bd00000|  0%| F|  |TAMS 0x000000008bc00000, 0x000000008bc00000| Untracked 
| 189|0x000000008bd00000, 0x000000008bd00000, 0x000000008be00000|  0%| F|  |TAMS 0x000000008bd00000, 0x000000008bd00000| Untracked 
| 190|0x000000008be00000, 0x000000008be00000, 0x000000008bf00000|  0%| F|  |TAMS 0x000000008be00000, 0x000000008be00000| Untracked 
| 191|0x000000008bf00000, 0x000000008bf00000, 0x000000008c000000|  0%| F|  |TAMS 0x000000008bf00000, 0x000000008bf00000| Untracked 
| 192|0x000000008c000000, 0x000000008c000000, 0x000000008c100000|  0%| F|  |TAMS 0x000000008c000000, 0x000000008c000000| Untracked 
| 193|0x000000008c100000, 0x000000008c100000, 0x000000008c200000|  0%| F|  |TAMS 0x000000008c100000, 0x000000008c100000| Untracked 
| 194|0x000000008c200000, 0x000000008c200000, 0x000000008c300000|  0%| F|  |TAMS 0x000000008c200000, 0x000000008c200000| Untracked 
| 195|0x000000008c300000, 0x000000008c300000, 0x000000008c400000|  0%| F|  |TAMS 0x000000008c300000, 0x000000008c300000| Untracked 
| 196|0x000000008c400000, 0x000000008c400000, 0x000000008c500000|  0%| F|  |TAMS 0x000000008c400000, 0x000000008c400000| Untracked 
| 197|0x000000008c500000, 0x000000008c500000, 0x000000008c600000|  0%| F|  |TAMS 0x000000008c500000, 0x000000008c500000| Untracked 
| 198|0x000000008c600000, 0x000000008c600000, 0x000000008c700000|  0%| F|  |TAMS 0x000000008c600000, 0x000000008c600000| Untracked 
| 199|0x000000008c700000, 0x000000008c700000, 0x000000008c800000|  0%| F|  |TAMS 0x000000008c700000, 0x000000008c700000| Untracked 
| 200|0x000000008c800000, 0x000000008c800000, 0x000000008c900000|  0%| F|  |TAMS 0x000000008c800000, 0x000000008c800000| Untracked 
| 201|0x000000008c900000, 0x000000008c900000, 0x000000008ca00000|  0%| F|  |TAMS 0x000000008c900000, 0x000000008c900000| Untracked 
| 202|0x000000008ca00000, 0x000000008ca00000, 0x000000008cb00000|  0%| F|  |TAMS 0x000000008ca00000, 0x000000008ca00000| Untracked 
| 203|0x000000008cb00000, 0x000000008cb00000, 0x000000008cc00000|  0%| F|  |TAMS 0x000000008cb00000, 0x000000008cb00000| Untracked 
| 204|0x000000008cc00000, 0x000000008cc00000, 0x000000008cd00000|  0%| F|  |TAMS 0x000000008cc00000, 0x000000008cc00000| Untracked 
| 205|0x000000008cd00000, 0x000000008cd00000, 0x000000008ce00000|  0%| F|  |TAMS 0x000000008cd00000, 0x000000008cd00000| Untracked 
| 206|0x000000008ce00000, 0x000000008ce00000, 0x000000008cf00000|  0%| F|  |TAMS 0x000000008ce00000, 0x000000008ce00000| Untracked 
| 207|0x000000008cf00000, 0x000000008cf00000, 0x000000008d000000|  0%| F|  |TAMS 0x000000008cf00000, 0x000000008cf00000| Untracked 
| 208|0x000000008d000000, 0x000000008d000000, 0x000000008d100000|  0%| F|  |TAMS 0x000000008d000000, 0x000000008d000000| Untracked 
| 209|0x000000008d100000, 0x000000008d100000, 0x000000008d200000|  0%| F|  |TAMS 0x000000008d100000, 0x000000008d100000| Untracked 
| 210|0x000000008d200000, 0x000000008d200000, 0x000000008d300000|  0%| F|  |TAMS 0x000000008d200000, 0x000000008d200000| Untracked 
| 211|0x000000008d300000, 0x000000008d300000, 0x000000008d400000|  0%| F|  |TAMS 0x000000008d300000, 0x000000008d300000| Untracked 
| 212|0x000000008d400000, 0x000000008d400000, 0x000000008d500000|  0%| F|  |TAMS 0x000000008d400000, 0x000000008d400000| Untracked 
| 213|0x000000008d500000, 0x000000008d500000, 0x000000008d600000|  0%| F|  |TAMS 0x000000008d500000, 0x000000008d500000| Untracked 
| 214|0x000000008d600000, 0x000000008d600000, 0x000000008d700000|  0%| F|  |TAMS 0x000000008d600000, 0x000000008d600000| Untracked 
| 215|0x000000008d700000, 0x000000008d700000, 0x000000008d800000|  0%| F|  |TAMS 0x000000008d700000, 0x000000008d700000| Untracked 
| 216|0x000000008d800000, 0x000000008d800000, 0x000000008d900000|  0%| F|  |TAMS 0x000000008d800000, 0x000000008d800000| Untracked 
| 217|0x000000008d900000, 0x000000008d900000, 0x000000008da00000|  0%| F|  |TAMS 0x000000008d900000, 0x000000008d900000| Untracked 
| 218|0x000000008da00000, 0x000000008da00000, 0x000000008db00000|  0%| F|  |TAMS 0x000000008da00000, 0x000000008da00000| Untracked 
| 219|0x000000008db00000, 0x000000008db00000, 0x000000008dc00000|  0%| F|  |TAMS 0x000000008db00000, 0x000000008db00000| Untracked 
| 220|0x000000008dc00000, 0x000000008dc00000, 0x000000008dd00000|  0%| F|  |TAMS 0x000000008dc00000, 0x000000008dc00000| Untracked 
| 221|0x000000008dd00000, 0x000000008dd00000, 0x000000008de00000|  0%| F|  |TAMS 0x000000008dd00000, 0x000000008dd00000| Untracked 
| 222|0x000000008de00000, 0x000000008de00000, 0x000000008df00000|  0%| F|  |TAMS 0x000000008de00000, 0x000000008de00000| Untracked 
| 223|0x000000008df00000, 0x000000008df00000, 0x000000008e000000|  0%| F|  |TAMS 0x000000008df00000, 0x000000008df00000| Untracked 
| 224|0x000000008e000000, 0x000000008e000000, 0x000000008e100000|  0%| F|  |TAMS 0x000000008e000000, 0x000000008e000000| Untracked 
| 225|0x000000008e100000, 0x000000008e100000, 0x000000008e200000|  0%| F|  |TAMS 0x000000008e100000, 0x000000008e100000| Untracked 
| 226|0x000000008e200000, 0x000000008e200000, 0x000000008e300000|  0%| F|  |TAMS 0x000000008e200000, 0x000000008e200000| Untracked 
| 227|0x000000008e300000, 0x000000008e300000, 0x000000008e400000|  0%| F|  |TAMS 0x000000008e300000, 0x000000008e300000| Untracked 
| 228|0x000000008e400000, 0x000000008e400000, 0x000000008e500000|  0%| F|  |TAMS 0x000000008e400000, 0x000000008e400000| Untracked 
| 229|0x000000008e500000, 0x000000008e500000, 0x000000008e600000|  0%| F|  |TAMS 0x000000008e500000, 0x000000008e500000| Untracked 
| 230|0x000000008e600000, 0x000000008e600000, 0x000000008e700000|  0%| F|  |TAMS 0x000000008e600000, 0x000000008e600000| Untracked 
| 231|0x000000008e700000, 0x000000008e700000, 0x000000008e800000|  0%| F|  |TAMS 0x000000008e700000, 0x000000008e700000| Untracked 
| 232|0x000000008e800000, 0x000000008e800000, 0x000000008e900000|  0%| F|  |TAMS 0x000000008e800000, 0x000000008e800000| Untracked 
| 233|0x000000008e900000, 0x000000008e900000, 0x000000008ea00000|  0%| F|  |TAMS 0x000000008e900000, 0x000000008e900000| Untracked 
| 234|0x000000008ea00000, 0x000000008ea00000, 0x000000008eb00000|  0%| F|  |TAMS 0x000000008ea00000, 0x000000008ea00000| Untracked 
| 235|0x000000008eb00000, 0x000000008eb00000, 0x000000008ec00000|  0%| F|  |TAMS 0x000000008eb00000, 0x000000008eb00000| Untracked 
| 236|0x000000008ec00000, 0x000000008ec00000, 0x000000008ed00000|  0%| F|  |TAMS 0x000000008ec00000, 0x000000008ec00000| Untracked 
| 237|0x000000008ed00000, 0x000000008ed00000, 0x000000008ee00000|  0%| F|  |TAMS 0x000000008ed00000, 0x000000008ed00000| Untracked 
| 238|0x000000008ee00000, 0x000000008ee00000, 0x000000008ef00000|  0%| F|  |TAMS 0x000000008ee00000, 0x000000008ee00000| Untracked 
| 239|0x000000008ef00000, 0x000000008ef00000, 0x000000008f000000|  0%| F|  |TAMS 0x000000008ef00000, 0x000000008ef00000| Untracked 
| 240|0x000000008f000000, 0x000000008f000000, 0x000000008f100000|  0%| F|  |TAMS 0x000000008f000000, 0x000000008f000000| Untracked 
| 241|0x000000008f100000, 0x000000008f100000, 0x000000008f200000|  0%| F|  |TAMS 0x000000008f100000, 0x000000008f100000| Untracked 
| 242|0x000000008f200000, 0x000000008f200000, 0x000000008f300000|  0%| F|  |TAMS 0x000000008f200000, 0x000000008f200000| Untracked 
| 243|0x000000008f300000, 0x000000008f300000, 0x000000008f400000|  0%| F|  |TAMS 0x000000008f300000, 0x000000008f300000| Untracked 
| 244|0x000000008f400000, 0x000000008f400000, 0x000000008f500000|  0%| F|  |TAMS 0x000000008f400000, 0x000000008f400000| Untracked 
| 245|0x000000008f500000, 0x000000008f500000, 0x000000008f600000|  0%| F|  |TAMS 0x000000008f500000, 0x000000008f500000| Untracked 
| 246|0x000000008f600000, 0x000000008f600000, 0x000000008f700000|  0%| F|  |TAMS 0x000000008f600000, 0x000000008f600000| Untracked 
| 247|0x000000008f700000, 0x000000008f700000, 0x000000008f800000|  0%| F|  |TAMS 0x000000008f700000, 0x000000008f700000| Untracked 
| 248|0x000000008f800000, 0x000000008f800000, 0x000000008f900000|  0%| F|  |TAMS 0x000000008f800000, 0x000000008f800000| Untracked 
| 249|0x000000008f900000, 0x000000008f900000, 0x000000008fa00000|  0%| F|  |TAMS 0x000000008f900000, 0x000000008f900000| Untracked 
| 250|0x000000008fa00000, 0x000000008fa00000, 0x000000008fb00000|  0%| F|  |TAMS 0x000000008fa00000, 0x000000008fa00000| Untracked 
| 251|0x000000008fb00000, 0x000000008fb00000, 0x000000008fc00000|  0%| F|  |TAMS 0x000000008fb00000, 0x000000008fb00000| Untracked 
| 252|0x000000008fc00000, 0x000000008fc00000, 0x000000008fd00000|  0%| F|  |TAMS 0x000000008fc00000, 0x000000008fc00000| Untracked 
| 253|0x000000008fd00000, 0x000000008fd00000, 0x000000008fe00000|  0%| F|  |TAMS 0x000000008fd00000, 0x000000008fd00000| Untracked 
| 254|0x000000008fe00000, 0x000000008fe00000, 0x000000008ff00000|  0%| F|  |TAMS 0x000000008fe00000, 0x000000008fe00000| Untracked 
| 255|0x000000008ff00000, 0x000000008ff00000, 0x0000000090000000|  0%| F|  |TAMS 0x000000008ff00000, 0x000000008ff00000| Untracked 
| 256|0x0000000090000000, 0x0000000090000000, 0x0000000090100000|  0%| F|  |TAMS 0x0000000090000000, 0x0000000090000000| Untracked 
| 257|0x0000000090100000, 0x0000000090100000, 0x0000000090200000|  0%| F|  |TAMS 0x0000000090100000, 0x0000000090100000| Untracked 
| 258|0x0000000090200000, 0x0000000090200000, 0x0000000090300000|  0%| F|  |TAMS 0x0000000090200000, 0x0000000090200000| Untracked 
| 259|0x0000000090300000, 0x0000000090300000, 0x0000000090400000|  0%| F|  |TAMS 0x0000000090300000, 0x0000000090300000| Untracked 
| 260|0x0000000090400000, 0x0000000090400000, 0x0000000090500000|  0%| F|  |TAMS 0x0000000090400000, 0x0000000090400000| Untracked 
| 261|0x0000000090500000, 0x0000000090500000, 0x0000000090600000|  0%| F|  |TAMS 0x0000000090500000, 0x0000000090500000| Untracked 
| 262|0x0000000090600000, 0x000000009067c620, 0x0000000090700000| 48%| E|  |TAMS 0x0000000090600000, 0x0000000090600000| Complete 
| 263|0x0000000090700000, 0x0000000090800000, 0x0000000090800000|100%| E|CS|TAMS 0x0000000090700000, 0x0000000090700000| Complete 
| 264|0x0000000090800000, 0x0000000090900000, 0x0000000090900000|100%| E|CS|TAMS 0x0000000090800000, 0x0000000090800000| Complete 
| 265|0x0000000090900000, 0x0000000090a00000, 0x0000000090a00000|100%| E|CS|TAMS 0x0000000090900000, 0x0000000090900000| Complete 
| 266|0x0000000090a00000, 0x0000000090b00000, 0x0000000090b00000|100%| E|CS|TAMS 0x0000000090a00000, 0x0000000090a00000| Complete 
| 267|0x0000000090b00000, 0x0000000090c00000, 0x0000000090c00000|100%| E|CS|TAMS 0x0000000090b00000, 0x0000000090b00000| Complete 
| 268|0x0000000090c00000, 0x0000000090d00000, 0x0000000090d00000|100%| E|CS|TAMS 0x0000000090c00000, 0x0000000090c00000| Complete 
| 269|0x0000000090d00000, 0x0000000090e00000, 0x0000000090e00000|100%| E|CS|TAMS 0x0000000090d00000, 0x0000000090d00000| Complete 
| 270|0x0000000090e00000, 0x0000000090f00000, 0x0000000090f00000|100%| E|CS|TAMS 0x0000000090e00000, 0x0000000090e00000| Complete 
| 271|0x0000000090f00000, 0x0000000091000000, 0x0000000091000000|100%| E|CS|TAMS 0x0000000090f00000, 0x0000000090f00000| Complete 
| 272|0x0000000091000000, 0x0000000091100000, 0x0000000091100000|100%| E|  |TAMS 0x0000000091000000, 0x0000000091000000| Complete 
| 273|0x0000000091100000, 0x0000000091200000, 0x0000000091200000|100%| E|CS|TAMS 0x0000000091100000, 0x0000000091100000| Complete 
| 274|0x0000000091200000, 0x0000000091292e20, 0x0000000091300000| 57%| S|CS|TAMS 0x0000000091200000, 0x0000000091200000| Complete 
| 275|0x0000000091300000, 0x0000000091400000, 0x0000000091400000|100%| S|CS|TAMS 0x0000000091300000, 0x0000000091300000| Complete 
| 276|0x0000000091400000, 0x0000000091500000, 0x0000000091500000|100%| E|CS|TAMS 0x0000000091400000, 0x0000000091400000| Complete 
| 277|0x0000000091500000, 0x0000000091600000, 0x0000000091600000|100%| E|CS|TAMS 0x0000000091500000, 0x0000000091500000| Complete 
| 278|0x0000000091600000, 0x0000000091700000, 0x0000000091700000|100%| E|CS|TAMS 0x0000000091600000, 0x0000000091600000| Complete 
| 279|0x0000000091700000, 0x0000000091800000, 0x0000000091800000|100%| E|CS|TAMS 0x0000000091700000, 0x0000000091700000| Complete 
| 280|0x0000000091800000, 0x0000000091900000, 0x0000000091900000|100%| E|CS|TAMS 0x0000000091800000, 0x0000000091800000| Complete 
| 281|0x0000000091900000, 0x0000000091a00000, 0x0000000091a00000|100%| E|CS|TAMS 0x0000000091900000, 0x0000000091900000| Complete 

Card table byte_map: [0x0000026a44150000,0x0000026a44550000] _byte_map_base: 0x0000026a43d50000

Marking Bits (Prev, Next): (CMBitMap*) 0x0000026a2f04f438, (CMBitMap*) 0x0000026a2f04f470
 Prev Bits: [0x0000026a44950000, 0x0000026a46950000)
 Next Bits: [0x0000026a46950000, 0x0000026a48950000)

Polling page: 0x0000026a2f0f0000

Metaspace:

Usage:
  Non-class:     94.24 MB capacity,    92.62 MB ( 98%) used,     1.30 MB (  1%) free+waste,   327.88 KB ( <1%) overhead. 
      Class:     14.56 MB capacity,    13.55 MB ( 93%) used,   892.10 KB (  6%) free+waste,   149.50 KB (  1%) overhead. 
       Both:    108.81 MB capacity,   106.17 MB ( 98%) used,     2.17 MB (  2%) free+waste,   477.38 KB ( <1%) overhead. 

Virtual space:
  Non-class space:       96.00 MB reserved,      94.87 MB ( 99%) committed 
      Class space:        1.00 GB reserved,      14.95 MB (  1%) committed 
             Both:        1.09 GB reserved,     109.82 MB ( 10%) committed 

Chunk freelists:
   Non-Class:  451.00 KB
       Class:  382.00 KB
        Both:  833.00 KB

MaxMetaspaceSize: 17179869184.00 GB
CompressedClassSpaceSize: 1.00 GB

CodeHeap 'non-profiled nmethods': size=120000Kb used=6445Kb max_used=6445Kb free=113554Kb
 bounds [0x0000026a3bdb0000, 0x0000026a3c400000, 0x0000026a432e0000]
CodeHeap 'profiled nmethods': size=120000Kb used=29548Kb max_used=29548Kb free=90451Kb
 bounds [0x0000026a34880000, 0x0000026a36560000, 0x0000026a3bdb0000]
CodeHeap 'non-nmethods': size=5760Kb used=2324Kb max_used=2349Kb free=3435Kb
 bounds [0x0000026a342e0000, 0x0000026a34550000, 0x0000026a34880000]
 total_blobs=15526 nmethods=14586 adapters=850
 compilation: enabled
              stopped_count=0, restarted_count=0
 full_count=0

Compilation events (20 events):
Event: 30.870 Thread 0x0000026a4b44a800 nmethod 15035 0x0000026a36524590 code [0x0000026a36524740, 0x0000026a36524898]
Event: 30.870 Thread 0x0000026a4b44a800 15045       2       com.android.tools.r8.graph.l::a (126 bytes)
Event: 30.871 Thread 0x0000026a4b44a800 nmethod 15045 0x0000026a36524a10 code [0x0000026a36524c60, 0x0000026a36525108]
Event: 30.871 Thread 0x0000026a4b44a800 15046       2       com.android.tools.r8.graph.l$$Lambda$1958/0x0000000100e4ac40::test (20 bytes)
Event: 30.871 Thread 0x0000026a4b44a800 nmethod 15046 0x0000026a36525590 code [0x0000026a36525740, 0x0000026a365258c8]
Event: 30.871 Thread 0x0000026a4b44a800 15047       2       com.android.tools.r8.graph.l::a (8 bytes)
Event: 30.872 Thread 0x0000026a4b44a800 nmethod 15047 0x0000026a36525a10 code [0x0000026a36525bc0, 0x0000026a36525ce8]
Event: 30.872 Thread 0x0000026a4b44a800 15044       2       com.android.tools.r8.internal.PE0::c (25 bytes)
Event: 30.872 Thread 0x0000026a4b44a800 nmethod 15044 0x0000026a36525d90 code [0x0000026a36525f40, 0x0000026a365260a8]
Event: 30.872 Thread 0x0000026a4b44a800 15034       2       com.android.tools.r8.internal.Cp1::g (18 bytes)
Event: 30.872 Thread 0x0000026a4b44a800 nmethod 15034 0x0000026a36526190 code [0x0000026a36526340, 0x0000026a36526468]
Event: 30.872 Thread 0x0000026a4b44a800 15050       2       com.android.tools.r8.internal.AU0::c (11 bytes)
Event: 30.872 Thread 0x0000026a4b44a800 nmethod 15050 0x0000026a36526510 code [0x0000026a365266c0, 0x0000026a365267e8]
Event: 30.872 Thread 0x0000026a4b44a800 15048       2       com.android.tools.r8.internal.TR0::<init> (10 bytes)
Event: 30.872 Thread 0x0000026a4b44a800 nmethod 15048 0x0000026a36526890 code [0x0000026a36526a40, 0x0000026a36526b78]
Event: 30.872 Thread 0x0000026a4b44a800 15055       2       com.android.tools.r8.internal.LV0::<init> (6 bytes)
Event: 30.873 Thread 0x0000026a4b44a800 nmethod 15055 0x0000026a36526c10 code [0x0000026a36526dc0, 0x0000026a36526f28]
Event: 30.873 Thread 0x0000026a4b44a800 15058       2       com.android.tools.r8.internal.SR0::a (1133 bytes)
Event: 30.881 Thread 0x0000026a4b44a800 nmethod 15058 0x0000026a36527010 code [0x0000026a365277a0, 0x0000026a3652a848]
Event: 30.881 Thread 0x0000026a4b44a800 15060 %     3       com.android.tools.r8.internal.zV0::d @ 5 (46 bytes)

GC Heap History (20 events):
Event: 29.159 GC heap before
{Heap before GC invocations=40 (full 0):
 garbage-first heap   total 239616K, used 207709K [0x0000000080000000, 0x0000000100000000)
  region size 1024K, 111 young (113664K), 3 survivors (3072K)
 Metaspace       used 99882K, capacity 102154K, committed 102344K, reserved 1138688K
  class space    used 12502K, capacity 13342K, committed 13388K, reserved 1048576K
}
Event: 29.170 GC heap after
{Heap after GC invocations=41 (full 0):
 garbage-first heap   total 239616K, used 116967K [0x0000000080000000, 0x0000000100000000)
  region size 1024K, 14 young (14336K), 14 survivors (14336K)
 Metaspace       used 99882K, capacity 102154K, committed 102344K, reserved 1138688K
  class space    used 12502K, capacity 13342K, committed 13388K, reserved 1048576K
}
Event: 29.664 GC heap before
{Heap before GC invocations=41 (full 0):
 garbage-first heap   total 239616K, used 187623K [0x0000000080000000, 0x0000000100000000)
  region size 1024K, 84 young (86016K), 14 survivors (14336K)
 Metaspace       used 102937K, capacity 105450K, committed 105672K, reserved 1140736K
  class space    used 12960K, capacity 13886K, committed 13900K, reserved 1048576K
}
Event: 29.684 GC heap after
{Heap after GC invocations=42 (full 0):
 garbage-first heap   total 239616K, used 127353K [0x0000000080000000, 0x0000000100000000)
  region size 1024K, 11 young (11264K), 11 survivors (11264K)
 Metaspace       used 102937K, capacity 105450K, committed 105672K, reserved 1140736K
  class space    used 12960K, capacity 13886K, committed 13900K, reserved 1048576K
}
Event: 29.891 GC heap before
{Heap before GC invocations=42 (full 0):
 garbage-first heap   total 239616K, used 188793K [0x0000000080000000, 0x0000000100000000)
  region size 1024K, 71 young (72704K), 11 survivors (11264K)
 Metaspace       used 103929K, capacity 106559K, committed 106696K, reserved 1142784K
  class space    used 13121K, capacity 14088K, committed 14156K, reserved 1048576K
}
Event: 29.934 GC heap after
{Heap after GC invocations=43 (full 0):
 garbage-first heap   total 239616K, used 142336K [0x0000000080000000, 0x0000000100000000)
  region size 1024K, 9 young (9216K), 9 survivors (9216K)
 Metaspace       used 103929K, capacity 106559K, committed 106696K, reserved 1142784K
  class space    used 13121K, capacity 14088K, committed 14156K, reserved 1048576K
}
Event: 30.070 GC heap before
{Heap before GC invocations=43 (full 0):
 garbage-first heap   total 239616K, used 191488K [0x0000000080000000, 0x0000000100000000)
  region size 1024K, 57 young (58368K), 9 survivors (9216K)
 Metaspace       used 104550K, capacity 107145K, committed 107336K, reserved 1142784K
  class space    used 13182K, capacity 14152K, committed 14284K, reserved 1048576K
}
Event: 30.092 GC heap after
{Heap after GC invocations=44 (full 0):
 garbage-first heap   total 239616K, used 153600K [0x0000000080000000, 0x0000000100000000)
  region size 1024K, 8 young (8192K), 8 survivors (8192K)
 Metaspace       used 104550K, capacity 107145K, committed 107336K, reserved 1142784K
  class space    used 13182K, capacity 14152K, committed 14284K, reserved 1048576K
}
Event: 30.243 GC heap before
{Heap before GC invocations=45 (full 0):
 garbage-first heap   total 239616K, used 193536K [0x0000000080000000, 0x0000000100000000)
  region size 1024K, 48 young (49152K), 8 survivors (8192K)
 Metaspace       used 105700K, capacity 108465K, committed 108744K, reserved 1142784K
  class space    used 13440K, capacity 14546K, committed 14668K, reserved 1048576K
}
Event: 30.259 GC heap after
{Heap after GC invocations=46 (full 0):
 garbage-first heap   total 239616K, used 161356K [0x0000000080000000, 0x0000000100000000)
  region size 1024K, 6 young (6144K), 6 survivors (6144K)
 Metaspace       used 105700K, capacity 108465K, committed 108744K, reserved 1142784K
  class space    used 13440K, capacity 14546K, committed 14668K, reserved 1048576K
}
Event: 30.274 GC heap before
{Heap before GC invocations=46 (full 0):
 garbage-first heap   total 239616K, used 166476K [0x0000000080000000, 0x0000000100000000)
  region size 1024K, 11 young (11264K), 6 survivors (6144K)
 Metaspace       used 105843K, capacity 108653K, committed 108744K, reserved 1142784K
  class space    used 13468K, capacity 14608K, committed 14668K, reserved 1048576K
}
Event: 30.285 GC heap after
{Heap after GC invocations=47 (full 0):
 garbage-first heap   total 288768K, used 154329K [0x0000000080000000, 0x0000000100000000)
  region size 1024K, 2 young (2048K), 2 survivors (2048K)
 Metaspace       used 105843K, capacity 108653K, committed 108744K, reserved 1142784K
  class space    used 13468K, capacity 14608K, committed 14668K, reserved 1048576K
}
Event: 30.378 GC heap before
{Heap before GC invocations=47 (full 0):
 garbage-first heap   total 288768K, used 211673K [0x0000000080000000, 0x0000000100000000)
  region size 1024K, 59 young (60416K), 2 survivors (2048K)
 Metaspace       used 106187K, capacity 109034K, committed 109384K, reserved 1144832K
  class space    used 13532K, capacity 14667K, committed 14796K, reserved 1048576K
}
Event: 30.392 GC heap after
{Heap after GC invocations=48 (full 0):
 garbage-first heap   total 288768K, used 164864K [0x0000000080000000, 0x0000000100000000)
  region size 1024K, 8 young (8192K), 8 survivors (8192K)
 Metaspace       used 106187K, capacity 109034K, committed 109384K, reserved 1144832K
  class space    used 13532K, capacity 14667K, committed 14796K, reserved 1048576K
}
Event: 30.538 GC heap before
{Heap before GC invocations=48 (full 0):
 garbage-first heap   total 288768K, used 221184K [0x0000000080000000, 0x0000000100000000)
  region size 1024K, 63 young (64512K), 8 survivors (8192K)
 Metaspace       used 106589K, capacity 109477K, committed 109640K, reserved 1144832K
  class space    used 13617K, capacity 14772K, committed 14796K, reserved 1048576K
}
Event: 30.554 GC heap after
{Heap after GC invocations=49 (full 0):
 garbage-first heap   total 288768K, used 174687K [0x0000000080000000, 0x0000000100000000)
  region size 1024K, 8 young (8192K), 8 survivors (8192K)
 Metaspace       used 106589K, capacity 109477K, committed 109640K, reserved 1144832K
  class space    used 13617K, capacity 14772K, committed 14796K, reserved 1048576K
}
Event: 30.811 GC heap before
{Heap before GC invocations=50 (full 0):
 garbage-first heap   total 288768K, used 226911K [0x0000000080000000, 0x0000000100000000)
  region size 1024K, 60 young (61440K), 8 survivors (8192K)
 Metaspace       used 108172K, capacity 110826K, committed 111944K, reserved 1146880K
  class space    used 13780K, capacity 14804K, committed 15308K, reserved 1048576K
}
Event: 30.828 GC heap after
{Heap after GC invocations=51 (full 0):
 garbage-first heap   total 288768K, used 183906K [0x0000000080000000, 0x0000000100000000)
  region size 1024K, 8 young (8192K), 8 survivors (8192K)
 Metaspace       used 108172K, capacity 110826K, committed 111944K, reserved 1146880K
  class space    used 13780K, capacity 14804K, committed 15308K, reserved 1048576K
}
Event: 30.856 GC heap before
{Heap before GC invocations=51 (full 0):
 garbage-first heap   total 288768K, used 189026K [0x0000000080000000, 0x0000000100000000)
  region size 1024K, 14 young (14336K), 8 survivors (8192K)
 Metaspace       used 108379K, capacity 111064K, committed 112200K, reserved 1146880K
  class space    used 13812K, capacity 14840K, committed 15308K, reserved 1048576K
}
Event: 30.868 GC heap after
{Heap after GC invocations=52 (full 0):
 garbage-first heap   total 288768K, used 184717K [0x0000000080000000, 0x0000000100000000)
  region size 1024K, 2 young (2048K), 2 survivors (2048K)
 Metaspace       used 108379K, capacity 111064K, committed 112200K, reserved 1146880K
  class space    used 13812K, capacity 14840K, committed 15308K, reserved 1048576K
}

Deoptimization events (20 events):
Event: 30.725 Thread 0x0000026a50a45800 DEOPT PACKING pc=0x0000026a3c3c4d08 sp=0x00000082cd3f97a0
Event: 30.725 Thread 0x0000026a50a45800 DEOPT UNPACKING pc=0x0000026a3430662f sp=0x00000082cd3f9768 mode 2
Event: 30.749 Thread 0x0000026a50e9f800 Uncommon trap: trap_request=0xffffffc6 fr.pc=0x0000026a3c33cb3c relative=0x000000000000017c
Event: 30.749 Thread 0x0000026a50e9f800 Uncommon trap: reason=bimorphic_or_optimized_type_check action=maybe_recompile pc=0x0000026a3c33cb3c method=java.util.Spliterators$IteratorSpliterator.tryAdvance(Ljava/util/function/Consumer;)Z @ 68 c2
Event: 30.749 Thread 0x0000026a50e9f800 DEOPT PACKING pc=0x0000026a3c33cb3c sp=0x00000082c9cf9b10
Event: 30.749 Thread 0x0000026a50e9f800 DEOPT UNPACKING pc=0x0000026a3430662f sp=0x00000082c9cf9aa8 mode 2
Event: 30.749 Thread 0x0000026a50e9f800 Uncommon trap: trap_request=0xffffffc6 fr.pc=0x0000026a3c33cb3c relative=0x000000000000017c
Event: 30.749 Thread 0x0000026a50e9f800 Uncommon trap: reason=bimorphic_or_optimized_type_check action=maybe_recompile pc=0x0000026a3c33cb3c method=java.util.Spliterators$IteratorSpliterator.tryAdvance(Ljava/util/function/Consumer;)Z @ 68 c2
Event: 30.749 Thread 0x0000026a50e9f800 DEOPT PACKING pc=0x0000026a3c33cb3c sp=0x00000082c9cf9b10
Event: 30.749 Thread 0x0000026a50e9f800 DEOPT UNPACKING pc=0x0000026a3430662f sp=0x00000082c9cf9aa8 mode 2
Event: 30.749 Thread 0x0000026a50a45800 Uncommon trap: trap_request=0xffffffc6 fr.pc=0x0000026a3c33cb3c relative=0x000000000000017c
Event: 30.749 Thread 0x0000026a50a45800 Uncommon trap: reason=bimorphic_or_optimized_type_check action=maybe_recompile pc=0x0000026a3c33cb3c method=java.util.Spliterators$IteratorSpliterator.tryAdvance(Ljava/util/function/Consumer;)Z @ 68 c2
Event: 30.749 Thread 0x0000026a50a45800 DEOPT PACKING pc=0x0000026a3c33cb3c sp=0x00000082cd3f99b0
Event: 30.749 Thread 0x0000026a50a45800 DEOPT UNPACKING pc=0x0000026a3430662f sp=0x00000082cd3f9948 mode 2
Event: 30.751 Thread 0x0000026a50a45800 Uncommon trap: trap_request=0xffffff4d fr.pc=0x0000026a3c3e0fbc relative=0x0000000000000b3c
Event: 30.751 Thread 0x0000026a50a45800 Uncommon trap: reason=unstable_if action=reinterpret pc=0x0000026a3c3e0fbc method=java.util.IdentityHashMap.put(Ljava/lang/Object;Ljava/lang/Object;)Ljava/lang/Object; @ 38 c2
Event: 30.751 Thread 0x0000026a50a45800 DEOPT PACKING pc=0x0000026a3c3e0fbc sp=0x00000082cd3f9880
Event: 30.751 Thread 0x0000026a50a45800 DEOPT UNPACKING pc=0x0000026a3430662f sp=0x00000082cd3f9870 mode 2
Event: 30.793 Thread 0x0000026a50e9f800 DEOPT PACKING pc=0x0000026a364cd147 sp=0x00000082c9cf8ea0
Event: 30.793 Thread 0x0000026a50e9f800 DEOPT UNPACKING pc=0x0000026a34306dde sp=0x00000082c9cf8308 mode 0

Classes redefined (0 events):
No events

Internal exceptions (20 events):
Event: 29.753 Thread 0x0000026a50a45800 Exception <a 'java/lang/IncompatibleClassChangeError'{0x000000008d147178}: Found class java.lang.Object, but interface was expected> (0x000000008d147178) thrown at [./src/hotspot/share/interpreter/linkResolver.cpp, line 839]
Event: 29.753 Thread 0x0000026a50e9f800 Exception <a 'java/lang/IncompatibleClassChangeError'{0x000000008d111e98}: Found class java.lang.Object, but interface was expected> (0x000000008d111e98) thrown at [./src/hotspot/share/interpreter/linkResolver.cpp, line 839]
Event: 29.753 Thread 0x0000026a50a41800 Exception <a 'java/lang/IncompatibleClassChangeError'{0x000000008d1a8890}: Found class java.lang.Object, but interface was expected> (0x000000008d1a8890) thrown at [./src/hotspot/share/interpreter/linkResolver.cpp, line 839]
Event: 29.796 Thread 0x0000026a50e9f800 Exception <a 'java/lang/IncompatibleClassChangeError'{0x000000008c5cc570}: Found class java.lang.Object, but interface was expected> (0x000000008c5cc570) thrown at [./src/hotspot/share/interpreter/linkResolver.cpp, line 839]
Event: 29.796 Thread 0x0000026a50a41800 Exception <a 'java/lang/IncompatibleClassChangeError'{0x000000008c7a0d70}: Found class java.lang.Object, but interface was expected> (0x000000008c7a0d70) thrown at [./src/hotspot/share/interpreter/linkResolver.cpp, line 839]
Event: 29.796 Thread 0x0000026a50a45800 Exception <a 'java/lang/IncompatibleClassChangeError'{0x000000008c4503d0}: Found class java.lang.Object, but interface was expected> (0x000000008c4503d0) thrown at [./src/hotspot/share/interpreter/linkResolver.cpp, line 839]
Event: 29.796 Thread 0x0000026a50db3000 Exception <a 'java/lang/IncompatibleClassChangeError'{0x000000008c73f7f8}: Found class java.lang.Object, but interface was expected> (0x000000008c73f7f8) thrown at [./src/hotspot/share/interpreter/linkResolver.cpp, line 839]
Event: 29.801 Thread 0x0000026a50a41800 Exception <a 'java/lang/NoSuchMethodError'{0x000000008c303aa8}: 'int java.lang.invoke.DirectMethodHandle$Holder.invokeVirtual(java.lang.Object, java.lang.Object, java.lang.Object)'> (0x000000008c303aa8) thrown at [./src/hotspot/share/interpreter/linkResolver.cpp, line 773]
Event: 29.801 Thread 0x0000026a50db3000 Exception <a 'java/lang/NoSuchMethodError'{0x000000008c4ccc58}: 'int java.lang.invoke.DirectMethodHandle$Holder.invokeVirtual(java.lang.Object, java.lang.Object, java.lang.Object)'> (0x000000008c4ccc58) thrown at [./src/hotspot/share/interpreter/linkResolver.cpp, line 773]
Event: 30.220 Thread 0x0000026a50db3000 Exception <a 'java/lang/NoSuchMethodError'{0x000000008c713240}: 'java.lang.Object java.lang.invoke.DirectMethodHandle$Holder.invokeStatic(java.lang.Object, int, java.lang.Object, java.lang.Object)'> (0x000000008c713240) thrown at [./src/hotspot/share/interpreter/linkResolver.cpp, line 773]
Event: 30.220 Thread 0x0000026a50a41800 Exception <a 'java/lang/NoSuchMethodError'{0x000000008c8fa208}: 'java.lang.Object java.lang.invoke.DirectMethodHandle$Holder.invokeStatic(java.lang.Object, int, java.lang.Object, java.lang.Object)'> (0x000000008c8fa208) thrown at [./src/hotspot/share/interpreter/linkResolver.cpp, line 773]
Event: 30.220 Thread 0x0000026a50e9f800 Exception <a 'java/lang/NoSuchMethodError'{0x000000008c773ac8}: 'java.lang.Object java.lang.invoke.DirectMethodHandle$Holder.invokeStatic(java.lang.Object, int, java.lang.Object, java.lang.Object)'> (0x000000008c773ac8) thrown at [./src/hotspot/share/interpreter/linkResolver.cpp, line 773]
Event: 30.220 Thread 0x0000026a50a45800 Exception <a 'java/lang/NoSuchMethodError'{0x000000008c75eca8}: 'java.lang.Object java.lang.invoke.DirectMethodHandle$Holder.invokeStatic(java.lang.Object, int, java.lang.Object, java.lang.Object)'> (0x000000008c75eca8) thrown at [./src/hotspot/share/interpreter/linkResolver.cpp, line 773]
Event: 30.220 Thread 0x0000026a50b48000 Exception <a 'java/lang/NoSuchMethodError'{0x000000008c8b8a50}: 'java.lang.Object java.lang.invoke.DirectMethodHandle$Holder.invokeStatic(java.lang.Object, int, java.lang.Object, java.lang.Object)'> (0x000000008c8b8a50) thrown at [./src/hotspot/share/interpreter/linkResolver.cpp, line 773]
Event: 30.575 Thread 0x0000026a50a41800 Exception <a 'java/lang/NoSuchMethodError'{0x0000000090f83e00}: 'java.lang.Object java.lang.invoke.DirectMethodHandle$Holder.invokeVirtual(java.lang.Object, java.lang.Object, int, java.lang.Object)'> (0x0000000090f83e00) thrown at [./src/hotspot/share/interpreter/linkResolver.cpp, line 773]
Event: 30.575 Thread 0x0000026a50e9f800 Exception <a 'java/lang/NoSuchMethodError'{0x0000000090f49170}: 'java.lang.Object java.lang.invoke.DirectMethodHandle$Holder.invokeVirtual(java.lang.Object, java.lang.Object, int, java.lang.Object)'> (0x0000000090f49170) thrown at [./src/hotspot/share/interpreter/linkResolver.cpp, line 773]
Event: 30.576 Thread 0x0000026a50a45800 Exception <a 'java/lang/NoSuchMethodError'{0x00000000919ca1f8}: 'java.lang.Object java.lang.invoke.DirectMethodHandle$Holder.invokeVirtual(java.lang.Object, java.lang.Object, int, java.lang.Object)'> (0x00000000919ca1f8) thrown at [./src/hotspot/share/interpreter/linkResolver.cpp, line 773]
Event: 30.605 Thread 0x0000026a50a45800 Exception <a 'java/lang/NoSuchMethodError'{0x000000009018f150}: 'void java.lang.invoke.DirectMethodHandle$Holder.invokeVirtual(java.lang.Object, java.lang.Object, int, java.lang.Object)'> (0x000000009018f150) thrown at [./src/hotspot/share/interpreter/linkResolver.cpp, line 773]
Event: 30.605 Thread 0x0000026a50a41800 Exception <a 'java/lang/NoSuchMethodError'{0x0000000090abbcb0}: 'void java.lang.invoke.DirectMethodHandle$Holder.invokeVirtual(java.lang.Object, java.lang.Object, int, java.lang.Object)'> (0x0000000090abbcb0) thrown at [./src/hotspot/share/interpreter/linkResolver.cpp, line 773]
Event: 30.700 Thread 0x0000026a50db3000 Exception <a 'java/lang/NoSuchMethodError'{0x000000008f08a868}: 'int java.lang.invoke.DirectMethodHandle$Holder.invokeSpecial(java.lang.Object, java.lang.Object, java.lang.Object, int, java.lang.Object)'> (0x000000008f08a868) thrown at [./src/hotspot/share/interpreter/linkResolver.cpp, line 773]

Events (20 events):
Event: 30.877 loading class com/android/tools/r8/internal/FS0
Event: 30.877 loading class com/android/tools/r8/internal/FS0 done
Event: 30.878 loading class com/android/tools/r8/graph/U
Event: 30.878 loading class com/android/tools/r8/graph/U done
Event: 30.878 loading class com/android/tools/r8/internal/dB0
Event: 30.878 loading class com/android/tools/r8/internal/dB0 done
Event: 30.878 loading class com/android/tools/r8/internal/FS0
Event: 30.878 loading class com/android/tools/r8/internal/FS0 done
Event: 30.878 loading class com/android/tools/r8/graph/U
Event: 30.878 loading class com/android/tools/r8/graph/U done
Event: 30.879 loading class com/android/tools/r8/internal/AL0
Event: 30.879 loading class com/android/tools/r8/internal/AL0 done
Event: 30.880 loading class com/android/tools/r8/internal/AL0
Event: 30.880 loading class com/android/tools/r8/internal/AL0 done
Event: 30.880 loading class com/android/tools/r8/internal/AL0
Event: 30.880 loading class com/android/tools/r8/internal/AL0 done
Event: 30.880 loading class com/android/tools/r8/internal/i51
Event: 30.880 loading class com/android/tools/r8/internal/i51 done
Event: 30.881 loading class com/android/tools/r8/code/A1
Event: 30.881 loading class com/android/tools/r8/code/A1 done


Dynamic libraries:
0x00007ff64f5f0000 - 0x00007ff64f5fa000 	D:\programming\jre\bin\java.exe
0x00007fff8a3e0000 - 0x00007fff8a5e9000 	C:\WINDOWS\SYSTEM32\ntdll.dll
0x00007fff89ac0000 - 0x00007fff89b7d000 	C:\WINDOWS\System32\KERNEL32.DLL
0x00007fff87cf0000 - 0x00007fff88069000 	C:\WINDOWS\System32\KERNELBASE.dll
0x00007fff878d0000 - 0x00007fff879e1000 	C:\WINDOWS\System32\ucrtbase.dll
0x00007fff7aed0000 - 0x00007fff7aee7000 	D:\programming\jre\bin\VCRUNTIME140.dll
0x00007fff7aeb0000 - 0x00007fff7aec9000 	D:\programming\jre\bin\jli.dll
0x00007fff884a0000 - 0x00007fff8864c000 	C:\WINDOWS\System32\USER32.dll
0x00007fff7bf20000 - 0x00007fff7c1c5000 	C:\WINDOWS\WinSxS\amd64_microsoft.windows.common-controls_6595b64144ccf1df_6.0.22000.120_none_9d947278b86cc467\COMCTL32.dll
0x00007fff88070000 - 0x00007fff88096000 	C:\WINDOWS\System32\win32u.dll
0x00007fff89440000 - 0x00007fff894e3000 	C:\WINDOWS\System32\msvcrt.dll
0x00007fff89c00000 - 0x00007fff89c29000 	C:\WINDOWS\System32\GDI32.dll
0x00007fff880a0000 - 0x00007fff881b2000 	C:\WINDOWS\System32\gdi32full.dll
0x00007fff87be0000 - 0x00007fff87c7d000 	C:\WINDOWS\System32\msvcp_win.dll
0x00007fff89d10000 - 0x00007fff89d41000 	C:\WINDOWS\System32\IMM32.DLL
0x00007fff78d30000 - 0x00007fff78dcd000 	D:\programming\jre\bin\msvcp140.dll
0x00007fff0f0b0000 - 0x00007fff0fb85000 	D:\programming\jre\bin\server\jvm.dll
0x00007fff88990000 - 0x00007fff88a3e000 	C:\WINDOWS\System32\ADVAPI32.dll
0x00007fff88400000 - 0x00007fff8849e000 	C:\WINDOWS\System32\sechost.dll
0x00007fff88280000 - 0x00007fff883a0000 	C:\WINDOWS\System32\RPCRT4.dll
0x00007fff8a0e0000 - 0x00007fff8a0e8000 	C:\WINDOWS\System32\PSAPI.DLL
0x00007fff83cc0000 - 0x00007fff83cc9000 	C:\WINDOWS\SYSTEM32\WSOCK32.dll
0x00007fff89a50000 - 0x00007fff89abf000 	C:\WINDOWS\System32\WS2_32.dll
0x00007fff82b50000 - 0x00007fff82b83000 	C:\WINDOWS\SYSTEM32\WINMM.dll
0x00007fff808d0000 - 0x00007fff808da000 	C:\WINDOWS\SYSTEM32\VERSION.dll
0x00007fff869d0000 - 0x00007fff869e8000 	C:\WINDOWS\SYSTEM32\kernel.appcore.dll
0x00007fff7ba20000 - 0x00007fff7ba31000 	D:\programming\jre\bin\verify.dll
0x00007fff85340000 - 0x00007fff85561000 	C:\WINDOWS\SYSTEM32\DBGHELP.DLL
0x00007fff7cdd0000 - 0x00007fff7ce01000 	C:\WINDOWS\SYSTEM32\dbgcore.DLL
0x00007fff879f0000 - 0x00007fff87a6f000 	C:\WINDOWS\System32\bcryptPrimitives.dll
0x00007fff7b820000 - 0x00007fff7b849000 	D:\programming\jre\bin\java.dll
0x00007fff7ba10000 - 0x00007fff7ba1b000 	D:\programming\jre\bin\jimage.dll
0x00007fff797e0000 - 0x00007fff797f8000 	D:\programming\jre\bin\zip.dll
0x00007fff88ac0000 - 0x00007fff8926f000 	C:\WINDOWS\System32\SHELL32.dll
0x00007fff85a40000 - 0x00007fff862a8000 	C:\WINDOWS\SYSTEM32\windows.storage.dll
0x00007fff89d60000 - 0x00007fff8a0d8000 	C:\WINDOWS\System32\combase.dll
0x00007fff858d0000 - 0x00007fff85a36000 	C:\WINDOWS\SYSTEM32\wintypes.dll
0x00007fff894f0000 - 0x00007fff895da000 	C:\WINDOWS\System32\SHCORE.dll
0x00007fff8a270000 - 0x00007fff8a2cd000 	C:\WINDOWS\System32\shlwapi.dll
0x00007fff87800000 - 0x00007fff87821000 	C:\WINDOWS\SYSTEM32\profapi.dll
0x00007fff797c0000 - 0x00007fff797da000 	D:\programming\jre\bin\net.dll
0x00007fff81610000 - 0x00007fff8171c000 	C:\WINDOWS\SYSTEM32\WINHTTP.dll
0x00007fff86e00000 - 0x00007fff86e67000 	C:\WINDOWS\system32\mswsock.dll
0x00007fff795b0000 - 0x00007fff795c4000 	D:\programming\jre\bin\nio.dll
0x00007fff673c0000 - 0x00007fff673e7000 	C:\Users\polin\.gradle\native\e1d6ef7f7dcc3fd88c89a11ec53ec762bb8ba0a96d01ffa2cd45eb1d1d8dd5c5\windows-amd64\native-platform.dll
0x00007fff6c9b0000 - 0x00007fff6caf4000 	C:\Users\polin\.gradle\native\5664cfc778a61ccfe75a443a1ab52a65af34e5dc3c78e0209fed803814484fcb\windows-amd64\native-platform-file-events.dll
0x00007fff77210000 - 0x00007fff7721a000 	D:\programming\jre\bin\management.dll
0x00007fff77200000 - 0x00007fff7720d000 	D:\programming\jre\bin\management_ext.dll
0x00007fff87050000 - 0x00007fff87068000 	C:\WINDOWS\SYSTEM32\CRYPTSP.dll
0x00007fff86930000 - 0x00007fff86965000 	C:\WINDOWS\system32\rsaenh.dll
0x00007fff86ef0000 - 0x00007fff86f19000 	C:\WINDOWS\SYSTEM32\USERENV.dll
0x00007fff871c0000 - 0x00007fff871e7000 	C:\WINDOWS\SYSTEM32\bcrypt.dll
0x00007fff87040000 - 0x00007fff8704c000 	C:\WINDOWS\SYSTEM32\CRYPTBASE.dll
0x00007fff86500000 - 0x00007fff8652d000 	C:\WINDOWS\SYSTEM32\IPHLPAPI.DLL
0x00007fff89d50000 - 0x00007fff89d59000 	C:\WINDOWS\System32\NSI.dll
0x00007fff81d20000 - 0x00007fff81d39000 	C:\WINDOWS\SYSTEM32\dhcpcsvc6.DLL
0x00007fff82a90000 - 0x00007fff82aae000 	C:\WINDOWS\SYSTEM32\dhcpcsvc.DLL
0x00007fff86530000 - 0x00007fff86618000 	C:\WINDOWS\SYSTEM32\DNSAPI.dll
0x00007fff84c40000 - 0x00007fff84c74000 	C:\WINDOWS\SYSTEM32\ntmarta.dll

dbghelp: loaded successfully - version: 4.0.5 - missing functions: none
symbol engine: initialized successfully - sym options: 0x614 - pdb path: .;D:\programming\jre\bin;C:\WINDOWS\SYSTEM32;C:\WINDOWS\WinSxS\amd64_microsoft.windows.common-controls_6595b64144ccf1df_6.0.22000.120_none_9d947278b86cc467;D:\programming\jre\bin\server;C:\Users\polin\.gradle\native\e1d6ef7f7dcc3fd88c89a11ec53ec762bb8ba0a96d01ffa2cd45eb1d1d8dd5c5\windows-amd64;C:\Users\polin\.gradle\native\5664cfc778a61ccfe75a443a1ab52a65af34e5dc3c78e0209fed803814484fcb\windows-amd64

VM Arguments:
jvm_args: --add-opens=java.base/java.util=ALL-UNNAMED --add-opens=java.base/java.lang=ALL-UNNAMED --add-opens=java.base/java.lang.invoke=ALL-UNNAMED --add-opens=java.base/java.util=ALL-UNNAMED --add-opens=java.prefs/java.util.prefs=ALL-UNNAMED --add-opens=java.prefs/java.util.prefs=ALL-UNNAMED --add-opens=java.base/java.nio.charset=ALL-UNNAMED --add-opens=java.base/java.net=ALL-UNNAMED --add-opens=java.base/java.util.concurrent.atomic=ALL-UNNAMED -Xmx2048m -Dfile.encoding=UTF-8 -Duser.country=RU -Duser.language=ru -Duser.variant 
java_command: org.gradle.launcher.daemon.bootstrap.GradleDaemon 7.2
java_class_path (initial): C:\Users\polin\.gradle\wrapper\dists\gradle-7.2-bin\2dnblmf4td7x66yl1d74lt32g\gradle-7.2\lib\gradle-launcher-7.2.jar
Launcher Type: SUN_STANDARD

[Global flags]
     intx CICompilerCount                          = 4                                         {product} {ergonomic}
     uint ConcGCThreads                            = 2                                         {product} {ergonomic}
     uint G1ConcRefinementThreads                  = 8                                         {product} {ergonomic}
   size_t G1HeapRegionSize                         = 1048576                                   {product} {ergonomic}
    uintx GCDrainStackTargetSize                   = 64                                        {product} {ergonomic}
   size_t InitialHeapSize                          = 117440512                                 {product} {ergonomic}
   size_t MarkStackSize                            = 4194304                                   {product} {ergonomic}
   size_t MaxHeapSize                              = 2147483648                                {product} {command line}
   size_t MaxNewSize                               = 1287651328                                {product} {ergonomic}
   size_t MinHeapDeltaBytes                        = 1048576                                   {product} {ergonomic}
    uintx NonNMethodCodeHeapSize                   = 5836300                                {pd product} {ergonomic}
    uintx NonProfiledCodeHeapSize                  = 122910970                              {pd product} {ergonomic}
    uintx ProfiledCodeHeapSize                     = 122910970                              {pd product} {ergonomic}
    uintx ReservedCodeCacheSize                    = 251658240                              {pd product} {ergonomic}
     bool SegmentedCodeCache                       = true                                      {product} {ergonomic}
     bool UseCompressedClassPointers               = true                                 {lp64_product} {ergonomic}
     bool UseCompressedOops                        = true                                 {lp64_product} {ergonomic}
     bool UseG1GC                                  = true                                      {product} {ergonomic}
     bool UseLargePagesIndividualAllocation        = false                                  {pd product} {ergonomic}

Logging:
Log output configuration:
 #0: stdout all=warning uptime,level,tags
 #1: stderr all=off uptime,level,tags

Environment Variables:
PATH=C:\Program Files\Common Files\Oracle\Java\javapath;C:\WINDOWS\system32;C:\WINDOWS;C:\WINDOWS\System32\Wbem;C:\WINDOWS\System32\WindowsPowerShell\v1.0\;C:\WINDOWS\System32\OpenSSH\;D:\Git\Git\cmd;C:\Program Files\MySQL\MySQL Shell 8.0\bin\;D:\Python310\Scripts\;D:\Python310\;C:\Users\polin\AppData\Local\Microsoft\WindowsApps;D:\Python\PyCharm Community Edition 2021.3.2\bin;;C:\Users\polin\AppData\Local\GitHubDesktop\bin;C:\src\flutter\bin;
USERNAME=polin
OS=Windows_NT
PROCESSOR_IDENTIFIER=AMD64 Family 23 Model 24 Stepping 1, AuthenticAMD



---------------  S Y S T E M  ---------------

OS: Windows 10 , 64 bit Build 22000 (10.0.22000.675)
OS uptime: 2 days 19:34 hours

CPU:total 8 (initial active 8) (8 cores per cpu, 2 threads per core) family 23 model 24 stepping 1 microcode 0x0, cmov, cx8, fxsr, mmx, sse, sse2, sse3, ssse3, sse4.1, sse4.2, popcnt, avx, avx2, aes, clmul, mmxext, 3dnowpref, lzcnt, sse4a, ht, tsc, tscinvbit, tscinv, bmi1, bmi2, adx, s

Memory: 4k page, system-wide physical 7103M (301M free)
TotalPageFile size 17353M (AvailPageFile size 3M)
current process WorkingSet (physical memory assigned to process): 598M, peak: 598M
current process commit charge ("private bytes"): 691M, peak: 691M

vm_info: OpenJDK 64-Bit Server VM (11.0.11+9-b60-7590822) for windows-amd64 JRE (11.0.11+9-b60-7590822), built on Jul 29 2021 21:43:44 by "builder" with MS VC++ 14.0 (VS2015)

END.
