#
# There is insufficient memory for the Java Runtime Environment to continue.
# Native memory allocation (mmap) failed to map 48234496 bytes for Failed to commit area from 0x000000008c300000 to 0x000000008f100000 of length 48234496.
# Possible reasons:
#   The system is out of physical RAM or swap space
#   The process is running with CompressedOops enabled, and the Java Heap may be blocking the growth of the native heap
# Possible solutions:
#   Reduce memory load on the system
#   Increase physical memory or swap space
#   Check if swap backing store is full
#   Decrease Java heap size (-Xmx/-Xms)
#   Decrease number of Java threads
#   Decrease Java thread stack sizes (-Xss)
#   Set larger code cache with -XX:ReservedCodeCacheSize=
#   JVM is running with Unscaled Compressed Oops mode in which the Java heap is
#     placed in the first 4GB address space. The Java Heap base address is the
#     maximum limit for the native heap growth. Please use -XX:HeapBaseMinAddress
#     to set the Java Heap base and to place the Java Heap above 4GB virtual address.
# This output file may be truncated or incomplete.
#
#  Out of Memory Error (./src/hotspot/os/windows/os_windows.cpp:3301), pid=6324, tid=7188
#
# JRE version: OpenJDK Runtime Environment (11.0.11+9) (build 11.0.11+9-b60-7590822)
# Java VM: OpenJDK 64-Bit Server VM (11.0.11+9-b60-7590822, mixed mode, tiered, compressed oops, g1 gc, windows-amd64)
# No core dump will be written. Minidumps are not enabled by default on client versions of Windows
#

---------------  S U M M A R Y ------------

Command Line: --add-opens=java.base/java.util=ALL-UNNAMED --add-opens=java.base/java.lang=ALL-UNNAMED --add-opens=java.base/java.lang.invoke=ALL-UNNAMED --add-opens=java.base/java.util=ALL-UNNAMED --add-opens=java.prefs/java.util.prefs=ALL-UNNAMED --add-opens=java.prefs/java.util.prefs=ALL-UNNAMED --add-opens=java.base/java.nio.charset=ALL-UNNAMED --add-opens=java.base/java.net=ALL-UNNAMED --add-opens=java.base/java.util.concurrent.atomic=ALL-UNNAMED -Xmx2048m -Dfile.encoding=UTF-8 -Duser.country=RU -Duser.language=ru -Duser.variant org.gradle.launcher.daemon.bootstrap.GradleDaemon 7.2

Host: AMD Ryzen 5 3500U with Radeon Vega Mobile Gfx  , 8 cores, 6G,  Windows 10 , 64 bit Build 22000 (10.0.22000.675)
Time: Tue May 17 14:06:33 2022 RTZ 2 (зима) elapsed time: 18.409831 seconds (0d 0h 0m 18s)

---------------  T H R E A D  ---------------

Current thread (0x00000295ff73a000):  VMThread "VM Thread" [stack: 0x000000f722e00000,0x000000f722f00000] [id=7188]

Stack: [0x000000f722e00000,0x000000f722f00000]
[error occurred during error reporting (printing stack bounds), id 0xc0000005, EXCEPTION_ACCESS_VIOLATION (0xc0000005) at pc=0x00000295eede0f2d]

Native frames: (J=compiled Java code, j=interpreted, Vv=VM code, C=native code)
V  [jvm.dll+0x5f214a]
V  [jvm.dll+0x726fb5]
V  [jvm.dll+0x7285cd]
V  [jvm.dll+0x728be5]
V  [jvm.dll+0x728b9b]
V  [jvm.dll+0x5f14e8]
V  [jvm.dll+0x5f1c78]
C  [ntdll.dll+0xa8e4f]
C  [ntdll.dll+0x35e9a]
C  [ntdll.dll+0xa7e5e]
C  0x00000295eede0f2d

VM_Operation (0x000000f729ef8e10): G1CollectForAllocation, mode: safepoint, requested by thread 0x0000029589874800


---------------  P R O C E S S  ---------------

Threads class SMR info:
_java_thread_list=0x000002958c1e8280, length=135, elements={
0x00000295eb2dc800, 0x00000295ff73f000, 0x00000295ff742800, 0x00000295ff75d800,
0x00000295ff761800, 0x00000295ff762800, 0x00000295ff765800, 0x00000295ff768000,
0x00000295ff76b000, 0x00000295862a7000, 0x0000029588406800, 0x000002958650d800,
0x0000029586553000, 0x0000029587bbf000, 0x0000029588acf000, 0x000002958831c800,
0x0000029588733000, 0x0000029587043800, 0x00000295896b9000, 0x00000295879c6000,
0x00000295879c8800, 0x00000295879cc800, 0x00000295879c9800, 0x0000029589b7e800,
0x00000295879ca000, 0x00000295879c7000, 0x00000295879c7800, 0x00000295879cb000,
0x00000295879cc000, 0x0000029589ef9000, 0x0000029589efa800, 0x0000029589efb800,
0x0000029589eff800, 0x0000029589f00800, 0x0000029589f01000, 0x0000029589f02000,
0x0000029589efc000, 0x0000029589efe000, 0x0000029589f05000, 0x0000029589f02800,
0x0000029589f03800, 0x0000029589f04800, 0x0000029589f06000, 0x00000295870fc000,
0x00000295870f9800, 0x00000295870f6800, 0x00000295870fb800, 0x00000295870fd000,
0x00000295870fa800, 0x00000295870f9000, 0x00000295870f7000, 0x00000295870fe000,
0x00000295870f8000, 0x00000295870fe800, 0x0000029587103800, 0x00000295870ff800,
0x0000029587102800, 0x0000029587102000, 0x0000029587104800, 0x0000029587101000,
0x0000029587105000, 0x0000029587100000, 0x000002958b9f7800, 0x000002958b9f4000,
0x000002958b9f9000, 0x000002958b9f6000, 0x000002958b9fa000, 0x000002958b9f8000,
0x000002958b9fa800, 0x000002958b9f6800, 0x000002958b9f5000, 0x000002958b9fe000,
0x000002958ba00800, 0x000002958b9ff000, 0x000002958ba01000, 0x000002958b9fc800,
0x000002958b9fb800, 0x000002958b9ff800, 0x000002958ba02000, 0x000002958ba03000,
0x000002958b9fd000, 0x00000295897d5000, 0x00000295897d7800, 0x00000295897d8000,
0x00000295897d4000, 0x00000295897d6800, 0x00000295897d9000, 0x00000295897d5800,
0x00000295897d3000, 0x00000295897de800, 0x00000295897df800, 0x00000295897d9800,
0x00000295897da800, 0x00000295897dc000, 0x00000295897de000, 0x00000295897dd000,
0x00000295897e0800, 0x00000295897e1000, 0x00000295897db800, 0x00000295897e2000,
0x0000029589876800, 0x000002958987a000, 0x0000029589876000, 0x0000029589874800,
0x0000029589879000, 0x0000029589877800, 0x000002958987b000, 0x0000029589878800,
0x0000029589875000, 0x000002958987c800, 0x0000029589881800, 0x000002958987f000,
0x000002958987e000, 0x000002958987d000, 0x000002958987b800, 0x000002958987f800,
0x0000029589880800, 0x0000029589882000, 0x0000029589883000, 0x000002958c28d000,
0x000002958c28b000, 0x000002958c290000, 0x000002958c291800, 0x000002958c28d800,
0x000002958c28f800, 0x000002958c291000, 0x000002958c28c000, 0x000002958c292800,
0x000002958c299000, 0x000002958c296000, 0x000002958c295000, 0x000002958c298000,
0x000002958c293800, 0x000002958c29a000, 0x000002958c297800
}

Java Threads: ( => current thread )
  0x00000295eb2dc800 JavaThread "main" [_thread_blocked, id=16996, stack(0x000000f722800000,0x000000f722900000)]
  0x00000295ff73f000 JavaThread "Reference Handler" daemon [_thread_blocked, id=5656, stack(0x000000f722f00000,0x000000f723000000)]
  0x00000295ff742800 JavaThread "Finalizer" daemon [_thread_blocked, id=18552, stack(0x000000f723000000,0x000000f723100000)]
  0x00000295ff75d800 JavaThread "Signal Dispatcher" daemon [_thread_blocked, id=18652, stack(0x000000f723100000,0x000000f723200000)]
  0x00000295ff761800 JavaThread "Attach Listener" daemon [_thread_blocked, id=16588, stack(0x000000f723200000,0x000000f723300000)]
  0x00000295ff762800 JavaThread "Service Thread" daemon [_thread_blocked, id=5852, stack(0x000000f723300000,0x000000f723400000)]
  0x00000295ff765800 JavaThread "C2 CompilerThread0" daemon [_thread_blocked, id=12368, stack(0x000000f723400000,0x000000f723500000)]
  0x00000295ff768000 JavaThread "C1 CompilerThread0" daemon [_thread_blocked, id=17908, stack(0x000000f723500000,0x000000f723600000)]
  0x00000295ff76b000 JavaThread "Sweeper thread" daemon [_thread_blocked, id=17604, stack(0x000000f723600000,0x000000f723700000)]
  0x00000295862a7000 JavaThread "Common-Cleaner" daemon [_thread_blocked, id=6632, stack(0x000000f723700000,0x000000f723800000)]
  0x0000029588406800 JavaThread "Daemon health stats" [_thread_blocked, id=6320, stack(0x000000f723c00000,0x000000f723d00000)]
  0x000002958650d800 JavaThread "Incoming local TCP Connector on port 55025" [_thread_in_native, id=9372, stack(0x000000f723900000,0x000000f723a00000)]
  0x0000029586553000 JavaThread "Daemon periodic checks" [_thread_blocked, id=2988, stack(0x000000f723a00000,0x000000f723b00000)]
  0x0000029587bbf000 JavaThread "Daemon" [_thread_blocked, id=18268, stack(0x000000f723d00000,0x000000f723e00000)]
  0x0000029588acf000 JavaThread "Handler for socket connection from /127.0.0.1:55025 to /127.0.0.1:55026" [_thread_in_native, id=3832, stack(0x000000f723e00000,0x000000f723f00000)]
  0x000002958831c800 JavaThread "Cancel handler" [_thread_blocked, id=12248, stack(0x000000f723f00000,0x000000f724000000)]
  0x0000029588733000 JavaThread "Daemon worker" [_thread_blocked, id=10756, stack(0x000000f724000000,0x000000f724100000)]
  0x0000029587043800 JavaThread "Asynchronous log dispatcher for DefaultDaemonConnection: socket connection from /127.0.0.1:55025 to /127.0.0.1:55026" [_thread_blocked, id=12544, stack(0x000000f724100000,0x000000f724200000)]
  0x00000295896b9000 JavaThread "Stdin handler" [_thread_blocked, id=9872, stack(0x000000f724200000,0x000000f724300000)]
  0x00000295879c6000 JavaThread "Daemon client event forwarder" [_thread_blocked, id=13548, stack(0x000000f724900000,0x000000f724a00000)]
  0x00000295879c8800 JavaThread "Cache worker for journal cache (C:\Users\polin\.gradle\caches\journal-1)" [_thread_blocked, id=14112, stack(0x000000f724a00000,0x000000f724b00000)]
  0x00000295879cc800 JavaThread "File lock request listener" [_thread_in_native, id=10032, stack(0x000000f724b00000,0x000000f724c00000)]
  0x00000295879c9800 JavaThread "Cache worker for file hash cache (C:\Users\polin\.gradle\caches\7.2\fileHashes)" [_thread_blocked, id=1140, stack(0x000000f724c00000,0x000000f724d00000)]
  0x0000029589b7e800 JavaThread "C2 CompilerThread1" daemon [_thread_in_native, id=8672, stack(0x000000f724e00000,0x000000f724f00000)]
  0x00000295879ca000 JavaThread "Cache worker for file hash cache (D:\all_projects\mirea\mobilki\pr11\.gradle\7.2\fileHashes)" [_thread_blocked, id=12016, stack(0x000000f724f00000,0x000000f725000000)]
  0x00000295879c7000 JavaThread "File watcher server" daemon [_thread_blocked, id=17060, stack(0x000000f725000000,0x000000f725100000)]
  0x00000295879c7800 JavaThread "File watcher consumer" daemon [_thread_blocked, id=14232, stack(0x000000f725100000,0x000000f725200000)]
  0x00000295879cb000 JavaThread "Cache worker for checksums cache (D:\all_projects\mirea\mobilki\pr11\.gradle\checksums)" [_thread_blocked, id=8620, stack(0x000000f725200000,0x000000f725300000)]
  0x00000295879cc000 JavaThread "Cache worker for cache directory md-supplier (C:\Users\polin\.gradle\caches\7.2\md-supplier)" [_thread_blocked, id=17596, stack(0x000000f725300000,0x000000f725400000)]
  0x0000029589ef9000 JavaThread "Cache worker for cache directory md-rule (C:\Users\polin\.gradle\caches\7.2\md-rule)" [_thread_blocked, id=18180, stack(0x000000f725400000,0x000000f725500000)]
  0x0000029589efa800 JavaThread "Cache worker for execution history cache (C:\Users\polin\.gradle\caches\7.2\executionHistory)" [_thread_blocked, id=12912, stack(0x000000f725500000,0x000000f725600000)]
  0x0000029589efb800 JavaThread "jar transforms" [_thread_blocked, id=1548, stack(0x000000f725600000,0x000000f725700000)]
  0x0000029589eff800 JavaThread "Cache worker for file content cache (C:\Users\polin\.gradle\caches\7.2\fileContent)" [_thread_blocked, id=4084, stack(0x000000f725700000,0x000000f725800000)]
  0x0000029589f00800 JavaThread "jar transforms Thread 2" [_thread_blocked, id=6944, stack(0x000000f725800000,0x000000f725900000)]
  0x0000029589f01000 JavaThread "Cache worker for dependencies-accessors (D:\all_projects\mirea\mobilki\pr11\.gradle\7.2\dependencies-accessors)" [_thread_blocked, id=18764, stack(0x000000f725900000,0x000000f725a00000)]
  0x0000029589f02000 JavaThread "jar transforms Thread 3" [_thread_blocked, id=18776, stack(0x000000f725a00000,0x000000f725b00000)]
  0x0000029589efc000 JavaThread "Cache worker for Build Output Cleanup Cache (D:\all_projects\mirea\mobilki\pr11\.gradle\buildOutputCleanup)" [_thread_blocked, id=18664, stack(0x000000f725b00000,0x000000f725c00000)]
  0x0000029589efe000 JavaThread "Unconstrained build operations" [_thread_blocked, id=12600, stack(0x000000f725c00000,0x000000f725d00000)]
  0x0000029589f05000 JavaThread "Unconstrained build operations Thread 2" [_thread_blocked, id=13352, stack(0x000000f725d00000,0x000000f725e00000)]
  0x0000029589f02800 JavaThread "Unconstrained build operations Thread 3" [_thread_blocked, id=15656, stack(0x000000f725e00000,0x000000f725f00000)]
  0x0000029589f03800 JavaThread "Unconstrained build operations Thread 4" [_thread_blocked, id=18668, stack(0x000000f725f00000,0x000000f726000000)]
  0x0000029589f04800 JavaThread "Unconstrained build operations Thread 5" [_thread_blocked, id=6952, stack(0x000000f726000000,0x000000f726100000)]
  0x0000029589f06000 JavaThread "Unconstrained build operations Thread 6" [_thread_blocked, id=7312, stack(0x000000f726100000,0x000000f726200000)]
  0x00000295870fc000 JavaThread "Unconstrained build operations Thread 7" [_thread_blocked, id=7844, stack(0x000000f726200000,0x000000f726300000)]
  0x00000295870f9800 JavaThread "Unconstrained build operations Thread 8" [_thread_blocked, id=12836, stack(0x000000f726300000,0x000000f726400000)]
  0x00000295870f6800 JavaThread "Unconstrained build operations Thread 9" [_thread_blocked, id=14604, stack(0x000000f726400000,0x000000f726500000)]
  0x00000295870fb800 JavaThread "Unconstrained build operations Thread 10" [_thread_blocked, id=19100, stack(0x000000f726500000,0x000000f726600000)]
  0x00000295870fd000 JavaThread "Unconstrained build operations Thread 11" [_thread_blocked, id=5356, stack(0x000000f726600000,0x000000f726700000)]
  0x00000295870fa800 JavaThread "Unconstrained build operations Thread 12" [_thread_blocked, id=4020, stack(0x000000f726700000,0x000000f726800000)]
  0x00000295870f9000 JavaThread "Unconstrained build operations Thread 13" [_thread_blocked, id=16776, stack(0x000000f726800000,0x000000f726900000)]
  0x00000295870f7000 JavaThread "Unconstrained build operations Thread 14" [_thread_blocked, id=13192, stack(0x000000f726900000,0x000000f726a00000)]
  0x00000295870fe000 JavaThread "Unconstrained build operations Thread 15" [_thread_blocked, id=19052, stack(0x000000f726a00000,0x000000f726b00000)]
  0x00000295870f8000 JavaThread "Unconstrained build operations Thread 16" [_thread_blocked, id=1740, stack(0x000000f726b00000,0x000000f726c00000)]
  0x00000295870fe800 JavaThread "Unconstrained build operations Thread 17" [_thread_blocked, id=5888, stack(0x000000f726c00000,0x000000f726d00000)]
  0x0000029587103800 JavaThread "Unconstrained build operations Thread 18" [_thread_blocked, id=17764, stack(0x000000f726d00000,0x000000f726e00000)]
  0x00000295870ff800 JavaThread "Unconstrained build operations Thread 19" [_thread_blocked, id=9064, stack(0x000000f726e00000,0x000000f726f00000)]
  0x0000029587102800 JavaThread "Unconstrained build operations Thread 20" [_thread_blocked, id=14720, stack(0x000000f726f00000,0x000000f727000000)]
  0x0000029587102000 JavaThread "Unconstrained build operations Thread 21" [_thread_blocked, id=8792, stack(0x000000f727000000,0x000000f727100000)]
  0x0000029587104800 JavaThread "Unconstrained build operations Thread 22" [_thread_blocked, id=10292, stack(0x000000f727100000,0x000000f727200000)]
  0x0000029587101000 JavaThread "Unconstrained build operations Thread 23" [_thread_blocked, id=17156, stack(0x000000f727200000,0x000000f727300000)]
  0x0000029587105000 JavaThread "Unconstrained build operations Thread 24" [_thread_blocked, id=2356, stack(0x000000f727300000,0x000000f727400000)]
  0x0000029587100000 JavaThread "Unconstrained build operations Thread 25" [_thread_blocked, id=17816, stack(0x000000f727400000,0x000000f727500000)]
  0x000002958b9f7800 JavaThread "Unconstrained build operations Thread 26" [_thread_blocked, id=8528, stack(0x000000f727500000,0x000000f727600000)]
  0x000002958b9f4000 JavaThread "Unconstrained build operations Thread 27" [_thread_blocked, id=14532, stack(0x000000f727600000,0x000000f727700000)]
  0x000002958b9f9000 JavaThread "Unconstrained build operations Thread 28" [_thread_blocked, id=2948, stack(0x000000f727700000,0x000000f727800000)]
  0x000002958b9f6000 JavaThread "Unconstrained build operations Thread 29" [_thread_blocked, id=3244, stack(0x000000f727800000,0x000000f727900000)]
  0x000002958b9fa000 JavaThread "Unconstrained build operations Thread 30" [_thread_blocked, id=5700, stack(0x000000f727900000,0x000000f727a00000)]
  0x000002958b9f8000 JavaThread "Unconstrained build operations Thread 31" [_thread_blocked, id=13776, stack(0x000000f727a00000,0x000000f727b00000)]
  0x000002958b9fa800 JavaThread "Unconstrained build operations Thread 32" [_thread_blocked, id=15356, stack(0x000000f727b00000,0x000000f727c00000)]
  0x000002958b9f6800 JavaThread "Unconstrained build operations Thread 33" [_thread_blocked, id=7200, stack(0x000000f727c00000,0x000000f727d00000)]
  0x000002958b9f5000 JavaThread "Unconstrained build operations Thread 34" [_thread_blocked, id=4088, stack(0x000000f727d00000,0x000000f727e00000)]
  0x000002958b9fe000 JavaThread "Unconstrained build operations Thread 35" [_thread_blocked, id=19428, stack(0x000000f727e00000,0x000000f727f00000)]
  0x000002958ba00800 JavaThread "Unconstrained build operations Thread 36" [_thread_blocked, id=7664, stack(0x000000f727f00000,0x000000f728000000)]
  0x000002958b9ff000 JavaThread "Unconstrained build operations Thread 37" [_thread_blocked, id=14428, stack(0x000000f728000000,0x000000f728100000)]
  0x000002958ba01000 JavaThread "Unconstrained build operations Thread 38" [_thread_blocked, id=1944, stack(0x000000f728100000,0x000000f728200000)]
  0x000002958b9fc800 JavaThread "Unconstrained build operations Thread 39" [_thread_blocked, id=14248, stack(0x000000f728200000,0x000000f728300000)]
  0x000002958b9fb800 JavaThread "Unconstrained build operations Thread 40" [_thread_blocked, id=11024, stack(0x000000f728300000,0x000000f728400000)]
  0x000002958b9ff800 JavaThread "Unconstrained build operations Thread 41" [_thread_blocked, id=19272, stack(0x000000f728400000,0x000000f728500000)]
  0x000002958ba02000 JavaThread "Unconstrained build operations Thread 42" [_thread_blocked, id=15180, stack(0x000000f728500000,0x000000f728600000)]
  0x000002958ba03000 JavaThread "Unconstrained build operations Thread 43" [_thread_blocked, id=2276, stack(0x000000f728600000,0x000000f728700000)]
  0x000002958b9fd000 JavaThread "Unconstrained build operations Thread 44" [_thread_blocked, id=17984, stack(0x000000f728700000,0x000000f728800000)]
  0x00000295897d5000 JavaThread "Unconstrained build operations Thread 45" [_thread_blocked, id=12380, stack(0x000000f728800000,0x000000f728900000)]
  0x00000295897d7800 JavaThread "Unconstrained build operations Thread 46" [_thread_blocked, id=15400, stack(0x000000f728900000,0x000000f728a00000)]
  0x00000295897d8000 JavaThread "Unconstrained build operations Thread 47" [_thread_blocked, id=6156, stack(0x000000f728a00000,0x000000f728b00000)]
  0x00000295897d4000 JavaThread "Unconstrained build operations Thread 48" [_thread_blocked, id=12360, stack(0x000000f728b00000,0x000000f728c00000)]
  0x00000295897d6800 JavaThread "Unconstrained build operations Thread 49" [_thread_blocked, id=5680, stack(0x000000f728c00000,0x000000f728d00000)]
  0x00000295897d9000 JavaThread "Unconstrained build operations Thread 50" [_thread_blocked, id=15720, stack(0x000000f728d00000,0x000000f728e00000)]
  0x00000295897d5800 JavaThread "Unconstrained build operations Thread 51" [_thread_blocked, id=9556, stack(0x000000f728e00000,0x000000f728f00000)]
  0x00000295897d3000 JavaThread "Unconstrained build operations Thread 52" [_thread_blocked, id=7524, stack(0x000000f728f00000,0x000000f729000000)]
  0x00000295897de800 JavaThread "Unconstrained build operations Thread 53" [_thread_blocked, id=13960, stack(0x000000f729000000,0x000000f729100000)]
  0x00000295897df800 JavaThread "Unconstrained build operations Thread 54" [_thread_blocked, id=13024, stack(0x000000f729100000,0x000000f729200000)]
  0x00000295897d9800 JavaThread "Unconstrained build operations Thread 55" [_thread_blocked, id=15772, stack(0x000000f729200000,0x000000f729300000)]
  0x00000295897da800 JavaThread "Unconstrained build operations Thread 56" [_thread_blocked, id=11808, stack(0x000000f729300000,0x000000f729400000)]
  0x00000295897dc000 JavaThread "Unconstrained build operations Thread 57" [_thread_blocked, id=4704, stack(0x000000f729400000,0x000000f729500000)]
  0x00000295897de000 JavaThread "Unconstrained build operations Thread 58" [_thread_blocked, id=19016, stack(0x000000f729500000,0x000000f729600000)]
  0x00000295897dd000 JavaThread "Unconstrained build operations Thread 59" [_thread_blocked, id=17512, stack(0x000000f729600000,0x000000f729700000)]
  0x00000295897e0800 JavaThread "Unconstrained build operations Thread 60" [_thread_blocked, id=12392, stack(0x000000f729700000,0x000000f729800000)]
  0x00000295897e1000 JavaThread "Unconstrained build operations Thread 61" [_thread_blocked, id=3912, stack(0x000000f729800000,0x000000f729900000)]
  0x00000295897db800 JavaThread "Unconstrained build operations Thread 62" [_thread_blocked, id=14276, stack(0x000000f729900000,0x000000f729a00000)]
  0x00000295897e2000 JavaThread "Unconstrained build operations Thread 63" [_thread_blocked, id=7324, stack(0x000000f729a00000,0x000000f729b00000)]
  0x0000029589876800 JavaThread "Unconstrained build operations Thread 64" [_thread_blocked, id=6628, stack(0x000000f729b00000,0x000000f729c00000)]
  0x000002958987a000 JavaThread "Unconstrained build operations Thread 65" [_thread_blocked, id=12636, stack(0x000000f729c00000,0x000000f729d00000)]
  0x0000029589876000 JavaThread "Unconstrained build operations Thread 66" [_thread_blocked, id=15332, stack(0x000000f729d00000,0x000000f729e00000)]
  0x0000029589874800 JavaThread "Unconstrained build operations Thread 67" [_thread_blocked, id=19136, stack(0x000000f729e00000,0x000000f729f00000)]
  0x0000029589879000 JavaThread "Unconstrained build operations Thread 68" [_thread_blocked, id=2264, stack(0x000000f729f00000,0x000000f72a000000)]
  0x0000029589877800 JavaThread "Unconstrained build operations Thread 69" [_thread_blocked, id=4220, stack(0x000000f72a000000,0x000000f72a100000)]
  0x000002958987b000 JavaThread "Unconstrained build operations Thread 70" [_thread_blocked, id=14080, stack(0x000000f72a100000,0x000000f72a200000)]
  0x0000029589878800 JavaThread "Unconstrained build operations Thread 71" [_thread_blocked, id=11256, stack(0x000000f72a200000,0x000000f72a300000)]
  0x0000029589875000 JavaThread "Unconstrained build operations Thread 72" [_thread_blocked, id=18532, stack(0x000000f72a300000,0x000000f72a400000)]
  0x000002958987c800 JavaThread "Unconstrained build operations Thread 73" [_thread_blocked, id=18132, stack(0x000000f72a400000,0x000000f72a500000)]
  0x0000029589881800 JavaThread "Unconstrained build operations Thread 74" [_thread_blocked, id=16684, stack(0x000000f72a500000,0x000000f72a600000)]
  0x000002958987f000 JavaThread "Unconstrained build operations Thread 75" [_thread_blocked, id=11800, stack(0x000000f72a600000,0x000000f72a700000)]
  0x000002958987e000 JavaThread "Unconstrained build operations Thread 76" [_thread_blocked, id=16328, stack(0x000000f72a700000,0x000000f72a800000)]
  0x000002958987d000 JavaThread "Unconstrained build operations Thread 77" [_thread_blocked, id=3876, stack(0x000000f72a800000,0x000000f72a900000)]
  0x000002958987b800 JavaThread "Unconstrained build operations Thread 78" [_thread_blocked, id=18008, stack(0x000000f72a900000,0x000000f72aa00000)]
  0x000002958987f800 JavaThread "Unconstrained build operations Thread 79" [_thread_blocked, id=14836, stack(0x000000f72aa00000,0x000000f72ab00000)]
  0x0000029589880800 JavaThread "Unconstrained build operations Thread 80" [_thread_blocked, id=8540, stack(0x000000f72ab00000,0x000000f72ac00000)]
  0x0000029589882000 JavaThread "jar transforms Thread 4" [_thread_blocked, id=17640, stack(0x000000f72ac00000,0x000000f72ad00000)]
  0x0000029589883000 JavaThread "jar transforms Thread 5" [_thread_blocked, id=10804, stack(0x000000f72ad00000,0x000000f72ae00000)]
  0x000002958c28d000 JavaThread "jar transforms Thread 6" [_thread_blocked, id=7752, stack(0x000000f72ae00000,0x000000f72af00000)]
  0x000002958c28b000 JavaThread "jar transforms Thread 7" [_thread_blocked, id=9084, stack(0x000000f72af00000,0x000000f72b000000)]
  0x000002958c290000 JavaThread "jar transforms Thread 8" [_thread_blocked, id=15492, stack(0x000000f72b000000,0x000000f72b100000)]
  0x000002958c291800 JavaThread "Memory manager" [_thread_blocked, id=18864, stack(0x000000f72b100000,0x000000f72b200000)]
  0x000002958c28d800 JavaThread "build event listener" [_thread_blocked, id=14672, stack(0x000000f72b200000,0x000000f72b300000)]
  0x000002958c28f800 JavaThread "pool-3-thread-1" [_thread_blocked, id=15864, stack(0x000000f72b300000,0x000000f72b400000)]
  0x000002958c291000 JavaThread "build event listener" [_thread_blocked, id=15676, stack(0x000000f72b400000,0x000000f72b500000)]
  0x000002958c28c000 JavaThread "Execution worker for ':'" [_thread_blocked, id=17380, stack(0x000000f72b500000,0x000000f72b600000)]
  0x000002958c292800 JavaThread "Execution worker for ':' Thread 2" [_thread_blocked, id=7968, stack(0x000000f72b600000,0x000000f72b700000)]
  0x000002958c299000 JavaThread "Execution worker for ':' Thread 3" [_thread_blocked, id=14468, stack(0x000000f72b700000,0x000000f72b800000)]
  0x000002958c296000 JavaThread "Execution worker for ':' Thread 4" [_thread_blocked, id=1540, stack(0x000000f72b800000,0x000000f72b900000)]
  0x000002958c295000 JavaThread "Execution worker for ':' Thread 5" [_thread_blocked, id=6308, stack(0x000000f72b900000,0x000000f72ba00000)]
  0x000002958c298000 JavaThread "Execution worker for ':' Thread 6" [_thread_blocked, id=15268, stack(0x000000f72ba00000,0x000000f72bb00000)]
  0x000002958c293800 JavaThread "Execution worker for ':' Thread 7" [_thread_blocked, id=15264, stack(0x000000f72bb00000,0x000000f72bc00000)]
  0x000002958c29a000 JavaThread "Cache worker for execution history cache (D:\all_projects\mirea\mobilki\pr11\.gradle\7.2\executionHistory)" [_thread_blocked, id=8924, stack(0x000000f72bc00000,0x000000f72bd00000)]
  0x000002958c297800 JavaThread "WorkerExecutor Queue" [_thread_blocked, id=6248, stack(0x000000f72bd00000,0x000000f72be00000)]

Other Threads:
=>0x00000295ff73a000 VMThread "VM Thread" [stack: 0x000000f722e00000,0x000000f722f00000] [id=7188]
  0x00000295862b6000 WatcherThread [stack: 0x000000f723800000,0x000000f723900000] [id=13168]
  0x00000295eb2f9000 GCTaskThread "GC Thread#0" [stack: 0x000000f722900000,0x000000f722a00000] [id=18168]
  0x0000029587407800 GCTaskThread "GC Thread#1" [stack: 0x000000f723b00000,0x000000f723c00000] [id=7336]
  0x00000295896ba000 GCTaskThread "GC Thread#2" [stack: 0x000000f724300000,0x000000f724400000] [id=17384]
  0x0000029587a6a800 GCTaskThread "GC Thread#3" [stack: 0x000000f724400000,0x000000f724500000] [id=15020]
  0x0000029587a6b800 GCTaskThread "GC Thread#4" [stack: 0x000000f724500000,0x000000f724600000] [id=12624]
  0x0000029588925000 GCTaskThread "GC Thread#5" [stack: 0x000000f724600000,0x000000f724700000] [id=7220]
  0x0000029588926000 GCTaskThread "GC Thread#6" [stack: 0x000000f724700000,0x000000f724800000] [id=13488]
  0x0000029588928000 GCTaskThread "GC Thread#7" [stack: 0x000000f724800000,0x000000f724900000] [id=8312]
  0x00000295eb32c000 ConcurrentGCThread "G1 Main Marker" [stack: 0x000000f722a00000,0x000000f722b00000] [id=16428]
  0x00000295eb32d000 ConcurrentGCThread "G1 Conc#0" [stack: 0x000000f722b00000,0x000000f722c00000] [id=2128]
  0x0000029588929000 ConcurrentGCThread "G1 Conc#1" [stack: 0x000000f724d00000,0x000000f724e00000] [id=288]
  0x00000295eb3bd000 ConcurrentGCThread "G1 Refine#0" [stack: 0x000000f722c00000,0x000000f722d00000] [id=7984]
  0x00000295951d0000 ConcurrentGCThread "G1 Refine#1" [stack: 0x000000f72be00000,0x000000f72bf00000] [id=876]
  0x00000295eb3be000 ConcurrentGCThread "G1 Young RemSet Sampling" [stack: 0x000000f722d00000,0x000000f722e00000] [id=13332]

Threads with active compile tasks:
C2 CompilerThread0  18432 10734       4       com.android.tools.r8.graph.h2::<init> (230 bytes)
C1 CompilerThread0  18432 10934       2       com.android.tools.r8.internal.jF0::<init> (37 bytes)
C2 CompilerThread1  18433 10652       4       com.android.tools.r8.internal.LY0::c (177 bytes)

VM state:at safepoint (normal execution)

VM Mutex/Monitor currently owned by a thread:  ([mutex/lock_event])
[0x00000295eb2d93d0] Threads_lock - owner thread: 0x00000295ff73a000
[0x00000295eb2da0c0] Heap_lock - owner thread: 0x0000029589874800

Heap address: 0x0000000080000000, size: 2048 MB, Compressed Oops mode: 32-bit
Narrow klass base: 0x0000000000000000, Narrow klass shift: 3
Compressed class space size: 1073741824 Address: 0x0000000100000000

Heap:
 garbage-first heap   total 246784K, used 134408K [0x0000000080000000, 0x0000000100000000)
  region size 1024K, 5 young (5120K), 5 survivors (5120K)
 Metaspace       used 93174K, capacity 95556K, committed 95780K, reserved 1132544K
  class space    used 12064K, capacity 12962K, committed 13056K, reserved 1048576K
Heap Regions: E=young(eden), S=young(survivor), O=old, HS=humongous(starts), HC=humongous(continues), CS=collection set, F=free, A=archive, TAMS=top-at-mark-start (previous, next)
|   0|0x0000000080000000, 0x0000000080100000, 0x0000000080100000|100%| O|  |TAMS 0x0000000080100000, 0x0000000080000000| Untracked 
|   1|0x0000000080100000, 0x0000000080200000, 0x0000000080200000|100%| O|  |TAMS 0x0000000080200000, 0x0000000080100000| Untracked 
|   2|0x0000000080200000, 0x0000000080300000, 0x0000000080300000|100%| O|  |TAMS 0x0000000080300000, 0x0000000080200000| Untracked 
|   3|0x0000000080300000, 0x0000000080400000, 0x0000000080400000|100%|HS|  |TAMS 0x0000000080400000, 0x0000000080300000| Complete 
|   4|0x0000000080400000, 0x0000000080500000, 0x0000000080500000|100%|HC|  |TAMS 0x0000000080500000, 0x0000000080400000| Complete 
|   5|0x0000000080500000, 0x0000000080600000, 0x0000000080600000|100%|HC|  |TAMS 0x0000000080600000, 0x0000000080500000| Complete 
|   6|0x0000000080600000, 0x0000000080700000, 0x0000000080700000|100%| O|  |TAMS 0x0000000080700000, 0x0000000080600000| Untracked 
|   7|0x0000000080700000, 0x0000000080800000, 0x0000000080800000|100%| O|  |TAMS 0x0000000080800000, 0x0000000080700000| Untracked 
|   8|0x0000000080800000, 0x0000000080900000, 0x0000000080900000|100%| O|  |TAMS 0x0000000080900000, 0x0000000080800000| Untracked 
|   9|0x0000000080900000, 0x0000000080a00000, 0x0000000080a00000|100%| O|  |TAMS 0x0000000080a00000, 0x0000000080900000| Untracked 
|  10|0x0000000080a00000, 0x0000000080b00000, 0x0000000080b00000|100%| O|  |TAMS 0x0000000080b00000, 0x0000000080a00000| Untracked 
|  11|0x0000000080b00000, 0x0000000080c00000, 0x0000000080c00000|100%| O|  |TAMS 0x0000000080c00000, 0x0000000080b00000| Untracked 
|  12|0x0000000080c00000, 0x0000000080d00000, 0x0000000080d00000|100%| O|  |TAMS 0x0000000080d00000, 0x0000000080c00000| Untracked 
|  13|0x0000000080d00000, 0x0000000080e00000, 0x0000000080e00000|100%| O|  |TAMS 0x0000000080e00000, 0x0000000080d00000| Untracked 
|  14|0x0000000080e00000, 0x0000000080f00000, 0x0000000080f00000|100%| O|  |TAMS 0x0000000080f00000, 0x0000000080e00000| Untracked 
|  15|0x0000000080f00000, 0x0000000081000000, 0x0000000081000000|100%| O|  |TAMS 0x0000000081000000, 0x0000000080f00000| Untracked 
|  16|0x0000000081000000, 0x0000000081100000, 0x0000000081100000|100%| O|  |TAMS 0x0000000081100000, 0x0000000081000000| Untracked 
|  17|0x0000000081100000, 0x0000000081200000, 0x0000000081200000|100%|HS|  |TAMS 0x0000000081200000, 0x0000000081100000| Complete 
|  18|0x0000000081200000, 0x0000000081300000, 0x0000000081300000|100%| O|  |TAMS 0x0000000081300000, 0x0000000081200000| Untracked 
|  19|0x0000000081300000, 0x0000000081400000, 0x0000000081400000|100%| O|  |TAMS 0x0000000081400000, 0x0000000081300000| Untracked 
|  20|0x0000000081400000, 0x0000000081500000, 0x0000000081500000|100%| O|  |TAMS 0x0000000081500000, 0x0000000081400000| Untracked 
|  21|0x0000000081500000, 0x0000000081600000, 0x0000000081600000|100%| O|  |TAMS 0x0000000081600000, 0x0000000081500000| Untracked 
|  22|0x0000000081600000, 0x0000000081700000, 0x0000000081700000|100%| O|  |TAMS 0x0000000081700000, 0x0000000081600000| Untracked 
|  23|0x0000000081700000, 0x0000000081800000, 0x0000000081800000|100%| O|  |TAMS 0x0000000081800000, 0x0000000081700000| Untracked 
|  24|0x0000000081800000, 0x0000000081900000, 0x0000000081900000|100%| O|  |TAMS 0x0000000081900000, 0x0000000081800000| Untracked 
|  25|0x0000000081900000, 0x0000000081a00000, 0x0000000081a00000|100%| O|  |TAMS 0x0000000081a00000, 0x0000000081900000| Untracked 
|  26|0x0000000081a00000, 0x0000000081b00000, 0x0000000081b00000|100%| O|  |TAMS 0x0000000081b00000, 0x0000000081a00000| Untracked 
|  27|0x0000000081b00000, 0x0000000081c00000, 0x0000000081c00000|100%|HS|  |TAMS 0x0000000081c00000, 0x0000000081b00000| Complete 
|  28|0x0000000081c00000, 0x0000000081d00000, 0x0000000081d00000|100%|HS|  |TAMS 0x0000000081d00000, 0x0000000081c00000| Complete 
|  29|0x0000000081d00000, 0x0000000081e00000, 0x0000000081e00000|100%|HS|  |TAMS 0x0000000081e00000, 0x0000000081d00000| Complete 
|  30|0x0000000081e00000, 0x0000000081f00000, 0x0000000081f00000|100%|HC|  |TAMS 0x0000000081f00000, 0x0000000081e00000| Complete 
|  31|0x0000000081f00000, 0x0000000082000000, 0x0000000082000000|100%| O|  |TAMS 0x0000000082000000, 0x0000000081f00000| Untracked 
|  32|0x0000000082000000, 0x0000000082100000, 0x0000000082100000|100%| O|  |TAMS 0x0000000082100000, 0x0000000082000000| Untracked 
|  33|0x0000000082100000, 0x0000000082200000, 0x0000000082200000|100%| O|  |TAMS 0x0000000082200000, 0x0000000082100000| Untracked 
|  34|0x0000000082200000, 0x0000000082300000, 0x0000000082300000|100%| O|  |TAMS 0x0000000082300000, 0x0000000082200000| Untracked 
|  35|0x0000000082300000, 0x0000000082400000, 0x0000000082400000|100%| O|  |TAMS 0x0000000082400000, 0x0000000082300000| Untracked 
|  36|0x0000000082400000, 0x0000000082500000, 0x0000000082500000|100%| O|  |TAMS 0x0000000082500000, 0x0000000082400000| Untracked 
|  37|0x0000000082500000, 0x0000000082600000, 0x0000000082600000|100%| O|  |TAMS 0x0000000082600000, 0x0000000082500000| Untracked 
|  38|0x0000000082600000, 0x0000000082700000, 0x0000000082700000|100%| O|  |TAMS 0x0000000082700000, 0x0000000082600000| Untracked 
|  39|0x0000000082700000, 0x0000000082800000, 0x0000000082800000|100%| O|  |TAMS 0x0000000082800000, 0x0000000082700000| Untracked 
|  40|0x0000000082800000, 0x0000000082900000, 0x0000000082900000|100%| O|  |TAMS 0x0000000082900000, 0x0000000082800000| Untracked 
|  41|0x0000000082900000, 0x0000000082a00000, 0x0000000082a00000|100%| O|  |TAMS 0x0000000082a00000, 0x0000000082900000| Untracked 
|  42|0x0000000082a00000, 0x0000000082b00000, 0x0000000082b00000|100%| O|  |TAMS 0x0000000082b00000, 0x0000000082a00000| Untracked 
|  43|0x0000000082b00000, 0x0000000082c00000, 0x0000000082c00000|100%| O|  |TAMS 0x0000000082c00000, 0x0000000082b00000| Untracked 
|  44|0x0000000082c00000, 0x0000000082d00000, 0x0000000082d00000|100%| O|  |TAMS 0x0000000082d00000, 0x0000000082c00000| Untracked 
|  45|0x0000000082d00000, 0x0000000082e00000, 0x0000000082e00000|100%| O|  |TAMS 0x0000000082e00000, 0x0000000082d00000| Untracked 
|  46|0x0000000082e00000, 0x0000000082effff8, 0x0000000082f00000| 99%| O|  |TAMS 0x0000000082effff8, 0x0000000082e00000| Untracked 
|  47|0x0000000082f00000, 0x0000000083000000, 0x0000000083000000|100%| O|  |TAMS 0x0000000083000000, 0x0000000082f00000| Untracked 
|  48|0x0000000083000000, 0x0000000083100000, 0x0000000083100000|100%| O|  |TAMS 0x0000000083100000, 0x0000000083000000| Untracked 
|  49|0x0000000083100000, 0x0000000083200000, 0x0000000083200000|100%| O|  |TAMS 0x0000000083200000, 0x0000000083100000| Untracked 
|  50|0x0000000083200000, 0x0000000083300000, 0x0000000083300000|100%| O|  |TAMS 0x0000000083300000, 0x0000000083200000| Untracked 
|  51|0x0000000083300000, 0x0000000083400000, 0x0000000083400000|100%| O|  |TAMS 0x0000000083400000, 0x0000000083300000| Untracked 
|  52|0x0000000083400000, 0x0000000083500000, 0x0000000083500000|100%| O|  |TAMS 0x0000000083500000, 0x0000000083400000| Untracked 
|  53|0x0000000083500000, 0x0000000083600000, 0x0000000083600000|100%| O|  |TAMS 0x0000000083600000, 0x0000000083500000| Untracked 
|  54|0x0000000083600000, 0x0000000083700000, 0x0000000083700000|100%| O|  |TAMS 0x0000000083700000, 0x0000000083600000| Untracked 
|  55|0x0000000083700000, 0x0000000083800000, 0x0000000083800000|100%| O|  |TAMS 0x0000000083800000, 0x0000000083700000| Untracked 
|  56|0x0000000083800000, 0x0000000083900000, 0x0000000083900000|100%| O|  |TAMS 0x0000000083900000, 0x0000000083800000| Untracked 
|  57|0x0000000083900000, 0x0000000083a00000, 0x0000000083a00000|100%| O|  |TAMS 0x0000000083a00000, 0x0000000083900000| Untracked 
|  58|0x0000000083a00000, 0x0000000083b00000, 0x0000000083b00000|100%| O|  |TAMS 0x0000000083b00000, 0x0000000083a00000| Untracked 
|  59|0x0000000083b00000, 0x0000000083c00000, 0x0000000083c00000|100%| O|  |TAMS 0x0000000083c00000, 0x0000000083b00000| Untracked 
|  60|0x0000000083c00000, 0x0000000083d00000, 0x0000000083d00000|100%| O|  |TAMS 0x0000000083d00000, 0x0000000083c00000| Untracked 
|  61|0x0000000083d00000, 0x0000000083e00000, 0x0000000083e00000|100%| O|  |TAMS 0x0000000083e00000, 0x0000000083d00000| Untracked 
|  62|0x0000000083e00000, 0x0000000083f00000, 0x0000000083f00000|100%| O|  |TAMS 0x0000000083f00000, 0x0000000083e00000| Untracked 
|  63|0x0000000083f00000, 0x0000000084000000, 0x0000000084000000|100%| O|  |TAMS 0x0000000084000000, 0x0000000083f00000| Untracked 
|  64|0x0000000084000000, 0x0000000084100000, 0x0000000084100000|100%| O|  |TAMS 0x0000000084100000, 0x0000000084000000| Untracked 
|  65|0x0000000084100000, 0x0000000084200000, 0x0000000084200000|100%| O|  |TAMS 0x0000000084200000, 0x0000000084100000| Untracked 
|  66|0x0000000084200000, 0x0000000084300000, 0x0000000084300000|100%| O|  |TAMS 0x0000000084300000, 0x0000000084200000| Untracked 
|  67|0x0000000084300000, 0x0000000084400000, 0x0000000084400000|100%| O|  |TAMS 0x0000000084400000, 0x0000000084300000| Untracked 
|  68|0x0000000084400000, 0x0000000084500000, 0x0000000084500000|100%| O|  |TAMS 0x0000000084500000, 0x0000000084400000| Untracked 
|  69|0x0000000084500000, 0x0000000084600000, 0x0000000084600000|100%|HS|  |TAMS 0x0000000084600000, 0x0000000084500000| Complete 
|  70|0x0000000084600000, 0x0000000084700000, 0x0000000084700000|100%|HC|  |TAMS 0x0000000084700000, 0x0000000084600000| Complete 
|  71|0x0000000084700000, 0x0000000084800000, 0x0000000084800000|100%| O|  |TAMS 0x0000000084800000, 0x0000000084700000| Untracked 
|  72|0x0000000084800000, 0x0000000084900000, 0x0000000084900000|100%| O|  |TAMS 0x0000000084900000, 0x0000000084800000| Untracked 
|  73|0x0000000084900000, 0x0000000084a00000, 0x0000000084a00000|100%| O|  |TAMS 0x0000000084a00000, 0x0000000084900000| Untracked 
|  74|0x0000000084a00000, 0x0000000084b00000, 0x0000000084b00000|100%| O|  |TAMS 0x0000000084b00000, 0x0000000084a00000| Untracked 
|  75|0x0000000084b00000, 0x0000000084c00000, 0x0000000084c00000|100%| O|  |TAMS 0x0000000084c00000, 0x0000000084b00000| Untracked 
|  76|0x0000000084c00000, 0x0000000084d00000, 0x0000000084d00000|100%| O|  |TAMS 0x0000000084d00000, 0x0000000084c00000| Untracked 
|  77|0x0000000084d00000, 0x0000000084e00000, 0x0000000084e00000|100%| O|  |TAMS 0x0000000084e00000, 0x0000000084d00000| Untracked 
|  78|0x0000000084e00000, 0x0000000084f00000, 0x0000000084f00000|100%| O|  |TAMS 0x0000000084f00000, 0x0000000084e00000| Untracked 
|  79|0x0000000084f00000, 0x0000000085000000, 0x0000000085000000|100%| O|  |TAMS 0x0000000085000000, 0x0000000084f00000| Untracked 
|  80|0x0000000085000000, 0x0000000085100000, 0x0000000085100000|100%| O|  |TAMS 0x0000000085100000, 0x0000000085000000| Untracked 
|  81|0x0000000085100000, 0x0000000085200000, 0x0000000085200000|100%| O|  |TAMS 0x0000000085200000, 0x0000000085100000| Untracked 
|  82|0x0000000085200000, 0x0000000085300000, 0x0000000085300000|100%| O|  |TAMS 0x0000000085300000, 0x0000000085200000| Untracked 
|  83|0x0000000085300000, 0x0000000085400000, 0x0000000085400000|100%| O|  |TAMS 0x0000000085400000, 0x0000000085300000| Untracked 
|  84|0x0000000085400000, 0x0000000085500000, 0x0000000085500000|100%| O|  |TAMS 0x0000000085500000, 0x0000000085400000| Untracked 
|  85|0x0000000085500000, 0x0000000085600000, 0x0000000085600000|100%| O|  |TAMS 0x0000000085600000, 0x0000000085500000| Untracked 
|  86|0x0000000085600000, 0x0000000085700000, 0x0000000085700000|100%| O|  |TAMS 0x0000000085700000, 0x0000000085600000| Untracked 
|  87|0x0000000085700000, 0x0000000085800000, 0x0000000085800000|100%| O|  |TAMS 0x0000000085800000, 0x0000000085700000| Untracked 
|  88|0x0000000085800000, 0x0000000085900000, 0x0000000085900000|100%| O|  |TAMS 0x0000000085900000, 0x0000000085800000| Untracked 
|  89|0x0000000085900000, 0x0000000085a00000, 0x0000000085a00000|100%| O|  |TAMS 0x0000000085a00000, 0x0000000085900000| Untracked 
|  90|0x0000000085a00000, 0x0000000085b00000, 0x0000000085b00000|100%| O|  |TAMS 0x0000000085b00000, 0x0000000085a00000| Untracked 
|  91|0x0000000085b00000, 0x0000000085c00000, 0x0000000085c00000|100%| O|  |TAMS 0x0000000085c00000, 0x0000000085b00000| Untracked 
|  92|0x0000000085c00000, 0x0000000085d00000, 0x0000000085d00000|100%| O|  |TAMS 0x0000000085d00000, 0x0000000085c00000| Untracked 
|  93|0x0000000085d00000, 0x0000000085e00000, 0x0000000085e00000|100%| O|  |TAMS 0x0000000085e00000, 0x0000000085d00000| Untracked 
|  94|0x0000000085e00000, 0x0000000085f00000, 0x0000000085f00000|100%| O|  |TAMS 0x0000000085f00000, 0x0000000085e00000| Untracked 
|  95|0x0000000085f00000, 0x0000000086000000, 0x0000000086000000|100%| O|  |TAMS 0x0000000086000000, 0x0000000085f00000| Untracked 
|  96|0x0000000086000000, 0x0000000086100000, 0x0000000086100000|100%| O|  |TAMS 0x0000000086100000, 0x0000000086000000| Untracked 
|  97|0x0000000086100000, 0x0000000086200000, 0x0000000086200000|100%| O|  |TAMS 0x0000000086200000, 0x0000000086100000| Untracked 
|  98|0x0000000086200000, 0x0000000086300000, 0x0000000086300000|100%| O|  |TAMS 0x0000000086300000, 0x0000000086200000| Untracked 
|  99|0x0000000086300000, 0x0000000086400000, 0x0000000086400000|100%| O|  |TAMS 0x0000000086400000, 0x0000000086300000| Untracked 
| 100|0x0000000086400000, 0x0000000086500000, 0x0000000086500000|100%| O|  |TAMS 0x0000000086500000, 0x0000000086400000| Untracked 
| 101|0x0000000086500000, 0x0000000086600000, 0x0000000086600000|100%| O|  |TAMS 0x0000000086600000, 0x0000000086500000| Untracked 
| 102|0x0000000086600000, 0x0000000086700000, 0x0000000086700000|100%| O|  |TAMS 0x0000000086700000, 0x0000000086600000| Untracked 
| 103|0x0000000086700000, 0x0000000086800000, 0x0000000086800000|100%| O|  |TAMS 0x0000000086800000, 0x0000000086700000| Untracked 
| 104|0x0000000086800000, 0x0000000086900000, 0x0000000086900000|100%| O|  |TAMS 0x0000000086900000, 0x0000000086800000| Untracked 
| 105|0x0000000086900000, 0x0000000086a00000, 0x0000000086a00000|100%| O|  |TAMS 0x00000000869b9200, 0x0000000086900000| Untracked 
| 106|0x0000000086a00000, 0x0000000086b00000, 0x0000000086b00000|100%| O|  |TAMS 0x0000000086a00000, 0x0000000086a00000| Untracked 
| 107|0x0000000086b00000, 0x0000000086c00000, 0x0000000086c00000|100%| O|  |TAMS 0x0000000086b00000, 0x0000000086b00000| Untracked 
| 108|0x0000000086c00000, 0x0000000086d00000, 0x0000000086d00000|100%| O|  |TAMS 0x0000000086c00000, 0x0000000086c00000| Untracked 
| 109|0x0000000086d00000, 0x0000000086e00000, 0x0000000086e00000|100%| O|  |TAMS 0x0000000086d00000, 0x0000000086d00000| Untracked 
| 110|0x0000000086e00000, 0x0000000086f00000, 0x0000000086f00000|100%| O|  |TAMS 0x0000000086e00000, 0x0000000086e00000| Untracked 
| 111|0x0000000086f00000, 0x0000000087000000, 0x0000000087000000|100%| O|  |TAMS 0x0000000086f00000, 0x0000000086f00000| Untracked 
| 112|0x0000000087000000, 0x0000000087100000, 0x0000000087100000|100%| O|  |TAMS 0x0000000087000000, 0x0000000087000000| Untracked 
| 113|0x0000000087100000, 0x0000000087200000, 0x0000000087200000|100%| O|  |TAMS 0x0000000087100000, 0x0000000087100000| Untracked 
| 114|0x0000000087200000, 0x0000000087300000, 0x0000000087300000|100%| O|  |TAMS 0x0000000087200000, 0x0000000087200000| Untracked 
| 115|0x0000000087300000, 0x0000000087400000, 0x0000000087400000|100%| O|  |TAMS 0x0000000087300000, 0x0000000087300000| Untracked 
| 116|0x0000000087400000, 0x0000000087500000, 0x0000000087500000|100%| O|  |TAMS 0x0000000087400000, 0x0000000087400000| Untracked 
| 117|0x0000000087500000, 0x0000000087600000, 0x0000000087600000|100%| O|  |TAMS 0x0000000087500000, 0x0000000087500000| Untracked 
| 118|0x0000000087600000, 0x0000000087700000, 0x0000000087700000|100%| O|  |TAMS 0x0000000087600000, 0x0000000087600000| Untracked 
| 119|0x0000000087700000, 0x0000000087800000, 0x0000000087800000|100%| O|  |TAMS 0x0000000087700000, 0x0000000087700000| Untracked 
| 120|0x0000000087800000, 0x0000000087900000, 0x0000000087900000|100%| O|  |TAMS 0x0000000087800000, 0x0000000087800000| Untracked 
| 121|0x0000000087900000, 0x0000000087a00000, 0x0000000087a00000|100%| O|  |TAMS 0x0000000087900000, 0x0000000087900000| Untracked 
| 122|0x0000000087a00000, 0x0000000087b00000, 0x0000000087b00000|100%| O|  |TAMS 0x0000000087a00000, 0x0000000087a00000| Untracked 
| 123|0x0000000087b00000, 0x0000000087c00000, 0x0000000087c00000|100%| O|  |TAMS 0x0000000087b00000, 0x0000000087b00000| Untracked 
| 124|0x0000000087c00000, 0x0000000087d00000, 0x0000000087d00000|100%| O|  |TAMS 0x0000000087c00000, 0x0000000087c00000| Untracked 
| 125|0x0000000087d00000, 0x0000000087e00000, 0x0000000087e00000|100%| O|  |TAMS 0x0000000087d00000, 0x0000000087d00000| Untracked 
| 126|0x0000000087e00000, 0x0000000087e42200, 0x0000000087f00000| 25%| O|  |TAMS 0x0000000087e00000, 0x0000000087e00000| Untracked 
| 127|0x0000000087f00000, 0x0000000087f00000, 0x0000000088000000|  0%| F|  |TAMS 0x0000000087f00000, 0x0000000087f00000| Untracked 
| 128|0x0000000088000000, 0x0000000088000000, 0x0000000088100000|  0%| F|  |TAMS 0x0000000088000000, 0x0000000088000000| Untracked 
| 129|0x0000000088100000, 0x0000000088100000, 0x0000000088200000|  0%| F|  |TAMS 0x0000000088100000, 0x0000000088100000| Untracked 
| 130|0x0000000088200000, 0x0000000088200000, 0x0000000088300000|  0%| F|  |TAMS 0x0000000088200000, 0x0000000088200000| Untracked 
| 131|0x0000000088300000, 0x0000000088300000, 0x0000000088400000|  0%| F|  |TAMS 0x0000000088300000, 0x0000000088300000| Untracked 
| 132|0x0000000088400000, 0x0000000088400000, 0x0000000088500000|  0%| F|  |TAMS 0x0000000088400000, 0x0000000088400000| Untracked 
| 133|0x0000000088500000, 0x0000000088500000, 0x0000000088600000|  0%| F|  |TAMS 0x0000000088500000, 0x0000000088500000| Untracked 
| 134|0x0000000088600000, 0x0000000088600000, 0x0000000088700000|  0%| F|  |TAMS 0x0000000088600000, 0x0000000088600000| Untracked 
| 135|0x0000000088700000, 0x0000000088700000, 0x0000000088800000|  0%| F|  |TAMS 0x0000000088700000, 0x0000000088700000| Untracked 
| 136|0x0000000088800000, 0x0000000088800000, 0x0000000088900000|  0%| F|  |TAMS 0x0000000088800000, 0x0000000088800000| Untracked 
| 137|0x0000000088900000, 0x0000000088900000, 0x0000000088a00000|  0%| F|  |TAMS 0x0000000088900000, 0x0000000088900000| Untracked 
| 138|0x0000000088a00000, 0x0000000088a00000, 0x0000000088b00000|  0%| F|  |TAMS 0x0000000088a00000, 0x0000000088a00000| Untracked 
| 139|0x0000000088b00000, 0x0000000088b00000, 0x0000000088c00000|  0%| F|  |TAMS 0x0000000088b00000, 0x0000000088b00000| Untracked 
| 140|0x0000000088c00000, 0x0000000088c00000, 0x0000000088d00000|  0%| F|  |TAMS 0x0000000088c00000, 0x0000000088c00000| Untracked 
| 141|0x0000000088d00000, 0x0000000088d00000, 0x0000000088e00000|  0%| F|  |TAMS 0x0000000088d00000, 0x0000000088d00000| Untracked 
| 142|0x0000000088e00000, 0x0000000088e00000, 0x0000000088f00000|  0%| F|  |TAMS 0x0000000088e00000, 0x0000000088e00000| Untracked 
| 143|0x0000000088f00000, 0x0000000088f00000, 0x0000000089000000|  0%| F|  |TAMS 0x0000000088f00000, 0x0000000088f00000| Untracked 
| 144|0x0000000089000000, 0x0000000089000000, 0x0000000089100000|  0%| F|  |TAMS 0x0000000089000000, 0x0000000089000000| Untracked 
| 145|0x0000000089100000, 0x0000000089100000, 0x0000000089200000|  0%| F|  |TAMS 0x0000000089100000, 0x0000000089100000| Untracked 
| 146|0x0000000089200000, 0x0000000089200000, 0x0000000089300000|  0%| F|  |TAMS 0x0000000089200000, 0x0000000089200000| Untracked 
| 147|0x0000000089300000, 0x0000000089300000, 0x0000000089400000|  0%| F|  |TAMS 0x0000000089300000, 0x0000000089300000| Untracked 
| 148|0x0000000089400000, 0x0000000089400000, 0x0000000089500000|  0%| F|  |TAMS 0x0000000089400000, 0x0000000089400000| Untracked 
| 149|0x0000000089500000, 0x0000000089500000, 0x0000000089600000|  0%| F|  |TAMS 0x0000000089500000, 0x0000000089500000| Untracked 
| 150|0x0000000089600000, 0x0000000089600000, 0x0000000089700000|  0%| F|  |TAMS 0x0000000089600000, 0x0000000089600000| Untracked 
| 151|0x0000000089700000, 0x0000000089700000, 0x0000000089800000|  0%| F|  |TAMS 0x0000000089700000, 0x0000000089700000| Untracked 
| 152|0x0000000089800000, 0x0000000089800000, 0x0000000089900000|  0%| F|  |TAMS 0x0000000089800000, 0x0000000089800000| Untracked 
| 153|0x0000000089900000, 0x0000000089900000, 0x0000000089a00000|  0%| F|  |TAMS 0x0000000089900000, 0x0000000089900000| Untracked 
| 154|0x0000000089a00000, 0x0000000089a00000, 0x0000000089b00000|  0%| F|  |TAMS 0x0000000089a00000, 0x0000000089a00000| Untracked 
| 155|0x0000000089b00000, 0x0000000089b00000, 0x0000000089c00000|  0%| F|  |TAMS 0x0000000089b00000, 0x0000000089b00000| Untracked 
| 156|0x0000000089c00000, 0x0000000089c00000, 0x0000000089d00000|  0%| F|  |TAMS 0x0000000089c00000, 0x0000000089c00000| Untracked 
| 157|0x0000000089d00000, 0x0000000089e00000, 0x0000000089e00000|100%| S|CS|TAMS 0x0000000089d00000, 0x0000000089d00000| Complete 
| 158|0x0000000089e00000, 0x0000000089f00000, 0x0000000089f00000|100%| S|CS|TAMS 0x0000000089e00000, 0x0000000089e00000| Complete 
| 159|0x0000000089f00000, 0x000000008a000000, 0x000000008a000000|100%| S|CS|TAMS 0x0000000089f00000, 0x0000000089f00000| Complete 
| 160|0x000000008a000000, 0x000000008a100000, 0x000000008a100000|100%| S|CS|TAMS 0x000000008a000000, 0x000000008a000000| Complete 
| 161|0x000000008a100000, 0x000000008a200000, 0x000000008a200000|100%| S|CS|TAMS 0x000000008a100000, 0x000000008a100000| Complete 
| 162|0x000000008a200000, 0x000000008a200000, 0x000000008a300000|  0%| F|  |TAMS 0x000000008a200000, 0x000000008a200000| Untracked 
| 163|0x000000008a300000, 0x000000008a300000, 0x000000008a400000|  0%| F|  |TAMS 0x000000008a300000, 0x000000008a300000| Untracked 
| 164|0x000000008a400000, 0x000000008a400000, 0x000000008a500000|  0%| F|  |TAMS 0x000000008a400000, 0x000000008a400000| Untracked 
| 165|0x000000008a500000, 0x000000008a500000, 0x000000008a600000|  0%| F|  |TAMS 0x000000008a500000, 0x000000008a500000| Untracked 
| 166|0x000000008a600000, 0x000000008a600000, 0x000000008a700000|  0%| F|  |TAMS 0x000000008a600000, 0x000000008a600000| Untracked 
| 167|0x000000008a700000, 0x000000008a700000, 0x000000008a800000|  0%| F|  |TAMS 0x000000008a700000, 0x000000008a700000| Untracked 
| 168|0x000000008a800000, 0x000000008a800000, 0x000000008a900000|  0%| F|  |TAMS 0x000000008a800000, 0x000000008a800000| Untracked 
| 169|0x000000008a900000, 0x000000008a900000, 0x000000008aa00000|  0%| F|  |TAMS 0x000000008a900000, 0x000000008a900000| Untracked 
| 170|0x000000008aa00000, 0x000000008aa00000, 0x000000008ab00000|  0%| F|  |TAMS 0x000000008aa00000, 0x000000008aa00000| Untracked 
| 171|0x000000008ab00000, 0x000000008ab00000, 0x000000008ac00000|  0%| F|  |TAMS 0x000000008ab00000, 0x000000008ab00000| Untracked 
| 172|0x000000008ac00000, 0x000000008ac00000, 0x000000008ad00000|  0%| F|  |TAMS 0x000000008ac00000, 0x000000008ac00000| Untracked 
| 173|0x000000008ad00000, 0x000000008ad00000, 0x000000008ae00000|  0%| F|  |TAMS 0x000000008ad00000, 0x000000008ad00000| Untracked 
| 174|0x000000008ae00000, 0x000000008ae00000, 0x000000008af00000|  0%| F|  |TAMS 0x000000008ae00000, 0x000000008ae00000| Untracked 
| 175|0x000000008af00000, 0x000000008af00000, 0x000000008b000000|  0%| F|  |TAMS 0x000000008af00000, 0x000000008af00000| Untracked 
| 176|0x000000008b000000, 0x000000008b000000, 0x000000008b100000|  0%| F|  |TAMS 0x000000008b000000, 0x000000008b000000| Untracked 
| 177|0x000000008b100000, 0x000000008b100000, 0x000000008b200000|  0%| F|  |TAMS 0x000000008b100000, 0x000000008b100000| Untracked 
| 178|0x000000008b200000, 0x000000008b200000, 0x000000008b300000|  0%| F|  |TAMS 0x000000008b200000, 0x000000008b200000| Untracked 
| 179|0x000000008b300000, 0x000000008b300000, 0x000000008b400000|  0%| F|  |TAMS 0x000000008b300000, 0x000000008b300000| Untracked 
| 180|0x000000008b400000, 0x000000008b400000, 0x000000008b500000|  0%| F|  |TAMS 0x000000008b400000, 0x000000008b400000| Untracked 
| 181|0x000000008b500000, 0x000000008b500000, 0x000000008b600000|  0%| F|  |TAMS 0x000000008b500000, 0x000000008b500000| Untracked 
| 182|0x000000008b600000, 0x000000008b600000, 0x000000008b700000|  0%| F|  |TAMS 0x000000008b600000, 0x000000008b600000| Untracked 
| 183|0x000000008b700000, 0x000000008b700000, 0x000000008b800000|  0%| F|  |TAMS 0x000000008b700000, 0x000000008b700000| Untracked 
| 184|0x000000008b800000, 0x000000008b800000, 0x000000008b900000|  0%| F|  |TAMS 0x000000008b800000, 0x000000008b800000| Untracked 
| 185|0x000000008b900000, 0x000000008b900000, 0x000000008ba00000|  0%| F|  |TAMS 0x000000008b900000, 0x000000008b900000| Untracked 
| 186|0x000000008ba00000, 0x000000008ba00000, 0x000000008bb00000|  0%| F|  |TAMS 0x000000008ba00000, 0x000000008ba00000| Untracked 
| 187|0x000000008bb00000, 0x000000008bb00000, 0x000000008bc00000|  0%| F|  |TAMS 0x000000008bb00000, 0x000000008bb00000| Untracked 
| 188|0x000000008bc00000, 0x000000008bc00000, 0x000000008bd00000|  0%| F|  |TAMS 0x000000008bc00000, 0x000000008bc00000| Untracked 
| 189|0x000000008bd00000, 0x000000008bd00000, 0x000000008be00000|  0%| F|  |TAMS 0x000000008bd00000, 0x000000008bd00000| Untracked 
| 190|0x000000008be00000, 0x000000008be00000, 0x000000008bf00000|  0%| F|  |TAMS 0x000000008be00000, 0x000000008be00000| Untracked 
| 191|0x000000008bf00000, 0x000000008bf00000, 0x000000008c000000|  0%| F|  |TAMS 0x000000008bf00000, 0x000000008bf00000| Untracked 
| 192|0x000000008c000000, 0x000000008c000000, 0x000000008c100000|  0%| F|  |TAMS 0x000000008c000000, 0x000000008c000000| Untracked 
| 193|0x000000008c100000, 0x000000008c100000, 0x000000008c200000|  0%| F|  |TAMS 0x000000008c100000, 0x000000008c100000| Untracked 
| 194|0x000000008c200000, 0x000000008c200000, 0x000000008c300000|  0%| F|  |TAMS 0x000000008c200000, 0x000000008c200000| Untracked 

Card table byte_map: [0x00000295fe510000,0x00000295fe910000] _byte_map_base: 0x00000295fe110000

Marking Bits (Prev, Next): (CMBitMap*) 0x00000295eb322f18, (CMBitMap*) 0x00000295eb322f50
 Prev Bits: [0x0000029580000000, 0x0000029582000000)
 Next Bits: [0x0000029582000000, 0x0000029584000000)

Polling page: 0x00000295e9470000

Metaspace:

Usage:
  Non-class:     80.66 MB capacity,    79.21 MB ( 98%) used,     1.18 MB (  1%) free+waste,   273.44 KB ( <1%) overhead. 
      Class:     12.66 MB capacity,    11.78 MB ( 93%) used,   773.34 KB (  6%) free+waste,   124.38 KB ( <1%) overhead. 
       Both:     93.32 MB capacity,    90.99 MB ( 98%) used,     1.94 MB (  2%) free+waste,   397.81 KB ( <1%) overhead. 

Virtual space:
  Non-class space:       82.00 MB reserved,      80.79 MB ( 99%) committed 
      Class space:        1.00 GB reserved,      12.75 MB (  1%) committed 
             Both:        1.08 GB reserved,      93.54 MB (  8%) committed 

Chunk freelists:
   Non-Class:  66.00 KB
       Class:  30.00 KB
        Both:  96.00 KB

MaxMetaspaceSize: 17179869184.00 GB
CompressedClassSpaceSize: 1.00 GB

CodeHeap 'non-profiled nmethods': size=120000Kb used=5730Kb max_used=5730Kb free=114269Kb
 bounds [0x00000295f68b0000, 0x00000295f6e50000, 0x00000295fdde0000]
CodeHeap 'profiled nmethods': size=120000Kb used=23221Kb max_used=23221Kb free=96778Kb
 bounds [0x00000295ef380000, 0x00000295f0a30000, 0x00000295f68b0000]
CodeHeap 'non-nmethods': size=5760Kb used=2300Kb max_used=2344Kb free=3459Kb
 bounds [0x00000295eede0000, 0x00000295ef050000, 0x00000295ef380000]
 total_blobs=11650 nmethods=10748 adapters=813
 compilation: enabled
              stopped_count=0, restarted_count=0
 full_count=0

Compilation events (20 events):
Event: 18.372 Thread 0x00000295ff768000 nmethod 10922 0x00000295f0a28c10 code [0x00000295f0a28dc0, 0x00000295f0a28ef8]
Event: 18.373 Thread 0x00000295ff768000 10924       1       com.android.tools.r8.internal.YD0::C (5 bytes)
Event: 18.374 Thread 0x00000295ff768000 nmethod 10924 0x00000295f6e48590 code [0x00000295f6e48740, 0x00000295f6e487f8]
Event: 18.374 Thread 0x00000295ff768000 10925       2       com.android.tools.r8.internal.Q71::a (18 bytes)
Event: 18.374 Thread 0x00000295ff768000 nmethod 10925 0x00000295f0a28f90 code [0x00000295f0a29140, 0x00000295f0a29288]
Event: 18.374 Thread 0x00000295ff768000 10926       2       com.android.tools.r8.graph.p0::a (53 bytes)
Event: 18.376 Thread 0x00000295ff768000 nmethod 10926 0x00000295f0a29310 code [0x00000295f0a295a0, 0x00000295f0a29ea8]
Event: 18.376 Thread 0x00000295ff768000 10927       3       com.android.tools.r8.graph.n2::a (138 bytes)
Event: 18.377 Thread 0x00000295ff768000 nmethod 10927 0x00000295f0a2a410 code [0x00000295f0a2a6c0, 0x00000295f0a2b4e8]
Event: 18.381 Thread 0x00000295ff768000 10928       2       com.android.tools.r8.internal.Ce1::a (29 bytes)
Event: 18.382 Thread 0x00000295ff768000 nmethod 10928 0x00000295f0a2bb10 code [0x00000295f0a2bd00, 0x00000295f0a2c0b8]
Event: 18.384 Thread 0x00000295ff768000 10930       2       com.android.tools.r8.graph.n2::a (20 bytes)
Event: 18.384 Thread 0x00000295ff768000 nmethod 10930 0x00000295f0a2c290 code [0x00000295f0a2c440, 0x00000295f0a2c5c8]
Event: 18.384 Thread 0x00000295ff768000 10931       2       com.android.tools.r8.internal.OD0::<init> (15 bytes)
Event: 18.385 Thread 0x00000295ff768000 nmethod 10931 0x00000295f0a2c690 code [0x00000295f0a2c840, 0x00000295f0a2c938]
Event: 18.386 Thread 0x00000295ff768000 10932       2       com.android.tools.r8.internal.AD0::h (5 bytes)
Event: 18.386 Thread 0x00000295ff768000 nmethod 10932 0x00000295f0a2ca10 code [0x00000295f0a2cbc0, 0x00000295f0a2ccf8]
Event: 18.387 Thread 0x00000295ff768000 10933       2       com.android.tools.r8.graph.n2::a (69 bytes)
Event: 18.388 Thread 0x00000295ff768000 nmethod 10933 0x00000295f0a2cd90 code [0x00000295f0a2cfa0, 0x00000295f0a2d4d8]
Event: 18.388 Thread 0x00000295ff768000 10934       2       com.android.tools.r8.internal.jF0::<init> (37 bytes)

GC Heap History (20 events):
Event: 13.897 GC heap after
{Heap after GC invocations=20 (full 0):
 garbage-first heap   total 165888K, used 60124K [0x0000000080000000, 0x0000000100000000)
  region size 1024K, 6 young (6144K), 6 survivors (6144K)
 Metaspace       used 76854K, capacity 78580K, committed 78884K, reserved 1118208K
  class space    used 9997K, capacity 10652K, committed 10752K, reserved 1048576K
}
Event: 15.086 GC heap before
{Heap before GC invocations=20 (full 0):
 garbage-first heap   total 165888K, used 117468K [0x0000000080000000, 0x0000000100000000)
  region size 1024K, 63 young (64512K), 6 survivors (6144K)
 Metaspace       used 82282K, capacity 84227K, committed 84516K, reserved 1122304K
  class space    used 10667K, capacity 11437K, committed 11520K, reserved 1048576K
}
Event: 15.096 GC heap after
{Heap after GC invocations=21 (full 0):
 garbage-first heap   total 165888K, used 65633K [0x0000000080000000, 0x0000000100000000)
  region size 1024K, 8 young (8192K), 8 survivors (8192K)
 Metaspace       used 82282K, capacity 84227K, committed 84516K, reserved 1122304K
  class space    used 10667K, capacity 11437K, committed 11520K, reserved 1048576K
}
Event: 15.620 GC heap before
{Heap before GC invocations=21 (full 0):
 garbage-first heap   total 165888K, used 121953K [0x0000000080000000, 0x0000000100000000)
  region size 1024K, 64 young (65536K), 8 survivors (8192K)
 Metaspace       used 83465K, capacity 85637K, committed 85668K, reserved 1124352K
  class space    used 10839K, capacity 11641K, committed 11648K, reserved 1048576K
}
Event: 15.631 GC heap after
{Heap after GC invocations=22 (full 0):
 garbage-first heap   total 165888K, used 70301K [0x0000000080000000, 0x0000000100000000)
  region size 1024K, 5 young (5120K), 5 survivors (5120K)
 Metaspace       used 83465K, capacity 85637K, committed 85668K, reserved 1124352K
  class space    used 10839K, capacity 11641K, committed 11648K, reserved 1048576K
}
Event: 16.329 GC heap before
{Heap before GC invocations=22 (full 0):
 garbage-first heap   total 165888K, used 125597K [0x0000000080000000, 0x0000000100000000)
  region size 1024K, 60 young (61440K), 5 survivors (5120K)
 Metaspace       used 86873K, capacity 89077K, committed 89252K, reserved 1126400K
  class space    used 11300K, capacity 12143K, committed 12160K, reserved 1048576K
}
Event: 16.336 GC heap after
{Heap after GC invocations=23 (full 0):
 garbage-first heap   total 165888K, used 71372K [0x0000000080000000, 0x0000000100000000)
  region size 1024K, 6 young (6144K), 6 survivors (6144K)
 Metaspace       used 86873K, capacity 89077K, committed 89252K, reserved 1126400K
  class space    used 11300K, capacity 12143K, committed 12160K, reserved 1048576K
}
Event: 17.088 GC heap before
{Heap before GC invocations=23 (full 0):
 garbage-first heap   total 165888K, used 135884K [0x0000000080000000, 0x0000000100000000)
  region size 1024K, 62 young (63488K), 6 survivors (6144K)
 Metaspace       used 88311K, capacity 90567K, committed 90660K, reserved 1128448K
  class space    used 11422K, capacity 12276K, committed 12288K, reserved 1048576K
}
Event: 17.098 GC heap after
{Heap after GC invocations=24 (full 0):
 garbage-first heap   total 165888K, used 78186K [0x0000000080000000, 0x0000000100000000)
  region size 1024K, 7 young (7168K), 7 survivors (7168K)
 Metaspace       used 88311K, capacity 90567K, committed 90660K, reserved 1128448K
  class space    used 11422K, capacity 12276K, committed 12288K, reserved 1048576K
}
Event: 17.302 GC heap before
{Heap before GC invocations=24 (full 0):
 garbage-first heap   total 165888K, used 131434K [0x0000000080000000, 0x0000000100000000)
  region size 1024K, 60 young (61440K), 7 survivors (7168K)
 Metaspace       used 88944K, capacity 91248K, committed 91300K, reserved 1128448K
  class space    used 11525K, capacity 12397K, committed 12416K, reserved 1048576K
}
Event: 17.314 GC heap after
{Heap after GC invocations=25 (full 0):
 garbage-first heap   total 165888K, used 87144K [0x0000000080000000, 0x0000000100000000)
  region size 1024K, 8 young (8192K), 8 survivors (8192K)
 Metaspace       used 88944K, capacity 91248K, committed 91300K, reserved 1128448K
  class space    used 11525K, capacity 12397K, committed 12416K, reserved 1048576K
}
Event: 17.385 GC heap before
{Heap before GC invocations=25 (full 0):
 garbage-first heap   total 165888K, used 132200K [0x0000000080000000, 0x0000000100000000)
  region size 1024K, 54 young (55296K), 8 survivors (8192K)
 Metaspace       used 89422K, capacity 91755K, committed 91940K, reserved 1128448K
  class space    used 11569K, capacity 12437K, committed 12544K, reserved 1048576K
}
Event: 17.398 GC heap after
{Heap after GC invocations=26 (full 0):
 garbage-first heap   total 199680K, used 99107K [0x0000000080000000, 0x0000000100000000)
  region size 1024K, 7 young (7168K), 7 survivors (7168K)
 Metaspace       used 89422K, capacity 91755K, committed 91940K, reserved 1128448K
  class space    used 11569K, capacity 12437K, committed 12544K, reserved 1048576K
}
Event: 17.818 GC heap before
{Heap before GC invocations=27 (full 0):
 garbage-first heap   total 199680K, used 150307K [0x0000000080000000, 0x0000000100000000)
  region size 1024K, 58 young (59392K), 7 survivors (7168K)
 Metaspace       used 91642K, capacity 93953K, committed 94244K, reserved 1130496K
  class space    used 11857K, capacity 12713K, committed 12800K, reserved 1048576K
}
Event: 17.831 GC heap after
{Heap after GC invocations=28 (full 0):
 garbage-first heap   total 199680K, used 103930K [0x0000000080000000, 0x0000000100000000)
  region size 1024K, 8 young (8192K), 8 survivors (8192K)
 Metaspace       used 91642K, capacity 93953K, committed 94244K, reserved 1130496K
  class space    used 11857K, capacity 12713K, committed 12800K, reserved 1048576K
}
Event: 18.045 GC heap before
{Heap before GC invocations=28 (full 0):
 garbage-first heap   total 199680K, used 152058K [0x0000000080000000, 0x0000000100000000)
  region size 1024K, 57 young (58368K), 8 survivors (8192K)
 Metaspace       used 92295K, capacity 94649K, committed 94884K, reserved 1132544K
  class space    used 11946K, capacity 12834K, committed 12928K, reserved 1048576K
}
Event: 18.077 GC heap after
{Heap after GC invocations=29 (full 0):
 garbage-first heap   total 199680K, used 115428K [0x0000000080000000, 0x0000000100000000)
  region size 1024K, 7 young (7168K), 7 survivors (7168K)
 Metaspace       used 92295K, capacity 94649K, committed 94884K, reserved 1132544K
  class space    used 11946K, capacity 12834K, committed 12928K, reserved 1048576K
}
Event: 18.296 GC heap before
{Heap before GC invocations=29 (full 0):
 garbage-first heap   total 199680K, used 156388K [0x0000000080000000, 0x0000000100000000)
  region size 1024K, 48 young (49152K), 7 survivors (7168K)
 Metaspace       used 93119K, capacity 95488K, committed 95780K, reserved 1132544K
  class space    used 12064K, capacity 12962K, committed 13056K, reserved 1048576K
}
Event: 18.320 GC heap after
{Heap after GC invocations=30 (full 0):
 garbage-first heap   total 199680K, used 126451K [0x0000000080000000, 0x0000000100000000)
  region size 1024K, 6 young (6144K), 6 survivors (6144K)
 Metaspace       used 93119K, capacity 95488K, committed 95780K, reserved 1132544K
  class space    used 12064K, capacity 12962K, committed 13056K, reserved 1048576K
}
Event: 18.388 GC heap before
{Heap before GC invocations=31 (full 0):
 garbage-first heap   total 199680K, used 160243K [0x0000000080000000, 0x0000000100000000)
  region size 1024K, 39 young (39936K), 6 survivors (6144K)
 Metaspace       used 93174K, capacity 95556K, committed 95780K, reserved 1132544K
  class space    used 12064K, capacity 12962K, committed 13056K, reserved 1048576K
}

Deoptimization events (20 events):
Event: 17.972 Thread 0x0000029589875000 DEOPT PACKING pc=0x00000295f0913853 sp=0x000000f72a3fa2c0
Event: 17.972 Thread 0x0000029589875000 DEOPT UNPACKING pc=0x00000295eee06dde sp=0x000000f72a3f97f0 mode 0
Event: 17.979 Thread 0x0000029589875000 DEOPT PACKING pc=0x00000295f0913853 sp=0x000000f72a3fa2c0
Event: 17.979 Thread 0x0000029589875000 DEOPT UNPACKING pc=0x00000295eee06dde sp=0x000000f72a3f97f0 mode 0
Event: 17.980 Thread 0x0000029589881800 DEOPT PACKING pc=0x00000295f0985b9b sp=0x000000f72a5f93f0
Event: 17.980 Thread 0x0000029589881800 DEOPT UNPACKING pc=0x00000295eee06dde sp=0x000000f72a5f8860 mode 0
Event: 17.984 Thread 0x0000029589881800 DEOPT PACKING pc=0x00000295f0913853 sp=0x000000f72a5fa450
Event: 17.984 Thread 0x0000029589881800 DEOPT UNPACKING pc=0x00000295eee06dde sp=0x000000f72a5f9980 mode 0
Event: 17.993 Thread 0x0000029589875000 DEOPT PACKING pc=0x00000295f0985b9b sp=0x000000f72a3f92f0
Event: 17.993 Thread 0x0000029589875000 DEOPT UNPACKING pc=0x00000295eee06dde sp=0x000000f72a3f8760 mode 0
Event: 18.006 Thread 0x0000029588406800 DEOPT PACKING pc=0x00000295f0985b9b sp=0x000000f723cfe1e0
Event: 18.006 Thread 0x0000029588406800 DEOPT UNPACKING pc=0x00000295eee06dde sp=0x000000f723cfd650 mode 0
Event: 18.025 Thread 0x000002958b9f6000 DEOPT PACKING pc=0x00000295f0985b9b sp=0x000000f7278f9e10
Event: 18.025 Thread 0x000002958b9f6000 DEOPT UNPACKING pc=0x00000295eee06dde sp=0x000000f7278f9280 mode 0
Event: 18.078 Thread 0x0000029589875000 DEOPT PACKING pc=0x00000295f0985b9b sp=0x000000f72a3f92f0
Event: 18.078 Thread 0x0000029589875000 DEOPT UNPACKING pc=0x00000295eee06dde sp=0x000000f72a3f8760 mode 0
Event: 18.100 Thread 0x0000029589875000 DEOPT PACKING pc=0x00000295f0985b9b sp=0x000000f72a3f92f0
Event: 18.100 Thread 0x0000029589875000 DEOPT UNPACKING pc=0x00000295eee06dde sp=0x000000f72a3f8760 mode 0
Event: 18.170 Thread 0x0000029589874800 DEOPT PACKING pc=0x00000295f0985b9b sp=0x000000f729ef8f60
Event: 18.170 Thread 0x0000029589874800 DEOPT UNPACKING pc=0x00000295eee06dde sp=0x000000f729ef83d0 mode 0

Classes redefined (0 events):
No events

Internal exceptions (20 events):
Event: 17.636 Thread 0x0000029589881800 Exception <a 'java/lang/IncompatibleClassChangeError'{0x000000008b065c18}: Found class java.lang.Object, but interface was expected> (0x000000008b065c18) thrown at [./src/hotspot/share/interpreter/linkResolver.cpp, line 839]
Event: 17.636 Thread 0x000002958b9f6000 Exception <a 'java/lang/IncompatibleClassChangeError'{0x000000008b278e08}: Found class java.lang.Object, but interface was expected> (0x000000008b278e08) thrown at [./src/hotspot/share/interpreter/linkResolver.cpp, line 839]
Event: 17.636 Thread 0x0000029589f06000 Exception <a 'java/lang/IncompatibleClassChangeError'{0x000000008b1e0668}: Found class java.lang.Object, but interface was expected> (0x000000008b1e0668) thrown at [./src/hotspot/share/interpreter/linkResolver.cpp, line 839]
Event: 17.636 Thread 0x0000029589875000 Exception <a 'java/lang/IncompatibleClassChangeError'{0x000000008b3e1858}: Found class java.lang.Object, but interface was expected> (0x000000008b3e1858) thrown at [./src/hotspot/share/interpreter/linkResolver.cpp, line 839]
Event: 17.636 Thread 0x00000295897de000 Exception <a 'java/lang/IncompatibleClassChangeError'{0x000000008b18e068}: Found class java.lang.Object, but interface was expected> (0x000000008b18e068) thrown at [./src/hotspot/share/interpreter/linkResolver.cpp, line 839]
Event: 17.636 Thread 0x0000029589874800 Exception <a 'java/lang/IncompatibleClassChangeError'{0x000000008b1c2980}: Found class java.lang.Object, but interface was expected> (0x000000008b1c2980) thrown at [./src/hotspot/share/interpreter/linkResolver.cpp, line 839]
Event: 17.674 Thread 0x00000295897de000 Exception <a 'java/lang/NoSuchMethodError'{0x000000008aef7f80}: 'long java.lang.invoke.DirectMethodHandle$Holder.invokeStatic(java.lang.Object, long, java.lang.Object)'> (0x000000008aef7f80) thrown at [./src/hotspot/share/interpreter/linkResolver.cpp, line 773]
Event: 17.678 Thread 0x0000029589f06000 Exception <a 'java/lang/NoSuchMethodError'{0x000000008ad1c6b8}: 'java.lang.Object java.lang.invoke.DirectMethodHandle$Holder.invokeStatic(java.lang.Object, long)'> (0x000000008ad1c6b8) thrown at [./src/hotspot/share/interpreter/linkResolver.cpp, line 773]
Event: 17.678 Thread 0x0000029589874800 Exception <a 'java/lang/NoSuchMethodError'{0x000000008ad2d510}: 'java.lang.Object java.lang.invoke.DirectMethodHandle$Holder.invokeStatic(java.lang.Object, long)'> (0x000000008ad2d510) thrown at [./src/hotspot/share/interpreter/linkResolver.cpp, line 773]
Event: 17.678 Thread 0x0000029589881800 Exception <a 'java/lang/NoSuchMethodError'{0x000000008afc50e8}: 'java.lang.Object java.lang.invoke.DirectMethodHandle$Holder.invokeStatic(java.lang.Object, long)'> (0x000000008afc50e8) thrown at [./src/hotspot/share/interpreter/linkResolver.cpp, line 773]
Event: 18.000 Thread 0x000002958b9f6000 Exception <a 'java/lang/NoSuchMethodError'{0x000000008a3d5e48}: 'int java.lang.invoke.DirectMethodHandle$Holder.invokeVirtual(java.lang.Object, java.lang.Object, java.lang.Object, java.lang.Object)'> (0x000000008a3d5e48) thrown at [./src/hotspot/share/interpreter/linkResolver.cpp, line 773]
Event: 18.030 Thread 0x0000029589f06000 Exception <a 'java/lang/NoSuchMethodError'{0x00000000899546e0}: 'long java.lang.invoke.DirectMethodHandle$Holder.invokeStatic(java.lang.Object, java.lang.Object)'> (0x00000000899546e0) thrown at [./src/hotspot/share/interpreter/linkResolver.cpp, line 773]
Event: 18.122 Thread 0x000002958b9f6000 Exception <a 'java/lang/IncompatibleClassChangeError'{0x000000008b4e3130}: Found class java.lang.Object, but interface was expected> (0x000000008b4e3130) thrown at [./src/hotspot/share/interpreter/linkResolver.cpp, line 839]
Event: 18.123 Thread 0x000002958b9f6000 Exception <a 'java/lang/NoSuchMethodError'{0x000000008b4eb008}: 'java.lang.Object java.lang.invoke.DirectMethodHandle$Holder.newInvokeSpecial(java.lang.Object, int)'> (0x000000008b4eb008) thrown at [./src/hotspot/share/interpreter/linkResolver.cpp, line 773]
Event: 18.126 Thread 0x000002958b9f6000 Exception <a 'java/lang/IncompatibleClassChangeError'{0x000000008b2a0830}: Found class java.lang.Object, but interface was expected> (0x000000008b2a0830) thrown at [./src/hotspot/share/interpreter/linkResolver.cpp, line 839]
Event: 18.127 Thread 0x000002958b9f6000 Exception <a 'java/lang/IncompatibleClassChangeError'{0x000000008b2aa920}: Found class java.lang.Object, but interface was expected> (0x000000008b2aa920) thrown at [./src/hotspot/share/interpreter/linkResolver.cpp, line 839]
Event: 18.188 Thread 0x0000029589875000 Exception <a 'java/lang/IncompatibleClassChangeError'{0x000000008a436288}: Found class java.lang.Object, but interface was expected> (0x000000008a436288) thrown at [./src/hotspot/share/interpreter/linkResolver.cpp, line 839]
Event: 18.188 Thread 0x000002958b9f6000 Exception <a 'java/lang/IncompatibleClassChangeError'{0x000000008a6de698}: Found class java.lang.Object, but interface was expected> (0x000000008a6de698) thrown at [./src/hotspot/share/interpreter/linkResolver.cpp, line 839]
Event: 18.188 Thread 0x0000029589881800 Exception <a 'java/lang/IncompatibleClassChangeError'{0x000000008a5f6fe0}: Found class java.lang.Object, but interface was expected> (0x000000008a5f6fe0) thrown at [./src/hotspot/share/interpreter/linkResolver.cpp, line 839]
Event: 18.193 Thread 0x000002958b9f6000 Exception <a 'java/lang/NoSuchMethodError'{0x000000008a4b30d0}: 'int java.lang.invoke.DirectMethodHandle$Holder.invokeVirtual(java.lang.Object, java.lang.Object, java.lang.Object)'> (0x000000008a4b30d0) thrown at [./src/hotspot/share/interpreter/linkResolver.cpp, line 773]

Events (20 events):
Event: 18.257 loading class com/android/tools/r8/internal/hF0 done
Event: 18.262 loading class com/android/tools/r8/internal/XH0
Event: 18.262 loading class com/android/tools/r8/internal/XH0 done
Event: 18.264 loading class com/android/tools/r8/internal/kE0
Event: 18.264 loading class com/android/tools/r8/internal/kE0 done
Event: 18.265 loading class com/android/tools/r8/internal/t81
Event: 18.265 loading class com/android/tools/r8/internal/t81 done
Event: 18.269 loading class com/android/tools/r8/internal/hF0$a
Event: 18.269 loading class com/android/tools/r8/internal/hF0$a done
Event: 18.274 loading class com/android/tools/r8/internal/XC0
Event: 18.274 loading class com/android/tools/r8/internal/XC0 done
Event: 18.293 loading class com/android/tools/r8/internal/nE0
Event: 18.293 loading class com/android/tools/r8/internal/nE0 done
Event: 18.295 Executing VM operation: G1CollectForAllocation
Event: 18.320 Executing VM operation: G1CollectForAllocation done
Event: 18.356 Executing VM operation: CGC_Operation
Event: 18.357 Executing VM operation: CGC_Operation done
Event: 18.383 loading class com/android/tools/r8/ir/conversion/r
Event: 18.383 loading class com/android/tools/r8/ir/conversion/r done
Event: 18.388 Executing VM operation: G1CollectForAllocation


Dynamic libraries:
0x00007ff709d50000 - 0x00007ff709d5a000 	D:\programming\jre\bin\java.exe
0x00007fff8a3e0000 - 0x00007fff8a5e9000 	C:\WINDOWS\SYSTEM32\ntdll.dll
0x00007fff89ac0000 - 0x00007fff89b7d000 	C:\WINDOWS\System32\KERNEL32.DLL
0x00007fff87cf0000 - 0x00007fff88069000 	C:\WINDOWS\System32\KERNELBASE.dll
0x00007fff878d0000 - 0x00007fff879e1000 	C:\WINDOWS\System32\ucrtbase.dll
0x00007fff79170000 - 0x00007fff79189000 	D:\programming\jre\bin\jli.dll
0x00007fff77290000 - 0x00007fff772a7000 	D:\programming\jre\bin\VCRUNTIME140.dll
0x00007fff884a0000 - 0x00007fff8864c000 	C:\WINDOWS\System32\USER32.dll
0x00007fff7bf20000 - 0x00007fff7c1c5000 	C:\WINDOWS\WinSxS\amd64_microsoft.windows.common-controls_6595b64144ccf1df_6.0.22000.120_none_9d947278b86cc467\COMCTL32.dll
0x00007fff88070000 - 0x00007fff88096000 	C:\WINDOWS\System32\win32u.dll
0x00007fff89c00000 - 0x00007fff89c29000 	C:\WINDOWS\System32\GDI32.dll
0x00007fff89440000 - 0x00007fff894e3000 	C:\WINDOWS\System32\msvcrt.dll
0x00007fff880a0000 - 0x00007fff881b2000 	C:\WINDOWS\System32\gdi32full.dll
0x00007fff87be0000 - 0x00007fff87c7d000 	C:\WINDOWS\System32\msvcp_win.dll
0x00007fff89d10000 - 0x00007fff89d41000 	C:\WINDOWS\System32\IMM32.DLL
0x00007fff6ca60000 - 0x00007fff6cafd000 	D:\programming\jre\bin\msvcp140.dll
0x00007fff0f0b0000 - 0x00007fff0fb85000 	D:\programming\jre\bin\server\jvm.dll
0x00007fff88990000 - 0x00007fff88a3e000 	C:\WINDOWS\System32\ADVAPI32.dll
0x00007fff88400000 - 0x00007fff8849e000 	C:\WINDOWS\System32\sechost.dll
0x00007fff88280000 - 0x00007fff883a0000 	C:\WINDOWS\System32\RPCRT4.dll
0x00007fff8a0e0000 - 0x00007fff8a0e8000 	C:\WINDOWS\System32\PSAPI.DLL
0x00007fff82b50000 - 0x00007fff82b83000 	C:\WINDOWS\SYSTEM32\WINMM.dll
0x00007fff83cc0000 - 0x00007fff83cc9000 	C:\WINDOWS\SYSTEM32\WSOCK32.dll
0x00007fff808d0000 - 0x00007fff808da000 	C:\WINDOWS\SYSTEM32\VERSION.dll
0x00007fff89a50000 - 0x00007fff89abf000 	C:\WINDOWS\System32\WS2_32.dll
0x00007fff869d0000 - 0x00007fff869e8000 	C:\WINDOWS\SYSTEM32\kernel.appcore.dll
0x00007fff7ba20000 - 0x00007fff7ba31000 	D:\programming\jre\bin\verify.dll
0x00007fff85340000 - 0x00007fff85561000 	C:\WINDOWS\SYSTEM32\DBGHELP.DLL
0x00007fff7cdd0000 - 0x00007fff7ce01000 	C:\WINDOWS\SYSTEM32\dbgcore.DLL
0x00007fff879f0000 - 0x00007fff87a6f000 	C:\WINDOWS\System32\bcryptPrimitives.dll
0x00007fff7b820000 - 0x00007fff7b849000 	D:\programming\jre\bin\java.dll
0x00007fff7ba10000 - 0x00007fff7ba1b000 	D:\programming\jre\bin\jimage.dll
0x00007fff797e0000 - 0x00007fff797f8000 	D:\programming\jre\bin\zip.dll
0x00007fff88ac0000 - 0x00007fff8926f000 	C:\WINDOWS\System32\SHELL32.dll
0x00007fff85a40000 - 0x00007fff862a8000 	C:\WINDOWS\SYSTEM32\windows.storage.dll
0x00007fff89d60000 - 0x00007fff8a0d8000 	C:\WINDOWS\System32\combase.dll
0x00007fff858d0000 - 0x00007fff85a36000 	C:\WINDOWS\SYSTEM32\wintypes.dll
0x00007fff894f0000 - 0x00007fff895da000 	C:\WINDOWS\System32\SHCORE.dll
0x00007fff8a270000 - 0x00007fff8a2cd000 	C:\WINDOWS\System32\shlwapi.dll
0x00007fff87800000 - 0x00007fff87821000 	C:\WINDOWS\SYSTEM32\profapi.dll
0x00007fff797c0000 - 0x00007fff797da000 	D:\programming\jre\bin\net.dll
0x00007fff81610000 - 0x00007fff8171c000 	C:\WINDOWS\SYSTEM32\WINHTTP.dll
0x00007fff86e00000 - 0x00007fff86e67000 	C:\WINDOWS\system32\mswsock.dll
0x00007fff795b0000 - 0x00007fff795c4000 	D:\programming\jre\bin\nio.dll
0x00007fff673c0000 - 0x00007fff673e7000 	C:\Users\polin\.gradle\native\e1d6ef7f7dcc3fd88c89a11ec53ec762bb8ba0a96d01ffa2cd45eb1d1d8dd5c5\windows-amd64\native-platform.dll
0x00007fff65cf0000 - 0x00007fff65e34000 	C:\Users\polin\.gradle\native\5664cfc778a61ccfe75a443a1ab52a65af34e5dc3c78e0209fed803814484fcb\windows-amd64\native-platform-file-events.dll
0x00007fff77210000 - 0x00007fff7721a000 	D:\programming\jre\bin\management.dll
0x00007fff77200000 - 0x00007fff7720d000 	D:\programming\jre\bin\management_ext.dll
0x00007fff87050000 - 0x00007fff87068000 	C:\WINDOWS\SYSTEM32\CRYPTSP.dll
0x00007fff86930000 - 0x00007fff86965000 	C:\WINDOWS\system32\rsaenh.dll
0x00007fff86ef0000 - 0x00007fff86f19000 	C:\WINDOWS\SYSTEM32\USERENV.dll
0x00007fff871c0000 - 0x00007fff871e7000 	C:\WINDOWS\SYSTEM32\bcrypt.dll
0x00007fff87040000 - 0x00007fff8704c000 	C:\WINDOWS\SYSTEM32\CRYPTBASE.dll
0x00007fff86500000 - 0x00007fff8652d000 	C:\WINDOWS\SYSTEM32\IPHLPAPI.DLL
0x00007fff89d50000 - 0x00007fff89d59000 	C:\WINDOWS\System32\NSI.dll
0x00007fff81d20000 - 0x00007fff81d39000 	C:\WINDOWS\SYSTEM32\dhcpcsvc6.DLL
0x00007fff82a90000 - 0x00007fff82aae000 	C:\WINDOWS\SYSTEM32\dhcpcsvc.DLL
0x00007fff86530000 - 0x00007fff86618000 	C:\WINDOWS\SYSTEM32\DNSAPI.dll

dbghelp: loaded successfully - version: 4.0.5 - missing functions: none
symbol engine: initialized successfully - sym options: 0x614 - pdb path: .;D:\programming\jre\bin;C:\WINDOWS\SYSTEM32;C:\WINDOWS\WinSxS\amd64_microsoft.windows.common-controls_6595b64144ccf1df_6.0.22000.120_none_9d947278b86cc467;D:\programming\jre\bin\server;C:\Users\polin\.gradle\native\e1d6ef7f7dcc3fd88c89a11ec53ec762bb8ba0a96d01ffa2cd45eb1d1d8dd5c5\windows-amd64;C:\Users\polin\.gradle\native\5664cfc778a61ccfe75a443a1ab52a65af34e5dc3c78e0209fed803814484fcb\windows-amd64

VM Arguments:
jvm_args: --add-opens=java.base/java.util=ALL-UNNAMED --add-opens=java.base/java.lang=ALL-UNNAMED --add-opens=java.base/java.lang.invoke=ALL-UNNAMED --add-opens=java.base/java.util=ALL-UNNAMED --add-opens=java.prefs/java.util.prefs=ALL-UNNAMED --add-opens=java.prefs/java.util.prefs=ALL-UNNAMED --add-opens=java.base/java.nio.charset=ALL-UNNAMED --add-opens=java.base/java.net=ALL-UNNAMED --add-opens=java.base/java.util.concurrent.atomic=ALL-UNNAMED -Xmx2048m -Dfile.encoding=UTF-8 -Duser.country=RU -Duser.language=ru -Duser.variant 
java_command: org.gradle.launcher.daemon.bootstrap.GradleDaemon 7.2
java_class_path (initial): C:\Users\polin\.gradle\wrapper\dists\gradle-7.2-bin\2dnblmf4td7x66yl1d74lt32g\gradle-7.2\lib\gradle-launcher-7.2.jar
Launcher Type: SUN_STANDARD

[Global flags]
     intx CICompilerCount                          = 4                                         {product} {ergonomic}
     uint ConcGCThreads                            = 2                                         {product} {ergonomic}
     uint G1ConcRefinementThreads                  = 8                                         {product} {ergonomic}
   size_t G1HeapRegionSize                         = 1048576                                   {product} {ergonomic}
    uintx GCDrainStackTargetSize                   = 64                                        {product} {ergonomic}
   size_t InitialHeapSize                          = 117440512                                 {product} {ergonomic}
   size_t MarkStackSize                            = 4194304                                   {product} {ergonomic}
   size_t MaxHeapSize                              = 2147483648                                {product} {command line}
   size_t MaxNewSize                               = 1287651328                                {product} {ergonomic}
   size_t MinHeapDeltaBytes                        = 1048576                                   {product} {ergonomic}
    uintx NonNMethodCodeHeapSize                   = 5836300                                {pd product} {ergonomic}
    uintx NonProfiledCodeHeapSize                  = 122910970                              {pd product} {ergonomic}
    uintx ProfiledCodeHeapSize                     = 122910970                              {pd product} {ergonomic}
    uintx ReservedCodeCacheSize                    = 251658240                              {pd product} {ergonomic}
     bool SegmentedCodeCache                       = true                                      {product} {ergonomic}
     bool UseCompressedClassPointers               = true                                 {lp64_product} {ergonomic}
     bool UseCompressedOops                        = true                                 {lp64_product} {ergonomic}
     bool UseG1GC                                  = true                                      {product} {ergonomic}
     bool UseLargePagesIndividualAllocation        = false                                  {pd product} {ergonomic}

Logging:
Log output configuration:
 #0: stdout all=warning uptime,level,tags
 #1: stderr all=off uptime,level,tags

Environment Variables:
PATH=C:\Program Files\Common Files\Oracle\Java\javapath;C:\WINDOWS\system32;C:\WINDOWS;C:\WINDOWS\System32\Wbem;C:\WINDOWS\System32\WindowsPowerShell\v1.0\;C:\WINDOWS\System32\OpenSSH\;D:\Git\Git\cmd;C:\Program Files\MySQL\MySQL Shell 8.0\bin\;D:\Python310\Scripts\;D:\Python310\;C:\Users\polin\AppData\Local\Microsoft\WindowsApps;D:\Python\PyCharm Community Edition 2021.3.2\bin;;C:\Users\polin\AppData\Local\GitHubDesktop\bin;C:\src\flutter\bin;
USERNAME=polin
OS=Windows_NT
PROCESSOR_IDENTIFIER=AMD64 Family 23 Model 24 Stepping 1, AuthenticAMD



---------------  S Y S T E M  ---------------

OS: Windows 10 , 64 bit Build 22000 (10.0.22000.675)
OS uptime: 2 days 19:37 hours

CPU:total 8 (initial active 8) (8 cores per cpu, 2 threads per core) family 23 model 24 stepping 1 microcode 0x0, cmov, cx8, fxsr, mmx, sse, sse2, sse3, ssse3, sse4.1, sse4.2, popcnt, avx, avx2, aes, clmul, mmxext, 3dnowpref, lzcnt, sse4a, ht, tsc, tscinvbit, tscinv, bmi1, bmi2, adx, s

Memory: 4k page, system-wide physical 7103M (326M free)
TotalPageFile size 17353M (AvailPageFile size 8M)
current process WorkingSet (physical memory assigned to process): 499M, peak: 499M
current process commit charge ("private bytes"): 566M, peak: 609M

vm_info: OpenJDK 64-Bit Server VM (11.0.11+9-b60-7590822) for windows-amd64 JRE (11.0.11+9-b60-7590822), built on Jul 29 2021 21:43:44 by "builder" with MS VC++ 14.0 (VS2015)

END.
