#
# There is insufficient memory for the Java Runtime Environment to continue.
# Native memory allocation (mmap) failed to map 120586240 bytes for Failed to commit area from 0x000000008c300000 to 0x0000000093600000 of length 120586240.
# Possible reasons:
#   The system is out of physical RAM or swap space
#   The process is running with CompressedOops enabled, and the Java Heap may be blocking the growth of the native heap
# Possible solutions:
#   Reduce memory load on the system
#   Increase physical memory or swap space
#   Check if swap backing store is full
#   Decrease Java heap size (-Xmx/-Xms)
#   Decrease number of Java threads
#   Decrease Java thread stack sizes (-Xss)
#   Set larger code cache with -XX:ReservedCodeCacheSize=
#   JVM is running with Unscaled Compressed Oops mode in which the Java heap is
#     placed in the first 4GB address space. The Java Heap base address is the
#     maximum limit for the native heap growth. Please use -XX:HeapBaseMinAddress
#     to set the Java Heap base and to place the Java Heap above 4GB virtual address.
# This output file may be truncated or incomplete.
#
#  Out of Memory Error (./src/hotspot/os/windows/os_windows.cpp:3301), pid=16084, tid=2096
#
# JRE version: OpenJDK Runtime Environment (11.0.11+9) (build 11.0.11+9-b60-7590822)
# Java VM: OpenJDK 64-Bit Server VM (11.0.11+9-b60-7590822, mixed mode, tiered, compressed oops, g1 gc, windows-amd64)
# No core dump will be written. Minidumps are not enabled by default on client versions of Windows
#

---------------  S U M M A R Y ------------

Command Line: --add-opens=java.base/java.util=ALL-UNNAMED --add-opens=java.base/java.lang=ALL-UNNAMED --add-opens=java.base/java.lang.invoke=ALL-UNNAMED --add-opens=java.base/java.util=ALL-UNNAMED --add-opens=java.prefs/java.util.prefs=ALL-UNNAMED --add-opens=java.prefs/java.util.prefs=ALL-UNNAMED --add-opens=java.base/java.nio.charset=ALL-UNNAMED --add-opens=java.base/java.net=ALL-UNNAMED --add-opens=java.base/java.util.concurrent.atomic=ALL-UNNAMED -Xmx2048m -Dfile.encoding=UTF-8 -Duser.country=RU -Duser.language=ru -Duser.variant org.gradle.launcher.daemon.bootstrap.GradleDaemon 7.2

Host: AMD Ryzen 5 3500U with Radeon Vega Mobile Gfx  , 8 cores, 6G,  Windows 10 , 64 bit Build 22000 (10.0.22000.675)
Time: Tue May 17 14:06:06 2022 RTZ 2 (зима) elapsed time: 19.084356 seconds (0d 0h 0m 19s)

---------------  T H R E A D  ---------------

Current thread (0x0000020634788000):  VMThread "VM Thread" [stack: 0x0000007aa3f00000,0x0000007aa4000000] [id=2096]

Stack: [0x0000007aa3f00000,0x0000007aa4000000]
[error occurred during error reporting (printing stack bounds), id 0xc0000005, EXCEPTION_ACCESS_VIOLATION (0xc0000005) at pc=0x000002061de30f2d]

Native frames: (J=compiled Java code, j=interpreted, Vv=VM code, C=native code)
V  [jvm.dll+0x5f214a]
V  [jvm.dll+0x726fb5]
V  [jvm.dll+0x7285cd]
V  [jvm.dll+0x728be5]
V  [jvm.dll+0x728b9b]
V  [jvm.dll+0x5f14e8]
V  [jvm.dll+0x5f1c78]
C  [ntdll.dll+0xa8e4f]
C  [ntdll.dll+0x35e9a]
C  [ntdll.dll+0xa7e5e]
C  0x000002061de30f2d

VM_Operation (0x0000007aaa3f9090): G1CollectForAllocation, mode: safepoint, requested by thread 0x000002063b9e2000


---------------  P R O C E S S  ---------------

Threads class SMR info:
_java_thread_list=0x000002063ada38a0, length=134, elements={
0x000002061a32e800, 0x000002063478d000, 0x0000020634798000, 0x00000206347ad000,
0x00000206347ad800, 0x00000206347b1000, 0x00000206347bc000, 0x00000206347c5800,
0x00000206347c7000, 0x000002063527c000, 0x00000206373e7000, 0x0000020636b67000,
0x000002063726b000, 0x0000020636be5000, 0x00000206373b6800, 0x00000206372ec000,
0x00000206375cf800, 0x00000206375d0000, 0x0000020637269800, 0x00000206369a1000,
0x000002063699e800, 0x000002063699f800, 0x00000206369a0000, 0x00000206369a2000,
0x000002063699e000, 0x00000206369a2800, 0x00000206369a3800, 0x00000206369a4800,
0x0000020638bd1800, 0x0000020638bd2800, 0x0000020638bd0800, 0x0000020638bd6800,
0x0000020638bd9000, 0x0000020638bd9800, 0x0000020638bd4800, 0x0000020638bda800,
0x0000020638bd7000, 0x0000020638bdb800, 0x0000020638bd5800, 0x0000020638bde800,
0x0000020638bdc000, 0x0000020638bdd800, 0x0000020638bdd000, 0x0000020638bdf800,
0x00000206357a3000, 0x00000206357a3800, 0x000002063579f800, 0x00000206357a4800,
0x000002063579f000, 0x00000206357a2000, 0x00000206357a5800, 0x00000206357a6000,
0x00000206357a0800, 0x00000206357a7000, 0x00000206357a1800, 0x00000206357ac000,
0x00000206357ac800, 0x00000206357ab000, 0x00000206357ad800, 0x00000206357a8800,
0x00000206357a8000, 0x00000206357a9800, 0x00000206357aa000, 0x0000020637ca1000,
0x0000020637ca4800, 0x0000020637ca2000, 0x0000020637ca5800, 0x0000020637ca3000,
0x0000020637ca3800, 0x0000020637c9f800, 0x0000020637ca6000, 0x0000020637ca0800,
0x0000020637caa000, 0x0000020637cac800, 0x0000020637ca8000, 0x0000020637ca8800,
0x0000020637ca7000, 0x0000020637cab000, 0x0000020637ca9800, 0x0000020637cac000,
0x0000020637cad800, 0x0000020637cae800, 0x000002063b9e1800, 0x000002063b9e4000,
0x000002063b9e5800, 0x000002063b9e6000, 0x000002063b9e4800, 0x000002063b9e0800,
0x000002063b9e7000, 0x000002063b9e8000, 0x000002063b9e2000, 0x000002063b9e8800,
0x000002063b9e3000, 0x000002063b9eb000, 0x000002063b9ec000, 0x000002063b9ea800,
0x000002063b9ed000, 0x000002063b9ed800, 0x000002063b9ef000, 0x000002063b9e9800,
0x000002063b9ee800, 0x000002063af7a800, 0x000002063af79000, 0x000002063af77800,
0x000002063af7a000, 0x000002063af7b800, 0x000002063af7c800, 0x000002063af78800,
0x000002063af7e000, 0x000002063af7f800, 0x000002063af83000, 0x000002063af7f000,
0x000002063af80800, 0x000002063af81800, 0x000002063af82000, 0x000002063af7d000,
0x000002063af85800, 0x000002063af84800, 0x000002063af86000, 0x000002063af83800,
0x000002063bc7a800, 0x000002063bc79800, 0x000002063bc7e000, 0x000002063bc7c000,
0x000002063bc7d000, 0x000002063bc78000, 0x000002063bc7e800, 0x000002063bc79000,
0x000002063bc81000, 0x000002063bc84800, 0x000002063bc85000, 0x000002063bc82800,
0x000002063bc7f800, 0x000002063bc80000
}

Java Threads: ( => current thread )
  0x000002061a32e800 JavaThread "main" [_thread_blocked, id=11220, stack(0x0000007aa3900000,0x0000007aa3a00000)]
  0x000002063478d000 JavaThread "Reference Handler" daemon [_thread_blocked, id=9280, stack(0x0000007aa4000000,0x0000007aa4100000)]
  0x0000020634798000 JavaThread "Finalizer" daemon [_thread_blocked, id=2172, stack(0x0000007aa4100000,0x0000007aa4200000)]
  0x00000206347ad000 JavaThread "Signal Dispatcher" daemon [_thread_blocked, id=10436, stack(0x0000007aa4200000,0x0000007aa4300000)]
  0x00000206347ad800 JavaThread "Attach Listener" daemon [_thread_blocked, id=19224, stack(0x0000007aa4300000,0x0000007aa4400000)]
  0x00000206347b1000 JavaThread "Service Thread" daemon [_thread_blocked, id=6368, stack(0x0000007aa4400000,0x0000007aa4500000)]
  0x00000206347bc000 JavaThread "C2 CompilerThread0" daemon [_thread_blocked, id=6656, stack(0x0000007aa4500000,0x0000007aa4600000)]
  0x00000206347c5800 JavaThread "C1 CompilerThread0" daemon [_thread_blocked, id=15812, stack(0x0000007aa4600000,0x0000007aa4700000)]
  0x00000206347c7000 JavaThread "Sweeper thread" daemon [_thread_blocked, id=7348, stack(0x0000007aa4700000,0x0000007aa4800000)]
  0x000002063527c000 JavaThread "Common-Cleaner" daemon [_thread_blocked, id=10416, stack(0x0000007aa4800000,0x0000007aa4900000)]
  0x00000206373e7000 JavaThread "Daemon health stats" [_thread_blocked, id=18392, stack(0x0000007aa4c00000,0x0000007aa4d00000)]
  0x0000020636b67000 JavaThread "Incoming local TCP Connector on port 54875" [_thread_in_native, id=3444, stack(0x0000007aa4a00000,0x0000007aa4b00000)]
  0x000002063726b000 JavaThread "Daemon periodic checks" [_thread_blocked, id=1800, stack(0x0000007aa4d00000,0x0000007aa4e00000)]
  0x0000020636be5000 JavaThread "Daemon" [_thread_blocked, id=18680, stack(0x0000007aa4e00000,0x0000007aa4f00000)]
  0x00000206373b6800 JavaThread "Handler for socket connection from /127.0.0.1:54875 to /127.0.0.1:54876" [_thread_in_native, id=17256, stack(0x0000007aa4f00000,0x0000007aa5000000)]
  0x00000206372ec000 JavaThread "Cancel handler" [_thread_blocked, id=9376, stack(0x0000007aa5000000,0x0000007aa5100000)]
  0x00000206375cf800 JavaThread "Daemon worker" [_thread_blocked, id=18332, stack(0x0000007aa5100000,0x0000007aa5200000)]
  0x00000206375d0000 JavaThread "Asynchronous log dispatcher for DefaultDaemonConnection: socket connection from /127.0.0.1:54875 to /127.0.0.1:54876" [_thread_blocked, id=1284, stack(0x0000007aa5200000,0x0000007aa5300000)]
  0x0000020637269800 JavaThread "Stdin handler" [_thread_blocked, id=4224, stack(0x0000007aa5300000,0x0000007aa5400000)]
  0x00000206369a1000 JavaThread "Daemon client event forwarder" [_thread_blocked, id=11816, stack(0x0000007aa5a00000,0x0000007aa5b00000)]
  0x000002063699e800 JavaThread "Cache worker for journal cache (C:\Users\polin\.gradle\caches\journal-1)" [_thread_blocked, id=15732, stack(0x0000007aa5b00000,0x0000007aa5c00000)]
  0x000002063699f800 JavaThread "File lock request listener" [_thread_in_native, id=16440, stack(0x0000007aa5c00000,0x0000007aa5d00000)]
  0x00000206369a0000 JavaThread "Cache worker for file hash cache (C:\Users\polin\.gradle\caches\7.2\fileHashes)" [_thread_blocked, id=6056, stack(0x0000007aa5d00000,0x0000007aa5e00000)]
  0x00000206369a2000 JavaThread "Cache worker for file hash cache (D:\all_projects\mirea\mobilki\pr11\.gradle\7.2\fileHashes)" [_thread_blocked, id=18704, stack(0x0000007aa6000000,0x0000007aa6100000)]
  0x000002063699e000 JavaThread "File watcher server" daemon [_thread_blocked, id=19304, stack(0x0000007aa6100000,0x0000007aa6200000)]
  0x00000206369a2800 JavaThread "File watcher consumer" daemon [_thread_blocked, id=3148, stack(0x0000007aa6200000,0x0000007aa6300000)]
  0x00000206369a3800 JavaThread "Cache worker for checksums cache (D:\all_projects\mirea\mobilki\pr11\.gradle\checksums)" [_thread_blocked, id=9368, stack(0x0000007aa6300000,0x0000007aa6400000)]
  0x00000206369a4800 JavaThread "Cache worker for cache directory md-supplier (C:\Users\polin\.gradle\caches\7.2\md-supplier)" [_thread_blocked, id=13060, stack(0x0000007aa6400000,0x0000007aa6500000)]
  0x0000020638bd1800 JavaThread "Cache worker for cache directory md-rule (C:\Users\polin\.gradle\caches\7.2\md-rule)" [_thread_blocked, id=8856, stack(0x0000007aa6500000,0x0000007aa6600000)]
  0x0000020638bd2800 JavaThread "Cache worker for execution history cache (C:\Users\polin\.gradle\caches\7.2\executionHistory)" [_thread_blocked, id=16220, stack(0x0000007aa6600000,0x0000007aa6700000)]
  0x0000020638bd0800 JavaThread "jar transforms" [_thread_blocked, id=14132, stack(0x0000007aa6700000,0x0000007aa6800000)]
  0x0000020638bd6800 JavaThread "Cache worker for file content cache (C:\Users\polin\.gradle\caches\7.2\fileContent)" [_thread_blocked, id=3064, stack(0x0000007aa6800000,0x0000007aa6900000)]
  0x0000020638bd9000 JavaThread "jar transforms Thread 2" [_thread_blocked, id=19048, stack(0x0000007aa6900000,0x0000007aa6a00000)]
  0x0000020638bd9800 JavaThread "Cache worker for dependencies-accessors (D:\all_projects\mirea\mobilki\pr11\.gradle\7.2\dependencies-accessors)" [_thread_blocked, id=13980, stack(0x0000007aa6a00000,0x0000007aa6b00000)]
  0x0000020638bd4800 JavaThread "jar transforms Thread 3" [_thread_blocked, id=7772, stack(0x0000007aa6b00000,0x0000007aa6c00000)]
  0x0000020638bda800 JavaThread "Cache worker for Build Output Cleanup Cache (D:\all_projects\mirea\mobilki\pr11\.gradle\buildOutputCleanup)" [_thread_blocked, id=1624, stack(0x0000007aa6c00000,0x0000007aa6d00000)]
  0x0000020638bd7000 JavaThread "Unconstrained build operations" [_thread_blocked, id=1492, stack(0x0000007aa6d00000,0x0000007aa6e00000)]
  0x0000020638bdb800 JavaThread "Unconstrained build operations Thread 2" [_thread_blocked, id=5372, stack(0x0000007aa6e00000,0x0000007aa6f00000)]
  0x0000020638bd5800 JavaThread "Unconstrained build operations Thread 3" [_thread_blocked, id=12704, stack(0x0000007aa6f00000,0x0000007aa7000000)]
  0x0000020638bde800 JavaThread "Unconstrained build operations Thread 4" [_thread_blocked, id=10568, stack(0x0000007aa7000000,0x0000007aa7100000)]
  0x0000020638bdc000 JavaThread "Unconstrained build operations Thread 5" [_thread_blocked, id=1060, stack(0x0000007aa7100000,0x0000007aa7200000)]
  0x0000020638bdd800 JavaThread "Unconstrained build operations Thread 6" [_thread_blocked, id=1884, stack(0x0000007aa7200000,0x0000007aa7300000)]
  0x0000020638bdd000 JavaThread "Unconstrained build operations Thread 7" [_thread_blocked, id=1984, stack(0x0000007aa7300000,0x0000007aa7400000)]
  0x0000020638bdf800 JavaThread "Unconstrained build operations Thread 8" [_thread_blocked, id=9408, stack(0x0000007aa7400000,0x0000007aa7500000)]
  0x00000206357a3000 JavaThread "Unconstrained build operations Thread 9" [_thread_blocked, id=15840, stack(0x0000007aa7500000,0x0000007aa7600000)]
  0x00000206357a3800 JavaThread "Unconstrained build operations Thread 10" [_thread_blocked, id=14032, stack(0x0000007aa7600000,0x0000007aa7700000)]
  0x000002063579f800 JavaThread "Unconstrained build operations Thread 11" [_thread_blocked, id=9500, stack(0x0000007aa7700000,0x0000007aa7800000)]
  0x00000206357a4800 JavaThread "Unconstrained build operations Thread 12" [_thread_blocked, id=17020, stack(0x0000007aa7800000,0x0000007aa7900000)]
  0x000002063579f000 JavaThread "Unconstrained build operations Thread 13" [_thread_blocked, id=14472, stack(0x0000007aa7900000,0x0000007aa7a00000)]
  0x00000206357a2000 JavaThread "Unconstrained build operations Thread 14" [_thread_blocked, id=4932, stack(0x0000007aa7a00000,0x0000007aa7b00000)]
  0x00000206357a5800 JavaThread "Unconstrained build operations Thread 15" [_thread_blocked, id=17788, stack(0x0000007aa7b00000,0x0000007aa7c00000)]
  0x00000206357a6000 JavaThread "Unconstrained build operations Thread 16" [_thread_blocked, id=9516, stack(0x0000007aa7c00000,0x0000007aa7d00000)]
  0x00000206357a0800 JavaThread "Unconstrained build operations Thread 17" [_thread_blocked, id=9888, stack(0x0000007aa7d00000,0x0000007aa7e00000)]
  0x00000206357a7000 JavaThread "Unconstrained build operations Thread 18" [_thread_blocked, id=8480, stack(0x0000007aa7e00000,0x0000007aa7f00000)]
  0x00000206357a1800 JavaThread "Unconstrained build operations Thread 19" [_thread_blocked, id=15420, stack(0x0000007aa7f00000,0x0000007aa8000000)]
  0x00000206357ac000 JavaThread "Unconstrained build operations Thread 20" [_thread_blocked, id=7952, stack(0x0000007aa8000000,0x0000007aa8100000)]
  0x00000206357ac800 JavaThread "Unconstrained build operations Thread 21" [_thread_blocked, id=16876, stack(0x0000007aa8100000,0x0000007aa8200000)]
  0x00000206357ab000 JavaThread "Unconstrained build operations Thread 22" [_thread_blocked, id=11368, stack(0x0000007aa8200000,0x0000007aa8300000)]
  0x00000206357ad800 JavaThread "Unconstrained build operations Thread 23" [_thread_blocked, id=16896, stack(0x0000007aa8300000,0x0000007aa8400000)]
  0x00000206357a8800 JavaThread "Unconstrained build operations Thread 24" [_thread_blocked, id=804, stack(0x0000007aa8400000,0x0000007aa8500000)]
  0x00000206357a8000 JavaThread "Unconstrained build operations Thread 25" [_thread_blocked, id=5480, stack(0x0000007aa8500000,0x0000007aa8600000)]
  0x00000206357a9800 JavaThread "Unconstrained build operations Thread 26" [_thread_blocked, id=9532, stack(0x0000007aa8600000,0x0000007aa8700000)]
  0x00000206357aa000 JavaThread "Unconstrained build operations Thread 27" [_thread_blocked, id=18172, stack(0x0000007aa8700000,0x0000007aa8800000)]
  0x0000020637ca1000 JavaThread "Unconstrained build operations Thread 28" [_thread_blocked, id=14352, stack(0x0000007aa8800000,0x0000007aa8900000)]
  0x0000020637ca4800 JavaThread "Unconstrained build operations Thread 29" [_thread_blocked, id=13308, stack(0x0000007aa8900000,0x0000007aa8a00000)]
  0x0000020637ca2000 JavaThread "Unconstrained build operations Thread 30" [_thread_blocked, id=14432, stack(0x0000007aa8a00000,0x0000007aa8b00000)]
  0x0000020637ca5800 JavaThread "Unconstrained build operations Thread 31" [_thread_blocked, id=7500, stack(0x0000007aa8b00000,0x0000007aa8c00000)]
  0x0000020637ca3000 JavaThread "Unconstrained build operations Thread 32" [_thread_blocked, id=7024, stack(0x0000007aa8c00000,0x0000007aa8d00000)]
  0x0000020637ca3800 JavaThread "Unconstrained build operations Thread 33" [_thread_blocked, id=1964, stack(0x0000007aa8d00000,0x0000007aa8e00000)]
  0x0000020637c9f800 JavaThread "Unconstrained build operations Thread 34" [_thread_blocked, id=11504, stack(0x0000007aa8e00000,0x0000007aa8f00000)]
  0x0000020637ca6000 JavaThread "Unconstrained build operations Thread 35" [_thread_blocked, id=2804, stack(0x0000007aa8f00000,0x0000007aa9000000)]
  0x0000020637ca0800 JavaThread "Unconstrained build operations Thread 36" [_thread_blocked, id=7152, stack(0x0000007aa9000000,0x0000007aa9100000)]
  0x0000020637caa000 JavaThread "Unconstrained build operations Thread 37" [_thread_blocked, id=13480, stack(0x0000007aa9100000,0x0000007aa9200000)]
  0x0000020637cac800 JavaThread "Unconstrained build operations Thread 38" [_thread_blocked, id=7736, stack(0x0000007aa9200000,0x0000007aa9300000)]
  0x0000020637ca8000 JavaThread "Unconstrained build operations Thread 39" [_thread_blocked, id=15388, stack(0x0000007aa9300000,0x0000007aa9400000)]
  0x0000020637ca8800 JavaThread "Unconstrained build operations Thread 40" [_thread_blocked, id=9812, stack(0x0000007aa9400000,0x0000007aa9500000)]
  0x0000020637ca7000 JavaThread "Unconstrained build operations Thread 41" [_thread_blocked, id=13496, stack(0x0000007aa9500000,0x0000007aa9600000)]
  0x0000020637cab000 JavaThread "Unconstrained build operations Thread 42" [_thread_blocked, id=2700, stack(0x0000007aa9600000,0x0000007aa9700000)]
  0x0000020637ca9800 JavaThread "Unconstrained build operations Thread 43" [_thread_blocked, id=5916, stack(0x0000007aa9700000,0x0000007aa9800000)]
  0x0000020637cac000 JavaThread "Unconstrained build operations Thread 44" [_thread_blocked, id=3460, stack(0x0000007aa9800000,0x0000007aa9900000)]
  0x0000020637cad800 JavaThread "Unconstrained build operations Thread 45" [_thread_blocked, id=12004, stack(0x0000007aa9900000,0x0000007aa9a00000)]
  0x0000020637cae800 JavaThread "Unconstrained build operations Thread 46" [_thread_blocked, id=12908, stack(0x0000007aa9a00000,0x0000007aa9b00000)]
  0x000002063b9e1800 JavaThread "Unconstrained build operations Thread 47" [_thread_blocked, id=2908, stack(0x0000007aa9b00000,0x0000007aa9c00000)]
  0x000002063b9e4000 JavaThread "Unconstrained build operations Thread 48" [_thread_blocked, id=15912, stack(0x0000007aa9c00000,0x0000007aa9d00000)]
  0x000002063b9e5800 JavaThread "Unconstrained build operations Thread 49" [_thread_blocked, id=18016, stack(0x0000007aa9d00000,0x0000007aa9e00000)]
  0x000002063b9e6000 JavaThread "Unconstrained build operations Thread 50" [_thread_blocked, id=12144, stack(0x0000007aa9e00000,0x0000007aa9f00000)]
  0x000002063b9e4800 JavaThread "Unconstrained build operations Thread 51" [_thread_blocked, id=6764, stack(0x0000007aa9f00000,0x0000007aaa000000)]
  0x000002063b9e0800 JavaThread "Unconstrained build operations Thread 52" [_thread_blocked, id=13580, stack(0x0000007aaa000000,0x0000007aaa100000)]
  0x000002063b9e7000 JavaThread "Unconstrained build operations Thread 53" [_thread_blocked, id=17196, stack(0x0000007aaa100000,0x0000007aaa200000)]
  0x000002063b9e8000 JavaThread "Unconstrained build operations Thread 54" [_thread_blocked, id=11208, stack(0x0000007aaa200000,0x0000007aaa300000)]
  0x000002063b9e2000 JavaThread "Unconstrained build operations Thread 55" [_thread_blocked, id=19284, stack(0x0000007aaa300000,0x0000007aaa400000)]
  0x000002063b9e8800 JavaThread "Unconstrained build operations Thread 56" [_thread_blocked, id=2684, stack(0x0000007aaa400000,0x0000007aaa500000)]
  0x000002063b9e3000 JavaThread "Unconstrained build operations Thread 57" [_thread_blocked, id=13668, stack(0x0000007aaa500000,0x0000007aaa600000)]
  0x000002063b9eb000 JavaThread "Unconstrained build operations Thread 58" [_thread_blocked, id=18940, stack(0x0000007aaa600000,0x0000007aaa700000)]
  0x000002063b9ec000 JavaThread "Unconstrained build operations Thread 59" [_thread_blocked, id=10864, stack(0x0000007aaa700000,0x0000007aaa800000)]
  0x000002063b9ea800 JavaThread "Unconstrained build operations Thread 60" [_thread_blocked, id=1188, stack(0x0000007aaa800000,0x0000007aaa900000)]
  0x000002063b9ed000 JavaThread "Unconstrained build operations Thread 61" [_thread_blocked, id=18872, stack(0x0000007aaa900000,0x0000007aaaa00000)]
  0x000002063b9ed800 JavaThread "Unconstrained build operations Thread 62" [_thread_blocked, id=12456, stack(0x0000007aaaa00000,0x0000007aaab00000)]
  0x000002063b9ef000 JavaThread "Unconstrained build operations Thread 63" [_thread_blocked, id=9248, stack(0x0000007aaab00000,0x0000007aaac00000)]
  0x000002063b9e9800 JavaThread "Unconstrained build operations Thread 64" [_thread_blocked, id=16624, stack(0x0000007aaac00000,0x0000007aaad00000)]
  0x000002063b9ee800 JavaThread "Unconstrained build operations Thread 65" [_thread_blocked, id=14028, stack(0x0000007aaad00000,0x0000007aaae00000)]
  0x000002063af7a800 JavaThread "Unconstrained build operations Thread 66" [_thread_blocked, id=16268, stack(0x0000007aaae00000,0x0000007aaaf00000)]
  0x000002063af79000 JavaThread "Unconstrained build operations Thread 67" [_thread_blocked, id=17288, stack(0x0000007aaaf00000,0x0000007aab000000)]
  0x000002063af77800 JavaThread "Unconstrained build operations Thread 68" [_thread_blocked, id=16792, stack(0x0000007aab000000,0x0000007aab100000)]
  0x000002063af7a000 JavaThread "Unconstrained build operations Thread 69" [_thread_blocked, id=10260, stack(0x0000007aab100000,0x0000007aab200000)]
  0x000002063af7b800 JavaThread "Unconstrained build operations Thread 70" [_thread_blocked, id=3772, stack(0x0000007aab200000,0x0000007aab300000)]
  0x000002063af7c800 JavaThread "Unconstrained build operations Thread 71" [_thread_blocked, id=18868, stack(0x0000007aab300000,0x0000007aab400000)]
  0x000002063af78800 JavaThread "Unconstrained build operations Thread 72" [_thread_blocked, id=15108, stack(0x0000007aab400000,0x0000007aab500000)]
  0x000002063af7e000 JavaThread "Unconstrained build operations Thread 73" [_thread_blocked, id=18344, stack(0x0000007aab500000,0x0000007aab600000)]
  0x000002063af7f800 JavaThread "Unconstrained build operations Thread 74" [_thread_blocked, id=14188, stack(0x0000007aab600000,0x0000007aab700000)]
  0x000002063af83000 JavaThread "Unconstrained build operations Thread 75" [_thread_blocked, id=16960, stack(0x0000007aab700000,0x0000007aab800000)]
  0x000002063af7f000 JavaThread "Unconstrained build operations Thread 76" [_thread_blocked, id=3476, stack(0x0000007aab800000,0x0000007aab900000)]
  0x000002063af80800 JavaThread "Unconstrained build operations Thread 77" [_thread_blocked, id=14176, stack(0x0000007aab900000,0x0000007aaba00000)]
  0x000002063af81800 JavaThread "Unconstrained build operations Thread 78" [_thread_blocked, id=12760, stack(0x0000007aaba00000,0x0000007aabb00000)]
  0x000002063af82000 JavaThread "Unconstrained build operations Thread 79" [_thread_blocked, id=18488, stack(0x0000007aabb00000,0x0000007aabc00000)]
  0x000002063af7d000 JavaThread "Unconstrained build operations Thread 80" [_thread_blocked, id=16236, stack(0x0000007aabc00000,0x0000007aabd00000)]
  0x000002063af85800 JavaThread "jar transforms Thread 4" [_thread_blocked, id=12236, stack(0x0000007aabd00000,0x0000007aabe00000)]
  0x000002063af84800 JavaThread "jar transforms Thread 5" [_thread_blocked, id=13888, stack(0x0000007aabe00000,0x0000007aabf00000)]
  0x000002063af86000 JavaThread "jar transforms Thread 6" [_thread_blocked, id=17096, stack(0x0000007aabf00000,0x0000007aac000000)]
  0x000002063af83800 JavaThread "jar transforms Thread 7" [_thread_blocked, id=14616, stack(0x0000007aac000000,0x0000007aac100000)]
  0x000002063bc7a800 JavaThread "jar transforms Thread 8" [_thread_blocked, id=15584, stack(0x0000007aac100000,0x0000007aac200000)]
  0x000002063bc79800 JavaThread "Memory manager" [_thread_blocked, id=19388, stack(0x0000007aac200000,0x0000007aac300000)]
  0x000002063bc7e000 JavaThread "build event listener" [_thread_blocked, id=1888, stack(0x0000007aac300000,0x0000007aac400000)]
  0x000002063bc7c000 JavaThread "pool-3-thread-1" [_thread_blocked, id=6896, stack(0x0000007aac400000,0x0000007aac500000)]
  0x000002063bc7d000 JavaThread "build event listener" [_thread_blocked, id=2604, stack(0x0000007aac500000,0x0000007aac600000)]
  0x000002063bc78000 JavaThread "Execution worker for ':'" [_thread_blocked, id=8380, stack(0x0000007aac600000,0x0000007aac700000)]
  0x000002063bc7e800 JavaThread "Execution worker for ':' Thread 2" [_thread_blocked, id=15088, stack(0x0000007aac700000,0x0000007aac800000)]
  0x000002063bc79000 JavaThread "Execution worker for ':' Thread 3" [_thread_blocked, id=18472, stack(0x0000007aac800000,0x0000007aac900000)]
  0x000002063bc81000 JavaThread "Execution worker for ':' Thread 4" [_thread_blocked, id=10364, stack(0x0000007aac900000,0x0000007aaca00000)]
  0x000002063bc84800 JavaThread "Execution worker for ':' Thread 5" [_thread_blocked, id=11160, stack(0x0000007aaca00000,0x0000007aacb00000)]
  0x000002063bc85000 JavaThread "Execution worker for ':' Thread 6" [_thread_blocked, id=9300, stack(0x0000007aacb00000,0x0000007aacc00000)]
  0x000002063bc82800 JavaThread "Execution worker for ':' Thread 7" [_thread_blocked, id=12780, stack(0x0000007aacc00000,0x0000007aacd00000)]
  0x000002063bc7f800 JavaThread "Cache worker for execution history cache (D:\all_projects\mirea\mobilki\pr11\.gradle\7.2\executionHistory)" [_thread_blocked, id=15028, stack(0x0000007aacd00000,0x0000007aace00000)]
  0x000002063bc80000 JavaThread "WorkerExecutor Queue" [_thread_blocked, id=8492, stack(0x0000007aa5f00000,0x0000007aa6000000)]

Other Threads:
=>0x0000020634788000 VMThread "VM Thread" [stack: 0x0000007aa3f00000,0x0000007aa4000000] [id=2096]
  0x0000020635294000 WatcherThread [stack: 0x0000007aa4900000,0x0000007aa4a00000] [id=4124]
  0x000002061a348800 GCTaskThread "GC Thread#0" [stack: 0x0000007aa3a00000,0x0000007aa3b00000] [id=6396]
  0x0000020635a00800 GCTaskThread "GC Thread#1" [stack: 0x0000007aa4b00000,0x0000007aa4c00000] [id=10448]
  0x000002063636e800 GCTaskThread "GC Thread#2" [stack: 0x0000007aa5400000,0x0000007aa5500000] [id=13568]
  0x0000020637753000 GCTaskThread "GC Thread#3" [stack: 0x0000007aa5500000,0x0000007aa5600000] [id=7252]
  0x0000020637753800 GCTaskThread "GC Thread#4" [stack: 0x0000007aa5600000,0x0000007aa5700000] [id=2852]
  0x0000020637f89800 GCTaskThread "GC Thread#5" [stack: 0x0000007aa5700000,0x0000007aa5800000] [id=5024]
  0x0000020637f8a000 GCTaskThread "GC Thread#6" [stack: 0x0000007aa5800000,0x0000007aa5900000] [id=11260]
  0x0000020635ef4000 GCTaskThread "GC Thread#7" [stack: 0x0000007aa5900000,0x0000007aa5a00000] [id=5236]
  0x000002061a37c000 ConcurrentGCThread "G1 Main Marker" [stack: 0x0000007aa3b00000,0x0000007aa3c00000] [id=1652]
  0x000002061a37d000 ConcurrentGCThread "G1 Conc#0" [stack: 0x0000007aa3c00000,0x0000007aa3d00000] [id=18420]
  0x0000020637457000 ConcurrentGCThread "G1 Conc#1" [stack: 0x0000007aa5e00000,0x0000007aa5f00000] [id=16104]
  0x000002061a40a800 ConcurrentGCThread "G1 Refine#0" [stack: 0x0000007aa3d00000,0x0000007aa3e00000] [id=14164]
  0x000002063e6ed800 ConcurrentGCThread "G1 Refine#1" [stack: 0x0000007aace00000,0x0000007aacf00000] [id=19244]
  0x000002061a40b800 ConcurrentGCThread "G1 Young RemSet Sampling" [stack: 0x0000007aa3e00000,0x0000007aa3f00000] [id=608]

Threads with active compile tasks:
C2 CompilerThread0  19108 10873       4       com.android.tools.r8.internal.LY0::c (177 bytes)

VM state:at safepoint (normal execution)

VM Mutex/Monitor currently owned by a thread:  ([mutex/lock_event])
[0x000002061a32a9c0] Threads_lock - owner thread: 0x0000020634788000
[0x000002061a32ac90] Heap_lock - owner thread: 0x000002063b9e2000

Heap address: 0x0000000080000000, size: 2048 MB, Compressed Oops mode: 32-bit
Narrow klass base: 0x0000000000000000, Narrow klass shift: 3
Compressed class space size: 1073741824 Address: 0x0000000100000000

Heap:
 garbage-first heap   total 317440K, used 146318K [0x0000000080000000, 0x0000000100000000)
  region size 1024K, 4 young (4096K), 4 survivors (4096K)
 Metaspace       used 94415K, capacity 96748K, committed 96880K, reserved 1132544K
  class space    used 12225K, capacity 13129K, committed 13132K, reserved 1048576K
Heap Regions: E=young(eden), S=young(survivor), O=old, HS=humongous(starts), HC=humongous(continues), CS=collection set, F=free, A=archive, TAMS=top-at-mark-start (previous, next)
|   0|0x0000000080000000, 0x0000000080100000, 0x0000000080100000|100%| O|  |TAMS 0x0000000080100000, 0x0000000080100000| Untracked 
|   1|0x0000000080100000, 0x0000000080200000, 0x0000000080200000|100%| O|  |TAMS 0x0000000080200000, 0x0000000080200000| Untracked 
|   2|0x0000000080200000, 0x0000000080300000, 0x0000000080300000|100%| O|  |TAMS 0x0000000080300000, 0x0000000080300000| Untracked 
|   3|0x0000000080300000, 0x0000000080400000, 0x0000000080400000|100%|HS|  |TAMS 0x0000000080400000, 0x0000000080400000| Complete 
|   4|0x0000000080400000, 0x0000000080500000, 0x0000000080500000|100%|HC|  |TAMS 0x0000000080500000, 0x0000000080500000| Complete 
|   5|0x0000000080500000, 0x0000000080600000, 0x0000000080600000|100%|HC|  |TAMS 0x0000000080600000, 0x0000000080600000| Complete 
|   6|0x0000000080600000, 0x0000000080700000, 0x0000000080700000|100%| O|  |TAMS 0x0000000080700000, 0x0000000080700000| Untracked 
|   7|0x0000000080700000, 0x0000000080800000, 0x0000000080800000|100%| O|  |TAMS 0x0000000080800000, 0x0000000080800000| Untracked 
|   8|0x0000000080800000, 0x0000000080900000, 0x0000000080900000|100%| O|  |TAMS 0x0000000080900000, 0x0000000080900000| Untracked 
|   9|0x0000000080900000, 0x0000000080a00000, 0x0000000080a00000|100%| O|  |TAMS 0x0000000080a00000, 0x0000000080a00000| Untracked 
|  10|0x0000000080a00000, 0x0000000080b00000, 0x0000000080b00000|100%| O|  |TAMS 0x0000000080b00000, 0x0000000080b00000| Untracked 
|  11|0x0000000080b00000, 0x0000000080c00000, 0x0000000080c00000|100%| O|  |TAMS 0x0000000080c00000, 0x0000000080c00000| Untracked 
|  12|0x0000000080c00000, 0x0000000080d00000, 0x0000000080d00000|100%| O|  |TAMS 0x0000000080d00000, 0x0000000080d00000| Untracked 
|  13|0x0000000080d00000, 0x0000000080e00000, 0x0000000080e00000|100%| O|  |TAMS 0x0000000080e00000, 0x0000000080e00000| Untracked 
|  14|0x0000000080e00000, 0x0000000080f00000, 0x0000000080f00000|100%| O|  |TAMS 0x0000000080f00000, 0x0000000080f00000| Untracked 
|  15|0x0000000080f00000, 0x0000000081000000, 0x0000000081000000|100%| O|  |TAMS 0x0000000081000000, 0x0000000081000000| Untracked 
|  16|0x0000000081000000, 0x0000000081100000, 0x0000000081100000|100%| O|  |TAMS 0x0000000081100000, 0x0000000081100000| Untracked 
|  17|0x0000000081100000, 0x0000000081200000, 0x0000000081200000|100%| O|  |TAMS 0x0000000081200000, 0x0000000081200000| Untracked 
|  18|0x0000000081200000, 0x0000000081300000, 0x0000000081300000|100%| O|  |TAMS 0x0000000081300000, 0x0000000081300000| Untracked 
|  19|0x0000000081300000, 0x0000000081400000, 0x0000000081400000|100%| O|  |TAMS 0x0000000081400000, 0x0000000081400000| Untracked 
|  20|0x0000000081400000, 0x0000000081500000, 0x0000000081500000|100%| O|  |TAMS 0x0000000081500000, 0x0000000081500000| Untracked 
|  21|0x0000000081500000, 0x0000000081600000, 0x0000000081600000|100%| O|  |TAMS 0x0000000081600000, 0x0000000081600000| Untracked 
|  22|0x0000000081600000, 0x0000000081700000, 0x0000000081700000|100%| O|  |TAMS 0x0000000081700000, 0x0000000081700000| Untracked 
|  23|0x0000000081700000, 0x0000000081800000, 0x0000000081800000|100%| O|  |TAMS 0x0000000081800000, 0x0000000081800000| Untracked 
|  24|0x0000000081800000, 0x0000000081900000, 0x0000000081900000|100%| O|  |TAMS 0x0000000081900000, 0x0000000081900000| Untracked 
|  25|0x0000000081900000, 0x0000000081a00000, 0x0000000081a00000|100%| O|  |TAMS 0x0000000081a00000, 0x0000000081a00000| Untracked 
|  26|0x0000000081a00000, 0x0000000081b00000, 0x0000000081b00000|100%|HS|  |TAMS 0x0000000081b00000, 0x0000000081b00000| Complete 
|  27|0x0000000081b00000, 0x0000000081c00000, 0x0000000081c00000|100%|HS|  |TAMS 0x0000000081c00000, 0x0000000081c00000| Complete 
|  28|0x0000000081c00000, 0x0000000081d00000, 0x0000000081d00000|100%|HS|  |TAMS 0x0000000081d00000, 0x0000000081d00000| Complete 
|  29|0x0000000081d00000, 0x0000000081e00000, 0x0000000081e00000|100%|HS|  |TAMS 0x0000000081e00000, 0x0000000081e00000| Complete 
|  30|0x0000000081e00000, 0x0000000081f00000, 0x0000000081f00000|100%|HC|  |TAMS 0x0000000081f00000, 0x0000000081f00000| Complete 
|  31|0x0000000081f00000, 0x0000000082000000, 0x0000000082000000|100%| O|  |TAMS 0x0000000082000000, 0x0000000082000000| Untracked 
|  32|0x0000000082000000, 0x0000000082100000, 0x0000000082100000|100%| O|  |TAMS 0x0000000082100000, 0x0000000082100000| Untracked 
|  33|0x0000000082100000, 0x0000000082200000, 0x0000000082200000|100%| O|  |TAMS 0x0000000082200000, 0x0000000082200000| Untracked 
|  34|0x0000000082200000, 0x0000000082300000, 0x0000000082300000|100%| O|  |TAMS 0x0000000082300000, 0x0000000082300000| Untracked 
|  35|0x0000000082300000, 0x0000000082400000, 0x0000000082400000|100%| O|  |TAMS 0x0000000082400000, 0x0000000082400000| Untracked 
|  36|0x0000000082400000, 0x0000000082500000, 0x0000000082500000|100%| O|  |TAMS 0x0000000082500000, 0x0000000082500000| Untracked 
|  37|0x0000000082500000, 0x0000000082600000, 0x0000000082600000|100%| O|  |TAMS 0x0000000082600000, 0x0000000082600000| Untracked 
|  38|0x0000000082600000, 0x0000000082700000, 0x0000000082700000|100%| O|  |TAMS 0x0000000082700000, 0x0000000082700000| Untracked 
|  39|0x0000000082700000, 0x0000000082800000, 0x0000000082800000|100%| O|  |TAMS 0x0000000082800000, 0x0000000082800000| Untracked 
|  40|0x0000000082800000, 0x0000000082900000, 0x0000000082900000|100%| O|  |TAMS 0x0000000082900000, 0x0000000082900000| Untracked 
|  41|0x0000000082900000, 0x0000000082a00000, 0x0000000082a00000|100%| O|  |TAMS 0x0000000082a00000, 0x0000000082a00000| Untracked 
|  42|0x0000000082a00000, 0x0000000082b00000, 0x0000000082b00000|100%| O|  |TAMS 0x0000000082b00000, 0x0000000082b00000| Untracked 
|  43|0x0000000082b00000, 0x0000000082c00000, 0x0000000082c00000|100%| O|  |TAMS 0x0000000082c00000, 0x0000000082c00000| Untracked 
|  44|0x0000000082c00000, 0x0000000082d00000, 0x0000000082d00000|100%| O|  |TAMS 0x0000000082d00000, 0x0000000082d00000| Untracked 
|  45|0x0000000082d00000, 0x0000000082e00000, 0x0000000082e00000|100%| O|  |TAMS 0x0000000082e00000, 0x0000000082e00000| Untracked 
|  46|0x0000000082e00000, 0x0000000082f00000, 0x0000000082f00000|100%| O|  |TAMS 0x0000000082f00000, 0x0000000082f00000| Untracked 
|  47|0x0000000082f00000, 0x0000000083000000, 0x0000000083000000|100%| O|  |TAMS 0x0000000083000000, 0x0000000083000000| Untracked 
|  48|0x0000000083000000, 0x0000000083100000, 0x0000000083100000|100%| O|  |TAMS 0x0000000083100000, 0x0000000083100000| Untracked 
|  49|0x0000000083100000, 0x0000000083200000, 0x0000000083200000|100%| O|  |TAMS 0x0000000083200000, 0x0000000083200000| Untracked 
|  50|0x0000000083200000, 0x0000000083300000, 0x0000000083300000|100%| O|  |TAMS 0x0000000083300000, 0x0000000083300000| Untracked 
|  51|0x0000000083300000, 0x0000000083400000, 0x0000000083400000|100%| O|  |TAMS 0x0000000083400000, 0x0000000083400000| Untracked 
|  52|0x0000000083400000, 0x0000000083500000, 0x0000000083500000|100%| O|  |TAMS 0x0000000083500000, 0x0000000083500000| Untracked 
|  53|0x0000000083500000, 0x0000000083600000, 0x0000000083600000|100%| O|  |TAMS 0x0000000083600000, 0x0000000083600000| Untracked 
|  54|0x0000000083600000, 0x0000000083700000, 0x0000000083700000|100%| O|  |TAMS 0x0000000083700000, 0x0000000083700000| Untracked 
|  55|0x0000000083700000, 0x0000000083800000, 0x0000000083800000|100%| O|  |TAMS 0x0000000083800000, 0x0000000083800000| Untracked 
|  56|0x0000000083800000, 0x0000000083900000, 0x0000000083900000|100%| O|  |TAMS 0x0000000083900000, 0x0000000083900000| Untracked 
|  57|0x0000000083900000, 0x0000000083a00000, 0x0000000083a00000|100%| O|  |TAMS 0x0000000083a00000, 0x0000000083a00000| Untracked 
|  58|0x0000000083a00000, 0x0000000083b00000, 0x0000000083b00000|100%| O|  |TAMS 0x0000000083b00000, 0x0000000083b00000| Untracked 
|  59|0x0000000083b00000, 0x0000000083c00000, 0x0000000083c00000|100%| O|  |TAMS 0x0000000083c00000, 0x0000000083c00000| Untracked 
|  60|0x0000000083c00000, 0x0000000083d00000, 0x0000000083d00000|100%| O|  |TAMS 0x0000000083d00000, 0x0000000083d00000| Untracked 
|  61|0x0000000083d00000, 0x0000000083e00000, 0x0000000083e00000|100%| O|  |TAMS 0x0000000083e00000, 0x0000000083e00000| Untracked 
|  62|0x0000000083e00000, 0x0000000083f00000, 0x0000000083f00000|100%| O|  |TAMS 0x0000000083f00000, 0x0000000083f00000| Untracked 
|  63|0x0000000083f00000, 0x0000000084000000, 0x0000000084000000|100%| O|  |TAMS 0x0000000084000000, 0x0000000084000000| Untracked 
|  64|0x0000000084000000, 0x0000000084100000, 0x0000000084100000|100%| O|  |TAMS 0x0000000084100000, 0x0000000084100000| Untracked 
|  65|0x0000000084100000, 0x0000000084200000, 0x0000000084200000|100%| O|  |TAMS 0x0000000084200000, 0x0000000084200000| Untracked 
|  66|0x0000000084200000, 0x0000000084300000, 0x0000000084300000|100%| O|  |TAMS 0x0000000084300000, 0x0000000084300000| Untracked 
|  67|0x0000000084300000, 0x0000000084400000, 0x0000000084400000|100%|HS|  |TAMS 0x0000000084400000, 0x0000000084400000| Complete 
|  68|0x0000000084400000, 0x0000000084500000, 0x0000000084500000|100%|HC|  |TAMS 0x0000000084500000, 0x0000000084500000| Complete 
|  69|0x0000000084500000, 0x0000000084600000, 0x0000000084600000|100%| O|  |TAMS 0x0000000084600000, 0x0000000084600000| Untracked 
|  70|0x0000000084600000, 0x0000000084700000, 0x0000000084700000|100%| O|  |TAMS 0x0000000084700000, 0x0000000084700000| Untracked 
|  71|0x0000000084700000, 0x0000000084800000, 0x0000000084800000|100%| O|  |TAMS 0x0000000084800000, 0x0000000084800000| Untracked 
|  72|0x0000000084800000, 0x0000000084900000, 0x0000000084900000|100%| O|  |TAMS 0x0000000084900000, 0x0000000084900000| Untracked 
|  73|0x0000000084900000, 0x0000000084a00000, 0x0000000084a00000|100%| O|  |TAMS 0x0000000084a00000, 0x0000000084a00000| Untracked 
|  74|0x0000000084a00000, 0x0000000084b00000, 0x0000000084b00000|100%| O|  |TAMS 0x0000000084b00000, 0x0000000084b00000| Untracked 
|  75|0x0000000084b00000, 0x0000000084c00000, 0x0000000084c00000|100%| O|  |TAMS 0x0000000084c00000, 0x0000000084c00000| Untracked 
|  76|0x0000000084c00000, 0x0000000084d00000, 0x0000000084d00000|100%| O|  |TAMS 0x0000000084d00000, 0x0000000084d00000| Untracked 
|  77|0x0000000084d00000, 0x0000000084e00000, 0x0000000084e00000|100%| O|  |TAMS 0x0000000084e00000, 0x0000000084e00000| Untracked 
|  78|0x0000000084e00000, 0x0000000084f00000, 0x0000000084f00000|100%| O|  |TAMS 0x0000000084f00000, 0x0000000084f00000| Untracked 
|  79|0x0000000084f00000, 0x0000000085000000, 0x0000000085000000|100%| O|  |TAMS 0x0000000085000000, 0x0000000085000000| Untracked 
|  80|0x0000000085000000, 0x0000000085100000, 0x0000000085100000|100%| O|  |TAMS 0x0000000085100000, 0x0000000085100000| Untracked 
|  81|0x0000000085100000, 0x0000000085200000, 0x0000000085200000|100%| O|  |TAMS 0x0000000085200000, 0x0000000085200000| Untracked 
|  82|0x0000000085200000, 0x0000000085300000, 0x0000000085300000|100%| O|  |TAMS 0x0000000085300000, 0x0000000085300000| Untracked 
|  83|0x0000000085300000, 0x0000000085400000, 0x0000000085400000|100%| O|  |TAMS 0x0000000085400000, 0x0000000085400000| Untracked 
|  84|0x0000000085400000, 0x0000000085500000, 0x0000000085500000|100%| O|  |TAMS 0x0000000085500000, 0x0000000085500000| Untracked 
|  85|0x0000000085500000, 0x0000000085600000, 0x0000000085600000|100%| O|  |TAMS 0x0000000085600000, 0x0000000085600000| Untracked 
|  86|0x0000000085600000, 0x0000000085700000, 0x0000000085700000|100%| O|  |TAMS 0x0000000085700000, 0x0000000085700000| Untracked 
|  87|0x0000000085700000, 0x0000000085800000, 0x0000000085800000|100%| O|  |TAMS 0x0000000085800000, 0x0000000085800000| Untracked 
|  88|0x0000000085800000, 0x0000000085900000, 0x0000000085900000|100%| O|  |TAMS 0x0000000085900000, 0x0000000085900000| Untracked 
|  89|0x0000000085900000, 0x0000000085a00000, 0x0000000085a00000|100%| O|  |TAMS 0x0000000085a00000, 0x0000000085a00000| Untracked 
|  90|0x0000000085a00000, 0x0000000085b00000, 0x0000000085b00000|100%| O|  |TAMS 0x0000000085b00000, 0x0000000085b00000| Untracked 
|  91|0x0000000085b00000, 0x0000000085c00000, 0x0000000085c00000|100%| O|  |TAMS 0x0000000085c00000, 0x0000000085c00000| Untracked 
|  92|0x0000000085c00000, 0x0000000085d00000, 0x0000000085d00000|100%| O|  |TAMS 0x0000000085d00000, 0x0000000085d00000| Untracked 
|  93|0x0000000085d00000, 0x0000000085e00000, 0x0000000085e00000|100%| O|  |TAMS 0x0000000085e00000, 0x0000000085e00000| Untracked 
|  94|0x0000000085e00000, 0x0000000085f00000, 0x0000000085f00000|100%| O|  |TAMS 0x0000000085f00000, 0x0000000085f00000| Untracked 
|  95|0x0000000085f00000, 0x0000000086000000, 0x0000000086000000|100%| O|  |TAMS 0x0000000086000000, 0x0000000086000000| Untracked 
|  96|0x0000000086000000, 0x0000000086100000, 0x0000000086100000|100%| O|  |TAMS 0x0000000086100000, 0x0000000086100000| Untracked 
|  97|0x0000000086100000, 0x0000000086200000, 0x0000000086200000|100%| O|  |TAMS 0x0000000086200000, 0x0000000086200000| Untracked 
|  98|0x0000000086200000, 0x0000000086300000, 0x0000000086300000|100%| O|  |TAMS 0x0000000086300000, 0x0000000086300000| Untracked 
|  99|0x0000000086300000, 0x0000000086400000, 0x0000000086400000|100%| O|  |TAMS 0x00000000863a5600, 0x0000000086400000| Untracked 
| 100|0x0000000086400000, 0x0000000086500000, 0x0000000086500000|100%| O|  |TAMS 0x0000000086400000, 0x0000000086500000| Untracked 
| 101|0x0000000086500000, 0x0000000086600000, 0x0000000086600000|100%| O|  |TAMS 0x0000000086500000, 0x0000000086600000| Untracked 
| 102|0x0000000086600000, 0x0000000086700000, 0x0000000086700000|100%| O|  |TAMS 0x0000000086600000, 0x0000000086700000| Untracked 
| 103|0x0000000086700000, 0x0000000086800000, 0x0000000086800000|100%| O|  |TAMS 0x0000000086700000, 0x0000000086800000| Untracked 
| 104|0x0000000086800000, 0x0000000086900000, 0x0000000086900000|100%| O|  |TAMS 0x0000000086800000, 0x0000000086900000| Untracked 
| 105|0x0000000086900000, 0x0000000086a00000, 0x0000000086a00000|100%| O|  |TAMS 0x0000000086900000, 0x0000000086a00000| Untracked 
| 106|0x0000000086a00000, 0x0000000086b00000, 0x0000000086b00000|100%| O|  |TAMS 0x0000000086a00000, 0x0000000086b00000| Untracked 
| 107|0x0000000086b00000, 0x0000000086c00000, 0x0000000086c00000|100%| O|  |TAMS 0x0000000086b00000, 0x0000000086c00000| Untracked 
| 108|0x0000000086c00000, 0x0000000086d00000, 0x0000000086d00000|100%| O|  |TAMS 0x0000000086c00000, 0x0000000086d00000| Untracked 
| 109|0x0000000086d00000, 0x0000000086e00000, 0x0000000086e00000|100%| O|  |TAMS 0x0000000086d00000, 0x0000000086e00000| Untracked 
| 110|0x0000000086e00000, 0x0000000086f00000, 0x0000000086f00000|100%| O|  |TAMS 0x0000000086e00000, 0x0000000086f00000| Untracked 
| 111|0x0000000086f00000, 0x0000000087000000, 0x0000000087000000|100%| O|  |TAMS 0x0000000086f00000, 0x0000000087000000| Untracked 
| 112|0x0000000087000000, 0x0000000087100000, 0x0000000087100000|100%| O|  |TAMS 0x0000000087000000, 0x0000000087100000| Untracked 
| 113|0x0000000087100000, 0x0000000087200000, 0x0000000087200000|100%| O|  |TAMS 0x0000000087100000, 0x0000000087200000| Untracked 
| 114|0x0000000087200000, 0x0000000087300000, 0x0000000087300000|100%| O|  |TAMS 0x0000000087200000, 0x0000000087300000| Untracked 
| 115|0x0000000087300000, 0x0000000087400000, 0x0000000087400000|100%| O|  |TAMS 0x0000000087300000, 0x0000000087400000| Untracked 
| 116|0x0000000087400000, 0x0000000087500000, 0x0000000087500000|100%| O|  |TAMS 0x0000000087400000, 0x0000000087500000| Untracked 
| 117|0x0000000087500000, 0x0000000087600000, 0x0000000087600000|100%| O|  |TAMS 0x0000000087500000, 0x0000000087600000| Untracked 
| 118|0x0000000087600000, 0x0000000087700000, 0x0000000087700000|100%| O|  |TAMS 0x0000000087600000, 0x0000000087700000| Untracked 
| 119|0x0000000087700000, 0x0000000087800000, 0x0000000087800000|100%| O|  |TAMS 0x0000000087700000, 0x0000000087800000| Untracked 
| 120|0x0000000087800000, 0x0000000087900000, 0x0000000087900000|100%| O|  |TAMS 0x0000000087800000, 0x0000000087900000| Untracked 
| 121|0x0000000087900000, 0x0000000087a00000, 0x0000000087a00000|100%| O|  |TAMS 0x0000000087900000, 0x0000000087a00000| Untracked 
| 122|0x0000000087a00000, 0x0000000087b00000, 0x0000000087b00000|100%| O|  |TAMS 0x0000000087a00000, 0x0000000087b00000| Untracked 
| 123|0x0000000087b00000, 0x0000000087c00000, 0x0000000087c00000|100%| O|  |TAMS 0x0000000087b00000, 0x0000000087c00000| Untracked 
| 124|0x0000000087c00000, 0x0000000087d00000, 0x0000000087d00000|100%| O|  |TAMS 0x0000000087c00000, 0x0000000087d00000| Untracked 
| 125|0x0000000087d00000, 0x0000000087e00000, 0x0000000087e00000|100%| O|  |TAMS 0x0000000087d00000, 0x0000000087e00000| Untracked 
| 126|0x0000000087e00000, 0x0000000087f00000, 0x0000000087f00000|100%| O|  |TAMS 0x0000000087e00000, 0x0000000087f00000| Untracked 
| 127|0x0000000087f00000, 0x0000000088000000, 0x0000000088000000|100%| O|  |TAMS 0x0000000087f00000, 0x0000000087f4b000| Untracked 
| 128|0x0000000088000000, 0x0000000088100000, 0x0000000088100000|100%| O|  |TAMS 0x0000000088000000, 0x0000000088000000| Untracked 
| 129|0x0000000088100000, 0x0000000088200000, 0x0000000088200000|100%| O|  |TAMS 0x0000000088100000, 0x0000000088100000| Untracked 
| 130|0x0000000088200000, 0x0000000088300000, 0x0000000088300000|100%| O|  |TAMS 0x0000000088200000, 0x0000000088200000| Untracked 
| 131|0x0000000088300000, 0x0000000088400000, 0x0000000088400000|100%| O|  |TAMS 0x0000000088300000, 0x0000000088300000| Untracked 
| 132|0x0000000088400000, 0x0000000088500000, 0x0000000088500000|100%| O|  |TAMS 0x0000000088400000, 0x0000000088400000| Untracked 
| 133|0x0000000088500000, 0x0000000088600000, 0x0000000088600000|100%| O|  |TAMS 0x0000000088500000, 0x0000000088500000| Untracked 
| 134|0x0000000088600000, 0x0000000088700000, 0x0000000088700000|100%| O|  |TAMS 0x0000000088600000, 0x0000000088600000| Untracked 
| 135|0x0000000088700000, 0x0000000088800000, 0x0000000088800000|100%| O|  |TAMS 0x0000000088700000, 0x0000000088700000| Untracked 
| 136|0x0000000088800000, 0x0000000088900000, 0x0000000088900000|100%| O|  |TAMS 0x0000000088800000, 0x0000000088800000| Untracked 
| 137|0x0000000088900000, 0x0000000088a00000, 0x0000000088a00000|100%| O|  |TAMS 0x0000000088900000, 0x0000000088900000| Untracked 
| 138|0x0000000088a00000, 0x0000000088ae3800, 0x0000000088b00000| 88%| O|  |TAMS 0x0000000088a00000, 0x0000000088a00000| Untracked 
| 139|0x0000000088b00000, 0x0000000088b00000, 0x0000000088c00000|  0%| F|  |TAMS 0x0000000088b00000, 0x0000000088b00000| Untracked 
| 140|0x0000000088c00000, 0x0000000088c00000, 0x0000000088d00000|  0%| F|  |TAMS 0x0000000088c00000, 0x0000000088c00000| Untracked 
| 141|0x0000000088d00000, 0x0000000088d00000, 0x0000000088e00000|  0%| F|  |TAMS 0x0000000088d00000, 0x0000000088d00000| Untracked 
| 142|0x0000000088e00000, 0x0000000088e00000, 0x0000000088f00000|  0%| F|  |TAMS 0x0000000088e00000, 0x0000000088e00000| Untracked 
| 143|0x0000000088f00000, 0x0000000088f00000, 0x0000000089000000|  0%| F|  |TAMS 0x0000000088f00000, 0x0000000088f00000| Untracked 
| 144|0x0000000089000000, 0x0000000089000000, 0x0000000089100000|  0%| F|  |TAMS 0x0000000089000000, 0x0000000089000000| Untracked 
| 145|0x0000000089100000, 0x0000000089100000, 0x0000000089200000|  0%| F|  |TAMS 0x0000000089100000, 0x0000000089100000| Untracked 
| 146|0x0000000089200000, 0x0000000089200000, 0x0000000089300000|  0%| F|  |TAMS 0x0000000089200000, 0x0000000089200000| Untracked 
| 147|0x0000000089300000, 0x0000000089300000, 0x0000000089400000|  0%| F|  |TAMS 0x0000000089300000, 0x0000000089300000| Untracked 
| 148|0x0000000089400000, 0x0000000089400000, 0x0000000089500000|  0%| F|  |TAMS 0x0000000089400000, 0x0000000089400000| Untracked 
| 149|0x0000000089500000, 0x0000000089500000, 0x0000000089600000|  0%| F|  |TAMS 0x0000000089500000, 0x0000000089500000| Untracked 
| 150|0x0000000089600000, 0x0000000089600000, 0x0000000089700000|  0%| F|  |TAMS 0x0000000089600000, 0x0000000089600000| Untracked 
| 151|0x0000000089700000, 0x0000000089700000, 0x0000000089800000|  0%| F|  |TAMS 0x0000000089700000, 0x0000000089700000| Untracked 
| 152|0x0000000089800000, 0x0000000089800000, 0x0000000089900000|  0%| F|  |TAMS 0x0000000089800000, 0x0000000089800000| Untracked 
| 153|0x0000000089900000, 0x0000000089900000, 0x0000000089a00000|  0%| F|  |TAMS 0x0000000089900000, 0x0000000089900000| Untracked 
| 154|0x0000000089a00000, 0x0000000089a00000, 0x0000000089b00000|  0%| F|  |TAMS 0x0000000089a00000, 0x0000000089a00000| Untracked 
| 155|0x0000000089b00000, 0x0000000089b00000, 0x0000000089c00000|  0%| F|  |TAMS 0x0000000089b00000, 0x0000000089b00000| Untracked 
| 156|0x0000000089c00000, 0x0000000089c00000, 0x0000000089d00000|  0%| F|  |TAMS 0x0000000089c00000, 0x0000000089c00000| Untracked 
| 157|0x0000000089d00000, 0x0000000089d00000, 0x0000000089e00000|  0%| F|  |TAMS 0x0000000089d00000, 0x0000000089d00000| Untracked 
| 158|0x0000000089e00000, 0x0000000089e00000, 0x0000000089f00000|  0%| F|  |TAMS 0x0000000089e00000, 0x0000000089e00000| Untracked 
| 159|0x0000000089f00000, 0x0000000089f00000, 0x000000008a000000|  0%| F|  |TAMS 0x0000000089f00000, 0x0000000089f00000| Untracked 
| 160|0x000000008a000000, 0x000000008a000000, 0x000000008a100000|  0%| F|  |TAMS 0x000000008a000000, 0x000000008a000000| Untracked 
| 161|0x000000008a100000, 0x000000008a100000, 0x000000008a200000|  0%| F|  |TAMS 0x000000008a100000, 0x000000008a100000| Untracked 
| 162|0x000000008a200000, 0x000000008a200000, 0x000000008a300000|  0%| F|  |TAMS 0x000000008a200000, 0x000000008a200000| Untracked 
| 163|0x000000008a300000, 0x000000008a300000, 0x000000008a400000|  0%| F|  |TAMS 0x000000008a300000, 0x000000008a300000| Untracked 
| 164|0x000000008a400000, 0x000000008a500000, 0x000000008a500000|100%| S|CS|TAMS 0x000000008a400000, 0x000000008a400000| Complete 
| 165|0x000000008a500000, 0x000000008a500000, 0x000000008a600000|  0%| F|  |TAMS 0x000000008a500000, 0x000000008a500000| Untracked 
| 166|0x000000008a600000, 0x000000008a600000, 0x000000008a700000|  0%| F|  |TAMS 0x000000008a600000, 0x000000008a600000| Untracked 
| 167|0x000000008a700000, 0x000000008a700000, 0x000000008a800000|  0%| F|  |TAMS 0x000000008a700000, 0x000000008a700000| Untracked 
| 168|0x000000008a800000, 0x000000008a800000, 0x000000008a900000|  0%| F|  |TAMS 0x000000008a800000, 0x000000008a800000| Untracked 
| 169|0x000000008a900000, 0x000000008aa00000, 0x000000008aa00000|100%| S|CS|TAMS 0x000000008a900000, 0x000000008a900000| Complete 
| 170|0x000000008aa00000, 0x000000008ab00000, 0x000000008ab00000|100%| S|CS|TAMS 0x000000008aa00000, 0x000000008aa00000| Complete 
| 171|0x000000008ab00000, 0x000000008ac00000, 0x000000008ac00000|100%| S|CS|TAMS 0x000000008ab00000, 0x000000008ab00000| Complete 
| 172|0x000000008ac00000, 0x000000008ac00000, 0x000000008ad00000|  0%| F|  |TAMS 0x000000008ac00000, 0x000000008ac00000| Untracked 
| 173|0x000000008ad00000, 0x000000008ad00000, 0x000000008ae00000|  0%| F|  |TAMS 0x000000008ad00000, 0x000000008ad00000| Untracked 
| 174|0x000000008ae00000, 0x000000008ae00000, 0x000000008af00000|  0%| F|  |TAMS 0x000000008ae00000, 0x000000008ae00000| Untracked 
| 175|0x000000008af00000, 0x000000008af00000, 0x000000008b000000|  0%| F|  |TAMS 0x000000008af00000, 0x000000008af00000| Untracked 
| 176|0x000000008b000000, 0x000000008b000000, 0x000000008b100000|  0%| F|  |TAMS 0x000000008b000000, 0x000000008b000000| Untracked 
| 177|0x000000008b100000, 0x000000008b100000, 0x000000008b200000|  0%| F|  |TAMS 0x000000008b100000, 0x000000008b100000| Untracked 
| 178|0x000000008b200000, 0x000000008b200000, 0x000000008b300000|  0%| F|  |TAMS 0x000000008b200000, 0x000000008b200000| Untracked 
| 179|0x000000008b300000, 0x000000008b300000, 0x000000008b400000|  0%| F|  |TAMS 0x000000008b300000, 0x000000008b300000| Untracked 
| 180|0x000000008b400000, 0x000000008b400000, 0x000000008b500000|  0%| F|  |TAMS 0x000000008b400000, 0x000000008b400000| Untracked 
| 181|0x000000008b500000, 0x000000008b500000, 0x000000008b600000|  0%| F|  |TAMS 0x000000008b500000, 0x000000008b500000| Untracked 
| 182|0x000000008b600000, 0x000000008b600000, 0x000000008b700000|  0%| F|  |TAMS 0x000000008b600000, 0x000000008b600000| Untracked 
| 183|0x000000008b700000, 0x000000008b700000, 0x000000008b800000|  0%| F|  |TAMS 0x000000008b700000, 0x000000008b700000| Untracked 
| 184|0x000000008b800000, 0x000000008b800000, 0x000000008b900000|  0%| F|  |TAMS 0x000000008b800000, 0x000000008b800000| Untracked 
| 185|0x000000008b900000, 0x000000008b900000, 0x000000008ba00000|  0%| F|  |TAMS 0x000000008b900000, 0x000000008b900000| Untracked 
| 186|0x000000008ba00000, 0x000000008ba00000, 0x000000008bb00000|  0%| F|  |TAMS 0x000000008ba00000, 0x000000008ba00000| Untracked 
| 187|0x000000008bb00000, 0x000000008bb00000, 0x000000008bc00000|  0%| F|  |TAMS 0x000000008bb00000, 0x000000008bb00000| Untracked 
| 188|0x000000008bc00000, 0x000000008bc00000, 0x000000008bd00000|  0%| F|  |TAMS 0x000000008bc00000, 0x000000008bc00000| Untracked 
| 189|0x000000008bd00000, 0x000000008bd00000, 0x000000008be00000|  0%| F|  |TAMS 0x000000008bd00000, 0x000000008bd00000| Untracked 
| 190|0x000000008be00000, 0x000000008be00000, 0x000000008bf00000|  0%| F|  |TAMS 0x000000008be00000, 0x000000008be00000| Untracked 
| 191|0x000000008bf00000, 0x000000008bf00000, 0x000000008c000000|  0%| F|  |TAMS 0x000000008bf00000, 0x000000008bf00000| Untracked 
| 192|0x000000008c000000, 0x000000008c000000, 0x000000008c100000|  0%| F|  |TAMS 0x000000008c000000, 0x000000008c000000| Untracked 
| 193|0x000000008c100000, 0x000000008c100000, 0x000000008c200000|  0%| F|  |TAMS 0x000000008c100000, 0x000000008c100000| Untracked 
| 194|0x000000008c200000, 0x000000008c200000, 0x000000008c300000|  0%| F|  |TAMS 0x000000008c200000, 0x000000008c200000| Untracked 

Card table byte_map: [0x000002062d560000,0x000002062d960000] _byte_map_base: 0x000002062d160000

Marking Bits (Prev, Next): (CMBitMap*) 0x000002061a3734a0, (CMBitMap*) 0x000002061a373468
 Prev Bits: [0x000002062fd60000, 0x0000020631d60000)
 Next Bits: [0x000002062dd60000, 0x000002062fd60000)

Polling page: 0x00000206184c0000

Metaspace:

Usage:
  Non-class:     81.66 MB capacity,    80.26 MB ( 98%) used,     1.12 MB (  1%) free+waste,   278.06 KB ( <1%) overhead. 
      Class:     12.82 MB capacity,    11.94 MB ( 93%) used,   776.77 KB (  6%) free+waste,   127.06 KB ( <1%) overhead. 
       Both:     94.48 MB capacity,    92.20 MB ( 98%) used,     1.88 MB (  2%) free+waste,   405.13 KB ( <1%) overhead. 

Virtual space:
  Non-class space:       82.00 MB reserved,      81.79 MB (>99%) committed 
      Class space:        1.00 GB reserved,      12.82 MB (  1%) committed 
             Both:        1.08 GB reserved,      94.61 MB (  9%) committed 

Chunk freelists:
   Non-Class:  1.00 KB
       Class:  0 bytes
        Both:  1.00 KB

MaxMetaspaceSize: 17179869184.00 GB
CompressedClassSpaceSize: 1.00 GB

CodeHeap 'non-profiled nmethods': size=120000Kb used=5418Kb max_used=5418Kb free=114581Kb
 bounds [0x0000020625900000, 0x0000020625e50000, 0x000002062ce30000]
CodeHeap 'profiled nmethods': size=120000Kb used=23966Kb max_used=23966Kb free=96033Kb
 bounds [0x000002061e3d0000, 0x000002061fb40000, 0x0000020625900000]
CodeHeap 'non-nmethods': size=5760Kb used=2299Kb max_used=2320Kb free=3460Kb
 bounds [0x000002061de30000, 0x000002061e0a0000, 0x000002061e3d0000]
 total_blobs=11710 nmethods=10808 adapters=813
 compilation: enabled
              stopped_count=0, restarted_count=0
 full_count=0

Compilation events (20 events):
Event: 18.992 Thread 0x00000206347c5800 10989       2       com.android.tools.r8.internal.yH0::b (36 bytes)
Event: 18.992 Thread 0x00000206347c5800 nmethod 10989 0x000002061fb33190 code [0x000002061fb33360, 0x000002061fb33618]
Event: 18.992 Thread 0x00000206347c5800 10990       2       com.android.tools.r8.graph.i::d (39 bytes)
Event: 18.993 Thread 0x00000206347c5800 nmethod 10990 0x000002061fb33790 code [0x000002061fb33940, 0x000002061fb33a38]
Event: 18.995 Thread 0x00000206347c5800 10991       2       com.android.tools.r8.internal.wK0::b (8 bytes)
Event: 18.995 Thread 0x00000206347c5800 nmethod 10991 0x000002061fb33b10 code [0x000002061fb33cc0, 0x000002061fb33e48]
Event: 18.995 Thread 0x00000206347c5800 10992       2       com.android.tools.r8.internal.x1::d (4 bytes)
Event: 18.995 Thread 0x00000206347c5800 nmethod 10992 0x000002061fb33f10 code [0x000002061fb340c0, 0x000002061fb34198]
Event: 18.999 Thread 0x00000206347c5800 10995       2       com.android.tools.r8.internal.op1::a (130 bytes)
Event: 19.000 Thread 0x00000206347c5800 nmethod 10995 0x000002061fb34210 code [0x000002061fb344a0, 0x000002061fb34ec8]
Event: 19.011 Thread 0x00000206347c5800 10996       2       com.android.tools.r8.internal.jE0::<init> (86 bytes)
Event: 19.011 Thread 0x00000206347c5800 nmethod 10996 0x000002061fb35390 code [0x000002061fb35540, 0x000002061fb356d8]
Event: 19.024 Thread 0x00000206347c5800 10997       2       com.android.tools.r8.internal.kD0::<init> (151 bytes)
Event: 19.024 Thread 0x00000206347c5800 nmethod 10997 0x000002061fb35790 code [0x000002061fb35940, 0x000002061fb35ad8]
Event: 19.038 Thread 0x00000206347c5800 10998       2       com.android.tools.r8.graph.d::a (16 bytes)
Event: 19.038 Thread 0x00000206347c5800 nmethod 10998 0x000002061fb35b90 code [0x000002061fb35d40, 0x000002061fb35e38]
Event: 19.038 Thread 0x00000206347c5800 10999       2       com.android.tools.r8.graph.i::a (8 bytes)
Event: 19.039 Thread 0x00000206347c5800 nmethod 10999 0x000002061fb35f10 code [0x000002061fb360c0, 0x000002061fb361b8]
Event: 19.044 Thread 0x00000206347c5800 11000 %     3       java.util.IdentityHashMap::resize @ 58 (153 bytes)
Event: 19.045 Thread 0x00000206347c5800 nmethod 11000% 0x000002061fb36290 code [0x000002061fb36500, 0x000002061fb373b8]

GC Heap History (20 events):
Event: 17.710 GC heap after
{Heap after GC invocations=23 (full 0):
 garbage-first heap   total 165888K, used 82198K [0x0000000080000000, 0x0000000100000000)
  region size 1024K, 2 young (2048K), 2 survivors (2048K)
 Metaspace       used 88270K, capacity 90483K, committed 90736K, reserved 1128448K
  class space    used 11415K, capacity 12265K, committed 12364K, reserved 1048576K
}
Event: 17.910 GC heap before
{Heap before GC invocations=24 (full 0):
 garbage-first heap   total 165888K, used 127254K [0x0000000080000000, 0x0000000100000000)
  region size 1024K, 45 young (46080K), 2 survivors (2048K)
 Metaspace       used 88683K, capacity 90797K, committed 91376K, reserved 1128448K
  class space    used 11442K, capacity 12238K, committed 12492K, reserved 1048576K
}
Event: 17.916 GC heap after
{Heap after GC invocations=25 (full 0):
 garbage-first heap   total 165888K, used 86016K [0x0000000080000000, 0x0000000100000000)
  region size 1024K, 6 young (6144K), 6 survivors (6144K)
 Metaspace       used 88683K, capacity 90797K, committed 91376K, reserved 1128448K
  class space    used 11442K, capacity 12238K, committed 12492K, reserved 1048576K
}
Event: 17.964 GC heap before
{Heap before GC invocations=25 (full 0):
 garbage-first heap   total 165888K, used 128000K [0x0000000080000000, 0x0000000100000000)
  region size 1024K, 48 young (49152K), 6 survivors (6144K)
 Metaspace       used 88903K, capacity 91046K, committed 91632K, reserved 1128448K
  class space    used 11467K, capacity 12277K, committed 12492K, reserved 1048576K
}
Event: 17.974 GC heap after
{Heap after GC invocations=26 (full 0):
 garbage-first heap   total 165888K, used 98476K [0x0000000080000000, 0x0000000100000000)
  region size 1024K, 6 young (6144K), 6 survivors (6144K)
 Metaspace       used 88903K, capacity 91046K, committed 91632K, reserved 1128448K
  class space    used 11467K, capacity 12277K, committed 12492K, reserved 1048576K
}
Event: 18.273 GC heap before
{Heap before GC invocations=27 (full 0):
 garbage-first heap   total 165888K, used 129196K [0x0000000080000000, 0x0000000100000000)
  region size 1024K, 37 young (37888K), 6 survivors (6144K)
 Metaspace       used 90715K, capacity 92884K, committed 93040K, reserved 1130496K
  class space    used 11746K, capacity 12586K, committed 12620K, reserved 1048576K
}
Event: 18.279 GC heap after
{Heap after GC invocations=28 (full 0):
 garbage-first heap   total 165888K, used 101750K [0x0000000080000000, 0x0000000100000000)
  region size 1024K, 5 young (5120K), 5 survivors (5120K)
 Metaspace       used 90715K, capacity 92884K, committed 93040K, reserved 1130496K
  class space    used 11746K, capacity 12586K, committed 12620K, reserved 1048576K
}
Event: 18.407 GC heap before
{Heap before GC invocations=28 (full 0):
 garbage-first heap   total 165888K, used 131446K [0x0000000080000000, 0x0000000100000000)
  region size 1024K, 34 young (34816K), 5 survivors (5120K)
 Metaspace       used 91817K, capacity 94048K, committed 94320K, reserved 1130496K
  class space    used 11883K, capacity 12743K, committed 12876K, reserved 1048576K
}
Event: 18.424 GC heap after
{Heap after GC invocations=29 (full 0):
 garbage-first heap   total 165888K, used 107157K [0x0000000080000000, 0x0000000100000000)
  region size 1024K, 5 young (5120K), 5 survivors (5120K)
 Metaspace       used 91817K, capacity 94048K, committed 94320K, reserved 1130496K
  class space    used 11883K, capacity 12743K, committed 12876K, reserved 1048576K
}
Event: 18.538 GC heap before
{Heap before GC invocations=29 (full 0):
 garbage-first heap   total 165888K, used 132757K [0x0000000080000000, 0x0000000100000000)
  region size 1024K, 30 young (30720K), 5 survivors (5120K)
 Metaspace       used 92203K, capacity 94429K, committed 94576K, reserved 1130496K
  class space    used 11949K, capacity 12828K, committed 12876K, reserved 1048576K
}
Event: 18.550 GC heap after
{Heap after GC invocations=30 (full 0):
 garbage-first heap   total 165888K, used 113893K [0x0000000080000000, 0x0000000100000000)
  region size 1024K, 4 young (4096K), 4 survivors (4096K)
 Metaspace       used 92203K, capacity 94429K, committed 94576K, reserved 1130496K
  class space    used 11949K, capacity 12828K, committed 12876K, reserved 1048576K
}
Event: 18.617 GC heap before
{Heap before GC invocations=30 (full 0):
 garbage-first heap   total 165888K, used 133349K [0x0000000080000000, 0x0000000100000000)
  region size 1024K, 24 young (24576K), 4 survivors (4096K)
 Metaspace       used 92189K, capacity 94366K, committed 94576K, reserved 1130496K
  class space    used 11941K, capacity 12806K, committed 12876K, reserved 1048576K
}
Event: 18.631 GC heap after
{Heap after GC invocations=31 (full 0):
 garbage-first heap   total 199680K, used 120455K [0x0000000080000000, 0x0000000100000000)
  region size 1024K, 3 young (3072K), 3 survivors (3072K)
 Metaspace       used 92189K, capacity 94366K, committed 94576K, reserved 1130496K
  class space    used 11941K, capacity 12806K, committed 12876K, reserved 1048576K
}
Event: 18.778 GC heap before
{Heap before GC invocations=32 (full 0):
 garbage-first heap   total 199680K, used 153223K [0x0000000080000000, 0x0000000100000000)
  region size 1024K, 36 young (36864K), 3 survivors (3072K)
 Metaspace       used 93142K, capacity 95461K, committed 95728K, reserved 1132544K
  class space    used 12076K, capacity 12977K, committed 13004K, reserved 1048576K
}
Event: 18.793 GC heap after
{Heap after GC invocations=33 (full 0):
 garbage-first heap   total 199680K, used 129008K [0x0000000080000000, 0x0000000100000000)
  region size 1024K, 5 young (5120K), 5 survivors (5120K)
 Metaspace       used 93142K, capacity 95461K, committed 95728K, reserved 1132544K
  class space    used 12076K, capacity 12977K, committed 13004K, reserved 1048576K
}
Event: 18.900 GC heap before
{Heap before GC invocations=33 (full 0):
 garbage-first heap   total 199680K, used 159728K [0x0000000080000000, 0x0000000100000000)
  region size 1024K, 35 young (35840K), 5 survivors (5120K)
 Metaspace       used 93320K, capacity 95657K, committed 95728K, reserved 1132544K
  class space    used 12091K, capacity 12977K, committed 13004K, reserved 1048576K
}
Event: 18.915 GC heap after
{Heap after GC invocations=34 (full 0):
 garbage-first heap   total 199680K, used 135468K [0x0000000080000000, 0x0000000100000000)
  region size 1024K, 5 young (5120K), 5 survivors (5120K)
 Metaspace       used 93320K, capacity 95657K, committed 95728K, reserved 1132544K
  class space    used 12091K, capacity 12977K, committed 13004K, reserved 1048576K
}
Event: 18.972 GC heap before
{Heap before GC invocations=34 (full 0):
 garbage-first heap   total 199680K, used 162092K [0x0000000080000000, 0x0000000100000000)
  region size 1024K, 31 young (31744K), 5 survivors (5120K)
 Metaspace       used 93692K, capacity 96043K, committed 96368K, reserved 1132544K
  class space    used 12133K, capacity 13041K, committed 13132K, reserved 1048576K
}
Event: 18.984 GC heap after
{Heap after GC invocations=35 (full 0):
 garbage-first heap   total 199680K, used 141612K [0x0000000080000000, 0x0000000100000000)
  region size 1024K, 4 young (4096K), 4 survivors (4096K)
 Metaspace       used 93692K, capacity 96043K, committed 96368K, reserved 1132544K
  class space    used 12133K, capacity 13041K, committed 13132K, reserved 1048576K
}
Event: 19.070 GC heap before
{Heap before GC invocations=35 (full 0):
 garbage-first heap   total 199680K, used 164140K [0x0000000080000000, 0x0000000100000000)
  region size 1024K, 27 young (27648K), 4 survivors (4096K)
 Metaspace       used 94415K, capacity 96748K, committed 96880K, reserved 1132544K
  class space    used 12225K, capacity 13129K, committed 13132K, reserved 1048576K
}

Deoptimization events (20 events):
Event: 18.706 Thread 0x0000020637c9f800 Uncommon trap: trap_request=0xffffffc6 fr.pc=0x0000020625d4d974 relative=0x00000000000042b4
Event: 18.706 Thread 0x000002063af7d000 Uncommon trap: trap_request=0xffffffc6 fr.pc=0x0000020625d4d974 relative=0x00000000000042b4
Event: 18.706 Thread 0x0000020637c9f800 Uncommon trap: reason=bimorphic_or_optimized_type_check action=maybe_recompile pc=0x0000020625d4d974 method=java.util.AbstractCollection.addAll(Ljava/util/Collection;)Z @ 29 c2
Event: 18.706 Thread 0x000002063af7d000 Uncommon trap: reason=bimorphic_or_optimized_type_check action=maybe_recompile pc=0x0000020625d4d974 method=java.util.AbstractCollection.addAll(Ljava/util/Collection;)Z @ 29 c2
Event: 18.706 Thread 0x0000020637c9f800 DEOPT PACKING pc=0x0000020625d4d974 sp=0x0000007aa8efa970
Event: 18.706 Thread 0x000002063af7d000 DEOPT PACKING pc=0x0000020625d4d974 sp=0x0000007aabcfaae0
Event: 18.706 Thread 0x0000020637c9f800 DEOPT UNPACKING pc=0x000002061de5662f sp=0x0000007aa8efa970 mode 2
Event: 18.706 Thread 0x000002063af7d000 DEOPT UNPACKING pc=0x000002061de5662f sp=0x0000007aabcfaae0 mode 2
Event: 18.706 Thread 0x000002063b9e4800 Uncommon trap: trap_request=0xffffffc6 fr.pc=0x0000020625d4d974 relative=0x00000000000042b4
Event: 18.706 Thread 0x000002063b9e4800 Uncommon trap: reason=bimorphic_or_optimized_type_check action=maybe_recompile pc=0x0000020625d4d974 method=java.util.AbstractCollection.addAll(Ljava/util/Collection;)Z @ 29 c2
Event: 18.706 Thread 0x000002063b9e4800 DEOPT PACKING pc=0x0000020625d4d974 sp=0x0000007aa9ffb010
Event: 18.706 Thread 0x000002063b9e4800 DEOPT UNPACKING pc=0x000002061de5662f sp=0x0000007aa9ffb010 mode 2
Event: 18.708 Thread 0x000002063af7f800 Uncommon trap: trap_request=0xffffffc6 fr.pc=0x0000020625d4d974 relative=0x00000000000042b4
Event: 18.708 Thread 0x000002063af7f800 Uncommon trap: reason=bimorphic_or_optimized_type_check action=maybe_recompile pc=0x0000020625d4d974 method=java.util.AbstractCollection.addAll(Ljava/util/Collection;)Z @ 29 c2
Event: 18.708 Thread 0x000002063af7f800 DEOPT PACKING pc=0x0000020625d4d974 sp=0x0000007aab6faf20
Event: 18.708 Thread 0x000002063af7f800 DEOPT UNPACKING pc=0x000002061de5662f sp=0x0000007aab6faf20 mode 2
Event: 18.744 Thread 0x000002063af7d000 Uncommon trap: trap_request=0xffffff4d fr.pc=0x0000020625db2634 relative=0x0000000000000374
Event: 18.744 Thread 0x000002063af7d000 Uncommon trap: reason=unstable_if action=reinterpret pc=0x0000020625db2634 method=java.util.WeakHashMap.remove(Ljava/lang/Object;)Ljava/lang/Object; @ 94 c2
Event: 18.744 Thread 0x000002063af7d000 DEOPT PACKING pc=0x0000020625db2634 sp=0x0000007aabcf70e0
Event: 18.744 Thread 0x000002063af7d000 DEOPT UNPACKING pc=0x000002061de5662f sp=0x0000007aabcf7028 mode 2

Classes redefined (0 events):
No events

Internal exceptions (20 events):
Event: 18.305 Thread 0x0000020637c9f800 Exception <a 'java/lang/NoSuchMethodError'{0x000000008a015a80}: 'java.lang.Object java.lang.invoke.DirectMethodHandle$Holder.invokeStatic(java.lang.Object, long)'> (0x000000008a015a80) thrown at [./src/hotspot/share/interpreter/linkResolver.cpp, line 773]
Event: 18.465 Thread 0x000002063b9e4800 Exception <a 'java/lang/NoSuchMethodError'{0x000000008963f5f8}: 'int java.lang.invoke.DirectMethodHandle$Holder.invokeVirtual(java.lang.Object, java.lang.Object, java.lang.Object, java.lang.Object)'> (0x000000008963f5f8) thrown at [./src/hotspot/share/interpreter/linkResolver.cpp, line 773]
Event: 18.465 Thread 0x000002063af7f800 Exception <a 'java/lang/NoSuchMethodError'{0x0000000089630810}: 'int java.lang.invoke.DirectMethodHandle$Holder.invokeVirtual(java.lang.Object, java.lang.Object, java.lang.Object, java.lang.Object)'> (0x0000000089630810) thrown at [./src/hotspot/share/interpreter/linkResolver.cpp, line 773]
Event: 18.490 Thread 0x000002063af7f800 Exception <a 'java/lang/NoSuchMethodError'{0x00000000893fdd88}: 'long java.lang.invoke.DirectMethodHandle$Holder.invokeStatic(java.lang.Object, java.lang.Object)'> (0x00000000893fdd88) thrown at [./src/hotspot/share/interpreter/linkResolver.cpp, line 773]
Event: 18.673 Thread 0x0000020637c9f800 Exception <a 'java/lang/IncompatibleClassChangeError'{0x000000008bca6be8}: Found class java.lang.Object, but interface was expected> (0x000000008bca6be8) thrown at [./src/hotspot/share/interpreter/linkResolver.cpp, line 839]
Event: 18.674 Thread 0x000002063af7d000 Exception <a 'java/lang/IncompatibleClassChangeError'{0x000000008beeeaf8}: Found class java.lang.Object, but interface was expected> (0x000000008beeeaf8) thrown at [./src/hotspot/share/interpreter/linkResolver.cpp, line 839]
Event: 18.674 Thread 0x000002063b9e4800 Exception <a 'java/lang/IncompatibleClassChangeError'{0x000000008bcc56d8}: Found class java.lang.Object, but interface was expected> (0x000000008bcc56d8) thrown at [./src/hotspot/share/interpreter/linkResolver.cpp, line 839]
Event: 18.675 Thread 0x000002063af7d000 Exception <a 'java/lang/NoSuchMethodError'{0x000000008bef00d0}: 'java.lang.Object java.lang.invoke.DirectMethodHandle$Holder.newInvokeSpecial(java.lang.Object, int)'> (0x000000008bef00d0) thrown at [./src/hotspot/share/interpreter/linkResolver.cpp, line 773]
Event: 18.675 Thread 0x000002063b9e4800 Exception <a 'java/lang/NoSuchMethodError'{0x000000008bcc6d98}: 'java.lang.Object java.lang.invoke.DirectMethodHandle$Holder.newInvokeSpecial(java.lang.Object, int)'> (0x000000008bcc6d98) thrown at [./src/hotspot/share/interpreter/linkResolver.cpp, line 773]
Event: 18.675 Thread 0x0000020637c9f800 Exception <a 'java/lang/NoSuchMethodError'{0x000000008bcae948}: 'java.lang.Object java.lang.invoke.DirectMethodHandle$Holder.newInvokeSpecial(java.lang.Object, int)'> (0x000000008bcae948) thrown at [./src/hotspot/share/interpreter/linkResolver.cpp, line 773]
Event: 18.675 Thread 0x000002063af7f800 Exception <a 'java/lang/NoSuchMethodError'{0x000000008bc5b5d0}: 'java.lang.Object java.lang.invoke.DirectMethodHandle$Holder.newInvokeSpecial(java.lang.Object, int)'> (0x000000008bc5b5d0) thrown at [./src/hotspot/share/interpreter/linkResolver.cpp, line 773]
Event: 18.679 Thread 0x000002063af7d000 Exception <a 'java/lang/IncompatibleClassChangeError'{0x000000008ba019c0}: Found class java.lang.Object, but interface was expected> (0x000000008ba019c0) thrown at [./src/hotspot/share/interpreter/linkResolver.cpp, line 839]
Event: 18.679 Thread 0x0000020637c9f800 Exception <a 'java/lang/IncompatibleClassChangeError'{0x000000008bcb62d8}: Found class java.lang.Object, but interface was expected> (0x000000008bcb62d8) thrown at [./src/hotspot/share/interpreter/linkResolver.cpp, line 839]
Event: 18.679 Thread 0x000002063b9e4800 Exception <a 'java/lang/IncompatibleClassChangeError'{0x000000008bcce700}: Found class java.lang.Object, but interface was expected> (0x000000008bcce700) thrown at [./src/hotspot/share/interpreter/linkResolver.cpp, line 839]
Event: 18.680 Thread 0x0000020637c9f800 Exception <a 'java/lang/IncompatibleClassChangeError'{0x000000008bcc0360}: Found class java.lang.Object, but interface was expected> (0x000000008bcc0360) thrown at [./src/hotspot/share/interpreter/linkResolver.cpp, line 839]
Event: 18.680 Thread 0x000002063af7d000 Exception <a 'java/lang/IncompatibleClassChangeError'{0x000000008ba05188}: Found class java.lang.Object, but interface was expected> (0x000000008ba05188) thrown at [./src/hotspot/share/interpreter/linkResolver.cpp, line 839]
Event: 18.680 Thread 0x000002063b9e4800 Exception <a 'java/lang/IncompatibleClassChangeError'{0x000000008bcd1e60}: Found class java.lang.Object, but interface was expected> (0x000000008bcd1e60) thrown at [./src/hotspot/share/interpreter/linkResolver.cpp, line 839]
Event: 18.721 Thread 0x0000020637c9f800 Exception <a 'java/lang/IncompatibleClassChangeError'{0x000000008af6c570}: Found class java.lang.Object, but interface was expected> (0x000000008af6c570) thrown at [./src/hotspot/share/interpreter/linkResolver.cpp, line 839]
Event: 18.731 Thread 0x000002063af7d000 Exception <a 'java/lang/NoSuchMethodError'{0x000000008ad7a438}: 'int java.lang.invoke.DirectMethodHandle$Holder.invokeVirtual(java.lang.Object, java.lang.Object, java.lang.Object)'> (0x000000008ad7a438) thrown at [./src/hotspot/share/interpreter/linkResolver.cpp, line 773]
Event: 18.731 Thread 0x0000020637c9f800 Exception <a 'java/lang/NoSuchMethodError'{0x000000008ad3f000}: 'int java.lang.invoke.DirectMethodHandle$Holder.invokeVirtual(java.lang.Object, java.lang.Object, java.lang.Object)'> (0x000000008ad3f000) thrown at [./src/hotspot/share/interpreter/linkResolver.cpp, line 773]

Events (20 events):
Event: 19.056 loading class com/android/tools/r8/internal/YD0 done
Event: 19.056 loading class com/android/tools/r8/internal/YD0
Event: 19.056 loading class com/android/tools/r8/internal/YD0 done
Event: 19.056 loading class com/android/tools/r8/internal/LA0
Event: 19.056 loading class com/android/tools/r8/internal/LA0 done
Event: 19.056 loading class com/android/tools/r8/internal/LA0
Event: 19.056 loading class com/android/tools/r8/internal/LA0 done
Event: 19.056 loading class com/android/tools/r8/internal/LA0
Event: 19.056 loading class com/android/tools/r8/internal/LA0 done
Event: 19.056 loading class com/android/tools/r8/internal/LA0
Event: 19.056 loading class com/android/tools/r8/internal/LA0 done
Event: 19.056 loading class com/android/tools/r8/internal/CX0
Event: 19.056 loading class com/android/tools/r8/internal/CX0 done
Event: 19.056 loading class com/android/tools/r8/internal/CX0
Event: 19.056 loading class com/android/tools/r8/internal/CX0 done
Event: 19.056 loading class com/android/tools/r8/internal/RA0
Event: 19.056 loading class com/android/tools/r8/internal/RA0 done
Event: 19.063 Executing VM operation: G1CollectForAllocation
Event: 19.070 loading class com/android/tools/r8/internal/CX0
Event: 19.070 loading class com/android/tools/r8/internal/CX0 done


Dynamic libraries:
0x00007ff709d50000 - 0x00007ff709d5a000 	D:\programming\jre\bin\java.exe
0x00007fff8a3e0000 - 0x00007fff8a5e9000 	C:\WINDOWS\SYSTEM32\ntdll.dll
0x00007fff89ac0000 - 0x00007fff89b7d000 	C:\WINDOWS\System32\KERNEL32.DLL
0x00007fff87cf0000 - 0x00007fff88069000 	C:\WINDOWS\System32\KERNELBASE.dll
0x00007fff878d0000 - 0x00007fff879e1000 	C:\WINDOWS\System32\ucrtbase.dll
0x00007fff79170000 - 0x00007fff79189000 	D:\programming\jre\bin\jli.dll
0x00007fff77320000 - 0x00007fff77337000 	D:\programming\jre\bin\VCRUNTIME140.dll
0x00007fff884a0000 - 0x00007fff8864c000 	C:\WINDOWS\System32\USER32.dll
0x00007fff88070000 - 0x00007fff88096000 	C:\WINDOWS\System32\win32u.dll
0x00007fff7bf20000 - 0x00007fff7c1c5000 	C:\WINDOWS\WinSxS\amd64_microsoft.windows.common-controls_6595b64144ccf1df_6.0.22000.120_none_9d947278b86cc467\COMCTL32.dll
0x00007fff89440000 - 0x00007fff894e3000 	C:\WINDOWS\System32\msvcrt.dll
0x00007fff89c00000 - 0x00007fff89c29000 	C:\WINDOWS\System32\GDI32.dll
0x00007fff880a0000 - 0x00007fff881b2000 	C:\WINDOWS\System32\gdi32full.dll
0x00007fff87be0000 - 0x00007fff87c7d000 	C:\WINDOWS\System32\msvcp_win.dll
0x00007fff89d10000 - 0x00007fff89d41000 	C:\WINDOWS\System32\IMM32.DLL
0x00007fff6cbb0000 - 0x00007fff6cc4d000 	D:\programming\jre\bin\msvcp140.dll
0x00007fff0f0b0000 - 0x00007fff0fb85000 	D:\programming\jre\bin\server\jvm.dll
0x00007fff88990000 - 0x00007fff88a3e000 	C:\WINDOWS\System32\ADVAPI32.dll
0x00007fff88400000 - 0x00007fff8849e000 	C:\WINDOWS\System32\sechost.dll
0x00007fff88280000 - 0x00007fff883a0000 	C:\WINDOWS\System32\RPCRT4.dll
0x00007fff8a0e0000 - 0x00007fff8a0e8000 	C:\WINDOWS\System32\PSAPI.DLL
0x00007fff83cc0000 - 0x00007fff83cc9000 	C:\WINDOWS\SYSTEM32\WSOCK32.dll
0x00007fff82b50000 - 0x00007fff82b83000 	C:\WINDOWS\SYSTEM32\WINMM.dll
0x00007fff808d0000 - 0x00007fff808da000 	C:\WINDOWS\SYSTEM32\VERSION.dll
0x00007fff89a50000 - 0x00007fff89abf000 	C:\WINDOWS\System32\WS2_32.dll
0x00007fff869d0000 - 0x00007fff869e8000 	C:\WINDOWS\SYSTEM32\kernel.appcore.dll
0x00007fff7ba20000 - 0x00007fff7ba31000 	D:\programming\jre\bin\verify.dll
0x00007fff85340000 - 0x00007fff85561000 	C:\WINDOWS\SYSTEM32\DBGHELP.DLL
0x00007fff7cdd0000 - 0x00007fff7ce01000 	C:\WINDOWS\SYSTEM32\dbgcore.DLL
0x00007fff879f0000 - 0x00007fff87a6f000 	C:\WINDOWS\System32\bcryptPrimitives.dll
0x00007fff7b820000 - 0x00007fff7b849000 	D:\programming\jre\bin\java.dll
0x00007fff7ba10000 - 0x00007fff7ba1b000 	D:\programming\jre\bin\jimage.dll
0x00007fff797e0000 - 0x00007fff797f8000 	D:\programming\jre\bin\zip.dll
0x00007fff88ac0000 - 0x00007fff8926f000 	C:\WINDOWS\System32\SHELL32.dll
0x00007fff85a40000 - 0x00007fff862a8000 	C:\WINDOWS\SYSTEM32\windows.storage.dll
0x00007fff89d60000 - 0x00007fff8a0d8000 	C:\WINDOWS\System32\combase.dll
0x00007fff858d0000 - 0x00007fff85a36000 	C:\WINDOWS\SYSTEM32\wintypes.dll
0x00007fff894f0000 - 0x00007fff895da000 	C:\WINDOWS\System32\SHCORE.dll
0x00007fff8a270000 - 0x00007fff8a2cd000 	C:\WINDOWS\System32\shlwapi.dll
0x00007fff87800000 - 0x00007fff87821000 	C:\WINDOWS\SYSTEM32\profapi.dll
0x00007fff797c0000 - 0x00007fff797da000 	D:\programming\jre\bin\net.dll
0x00007fff81610000 - 0x00007fff8171c000 	C:\WINDOWS\SYSTEM32\WINHTTP.dll
0x00007fff86e00000 - 0x00007fff86e67000 	C:\WINDOWS\system32\mswsock.dll
0x00007fff795b0000 - 0x00007fff795c4000 	D:\programming\jre\bin\nio.dll
0x00007fff673c0000 - 0x00007fff673e7000 	C:\Users\polin\.gradle\native\e1d6ef7f7dcc3fd88c89a11ec53ec762bb8ba0a96d01ffa2cd45eb1d1d8dd5c5\windows-amd64\native-platform.dll
0x00007fff6c9b0000 - 0x00007fff6caf4000 	C:\Users\polin\.gradle\native\5664cfc778a61ccfe75a443a1ab52a65af34e5dc3c78e0209fed803814484fcb\windows-amd64\native-platform-file-events.dll
0x00007fff77210000 - 0x00007fff7721a000 	D:\programming\jre\bin\management.dll
0x00007fff77200000 - 0x00007fff7720d000 	D:\programming\jre\bin\management_ext.dll
0x00007fff87050000 - 0x00007fff87068000 	C:\WINDOWS\SYSTEM32\CRYPTSP.dll
0x00007fff86930000 - 0x00007fff86965000 	C:\WINDOWS\system32\rsaenh.dll
0x00007fff86ef0000 - 0x00007fff86f19000 	C:\WINDOWS\SYSTEM32\USERENV.dll
0x00007fff871c0000 - 0x00007fff871e7000 	C:\WINDOWS\SYSTEM32\bcrypt.dll
0x00007fff87040000 - 0x00007fff8704c000 	C:\WINDOWS\SYSTEM32\CRYPTBASE.dll
0x00007fff86500000 - 0x00007fff8652d000 	C:\WINDOWS\SYSTEM32\IPHLPAPI.DLL
0x00007fff89d50000 - 0x00007fff89d59000 	C:\WINDOWS\System32\NSI.dll
0x00007fff81d20000 - 0x00007fff81d39000 	C:\WINDOWS\SYSTEM32\dhcpcsvc6.DLL
0x00007fff82a90000 - 0x00007fff82aae000 	C:\WINDOWS\SYSTEM32\dhcpcsvc.DLL
0x00007fff86530000 - 0x00007fff86618000 	C:\WINDOWS\SYSTEM32\DNSAPI.dll

dbghelp: loaded successfully - version: 4.0.5 - missing functions: none
symbol engine: initialized successfully - sym options: 0x614 - pdb path: .;D:\programming\jre\bin;C:\WINDOWS\SYSTEM32;C:\WINDOWS\WinSxS\amd64_microsoft.windows.common-controls_6595b64144ccf1df_6.0.22000.120_none_9d947278b86cc467;D:\programming\jre\bin\server;C:\Users\polin\.gradle\native\e1d6ef7f7dcc3fd88c89a11ec53ec762bb8ba0a96d01ffa2cd45eb1d1d8dd5c5\windows-amd64;C:\Users\polin\.gradle\native\5664cfc778a61ccfe75a443a1ab52a65af34e5dc3c78e0209fed803814484fcb\windows-amd64

VM Arguments:
jvm_args: --add-opens=java.base/java.util=ALL-UNNAMED --add-opens=java.base/java.lang=ALL-UNNAMED --add-opens=java.base/java.lang.invoke=ALL-UNNAMED --add-opens=java.base/java.util=ALL-UNNAMED --add-opens=java.prefs/java.util.prefs=ALL-UNNAMED --add-opens=java.prefs/java.util.prefs=ALL-UNNAMED --add-opens=java.base/java.nio.charset=ALL-UNNAMED --add-opens=java.base/java.net=ALL-UNNAMED --add-opens=java.base/java.util.concurrent.atomic=ALL-UNNAMED -Xmx2048m -Dfile.encoding=UTF-8 -Duser.country=RU -Duser.language=ru -Duser.variant 
java_command: org.gradle.launcher.daemon.bootstrap.GradleDaemon 7.2
java_class_path (initial): C:\Users\polin\.gradle\wrapper\dists\gradle-7.2-bin\2dnblmf4td7x66yl1d74lt32g\gradle-7.2\lib\gradle-launcher-7.2.jar
Launcher Type: SUN_STANDARD

[Global flags]
     intx CICompilerCount                          = 4                                         {product} {ergonomic}
     uint ConcGCThreads                            = 2                                         {product} {ergonomic}
     uint G1ConcRefinementThreads                  = 8                                         {product} {ergonomic}
   size_t G1HeapRegionSize                         = 1048576                                   {product} {ergonomic}
    uintx GCDrainStackTargetSize                   = 64                                        {product} {ergonomic}
   size_t InitialHeapSize                          = 117440512                                 {product} {ergonomic}
   size_t MarkStackSize                            = 4194304                                   {product} {ergonomic}
   size_t MaxHeapSize                              = 2147483648                                {product} {command line}
   size_t MaxNewSize                               = 1287651328                                {product} {ergonomic}
   size_t MinHeapDeltaBytes                        = 1048576                                   {product} {ergonomic}
    uintx NonNMethodCodeHeapSize                   = 5836300                                {pd product} {ergonomic}
    uintx NonProfiledCodeHeapSize                  = 122910970                              {pd product} {ergonomic}
    uintx ProfiledCodeHeapSize                     = 122910970                              {pd product} {ergonomic}
    uintx ReservedCodeCacheSize                    = 251658240                              {pd product} {ergonomic}
     bool SegmentedCodeCache                       = true                                      {product} {ergonomic}
     bool UseCompressedClassPointers               = true                                 {lp64_product} {ergonomic}
     bool UseCompressedOops                        = true                                 {lp64_product} {ergonomic}
     bool UseG1GC                                  = true                                      {product} {ergonomic}
     bool UseLargePagesIndividualAllocation        = false                                  {pd product} {ergonomic}

Logging:
Log output configuration:
 #0: stdout all=warning uptime,level,tags
 #1: stderr all=off uptime,level,tags

Environment Variables:
PATH=C:\Program Files\Common Files\Oracle\Java\javapath;C:\WINDOWS\system32;C:\WINDOWS;C:\WINDOWS\System32\Wbem;C:\WINDOWS\System32\WindowsPowerShell\v1.0\;C:\WINDOWS\System32\OpenSSH\;D:\Git\Git\cmd;C:\Program Files\MySQL\MySQL Shell 8.0\bin\;D:\Python310\Scripts\;D:\Python310\;C:\Users\polin\AppData\Local\Microsoft\WindowsApps;D:\Python\PyCharm Community Edition 2021.3.2\bin;;C:\Users\polin\AppData\Local\GitHubDesktop\bin;C:\src\flutter\bin;
USERNAME=polin
OS=Windows_NT
PROCESSOR_IDENTIFIER=AMD64 Family 23 Model 24 Stepping 1, AuthenticAMD



---------------  S Y S T E M  ---------------

OS: Windows 10 , 64 bit Build 22000 (10.0.22000.675)
OS uptime: 2 days 19:36 hours

CPU:total 8 (initial active 8) (8 cores per cpu, 2 threads per core) family 23 model 24 stepping 1 microcode 0x0, cmov, cx8, fxsr, mmx, sse, sse2, sse3, ssse3, sse4.1, sse4.2, popcnt, avx, avx2, aes, clmul, mmxext, 3dnowpref, lzcnt, sse4a, ht, tsc, tscinvbit, tscinv, bmi1, bmi2, adx, s

Memory: 4k page, system-wide physical 7103M (312M free)
TotalPageFile size 17353M (AvailPageFile size 11M)
current process WorkingSet (physical memory assigned to process): 488M, peak: 488M
current process commit charge ("private bytes"): 557M, peak: 672M

vm_info: OpenJDK 64-Bit Server VM (11.0.11+9-b60-7590822) for windows-amd64 JRE (11.0.11+9-b60-7590822), built on Jul 29 2021 21:43:44 by "builder" with MS VC++ 14.0 (VS2015)

END.
