#
# There is insufficient memory for the Java Runtime Environment to continue.
# Native memory allocation (malloc) failed to allocate 48816 bytes for Chunk::new
# Possible reasons:
#   The system is out of physical RAM or swap space
#   The process is running with CompressedOops enabled, and the Java Heap may be blocking the growth of the native heap
# Possible solutions:
#   Reduce memory load on the system
#   Increase physical memory or swap space
#   Check if swap backing store is full
#   Decrease Java heap size (-Xmx/-Xms)
#   Decrease number of Java threads
#   Decrease Java thread stack sizes (-Xss)
#   Set larger code cache with -XX:ReservedCodeCacheSize=
#   JVM is running with Unscaled Compressed Oops mode in which the Java heap is
#     placed in the first 4GB address space. The Java Heap base address is the
#     maximum limit for the native heap growth. Please use -XX:HeapBaseMinAddress
#     to set the Java Heap base and to place the Java Heap above 4GB virtual address.
# This output file may be truncated or incomplete.
#
#  Out of Memory Error (./src/hotspot/share/memory/arena.cpp:197), pid=8444, tid=11756
#
# JRE version: OpenJDK Runtime Environment (11.0.11+9) (build 11.0.11+9-b60-7590822)
# Java VM: OpenJDK 64-Bit Server VM (11.0.11+9-b60-7590822, mixed mode, tiered, compressed oops, g1 gc, windows-amd64)
# No core dump will be written. Minidumps are not enabled by default on client versions of Windows
#

---------------  S U M M A R Y ------------

Command Line: --add-opens=java.base/java.util=ALL-UNNAMED --add-opens=java.base/java.lang=ALL-UNNAMED --add-opens=java.base/java.lang.invoke=ALL-UNNAMED --add-opens=java.base/java.util=ALL-UNNAMED --add-opens=java.prefs/java.util.prefs=ALL-UNNAMED --add-opens=java.prefs/java.util.prefs=ALL-UNNAMED --add-opens=java.base/java.nio.charset=ALL-UNNAMED --add-opens=java.base/java.net=ALL-UNNAMED --add-opens=java.base/java.util.concurrent.atomic=ALL-UNNAMED -Xmx2048m -Dfile.encoding=UTF-8 -Duser.country=RU -Duser.language=ru -Duser.variant org.gradle.launcher.daemon.bootstrap.GradleDaemon 7.2

Host: AMD Ryzen 5 3500U with Radeon Vega Mobile Gfx  , 8 cores, 6G,  Windows 10 , 64 bit Build 22000 (10.0.22000.675)
Time: Tue May 17 14:05:41 2022 RTZ 2 (зима) elapsed time: 19.605198 seconds (0d 0h 0m 19s)

---------------  T H R E A D  ---------------

Current thread (0x000001dda221a800):  JavaThread "C2 CompilerThread0" daemon [_thread_in_native, id=11756, stack(0x0000001012500000,0x0000001012600000)]


Current CompileTask:
C2:  19605 10275       4       java.util.Collections$SetFromMap::add (22 bytes)

Stack: [0x0000001012500000,0x0000001012600000]
Native frames: (J=compiled Java code, j=interpreted, Vv=VM code, C=native code)
V  [jvm.dll+0x5f214a]
V  [jvm.dll+0x726fb5]
V  [jvm.dll+0x7285cd]
V  [jvm.dll+0x728c83]
V  [jvm.dll+0x243278]
V  [jvm.dll+0xbc53c]
V  [jvm.dll+0xbca3c]
V  [jvm.dll+0x1fba31]
V  [jvm.dll+0x584ddd]
V  [jvm.dll+0x5888cb]
V  [jvm.dll+0x1fc082]
V  [jvm.dll+0x1fb3d4]
V  [jvm.dll+0x183d6c]
V  [jvm.dll+0x209a57]
V  [jvm.dll+0x2082a1]
V  [jvm.dll+0x6ef58f]
V  [jvm.dll+0x6e80b5]
V  [jvm.dll+0x5f1036]
C  [ucrtbase.dll+0x26c0c]
C  [KERNEL32.DLL+0x154e0]
C  [ntdll.dll+0x485b]


---------------  P R O C E S S  ---------------

Threads class SMR info:
_java_thread_list=0x000001dda9c2bca0, length=135, elements={
0x000001dd87d94000, 0x000001dda21ee000, 0x000001dda21f6800, 0x000001dda220d800,
0x000001dda220e800, 0x000001dda220f800, 0x000001dda221a800, 0x000001dda221f000,
0x000001dda2232800, 0x000001dda2cf5800, 0x000001dda4396800, 0x000001dda4103000,
0x000001dda2dc0000, 0x000001dda3b75000, 0x000001dda3ef3000, 0x000001dda52ab000,
0x000001dda33fa000, 0x000001dda3362000, 0x000001dda51d1000, 0x000001dda4b9e000,
0x000001dda4b9a800, 0x000001dda4b9d000, 0x000001dda4b9f800, 0x000001dda4b9c000,
0x000001dda4b9e800, 0x000001dda4b99800, 0x000001dda4ba0000, 0x000001dda4b9b800,
0x000001dda6c52800, 0x000001dda6c51000, 0x000001dda6c4d000, 0x000001dda6c53800,
0x000001dda6c4e800, 0x000001dda6c50000, 0x000001dda6c4f800, 0x000001dda6c57800,
0x000001dda6c58800, 0x000001dda6c59000, 0x000001dda6c5a000, 0x000001dda6c5b800,
0x000001dda6c56000, 0x000001dda6c56800, 0x000001dda6c5b000, 0x000001dda7e56800,
0x000001dda7e59800, 0x000001dda7e57000, 0x000001dda7e5a800, 0x000001dda7e58000,
0x000001dda7e59000, 0x000001dda7e5b800, 0x000001dda7e55800, 0x000001dda7e5f800,
0x000001dda7e5e800, 0x000001dda7e5d800, 0x000001dda7e61000, 0x000001dda7e60000,
0x000001dda7e5d000, 0x000001dda7e62000, 0x000001dda7e5c000, 0x000001dda7e62800,
0x000001dda7e63800, 0x000001dda7e64800, 0x000001dda87e7800, 0x000001dda87e8800,
0x000001dda87ec800, 0x000001dda87eb800, 0x000001dda87e9000, 0x000001dda87ed000,
0x000001dda87ee000, 0x000001dda87ef000, 0x000001dda87ef800, 0x000001dda87ea000,
0x000001dda87f0800, 0x000001dda87ea800, 0x000001dda87f3800, 0x000001dda87f1800,
0x000001dda87f4800, 0x000001dda87f2000, 0x000001dda87f5800, 0x000001dda87f3000,
0x000001dda87f6000, 0x000001dda6ce2800, 0x000001dda6cdf800, 0x000001dda6cde800,
0x000001dda6cdd000, 0x000001dda6ce0000, 0x000001dda6ce1000, 0x000001dda6ce3800,
0x000001dda6cdd800, 0x000001dda6ce6000, 0x000001dda6ce7800, 0x000001dda6ce4000,
0x000001dda6ce5000, 0x000001dda6ce6800, 0x000001dda6ce1800, 0x000001dda6cea800,
0x000001dda6ceb800, 0x000001dda6ce8000, 0x000001dda6cea000, 0x000001dda6ce9000,
0x000001dda9ce4800, 0x000001dda9ce5800, 0x000001dda9ce8800, 0x000001dda9ce9800,
0x000001dda9ce3800, 0x000001dda9ce7800, 0x000001dda9ceb000, 0x000001dda9cec000,
0x000001dda9ce6000, 0x000001dda9cea000, 0x000001dda9cec800, 0x000001dda9ce7000,
0x000001dda9cf0800, 0x000001dda9cef000, 0x000001dda9cee800, 0x000001dda9cf0000,
0x000001dda9cf1800, 0x000001dda9cf2800, 0x000001dda9ced800, 0x000001dda8ab8800,
0x000001dda8ab6000, 0x000001dda8ab9800, 0x000001dda8ab7000, 0x000001dda8aba800,
0x000001dda8ab4800, 0x000001dda8ac1000, 0x000001dda8abc800, 0x000001dda8abc000,
0x000001dda8ac0000, 0x000001dda8abe800, 0x000001dda8abf000, 0x000001dda8abb000,
0x000001dda8ac2800, 0x000001dda8abd800, 0x000001dda8ab8000
}

Java Threads: ( => current thread )
  0x000001dd87d94000 JavaThread "main" [_thread_blocked, id=5516, stack(0x0000001011900000,0x0000001011a00000)]
  0x000001dda21ee000 JavaThread "Reference Handler" daemon [_thread_blocked, id=18548, stack(0x0000001012000000,0x0000001012100000)]
  0x000001dda21f6800 JavaThread "Finalizer" daemon [_thread_blocked, id=12924, stack(0x0000001012100000,0x0000001012200000)]
  0x000001dda220d800 JavaThread "Signal Dispatcher" daemon [_thread_blocked, id=15436, stack(0x0000001012200000,0x0000001012300000)]
  0x000001dda220e800 JavaThread "Attach Listener" daemon [_thread_blocked, id=17312, stack(0x0000001012300000,0x0000001012400000)]
  0x000001dda220f800 JavaThread "Service Thread" daemon [_thread_blocked, id=8484, stack(0x0000001012400000,0x0000001012500000)]
=>0x000001dda221a800 JavaThread "C2 CompilerThread0" daemon [_thread_in_native, id=11756, stack(0x0000001012500000,0x0000001012600000)]
  0x000001dda221f000 JavaThread "C1 CompilerThread0" daemon [_thread_blocked, id=5200, stack(0x0000001012600000,0x0000001012700000)]
  0x000001dda2232800 JavaThread "Sweeper thread" daemon [_thread_blocked, id=12560, stack(0x0000001012700000,0x0000001012800000)]
  0x000001dda2cf5800 JavaThread "Common-Cleaner" daemon [_thread_blocked, id=15456, stack(0x0000001012800000,0x0000001012900000)]
  0x000001dda4396800 JavaThread "Daemon health stats" [_thread_blocked, id=16844, stack(0x0000001012c00000,0x0000001012d00000)]
  0x000001dda4103000 JavaThread "Incoming local TCP Connector on port 53079" [_thread_in_native, id=18976, stack(0x0000001012a00000,0x0000001012b00000)]
  0x000001dda2dc0000 JavaThread "Daemon periodic checks" [_thread_blocked, id=9524, stack(0x0000001012d00000,0x0000001012e00000)]
  0x000001dda3b75000 JavaThread "Daemon" [_thread_blocked, id=19400, stack(0x0000001012e00000,0x0000001012f00000)]
  0x000001dda3ef3000 JavaThread "Handler for socket connection from /127.0.0.1:53079 to /127.0.0.1:53080" [_thread_in_native, id=7124, stack(0x0000001012f00000,0x0000001013000000)]
  0x000001dda52ab000 JavaThread "Cancel handler" [_thread_blocked, id=12784, stack(0x0000001013000000,0x0000001013100000)]
  0x000001dda33fa000 JavaThread "Daemon worker" [_thread_blocked, id=18700, stack(0x0000001013100000,0x0000001013200000)]
  0x000001dda3362000 JavaThread "Asynchronous log dispatcher for DefaultDaemonConnection: socket connection from /127.0.0.1:53079 to /127.0.0.1:53080" [_thread_blocked, id=15620, stack(0x0000001013200000,0x0000001013300000)]
  0x000001dda51d1000 JavaThread "Stdin handler" [_thread_blocked, id=9436, stack(0x0000001013300000,0x0000001013400000)]
  0x000001dda4b9e000 JavaThread "Daemon client event forwarder" [_thread_blocked, id=5600, stack(0x0000001013a00000,0x0000001013b00000)]
  0x000001dda4b9a800 JavaThread "Cache worker for journal cache (C:\Users\polin\.gradle\caches\journal-1)" [_thread_blocked, id=12664, stack(0x0000001013c00000,0x0000001013d00000)]
  0x000001dda4b9d000 JavaThread "File lock request listener" [_thread_in_native, id=10776, stack(0x0000001013d00000,0x0000001013e00000)]
  0x000001dda4b9f800 JavaThread "Cache worker for file hash cache (C:\Users\polin\.gradle\caches\7.2\fileHashes)" [_thread_blocked, id=13608, stack(0x0000001013e00000,0x0000001013f00000)]
  0x000001dda4b9c000 JavaThread "Cache worker for file hash cache (D:\all_projects\mirea\mobilki\pr11\.gradle\7.2\fileHashes)" [_thread_blocked, id=17772, stack(0x0000001013f00000,0x0000001014000000)]
  0x000001dda4b9e800 JavaThread "File watcher server" daemon [_thread_in_native, id=10764, stack(0x0000001014000000,0x0000001014100000)]
  0x000001dda4b99800 JavaThread "File watcher consumer" daemon [_thread_blocked, id=12820, stack(0x0000001014100000,0x0000001014200000)]
  0x000001dda4ba0000 JavaThread "Cache worker for checksums cache (D:\all_projects\mirea\mobilki\pr11\.gradle\checksums)" [_thread_blocked, id=16728, stack(0x0000001014200000,0x0000001014300000)]
  0x000001dda4b9b800 JavaThread "Cache worker for cache directory md-supplier (C:\Users\polin\.gradle\caches\7.2\md-supplier)" [_thread_blocked, id=11496, stack(0x0000001014300000,0x0000001014400000)]
  0x000001dda6c52800 JavaThread "Cache worker for cache directory md-rule (C:\Users\polin\.gradle\caches\7.2\md-rule)" [_thread_blocked, id=18644, stack(0x0000001014500000,0x0000001014600000)]
  0x000001dda6c51000 JavaThread "Cache worker for execution history cache (C:\Users\polin\.gradle\caches\7.2\executionHistory)" [_thread_blocked, id=17924, stack(0x0000001014700000,0x0000001014800000)]
  0x000001dda6c4d000 JavaThread "jar transforms" [_thread_blocked, id=18992, stack(0x0000001014800000,0x0000001014900000)]
  0x000001dda6c53800 JavaThread "Cache worker for file content cache (C:\Users\polin\.gradle\caches\7.2\fileContent)" [_thread_blocked, id=8100, stack(0x0000001014900000,0x0000001014a00000)]
  0x000001dda6c4e800 JavaThread "jar transforms Thread 2" [_thread_blocked, id=16752, stack(0x0000001014a00000,0x0000001014b00000)]
  0x000001dda6c50000 JavaThread "Cache worker for dependencies-accessors (D:\all_projects\mirea\mobilki\pr11\.gradle\7.2\dependencies-accessors)" [_thread_blocked, id=2392, stack(0x0000001014b00000,0x0000001014c00000)]
  0x000001dda6c4f800 JavaThread "jar transforms Thread 3" [_thread_blocked, id=7652, stack(0x0000001014c00000,0x0000001014d00000)]
  0x000001dda6c57800 JavaThread "Cache worker for Build Output Cleanup Cache (D:\all_projects\mirea\mobilki\pr11\.gradle\buildOutputCleanup)" [_thread_blocked, id=14316, stack(0x0000001014d00000,0x0000001014e00000)]
  0x000001dda6c58800 JavaThread "Unconstrained build operations" [_thread_blocked, id=18740, stack(0x0000001014e00000,0x0000001014f00000)]
  0x000001dda6c59000 JavaThread "Unconstrained build operations Thread 2" [_thread_blocked, id=17436, stack(0x0000001014f00000,0x0000001015000000)]
  0x000001dda6c5a000 JavaThread "Unconstrained build operations Thread 3" [_thread_blocked, id=16492, stack(0x0000001015000000,0x0000001015100000)]
  0x000001dda6c5b800 JavaThread "Unconstrained build operations Thread 4" [_thread_blocked, id=12192, stack(0x0000001015100000,0x0000001015200000)]
  0x000001dda6c56000 JavaThread "Unconstrained build operations Thread 5" [_thread_blocked, id=8568, stack(0x0000001015200000,0x0000001015300000)]
  0x000001dda6c56800 JavaThread "Unconstrained build operations Thread 6" [_thread_blocked, id=13188, stack(0x0000001015300000,0x0000001015400000)]
  0x000001dda6c5b000 JavaThread "Unconstrained build operations Thread 7" [_thread_blocked, id=15976, stack(0x0000001015400000,0x0000001015500000)]
  0x000001dda7e56800 JavaThread "Unconstrained build operations Thread 8" [_thread_blocked, id=13660, stack(0x0000001015500000,0x0000001015600000)]
  0x000001dda7e59800 JavaThread "Unconstrained build operations Thread 9" [_thread_blocked, id=12472, stack(0x0000001015600000,0x0000001015700000)]
  0x000001dda7e57000 JavaThread "Unconstrained build operations Thread 10" [_thread_blocked, id=18092, stack(0x0000001015700000,0x0000001015800000)]
  0x000001dda7e5a800 JavaThread "Unconstrained build operations Thread 11" [_thread_blocked, id=14332, stack(0x0000001015800000,0x0000001015900000)]
  0x000001dda7e58000 JavaThread "Unconstrained build operations Thread 12" [_thread_blocked, id=15968, stack(0x0000001015900000,0x0000001015a00000)]
  0x000001dda7e59000 JavaThread "Unconstrained build operations Thread 13" [_thread_blocked, id=15804, stack(0x0000001015a00000,0x0000001015b00000)]
  0x000001dda7e5b800 JavaThread "Unconstrained build operations Thread 14" [_thread_blocked, id=12028, stack(0x0000001015b00000,0x0000001015c00000)]
  0x000001dda7e55800 JavaThread "Unconstrained build operations Thread 15" [_thread_in_native, id=8720, stack(0x0000001015c00000,0x0000001015d00000)]
  0x000001dda7e5f800 JavaThread "Unconstrained build operations Thread 16" [_thread_blocked, id=12680, stack(0x0000001015d00000,0x0000001015e00000)]
  0x000001dda7e5e800 JavaThread "Unconstrained build operations Thread 17" [_thread_blocked, id=4152, stack(0x0000001015e00000,0x0000001015f00000)]
  0x000001dda7e5d800 JavaThread "Unconstrained build operations Thread 18" [_thread_blocked, id=12464, stack(0x0000001015f00000,0x0000001016000000)]
  0x000001dda7e61000 JavaThread "Unconstrained build operations Thread 19" [_thread_blocked, id=13744, stack(0x0000001016000000,0x0000001016100000)]
  0x000001dda7e60000 JavaThread "Unconstrained build operations Thread 20" [_thread_blocked, id=16468, stack(0x0000001016100000,0x0000001016200000)]
  0x000001dda7e5d000 JavaThread "Unconstrained build operations Thread 21" [_thread_blocked, id=18484, stack(0x0000001016200000,0x0000001016300000)]
  0x000001dda7e62000 JavaThread "Unconstrained build operations Thread 22" [_thread_blocked, id=15296, stack(0x0000001016300000,0x0000001016400000)]
  0x000001dda7e5c000 JavaThread "Unconstrained build operations Thread 23" [_thread_blocked, id=17320, stack(0x0000001016400000,0x0000001016500000)]
  0x000001dda7e62800 JavaThread "Unconstrained build operations Thread 24" [_thread_blocked, id=16660, stack(0x0000001016500000,0x0000001016600000)]
  0x000001dda7e63800 JavaThread "Unconstrained build operations Thread 25" [_thread_blocked, id=16692, stack(0x0000001016600000,0x0000001016700000)]
  0x000001dda7e64800 JavaThread "Unconstrained build operations Thread 26" [_thread_blocked, id=9240, stack(0x0000001016700000,0x0000001016800000)]
  0x000001dda87e7800 JavaThread "Unconstrained build operations Thread 27" [_thread_blocked, id=10588, stack(0x0000001016800000,0x0000001016900000)]
  0x000001dda87e8800 JavaThread "Unconstrained build operations Thread 28" [_thread_blocked, id=8960, stack(0x0000001016900000,0x0000001016a00000)]
  0x000001dda87ec800 JavaThread "Unconstrained build operations Thread 29" [_thread_blocked, id=15832, stack(0x0000001016a00000,0x0000001016b00000)]
  0x000001dda87eb800 JavaThread "Unconstrained build operations Thread 30" [_thread_blocked, id=15744, stack(0x0000001016b00000,0x0000001016c00000)]
  0x000001dda87e9000 JavaThread "Unconstrained build operations Thread 31" [_thread_blocked, id=13068, stack(0x0000001016c00000,0x0000001016d00000)]
  0x000001dda87ed000 JavaThread "Unconstrained build operations Thread 32" [_thread_blocked, id=19036, stack(0x0000001016d00000,0x0000001016e00000)]
  0x000001dda87ee000 JavaThread "Unconstrained build operations Thread 33" [_thread_blocked, id=5736, stack(0x0000001016e00000,0x0000001016f00000)]
  0x000001dda87ef000 JavaThread "Unconstrained build operations Thread 34" [_thread_blocked, id=17724, stack(0x0000001016f00000,0x0000001017000000)]
  0x000001dda87ef800 JavaThread "Unconstrained build operations Thread 35" [_thread_blocked, id=3760, stack(0x0000001017000000,0x0000001017100000)]
  0x000001dda87ea000 JavaThread "Unconstrained build operations Thread 36" [_thread_blocked, id=15704, stack(0x0000001017100000,0x0000001017200000)]
  0x000001dda87f0800 JavaThread "Unconstrained build operations Thread 37" [_thread_blocked, id=12008, stack(0x0000001017200000,0x0000001017300000)]
  0x000001dda87ea800 JavaThread "Unconstrained build operations Thread 38" [_thread_blocked, id=11948, stack(0x0000001017300000,0x0000001017400000)]
  0x000001dda87f3800 JavaThread "Unconstrained build operations Thread 39" [_thread_blocked, id=13048, stack(0x0000001017400000,0x0000001017500000)]
  0x000001dda87f1800 JavaThread "Unconstrained build operations Thread 40" [_thread_blocked, id=10208, stack(0x0000001017500000,0x0000001017600000)]
  0x000001dda87f4800 JavaThread "Unconstrained build operations Thread 41" [_thread_blocked, id=4860, stack(0x0000001017600000,0x0000001017700000)]
  0x000001dda87f2000 JavaThread "Unconstrained build operations Thread 42" [_thread_blocked, id=1156, stack(0x0000001017700000,0x0000001017800000)]
  0x000001dda87f5800 JavaThread "Unconstrained build operations Thread 43" [_thread_blocked, id=12532, stack(0x0000001017800000,0x0000001017900000)]
  0x000001dda87f3000 JavaThread "Unconstrained build operations Thread 44" [_thread_blocked, id=9464, stack(0x0000001017900000,0x0000001017a00000)]
  0x000001dda87f6000 JavaThread "Unconstrained build operations Thread 45" [_thread_blocked, id=15056, stack(0x0000001017a00000,0x0000001017b00000)]
  0x000001dda6ce2800 JavaThread "Unconstrained build operations Thread 46" [_thread_blocked, id=16612, stack(0x0000001017b00000,0x0000001017c00000)]
  0x000001dda6cdf800 JavaThread "Unconstrained build operations Thread 47" [_thread_blocked, id=19208, stack(0x0000001017c00000,0x0000001017d00000)]
  0x000001dda6cde800 JavaThread "Unconstrained build operations Thread 48" [_thread_blocked, id=18328, stack(0x0000001017d00000,0x0000001017e00000)]
  0x000001dda6cdd000 JavaThread "Unconstrained build operations Thread 49" [_thread_blocked, id=15848, stack(0x0000001017e00000,0x0000001017f00000)]
  0x000001dda6ce0000 JavaThread "Unconstrained build operations Thread 50" [_thread_blocked, id=4576, stack(0x0000001017f00000,0x0000001018000000)]
  0x000001dda6ce1000 JavaThread "Unconstrained build operations Thread 51" [_thread_blocked, id=12536, stack(0x0000001018000000,0x0000001018100000)]
  0x000001dda6ce3800 JavaThread "Unconstrained build operations Thread 52" [_thread_blocked, id=17632, stack(0x0000001018100000,0x0000001018200000)]
  0x000001dda6cdd800 JavaThread "Unconstrained build operations Thread 53" [_thread_blocked, id=17696, stack(0x0000001018200000,0x0000001018300000)]
  0x000001dda6ce6000 JavaThread "Unconstrained build operations Thread 54" [_thread_blocked, id=7668, stack(0x0000001018300000,0x0000001018400000)]
  0x000001dda6ce7800 JavaThread "Unconstrained build operations Thread 55" [_thread_blocked, id=8892, stack(0x0000001018400000,0x0000001018500000)]
  0x000001dda6ce4000 JavaThread "Unconstrained build operations Thread 56" [_thread_blocked, id=9296, stack(0x0000001018500000,0x0000001018600000)]
  0x000001dda6ce5000 JavaThread "Unconstrained build operations Thread 57" [_thread_blocked, id=14796, stack(0x0000001018600000,0x0000001018700000)]
  0x000001dda6ce6800 JavaThread "Unconstrained build operations Thread 58" [_thread_blocked, id=5412, stack(0x0000001018700000,0x0000001018800000)]
  0x000001dda6ce1800 JavaThread "Unconstrained build operations Thread 59" [_thread_blocked, id=17936, stack(0x0000001018800000,0x0000001018900000)]
  0x000001dda6cea800 JavaThread "Unconstrained build operations Thread 60" [_thread_blocked, id=17532, stack(0x0000001018900000,0x0000001018a00000)]
  0x000001dda6ceb800 JavaThread "Unconstrained build operations Thread 61" [_thread_blocked, id=12300, stack(0x0000001018a00000,0x0000001018b00000)]
  0x000001dda6ce8000 JavaThread "Unconstrained build operations Thread 62" [_thread_blocked, id=5728, stack(0x0000001018b00000,0x0000001018c00000)]
  0x000001dda6cea000 JavaThread "Unconstrained build operations Thread 63" [_thread_blocked, id=4816, stack(0x0000001018c00000,0x0000001018d00000)]
  0x000001dda6ce9000 JavaThread "Unconstrained build operations Thread 64" [_thread_blocked, id=17928, stack(0x0000001018d00000,0x0000001018e00000)]
  0x000001dda9ce4800 JavaThread "Unconstrained build operations Thread 65" [_thread_blocked, id=1036, stack(0x0000001018e00000,0x0000001018f00000)]
  0x000001dda9ce5800 JavaThread "Unconstrained build operations Thread 66" [_thread_blocked, id=6648, stack(0x0000001018f00000,0x0000001019000000)]
  0x000001dda9ce8800 JavaThread "Unconstrained build operations Thread 67" [_thread_blocked, id=10680, stack(0x0000001019000000,0x0000001019100000)]
  0x000001dda9ce9800 JavaThread "Unconstrained build operations Thread 68" [_thread_blocked, id=15156, stack(0x0000001019100000,0x0000001019200000)]
  0x000001dda9ce3800 JavaThread "Unconstrained build operations Thread 69" [_thread_blocked, id=6236, stack(0x0000001019200000,0x0000001019300000)]
  0x000001dda9ce7800 JavaThread "Unconstrained build operations Thread 70" [_thread_blocked, id=16392, stack(0x0000001019300000,0x0000001019400000)]
  0x000001dda9ceb000 JavaThread "Unconstrained build operations Thread 71" [_thread_blocked, id=9936, stack(0x0000001019400000,0x0000001019500000)]
  0x000001dda9cec000 JavaThread "Unconstrained build operations Thread 72" [_thread_blocked, id=8012, stack(0x0000001019500000,0x0000001019600000)]
  0x000001dda9ce6000 JavaThread "Unconstrained build operations Thread 73" [_thread_blocked, id=9448, stack(0x0000001019600000,0x0000001019700000)]
  0x000001dda9cea000 JavaThread "Unconstrained build operations Thread 74" [_thread_blocked, id=17692, stack(0x0000001019700000,0x0000001019800000)]
  0x000001dda9cec800 JavaThread "Unconstrained build operations Thread 75" [_thread_blocked, id=18936, stack(0x0000001019800000,0x0000001019900000)]
  0x000001dda9ce7000 JavaThread "Unconstrained build operations Thread 76" [_thread_in_Java, id=7584, stack(0x0000001019900000,0x0000001019a00000)]
  0x000001dda9cf0800 JavaThread "Unconstrained build operations Thread 77" [_thread_blocked, id=11004, stack(0x0000001019a00000,0x0000001019b00000)]
  0x000001dda9cef000 JavaThread "Unconstrained build operations Thread 78" [_thread_blocked, id=14292, stack(0x0000001019b00000,0x0000001019c00000)]
  0x000001dda9cee800 JavaThread "Unconstrained build operations Thread 79" [_thread_blocked, id=13948, stack(0x0000001019c00000,0x0000001019d00000)]
  0x000001dda9cf0000 JavaThread "Unconstrained build operations Thread 80" [_thread_blocked, id=8296, stack(0x0000001019d00000,0x0000001019e00000)]
  0x000001dda9cf1800 JavaThread "jar transforms Thread 4" [_thread_blocked, id=8180, stack(0x0000001019e00000,0x0000001019f00000)]
  0x000001dda9cf2800 JavaThread "jar transforms Thread 5" [_thread_blocked, id=8940, stack(0x0000001019f00000,0x000000101a000000)]
  0x000001dda9ced800 JavaThread "jar transforms Thread 6" [_thread_blocked, id=16448, stack(0x000000101a000000,0x000000101a100000)]
  0x000001dda8ab8800 JavaThread "jar transforms Thread 7" [_thread_blocked, id=9624, stack(0x000000101a100000,0x000000101a200000)]
  0x000001dda8ab6000 JavaThread "jar transforms Thread 8" [_thread_blocked, id=16560, stack(0x000000101a200000,0x000000101a300000)]
  0x000001dda8ab9800 JavaThread "Memory manager" [_thread_blocked, id=16264, stack(0x0000001014600000,0x0000001014700000)]
  0x000001dda8ab7000 JavaThread "build event listener" [_thread_blocked, id=14804, stack(0x000000101a300000,0x000000101a400000)]
  0x000001dda8aba800 JavaThread "pool-3-thread-1" [_thread_blocked, id=8476, stack(0x000000101a400000,0x000000101a500000)]
  0x000001dda8ab4800 JavaThread "build event listener" [_thread_blocked, id=6584, stack(0x000000101a500000,0x000000101a600000)]
  0x000001dda8ac1000 JavaThread "Execution worker for ':'" [_thread_blocked, id=18160, stack(0x000000101a600000,0x000000101a700000)]
  0x000001dda8abc800 JavaThread "Execution worker for ':' Thread 2" [_thread_blocked, id=13316, stack(0x000000101a700000,0x000000101a800000)]
  0x000001dda8abc000 JavaThread "Execution worker for ':' Thread 3" [_thread_blocked, id=18896, stack(0x000000101a800000,0x000000101a900000)]
  0x000001dda8ac0000 JavaThread "Execution worker for ':' Thread 4" [_thread_blocked, id=16308, stack(0x000000101a900000,0x000000101aa00000)]
  0x000001dda8abe800 JavaThread "Execution worker for ':' Thread 5" [_thread_blocked, id=17428, stack(0x000000101aa00000,0x000000101ab00000)]
  0x000001dda8abf000 JavaThread "Execution worker for ':' Thread 6" [_thread_blocked, id=3132, stack(0x000000101ab00000,0x000000101ac00000)]
  0x000001dda8abb000 JavaThread "Execution worker for ':' Thread 7" [_thread_blocked, id=13248, stack(0x000000101ac00000,0x000000101ad00000)]
  0x000001dda8ac2800 JavaThread "Cache worker for execution history cache (D:\all_projects\mirea\mobilki\pr11\.gradle\7.2\executionHistory)" [_thread_blocked, id=17368, stack(0x000000101ad00000,0x000000101ae00000)]
  0x000001dda8abd800 JavaThread "C2 CompilerThread1" daemon [_thread_in_native, id=3012, stack(0x0000001014400000,0x0000001014500000)]
  0x000001dda8ab8000 JavaThread "WorkerExecutor Queue" [_thread_blocked, id=3420, stack(0x000000101ae00000,0x000000101af00000)]

Other Threads:
  0x000001dda21eb000 VMThread "VM Thread" [stack: 0x0000001011f00000,0x0000001012000000] [id=6888]
  0x000001dda2d39800 WatcherThread [stack: 0x0000001012900000,0x0000001012a00000] [id=10596]
  0x000001dd87da8000 GCTaskThread "GC Thread#0" [stack: 0x0000001011a00000,0x0000001011b00000] [id=7364]
  0x000001dda39eb800 GCTaskThread "GC Thread#1" [stack: 0x0000001012b00000,0x0000001012c00000] [id=15444]
  0x000001dda43ba800 GCTaskThread "GC Thread#2" [stack: 0x0000001013400000,0x0000001013500000] [id=14040]
  0x000001dda63d2800 GCTaskThread "GC Thread#3" [stack: 0x0000001013500000,0x0000001013600000] [id=5872]
  0x000001dda3c36000 GCTaskThread "GC Thread#4" [stack: 0x0000001013600000,0x0000001013700000] [id=15688]
  0x000001dda3c37000 GCTaskThread "GC Thread#5" [stack: 0x0000001013700000,0x0000001013800000] [id=18684]
  0x000001dda5883000 GCTaskThread "GC Thread#6" [stack: 0x0000001013800000,0x0000001013900000] [id=19392]
  0x000001dda5883800 GCTaskThread "GC Thread#7" [stack: 0x0000001013900000,0x0000001013a00000] [id=624]
  0x000001dd87dd9000 ConcurrentGCThread "G1 Main Marker" [stack: 0x0000001011b00000,0x0000001011c00000] [id=2896]
  0x000001dd87ddb800 ConcurrentGCThread "G1 Conc#0" [stack: 0x0000001011c00000,0x0000001011d00000] [id=5432]
  0x000001dda4484000 ConcurrentGCThread "G1 Conc#1" [stack: 0x0000001013b00000,0x0000001013c00000] [id=9728]
  0x000001dd87e69000 ConcurrentGCThread "G1 Refine#0" [stack: 0x0000001011d00000,0x0000001011e00000] [id=12940]
  0x000001dd87e6c800 ConcurrentGCThread "G1 Young RemSet Sampling" [stack: 0x0000001011e00000,0x0000001011f00000] [id=16680]

Threads with active compile tasks:
C2 CompilerThread0  19647 10275       4       java.util.Collections$SetFromMap::add (22 bytes)
C2 CompilerThread1  19647 10243 % !   4       com.android.tools.r8.ArchiveClassFileProvider::<init> @ 73 (158 bytes)

VM state:not at safepoint (normal execution)

VM Mutex/Monitor currently owned by a thread: None

OutOfMemory and StackOverflow Exception counts:
OutOfMemoryError java_heap_errors=2
LinkageErrors=121

Heap address: 0x0000000080000000, size: 2048 MB, Compressed Oops mode: 32-bit
Narrow klass base: 0x0000000000000000, Narrow klass shift: 3
Compressed class space size: 1073741824 Address: 0x0000000100000000

Heap:
 garbage-first heap   total 165888K, used 106031K [0x0000000080000000, 0x0000000100000000)
  region size 1024K, 21 young (21504K), 7 survivors (7168K)
 Metaspace       used 89995K, capacity 92213K, committed 92400K, reserved 1130496K
  class space    used 11639K, capacity 12465K, committed 12492K, reserved 1048576K
Heap Regions: E=young(eden), S=young(survivor), O=old, HS=humongous(starts), HC=humongous(continues), CS=collection set, F=free, A=archive, TAMS=top-at-mark-start (previous, next)
|   0|0x0000000080000000, 0x0000000080100000, 0x0000000080100000|100%| O|  |TAMS 0x0000000080100000, 0x0000000080100000| Untracked 
|   1|0x0000000080100000, 0x0000000080200000, 0x0000000080200000|100%| O|  |TAMS 0x0000000080200000, 0x0000000080200000| Untracked 
|   2|0x0000000080200000, 0x0000000080300000, 0x0000000080300000|100%| O|  |TAMS 0x0000000080300000, 0x0000000080300000| Untracked 
|   3|0x0000000080300000, 0x0000000080400000, 0x0000000080400000|100%|HS|  |TAMS 0x0000000080400000, 0x0000000080400000| Complete 
|   4|0x0000000080400000, 0x0000000080500000, 0x0000000080500000|100%|HC|  |TAMS 0x0000000080500000, 0x0000000080500000| Complete 
|   5|0x0000000080500000, 0x0000000080600000, 0x0000000080600000|100%|HC|  |TAMS 0x0000000080600000, 0x0000000080600000| Complete 
|   6|0x0000000080600000, 0x0000000080700000, 0x0000000080700000|100%| O|  |TAMS 0x0000000080700000, 0x0000000080700000| Untracked 
|   7|0x0000000080700000, 0x0000000080800000, 0x0000000080800000|100%| O|  |TAMS 0x0000000080800000, 0x0000000080800000| Untracked 
|   8|0x0000000080800000, 0x0000000080900000, 0x0000000080900000|100%| O|  |TAMS 0x0000000080900000, 0x0000000080900000| Untracked 
|   9|0x0000000080900000, 0x0000000080a00000, 0x0000000080a00000|100%| O|  |TAMS 0x0000000080a00000, 0x0000000080a00000| Untracked 
|  10|0x0000000080a00000, 0x0000000080b00000, 0x0000000080b00000|100%| O|  |TAMS 0x0000000080b00000, 0x0000000080b00000| Untracked 
|  11|0x0000000080b00000, 0x0000000080c00000, 0x0000000080c00000|100%| O|  |TAMS 0x0000000080c00000, 0x0000000080c00000| Untracked 
|  12|0x0000000080c00000, 0x0000000080d00000, 0x0000000080d00000|100%| O|  |TAMS 0x0000000080d00000, 0x0000000080d00000| Untracked 
|  13|0x0000000080d00000, 0x0000000080e00000, 0x0000000080e00000|100%| O|  |TAMS 0x0000000080e00000, 0x0000000080e00000| Untracked 
|  14|0x0000000080e00000, 0x0000000080f00000, 0x0000000080f00000|100%| O|  |TAMS 0x0000000080f00000, 0x0000000080f00000| Untracked 
|  15|0x0000000080f00000, 0x0000000081000000, 0x0000000081000000|100%| O|  |TAMS 0x0000000081000000, 0x0000000081000000| Untracked 
|  16|0x0000000081000000, 0x0000000081100000, 0x0000000081100000|100%| O|  |TAMS 0x0000000081100000, 0x0000000081100000| Untracked 
|  17|0x0000000081100000, 0x0000000081200000, 0x0000000081200000|100%| O|  |TAMS 0x0000000081200000, 0x0000000081200000| Untracked 
|  18|0x0000000081200000, 0x0000000081300000, 0x0000000081300000|100%| O|  |TAMS 0x0000000081300000, 0x0000000081300000| Untracked 
|  19|0x0000000081300000, 0x0000000081400000, 0x0000000081400000|100%| O|  |TAMS 0x0000000081400000, 0x0000000081400000| Untracked 
|  20|0x0000000081400000, 0x0000000081500000, 0x0000000081500000|100%| O|  |TAMS 0x0000000081500000, 0x0000000081500000| Untracked 
|  21|0x0000000081500000, 0x0000000081600000, 0x0000000081600000|100%| O|  |TAMS 0x0000000081600000, 0x0000000081600000| Untracked 
|  22|0x0000000081600000, 0x0000000081700000, 0x0000000081700000|100%| O|  |TAMS 0x0000000081700000, 0x0000000081700000| Untracked 
|  23|0x0000000081700000, 0x0000000081800000, 0x0000000081800000|100%| O|  |TAMS 0x0000000081800000, 0x0000000081800000| Untracked 
|  24|0x0000000081800000, 0x0000000081900000, 0x0000000081900000|100%| O|  |TAMS 0x0000000081900000, 0x0000000081900000| Untracked 
|  25|0x0000000081900000, 0x0000000081a00000, 0x0000000081a00000|100%|HS|  |TAMS 0x0000000081a00000, 0x0000000081a00000| Complete 
|  26|0x0000000081a00000, 0x0000000081b00000, 0x0000000081b00000|100%|HS|  |TAMS 0x0000000081b00000, 0x0000000081b00000| Complete 
|  27|0x0000000081b00000, 0x0000000081c00000, 0x0000000081c00000|100%|HS|  |TAMS 0x0000000081c00000, 0x0000000081c00000| Complete 
|  28|0x0000000081c00000, 0x0000000081d00000, 0x0000000081d00000|100%|HS|  |TAMS 0x0000000081d00000, 0x0000000081d00000| Complete 
|  29|0x0000000081d00000, 0x0000000081e00000, 0x0000000081e00000|100%|HC|  |TAMS 0x0000000081e00000, 0x0000000081e00000| Complete 
|  30|0x0000000081e00000, 0x0000000081f00000, 0x0000000081f00000|100%| O|  |TAMS 0x0000000081f00000, 0x0000000081f00000| Untracked 
|  31|0x0000000081f00000, 0x0000000082000000, 0x0000000082000000|100%| O|  |TAMS 0x0000000082000000, 0x0000000082000000| Untracked 
|  32|0x0000000082000000, 0x0000000082100000, 0x0000000082100000|100%| O|  |TAMS 0x0000000082100000, 0x0000000082100000| Untracked 
|  33|0x0000000082100000, 0x0000000082200000, 0x0000000082200000|100%| O|  |TAMS 0x0000000082200000, 0x0000000082200000| Untracked 
|  34|0x0000000082200000, 0x0000000082300000, 0x0000000082300000|100%| O|  |TAMS 0x0000000082300000, 0x0000000082300000| Untracked 
|  35|0x0000000082300000, 0x0000000082400000, 0x0000000082400000|100%| O|  |TAMS 0x0000000082400000, 0x0000000082400000| Untracked 
|  36|0x0000000082400000, 0x0000000082500000, 0x0000000082500000|100%| O|  |TAMS 0x0000000082500000, 0x0000000082500000| Untracked 
|  37|0x0000000082500000, 0x0000000082600000, 0x0000000082600000|100%| O|  |TAMS 0x0000000082600000, 0x0000000082600000| Untracked 
|  38|0x0000000082600000, 0x0000000082700000, 0x0000000082700000|100%| O|  |TAMS 0x0000000082700000, 0x0000000082700000| Untracked 
|  39|0x0000000082700000, 0x0000000082800000, 0x0000000082800000|100%| O|  |TAMS 0x0000000082800000, 0x0000000082800000| Untracked 
|  40|0x0000000082800000, 0x0000000082900000, 0x0000000082900000|100%| O|  |TAMS 0x0000000082900000, 0x0000000082900000| Untracked 
|  41|0x0000000082900000, 0x0000000082a00000, 0x0000000082a00000|100%| O|  |TAMS 0x0000000082a00000, 0x0000000082a00000| Untracked 
|  42|0x0000000082a00000, 0x0000000082b00000, 0x0000000082b00000|100%| O|  |TAMS 0x0000000082b00000, 0x0000000082b00000| Untracked 
|  43|0x0000000082b00000, 0x0000000082c00000, 0x0000000082c00000|100%| O|  |TAMS 0x0000000082b6b800, 0x0000000082c00000| Untracked 
|  44|0x0000000082c00000, 0x0000000082d00000, 0x0000000082d00000|100%| O|  |TAMS 0x0000000082c00000, 0x0000000082d00000| Untracked 
|  45|0x0000000082d00000, 0x0000000082e00000, 0x0000000082e00000|100%| O|  |TAMS 0x0000000082d00000, 0x0000000082e00000| Untracked 
|  46|0x0000000082e00000, 0x0000000082f00000, 0x0000000082f00000|100%| O|  |TAMS 0x0000000082e00000, 0x0000000082f00000| Untracked 
|  47|0x0000000082f00000, 0x0000000083000000, 0x0000000083000000|100%| O|  |TAMS 0x0000000082f00000, 0x0000000083000000| Untracked 
|  48|0x0000000083000000, 0x0000000083100000, 0x0000000083100000|100%| O|  |TAMS 0x0000000083000000, 0x0000000083100000| Untracked 
|  49|0x0000000083100000, 0x0000000083200000, 0x0000000083200000|100%| O|  |TAMS 0x0000000083100000, 0x0000000083200000| Untracked 
|  50|0x0000000083200000, 0x0000000083300000, 0x0000000083300000|100%| O|  |TAMS 0x0000000083200000, 0x0000000083300000| Untracked 
|  51|0x0000000083300000, 0x0000000083400000, 0x0000000083400000|100%| O|  |TAMS 0x0000000083300000, 0x0000000083400000| Untracked 
|  52|0x0000000083400000, 0x0000000083500000, 0x0000000083500000|100%| O|  |TAMS 0x0000000083400000, 0x0000000083500000| Untracked 
|  53|0x0000000083500000, 0x0000000083600000, 0x0000000083600000|100%| O|  |TAMS 0x0000000083500000, 0x0000000083600000| Untracked 
|  54|0x0000000083600000, 0x0000000083700000, 0x0000000083700000|100%| O|  |TAMS 0x0000000083600000, 0x0000000083700000| Untracked 
|  55|0x0000000083700000, 0x0000000083800000, 0x0000000083800000|100%| O|  |TAMS 0x0000000083700000, 0x0000000083800000| Untracked 
|  56|0x0000000083800000, 0x0000000083900000, 0x0000000083900000|100%| O|  |TAMS 0x0000000083800000, 0x0000000083900000| Untracked 
|  57|0x0000000083900000, 0x0000000083a00000, 0x0000000083a00000|100%| O|  |TAMS 0x0000000083900000, 0x0000000083a00000| Untracked 
|  58|0x0000000083a00000, 0x0000000083b00000, 0x0000000083b00000|100%| O|  |TAMS 0x0000000083a00000, 0x0000000083b00000| Untracked 
|  59|0x0000000083b00000, 0x0000000083c00000, 0x0000000083c00000|100%| O|  |TAMS 0x0000000083b00000, 0x0000000083c00000| Untracked 
|  60|0x0000000083c00000, 0x0000000083d00000, 0x0000000083d00000|100%| O|  |TAMS 0x0000000083c00000, 0x0000000083d00000| Untracked 
|  61|0x0000000083d00000, 0x0000000083e00000, 0x0000000083e00000|100%| O|  |TAMS 0x0000000083d00000, 0x0000000083e00000| Untracked 
|  62|0x0000000083e00000, 0x0000000083f00000, 0x0000000083f00000|100%| O|  |TAMS 0x0000000083e00000, 0x0000000083f00000| Untracked 
|  63|0x0000000083f00000, 0x0000000084000000, 0x0000000084000000|100%| O|  |TAMS 0x0000000083f00000, 0x0000000084000000| Untracked 
|  64|0x0000000084000000, 0x0000000084100000, 0x0000000084100000|100%| O|  |TAMS 0x0000000084000000, 0x0000000084100000| Untracked 
|  65|0x0000000084100000, 0x0000000084200000, 0x0000000084200000|100%| O|  |TAMS 0x0000000084100000, 0x0000000084200000| Untracked 
|  66|0x0000000084200000, 0x0000000084300000, 0x0000000084300000|100%| O|  |TAMS 0x0000000084200000, 0x0000000084300000| Untracked 
|  67|0x0000000084300000, 0x0000000084400000, 0x0000000084400000|100%|HS|  |TAMS 0x0000000084300000, 0x0000000084400000| Complete 
|  68|0x0000000084400000, 0x0000000084500000, 0x0000000084500000|100%|HC|  |TAMS 0x0000000084400000, 0x0000000084500000| Complete 
|  69|0x0000000084500000, 0x0000000084600000, 0x0000000084600000|100%| O|  |TAMS 0x0000000084500000, 0x0000000084600000| Untracked 
|  70|0x0000000084600000, 0x0000000084700000, 0x0000000084700000|100%| O|  |TAMS 0x0000000084600000, 0x0000000084700000| Untracked 
|  71|0x0000000084700000, 0x0000000084800000, 0x0000000084800000|100%| O|  |TAMS 0x0000000084700000, 0x0000000084800000| Untracked 
|  72|0x0000000084800000, 0x0000000084900000, 0x0000000084900000|100%| O|  |TAMS 0x0000000084800000, 0x0000000084900000| Untracked 
|  73|0x0000000084900000, 0x0000000084a00000, 0x0000000084a00000|100%| O|  |TAMS 0x0000000084900000, 0x0000000084a00000| Untracked 
|  74|0x0000000084a00000, 0x0000000084b00000, 0x0000000084b00000|100%| O|  |TAMS 0x0000000084a00000, 0x0000000084b00000| Untracked 
|  75|0x0000000084b00000, 0x0000000084c00000, 0x0000000084c00000|100%| O|  |TAMS 0x0000000084b00000, 0x0000000084c00000| Untracked 
|  76|0x0000000084c00000, 0x0000000084d00000, 0x0000000084d00000|100%| O|  |TAMS 0x0000000084c00000, 0x0000000084d00000| Untracked 
|  77|0x0000000084d00000, 0x0000000084e00000, 0x0000000084e00000|100%| O|  |TAMS 0x0000000084d00000, 0x0000000084e00000| Untracked 
|  78|0x0000000084e00000, 0x0000000084f00000, 0x0000000084f00000|100%| O|  |TAMS 0x0000000084e00000, 0x0000000084f00000| Untracked 
|  79|0x0000000084f00000, 0x0000000085000000, 0x0000000085000000|100%| O|  |TAMS 0x0000000084f00000, 0x0000000085000000| Untracked 
|  80|0x0000000085000000, 0x0000000085100000, 0x0000000085100000|100%| O|  |TAMS 0x0000000085000000, 0x0000000085100000| Untracked 
|  81|0x0000000085100000, 0x0000000085200000, 0x0000000085200000|100%| O|  |TAMS 0x0000000085100000, 0x0000000085200000| Untracked 
|  82|0x0000000085200000, 0x0000000085300000, 0x0000000085300000|100%| O|  |TAMS 0x0000000085200000, 0x0000000085300000| Untracked 
|  83|0x0000000085300000, 0x0000000085400000, 0x0000000085400000|100%| O|  |TAMS 0x0000000085300000, 0x0000000085400000| Untracked 
|  84|0x0000000085400000, 0x000000008548be00, 0x0000000085500000| 54%| O|  |TAMS 0x0000000085400000, 0x000000008548be00| Untracked 
|  85|0x0000000085500000, 0x0000000085500000, 0x0000000085600000|  0%| F|  |TAMS 0x0000000085500000, 0x0000000085500000| Untracked 
|  86|0x0000000085600000, 0x0000000085600000, 0x0000000085700000|  0%| F|  |TAMS 0x0000000085600000, 0x0000000085600000| Untracked 
|  87|0x0000000085700000, 0x0000000085700000, 0x0000000085800000|  0%| F|  |TAMS 0x0000000085700000, 0x0000000085700000| Untracked 
|  88|0x0000000085800000, 0x0000000085800000, 0x0000000085900000|  0%| F|  |TAMS 0x0000000085800000, 0x0000000085800000| Untracked 
|  89|0x0000000085900000, 0x0000000085900000, 0x0000000085a00000|  0%| F|  |TAMS 0x0000000085900000, 0x0000000085900000| Untracked 
|  90|0x0000000085a00000, 0x0000000085a00000, 0x0000000085b00000|  0%| F|  |TAMS 0x0000000085a00000, 0x0000000085a00000| Untracked 
|  91|0x0000000085b00000, 0x0000000085b00000, 0x0000000085c00000|  0%| F|  |TAMS 0x0000000085b00000, 0x0000000085b00000| Untracked 
|  92|0x0000000085c00000, 0x0000000085c00000, 0x0000000085d00000|  0%| F|  |TAMS 0x0000000085c00000, 0x0000000085c00000| Untracked 
|  93|0x0000000085d00000, 0x0000000085d00000, 0x0000000085e00000|  0%| F|  |TAMS 0x0000000085d00000, 0x0000000085d00000| Untracked 
|  94|0x0000000085e00000, 0x0000000085e00000, 0x0000000085f00000|  0%| F|  |TAMS 0x0000000085e00000, 0x0000000085e00000| Untracked 
|  95|0x0000000085f00000, 0x0000000085f00000, 0x0000000086000000|  0%| F|  |TAMS 0x0000000085f00000, 0x0000000085f00000| Untracked 
|  96|0x0000000086000000, 0x0000000086000000, 0x0000000086100000|  0%| F|  |TAMS 0x0000000086000000, 0x0000000086000000| Untracked 
|  97|0x0000000086100000, 0x0000000086100000, 0x0000000086200000|  0%| F|  |TAMS 0x0000000086100000, 0x0000000086100000| Untracked 
|  98|0x0000000086200000, 0x0000000086200000, 0x0000000086300000|  0%| F|  |TAMS 0x0000000086200000, 0x0000000086200000| Untracked 
|  99|0x0000000086300000, 0x0000000086300000, 0x0000000086400000|  0%| F|  |TAMS 0x0000000086300000, 0x0000000086300000| Untracked 
| 100|0x0000000086400000, 0x0000000086400000, 0x0000000086500000|  0%| F|  |TAMS 0x0000000086400000, 0x0000000086400000| Untracked 
| 101|0x0000000086500000, 0x0000000086500000, 0x0000000086600000|  0%| F|  |TAMS 0x0000000086500000, 0x0000000086500000| Untracked 
| 102|0x0000000086600000, 0x0000000086600000, 0x0000000086700000|  0%| F|  |TAMS 0x0000000086600000, 0x0000000086600000| Untracked 
| 103|0x0000000086700000, 0x0000000086700000, 0x0000000086800000|  0%| F|  |TAMS 0x0000000086700000, 0x0000000086700000| Untracked 
| 104|0x0000000086800000, 0x0000000086800000, 0x0000000086900000|  0%| F|  |TAMS 0x0000000086800000, 0x0000000086800000| Untracked 
| 105|0x0000000086900000, 0x0000000086900000, 0x0000000086a00000|  0%| F|  |TAMS 0x0000000086900000, 0x0000000086900000| Untracked 
| 106|0x0000000086a00000, 0x0000000086a00000, 0x0000000086b00000|  0%| F|  |TAMS 0x0000000086a00000, 0x0000000086a00000| Untracked 
| 107|0x0000000086b00000, 0x0000000086c00000, 0x0000000086c00000|100%| S|CS|TAMS 0x0000000086b00000, 0x0000000086b00000| Complete 
| 108|0x0000000086c00000, 0x0000000086d00000, 0x0000000086d00000|100%| S|CS|TAMS 0x0000000086c00000, 0x0000000086c00000| Complete 
| 109|0x0000000086d00000, 0x0000000086e00000, 0x0000000086e00000|100%| S|CS|TAMS 0x0000000086d00000, 0x0000000086d00000| Complete 
| 110|0x0000000086e00000, 0x0000000086f00000, 0x0000000086f00000|100%| S|CS|TAMS 0x0000000086e00000, 0x0000000086e00000| Complete 
| 111|0x0000000086f00000, 0x0000000087000000, 0x0000000087000000|100%| S|CS|TAMS 0x0000000086f00000, 0x0000000086f00000| Complete 
| 112|0x0000000087000000, 0x0000000087100000, 0x0000000087100000|100%| S|CS|TAMS 0x0000000087000000, 0x0000000087000000| Complete 
| 113|0x0000000087100000, 0x0000000087200000, 0x0000000087200000|100%| S|CS|TAMS 0x0000000087100000, 0x0000000087100000| Complete 
| 114|0x0000000087200000, 0x0000000087200000, 0x0000000087300000|  0%| F|  |TAMS 0x0000000087200000, 0x0000000087200000| Untracked 
| 115|0x0000000087300000, 0x0000000087300000, 0x0000000087400000|  0%| F|  |TAMS 0x0000000087300000, 0x0000000087300000| Untracked 
| 116|0x0000000087400000, 0x0000000087400000, 0x0000000087500000|  0%| F|  |TAMS 0x0000000087400000, 0x0000000087400000| Untracked 
| 117|0x0000000087500000, 0x0000000087500000, 0x0000000087600000|  0%| F|  |TAMS 0x0000000087500000, 0x0000000087500000| Untracked 
| 118|0x0000000087600000, 0x0000000087600000, 0x0000000087700000|  0%| F|  |TAMS 0x0000000087600000, 0x0000000087600000| Untracked 
| 119|0x0000000087700000, 0x0000000087700000, 0x0000000087800000|  0%| F|  |TAMS 0x0000000087700000, 0x0000000087700000| Untracked 
| 120|0x0000000087800000, 0x0000000087800000, 0x0000000087900000|  0%| F|  |TAMS 0x0000000087800000, 0x0000000087800000| Untracked 
| 121|0x0000000087900000, 0x0000000087900000, 0x0000000087a00000|  0%| F|  |TAMS 0x0000000087900000, 0x0000000087900000| Untracked 
| 122|0x0000000087a00000, 0x0000000087a00000, 0x0000000087b00000|  0%| F|  |TAMS 0x0000000087a00000, 0x0000000087a00000| Untracked 
| 123|0x0000000087b00000, 0x0000000087b00000, 0x0000000087c00000|  0%| F|  |TAMS 0x0000000087b00000, 0x0000000087b00000| Untracked 
| 124|0x0000000087c00000, 0x0000000087c00000, 0x0000000087d00000|  0%| F|  |TAMS 0x0000000087c00000, 0x0000000087c00000| Untracked 
| 125|0x0000000087d00000, 0x0000000087d00000, 0x0000000087e00000|  0%| F|  |TAMS 0x0000000087d00000, 0x0000000087d00000| Untracked 
| 126|0x0000000087e00000, 0x0000000087e00000, 0x0000000087f00000|  0%| F|  |TAMS 0x0000000087e00000, 0x0000000087e00000| Untracked 
| 127|0x0000000087f00000, 0x0000000087f00000, 0x0000000088000000|  0%| F|  |TAMS 0x0000000087f00000, 0x0000000087f00000| Untracked 
| 128|0x0000000088000000, 0x0000000088000000, 0x0000000088100000|  0%| F|  |TAMS 0x0000000088000000, 0x0000000088000000| Untracked 
| 129|0x0000000088100000, 0x0000000088100000, 0x0000000088200000|  0%| F|  |TAMS 0x0000000088100000, 0x0000000088100000| Untracked 
| 130|0x0000000088200000, 0x0000000088200000, 0x0000000088300000|  0%| F|  |TAMS 0x0000000088200000, 0x0000000088200000| Untracked 
| 131|0x0000000088300000, 0x0000000088300000, 0x0000000088400000|  0%| F|  |TAMS 0x0000000088300000, 0x0000000088300000| Untracked 
| 132|0x0000000088400000, 0x0000000088400000, 0x0000000088500000|  0%| F|  |TAMS 0x0000000088400000, 0x0000000088400000| Untracked 
| 133|0x0000000088500000, 0x0000000088500000, 0x0000000088600000|  0%| F|  |TAMS 0x0000000088500000, 0x0000000088500000| Untracked 
| 134|0x0000000088600000, 0x0000000088600000, 0x0000000088700000|  0%| F|  |TAMS 0x0000000088600000, 0x0000000088600000| Untracked 
| 135|0x0000000088700000, 0x0000000088700000, 0x0000000088800000|  0%| F|  |TAMS 0x0000000088700000, 0x0000000088700000| Untracked 
| 136|0x0000000088800000, 0x0000000088800000, 0x0000000088900000|  0%| F|  |TAMS 0x0000000088800000, 0x0000000088800000| Untracked 
| 137|0x0000000088900000, 0x0000000088900000, 0x0000000088a00000|  0%| F|  |TAMS 0x0000000088900000, 0x0000000088900000| Untracked 
| 138|0x0000000088a00000, 0x0000000088a00000, 0x0000000088b00000|  0%| F|  |TAMS 0x0000000088a00000, 0x0000000088a00000| Untracked 
| 139|0x0000000088b00000, 0x0000000088b00000, 0x0000000088c00000|  0%| F|  |TAMS 0x0000000088b00000, 0x0000000088b00000| Untracked 
| 140|0x0000000088c00000, 0x0000000088c00000, 0x0000000088d00000|  0%| F|  |TAMS 0x0000000088c00000, 0x0000000088c00000| Untracked 
| 141|0x0000000088d00000, 0x0000000088d00000, 0x0000000088e00000|  0%| F|  |TAMS 0x0000000088d00000, 0x0000000088d00000| Untracked 
| 142|0x0000000088e00000, 0x0000000088e00000, 0x0000000088f00000|  0%| F|  |TAMS 0x0000000088e00000, 0x0000000088e00000| Untracked 
| 143|0x0000000088f00000, 0x0000000088f00000, 0x0000000089000000|  0%| F|  |TAMS 0x0000000088f00000, 0x0000000088f00000| Untracked 
| 144|0x0000000089000000, 0x0000000089000000, 0x0000000089100000|  0%| F|  |TAMS 0x0000000089000000, 0x0000000089000000| Untracked 
| 145|0x0000000089100000, 0x0000000089100000, 0x0000000089200000|  0%| F|  |TAMS 0x0000000089100000, 0x0000000089100000| Untracked 
| 146|0x0000000089200000, 0x0000000089208878, 0x0000000089300000|  3%| E|  |TAMS 0x0000000089200000, 0x0000000089200000| Complete 
| 147|0x0000000089300000, 0x0000000089400000, 0x0000000089400000|100%| E|CS|TAMS 0x0000000089300000, 0x0000000089300000| Complete 
| 148|0x0000000089400000, 0x0000000089500000, 0x0000000089500000|100%| E|CS|TAMS 0x0000000089400000, 0x0000000089400000| Complete 
| 149|0x0000000089500000, 0x0000000089600000, 0x0000000089600000|100%| E|CS|TAMS 0x0000000089500000, 0x0000000089500000| Complete 
| 150|0x0000000089600000, 0x0000000089700000, 0x0000000089700000|100%| E|CS|TAMS 0x0000000089600000, 0x0000000089600000| Complete 
| 151|0x0000000089700000, 0x0000000089800000, 0x0000000089800000|100%| E|CS|TAMS 0x0000000089700000, 0x0000000089700000| Complete 
| 152|0x0000000089800000, 0x0000000089900000, 0x0000000089900000|100%| E|CS|TAMS 0x0000000089800000, 0x0000000089800000| Complete 
| 153|0x0000000089900000, 0x0000000089a00000, 0x0000000089a00000|100%| E|  |TAMS 0x0000000089900000, 0x0000000089900000| Complete 
| 154|0x0000000089a00000, 0x0000000089b00000, 0x0000000089b00000|100%| E|CS|TAMS 0x0000000089a00000, 0x0000000089a00000| Complete 
| 155|0x0000000089b00000, 0x0000000089c00000, 0x0000000089c00000|100%| E|CS|TAMS 0x0000000089b00000, 0x0000000089b00000| Complete 
| 156|0x0000000089c00000, 0x0000000089d00000, 0x0000000089d00000|100%| E|CS|TAMS 0x0000000089c00000, 0x0000000089c00000| Complete 
| 157|0x0000000089d00000, 0x0000000089e00000, 0x0000000089e00000|100%| E|CS|TAMS 0x0000000089d00000, 0x0000000089d00000| Complete 
| 158|0x0000000089e00000, 0x0000000089f00000, 0x0000000089f00000|100%| E|CS|TAMS 0x0000000089e00000, 0x0000000089e00000| Complete 
| 159|0x0000000089f00000, 0x000000008a000000, 0x000000008a000000|100%| E|CS|TAMS 0x0000000089f00000, 0x0000000089f00000| Complete 
| 160|0x000000008a000000, 0x000000008a100000, 0x000000008a100000|100%| E|CS|TAMS 0x000000008a000000, 0x000000008a000000| Complete 
| 161|0x000000008a100000, 0x000000008a200000, 0x000000008a200000|100%| E|CS|TAMS 0x000000008a100000, 0x000000008a100000| Complete 

Card table byte_map: [0x000001dd9afc0000,0x000001dd9b3c0000] _byte_map_base: 0x000001dd9abc0000

Marking Bits (Prev, Next): (CMBitMap*) 0x000001dd87dcf498, (CMBitMap*) 0x000001dd87dcf4d0
 Prev Bits: [0x000001dd9b7c0000, 0x000001dd9d7c0000)
 Next Bits: [0x000001dd9d7c0000, 0x000001dd9f7c0000)

Polling page: 0x000001dd85d40000

Metaspace:

Usage:
  Non-class:     77.88 MB capacity,    76.54 MB ( 98%) used,     1.08 MB (  1%) free+waste,   257.00 KB ( <1%) overhead. 
      Class:     12.17 MB capacity,    11.37 MB ( 93%) used,   705.03 KB (  6%) free+waste,   116.56 KB ( <1%) overhead. 
       Both:     90.05 MB capacity,    87.91 MB ( 98%) used,     1.77 MB (  2%) free+waste,   373.56 KB ( <1%) overhead. 

Virtual space:
  Non-class space:       80.00 MB reserved,      78.04 MB ( 98%) committed 
      Class space:        1.00 GB reserved,      12.20 MB (  1%) committed 
             Both:        1.08 GB reserved,      90.23 MB (  8%) committed 

Chunk freelists:
   Non-Class:  32.00 KB
       Class:  15.00 KB
        Both:  47.00 KB

MaxMetaspaceSize: 17179869184.00 GB
CompressedClassSpaceSize: 1.00 GB

CodeHeap 'non-profiled nmethods': size=120000Kb used=5744Kb max_used=5744Kb free=114255Kb
 bounds [0x000001dd93360000, 0x000001dd93900000, 0x000001dd9a890000]
CodeHeap 'profiled nmethods': size=120000Kb used=22139Kb max_used=22139Kb free=97860Kb
 bounds [0x000001dd8be30000, 0x000001dd8d3d0000, 0x000001dd93360000]
CodeHeap 'non-nmethods': size=5760Kb used=2290Kb max_used=2333Kb free=3469Kb
 bounds [0x000001dd8b890000, 0x000001dd8bb00000, 0x000001dd8be30000]
 total_blobs=11109 nmethods=10217 adapters=803
 compilation: enabled
              stopped_count=0, restarted_count=0
 full_count=0

Compilation events (20 events):
Event: 19.584 Thread 0x000001dda221f000 nmethod 10290 0x000001dd8d3bce10 code [0x000001dd8d3bcfc0, 0x000001dd8d3bd0e8]
Event: 19.584 Thread 0x000001dda221f000 10291       3       com.android.tools.r8.graph.L0::<init> (62 bytes)
Event: 19.585 Thread 0x000001dda221f000 nmethod 10291 0x000001dd8d3bd190 code [0x000001dd8d3bd480, 0x000001dd8d3be0b8]
Event: 19.586 Thread 0x000001dda221f000 10294       3       com.android.tools.r8.graph.T0::g (62 bytes)
Event: 19.587 Thread 0x000001dda221f000 nmethod 10294 0x000001dd8d3be690 code [0x000001dd8d3be8e0, 0x000001dd8d3bf288]
Event: 19.591 Thread 0x000001dda221f000 10295       3       com.android.tools.r8.internal.yR0::a (19 bytes)
Event: 19.591 Thread 0x000001dda221f000 nmethod 10295 0x000001dd8d3bf510 code [0x000001dd8d3bf6c0, 0x000001dd8d3bf838]
Event: 19.591 Thread 0x000001dda221a800 nmethod 10274 0x000001dd938fae10 code [0x000001dd938fafc0, 0x000001dd938fba18]
Event: 19.591 Thread 0x000001dda221a800 10286       4       com.android.tools.r8.graph.k::hashCode (109 bytes)
Event: 19.592 Thread 0x000001dda221a800 nmethod 10286 0x000001dd938fbd10 code [0x000001dd938fbea0, 0x000001dd938fbf58]
Event: 19.592 Thread 0x000001dda221a800 10275       4       java.util.Collections$SetFromMap::add (22 bytes)
Event: 19.593 Thread 0x000001dda221f000 10296       3       com.android.tools.r8.graph.Y0::<init> (36 bytes)
Event: 19.593 Thread 0x000001dda221f000 nmethod 10296 0x000001dd8d3bf910 code [0x000001dd8d3bfae0, 0x000001dd8d3bfd18]
Event: 19.599 Thread 0x000001dda221f000 10299       3       com.android.tools.r8.graph.X0::M (8 bytes)
Event: 19.600 Thread 0x000001dda221f000 nmethod 10299 0x000001dd8d3bfe10 code [0x000001dd8d3bffc0, 0x000001dd8d3c00e8]
Event: 19.600 Thread 0x000001dda221f000 10300       3       com.android.tools.r8.graph.p0::a (69 bytes)
Event: 19.600 Thread 0x000001dda221f000 nmethod 10300 0x000001dd8d3c0190 code [0x000001dd8d3c0400, 0x000001dd8d3c11b8]
Event: 19.600 Thread 0x000001dda221f000 10301   !   3       com.android.tools.r8.graph.W0::R (89 bytes)
Event: 19.602 Thread 0x000001dda221f000 nmethod 10301 0x000001dd8d3c1610 code [0x000001dd8d3c1960, 0x000001dd8d3c2dd8]
Event: 19.602 Thread 0x000001dda221f000 10302       3       com.android.tools.r8.graph.p0::a (13 bytes)

GC Heap History (20 events):
Event: 10.353 GC heap before
{Heap before GC invocations=13 (full 0):
 garbage-first heap   total 138240K, used 51231K [0x0000000080000000, 0x0000000100000000)
  region size 1024K, 8 young (8192K), 3 survivors (3072K)
 Metaspace       used 58527K, capacity 59845K, committed 59940K, reserved 1101824K
  class space    used 7404K, capacity 7923K, committed 7936K, reserved 1048576K
}
Event: 10.357 GC heap after
{Heap after GC invocations=14 (full 0):
 garbage-first heap   total 138240K, used 46711K [0x0000000080000000, 0x0000000100000000)
  region size 1024K, 3 young (3072K), 3 survivors (3072K)
 Metaspace       used 58527K, capacity 59845K, committed 59940K, reserved 1101824K
  class space    used 7404K, capacity 7923K, committed 7936K, reserved 1048576K
}
Event: 11.264 GC heap before
{Heap before GC invocations=15 (full 0):
 garbage-first heap   total 138240K, used 99959K [0x0000000080000000, 0x0000000100000000)
  region size 1024K, 56 young (57344K), 3 survivors (3072K)
 Metaspace       used 64366K, capacity 65785K, committed 65904K, reserved 1105920K
  class space    used 8124K, capacity 8703K, committed 8780K, reserved 1048576K
}
Event: 11.273 GC heap after
{Heap after GC invocations=16 (full 0):
 garbage-first heap   total 138240K, used 51247K [0x0000000080000000, 0x0000000100000000)
  region size 1024K, 7 young (7168K), 7 survivors (7168K)
 Metaspace       used 64366K, capacity 65785K, committed 65904K, reserved 1105920K
  class space    used 8124K, capacity 8703K, committed 8780K, reserved 1048576K
}
Event: 11.940 GC heap before
{Heap before GC invocations=17 (full 0):
 garbage-first heap   total 138240K, used 104495K [0x0000000080000000, 0x0000000100000000)
  region size 1024K, 59 young (60416K), 7 survivors (7168K)
 Metaspace       used 66713K, capacity 68255K, committed 68464K, reserved 1110016K
  class space    used 8428K, capacity 9008K, committed 9036K, reserved 1048576K
}
Event: 11.950 GC heap after
{Heap after GC invocations=18 (full 0):
 garbage-first heap   total 138240K, used 55245K [0x0000000080000000, 0x0000000100000000)
  region size 1024K, 5 young (5120K), 5 survivors (5120K)
 Metaspace       used 66713K, capacity 68255K, committed 68464K, reserved 1110016K
  class space    used 8428K, capacity 9008K, committed 9036K, reserved 1048576K
}
Event: 13.197 GC heap before
{Heap before GC invocations=18 (full 0):
 garbage-first heap   total 138240K, used 106445K [0x0000000080000000, 0x0000000100000000)
  region size 1024K, 55 young (56320K), 5 survivors (5120K)
 Metaspace       used 72270K, capacity 73920K, committed 74096K, reserved 1114112K
  class space    used 9341K, capacity 9967K, committed 10060K, reserved 1048576K
}
Event: 13.205 GC heap after
{Heap after GC invocations=19 (full 0):
 garbage-first heap   total 165888K, used 58837K [0x0000000080000000, 0x0000000100000000)
  region size 1024K, 4 young (4096K), 4 survivors (4096K)
 Metaspace       used 72270K, capacity 73920K, committed 74096K, reserved 1114112K
  class space    used 9341K, capacity 9967K, committed 10060K, reserved 1048576K
}
Event: 15.228 GC heap before
{Heap before GC invocations=19 (full 0):
 garbage-first heap   total 165888K, used 123349K [0x0000000080000000, 0x0000000100000000)
  region size 1024K, 67 young (68608K), 4 survivors (4096K)
 Metaspace       used 78918K, capacity 80771K, committed 80880K, reserved 1120256K
  class space    used 10239K, capacity 10923K, committed 10956K, reserved 1048576K
}
Event: 15.237 GC heap after
{Heap after GC invocations=20 (full 0):
 garbage-first heap   total 165888K, used 62694K [0x0000000080000000, 0x0000000100000000)
  region size 1024K, 8 young (8192K), 8 survivors (8192K)
 Metaspace       used 78918K, capacity 80771K, committed 80880K, reserved 1120256K
  class space    used 10239K, capacity 10923K, committed 10956K, reserved 1048576K
}
Event: 17.265 GC heap before
{Heap before GC invocations=20 (full 0):
 garbage-first heap   total 165888K, used 126182K [0x0000000080000000, 0x0000000100000000)
  region size 1024K, 71 young (72704K), 8 survivors (8192K)
 Metaspace       used 83021K, capacity 85074K, committed 85360K, reserved 1124352K
  class space    used 10763K, capacity 11543K, committed 11596K, reserved 1048576K
}
Event: 17.280 GC heap after
{Heap after GC invocations=21 (full 0):
 garbage-first heap   total 165888K, used 68371K [0x0000000080000000, 0x0000000100000000)
  region size 1024K, 9 young (9216K), 9 survivors (9216K)
 Metaspace       used 83021K, capacity 85074K, committed 85360K, reserved 1124352K
  class space    used 10763K, capacity 11543K, committed 11596K, reserved 1048576K
}
Event: 18.117 GC heap before
{Heap before GC invocations=21 (full 0):
 garbage-first heap   total 165888K, used 128787K [0x0000000080000000, 0x0000000100000000)
  region size 1024K, 69 young (70656K), 9 survivors (9216K)
 Metaspace       used 85511K, capacity 87663K, committed 87792K, reserved 1126400K
  class space    used 11098K, capacity 11905K, committed 11980K, reserved 1048576K
}
Event: 18.128 GC heap after
{Heap after GC invocations=22 (full 0):
 garbage-first heap   total 165888K, used 72101K [0x0000000080000000, 0x0000000100000000)
  region size 1024K, 4 young (4096K), 4 survivors (4096K)
 Metaspace       used 85511K, capacity 87663K, committed 87792K, reserved 1126400K
  class space    used 11098K, capacity 11905K, committed 11980K, reserved 1048576K
}
Event: 18.925 GC heap before
{Heap before GC invocations=22 (full 0):
 garbage-first heap   total 165888K, used 131493K [0x0000000080000000, 0x0000000100000000)
  region size 1024K, 63 young (64512K), 4 survivors (4096K)
 Metaspace       used 87802K, capacity 89851K, committed 90096K, reserved 1128448K
  class space    used 11329K, capacity 12107K, committed 12236K, reserved 1048576K
}
Event: 18.934 GC heap after
{Heap after GC invocations=23 (full 0):
 garbage-first heap   total 165888K, used 75898K [0x0000000080000000, 0x0000000100000000)
  region size 1024K, 8 young (8192K), 8 survivors (8192K)
 Metaspace       used 87802K, capacity 89851K, committed 90096K, reserved 1128448K
  class space    used 11329K, capacity 12107K, committed 12236K, reserved 1048576K
}
Event: 19.334 GC heap before
{Heap before GC invocations=23 (full 0):
 garbage-first heap   total 165888K, used 140410K [0x0000000080000000, 0x0000000100000000)
  region size 1024K, 64 young (65536K), 8 survivors (8192K)
 Metaspace       used 88800K, capacity 90977K, committed 91248K, reserved 1128448K
  class space    used 11477K, capacity 12309K, committed 12364K, reserved 1048576K
}
Event: 19.346 GC heap after
{Heap after GC invocations=24 (full 0):
 garbage-first heap   total 165888K, used 85504K [0x0000000080000000, 0x0000000100000000)
  region size 1024K, 8 young (8192K), 8 survivors (8192K)
 Metaspace       used 88800K, capacity 90977K, committed 91248K, reserved 1128448K
  class space    used 11477K, capacity 12309K, committed 12364K, reserved 1048576K
}
Event: 19.515 GC heap before
{Heap before GC invocations=24 (full 0):
 garbage-first heap   total 165888K, used 133632K [0x0000000080000000, 0x0000000100000000)
  region size 1024K, 56 young (57344K), 8 survivors (8192K)
 Metaspace       used 89464K, capacity 91662K, committed 91888K, reserved 1128448K
  class space    used 11559K, capacity 12387K, committed 12492K, reserved 1048576K
}
Event: 19.526 GC heap after
{Heap after GC invocations=25 (full 0):
 garbage-first heap   total 165888K, used 93743K [0x0000000080000000, 0x0000000100000000)
  region size 1024K, 7 young (7168K), 7 survivors (7168K)
 Metaspace       used 89464K, capacity 91662K, committed 91888K, reserved 1128448K
  class space    used 11559K, capacity 12387K, committed 12492K, reserved 1048576K
}

Deoptimization events (20 events):
Event: 19.498 Thread 0x000001dda4b9a800 Uncommon trap: trap_request=0xffffff7e fr.pc=0x000001dd9385ba40 relative=0x0000000000000180
Event: 19.498 Thread 0x000001dda4b9a800 Uncommon trap: reason=predicate action=maybe_recompile pc=0x000001dd9385ba40 method=java.util.Collections.indexedBinarySearch(Ljava/util/List;Ljava/lang/Object;)I @ 13 c2
Event: 19.498 Thread 0x000001dda4b9a800 DEOPT PACKING pc=0x000001dd9385ba40 sp=0x0000001013cfe020
Event: 19.498 Thread 0x000001dda4b9a800 DEOPT UNPACKING pc=0x000001dd8b8b662f sp=0x0000001013cfdfa0 mode 2
Event: 19.502 Thread 0x000001dda6ce3800 Uncommon trap: trap_request=0xffffffd6 fr.pc=0x000001dd938f46e4 relative=0x0000000000000384
Event: 19.502 Thread 0x000001dda6ce3800 Uncommon trap: reason=array_check action=maybe_recompile pc=0x000001dd938f46e4 method=java.util.AbstractCollection.toArray([Ljava/lang/Object;)[Ljava/lang/Object; @ 116 c2
Event: 19.502 Thread 0x000001dda6ce3800 DEOPT PACKING pc=0x000001dd938f46e4 sp=0x00000010181fafc0
Event: 19.502 Thread 0x000001dda6ce3800 DEOPT UNPACKING pc=0x000001dd8b8b662f sp=0x00000010181faf60 mode 2
Event: 19.503 Thread 0x000001dda87eb800 Uncommon trap: trap_request=0xffffffd6 fr.pc=0x000001dd938f46e4 relative=0x0000000000000384
Event: 19.503 Thread 0x000001dda87eb800 Uncommon trap: reason=array_check action=maybe_recompile pc=0x000001dd938f46e4 method=java.util.AbstractCollection.toArray([Ljava/lang/Object;)[Ljava/lang/Object; @ 116 c2
Event: 19.503 Thread 0x000001dda87eb800 DEOPT PACKING pc=0x000001dd938f46e4 sp=0x0000001016bfae10
Event: 19.503 Thread 0x000001dda87eb800 DEOPT UNPACKING pc=0x000001dd8b8b662f sp=0x0000001016bfadb0 mode 2
Event: 19.543 Thread 0x000001dda7e55800 Uncommon trap: trap_request=0xffffffc6 fr.pc=0x000001dd938bd540 relative=0x0000000000001be0
Event: 19.543 Thread 0x000001dda7e55800 Uncommon trap: reason=bimorphic_or_optimized_type_check action=maybe_recompile pc=0x000001dd938bd540 method=java.util.concurrent.ConcurrentHashMap.putVal(Ljava/lang/Object;Ljava/lang/Object;Z)Ljava/lang/Object; @ 159 c2
Event: 19.543 Thread 0x000001dda7e55800 DEOPT PACKING pc=0x000001dd938bd540 sp=0x0000001015cfac60
Event: 19.543 Thread 0x000001dda7e55800 DEOPT UNPACKING pc=0x000001dd8b8b662f sp=0x0000001015cfac00 mode 2
Event: 19.543 Thread 0x000001dda7e55800 Uncommon trap: trap_request=0xffffffc6 fr.pc=0x000001dd938bd540 relative=0x0000000000001be0
Event: 19.543 Thread 0x000001dda7e55800 Uncommon trap: reason=bimorphic_or_optimized_type_check action=maybe_recompile pc=0x000001dd938bd540 method=java.util.concurrent.ConcurrentHashMap.putVal(Ljava/lang/Object;Ljava/lang/Object;Z)Ljava/lang/Object; @ 159 c2
Event: 19.543 Thread 0x000001dda7e55800 DEOPT PACKING pc=0x000001dd938bd540 sp=0x0000001015cfac70
Event: 19.543 Thread 0x000001dda7e55800 DEOPT UNPACKING pc=0x000001dd8b8b662f sp=0x0000001015cfac10 mode 2

Classes redefined (0 events):
No events

Internal exceptions (20 events):
Event: 16.382 Thread 0x000001dda8abc800 Exception <a 'java/lang/NoSuchMethodError'{0x0000000088566188}: 'int java.lang.invoke.DirectMethodHandle$Holder.invokeStaticInit(java.lang.Object, java.lang.Object, java.lang.Object, java.lang.Object, java.lang.Object)'> (0x0000000088566188) thrown at [./src/hotspot/share/interpreter/linkResolver.cpp, line 773]
Event: 16.787 Thread 0x000001dda8abf000 Exception <a 'java/lang/NoSuchMethodError'{0x0000000087f572e0}: 'void java.lang.invoke.DirectMethodHandle$Holder.invokeStatic(java.lang.Object, java.lang.Object, java.lang.Object, java.lang.Object, int, java.lang.Object, java.lang.Object)'> (0x0000000087f572e0) thrown at [./src/hotspot/share/interpreter/linkResolver.cpp, line 773]
Event: 16.827 Thread 0x000001dda9ce3800 Exception <a 'java/lang/NoSuchMethodError'{0x00000000879c6fa8}: 'java.lang.Object java.lang.invoke.DirectMethodHandle$Holder.invokeSpecialIFC(java.lang.Object, java.lang.Object, java.lang.Object)'> (0x00000000879c6fa8) thrown at [./src/hotspot/share/interpreter/linkResolver.cpp, line 773]
Event: 16.827 Thread 0x000001dda8abf000 Exception <a 'java/lang/NoSuchMethodError'{0x0000000087a67630}: 'java.lang.Object java.lang.invoke.DirectMethodHandle$Holder.invokeSpecialIFC(java.lang.Object, java.lang.Object, java.lang.Object)'> (0x0000000087a67630) thrown at [./src/hotspot/share/interpreter/linkResolver.cpp, line 773]
Event: 16.827 Thread 0x000001dda87e8800 Exception <a 'java/lang/NoSuchMethodError'{0x0000000087990a78}: 'java.lang.Object java.lang.invoke.DirectMethodHandle$Holder.invokeSpecialIFC(java.lang.Object, java.lang.Object, java.lang.Object)'> (0x0000000087990a78) thrown at [./src/hotspot/share/interpreter/linkResolver.cpp, line 773]
Event: 16.827 Thread 0x000001dda6ce9000 Exception <a 'java/lang/NoSuchMethodError'{0x00000000879d02e8}: 'java.lang.Object java.lang.invoke.DirectMethodHandle$Holder.invokeSpecialIFC(java.lang.Object, java.lang.Object, java.lang.Object)'> (0x00000000879d02e8) thrown at [./src/hotspot/share/interpreter/linkResolver.cpp, line 773]
Event: 16.827 Thread 0x000001dda9cec800 Exception <a 'java/lang/NoSuchMethodError'{0x000000008799bc60}: 'java.lang.Object java.lang.invoke.DirectMethodHandle$Holder.invokeSpecialIFC(java.lang.Object, java.lang.Object, java.lang.Object)'> (0x000000008799bc60) thrown at [./src/hotspot/share/interpreter/linkResolver.cpp, line 773]
Event: 16.827 Thread 0x000001dda6c59000 Exception <a 'java/lang/NoSuchMethodError'{0x00000000879f77d0}: 'java.lang.Object java.lang.invoke.DirectMethodHandle$Holder.invokeSpecialIFC(java.lang.Object, java.lang.Object, java.lang.Object)'> (0x00000000879f77d0) thrown at [./src/hotspot/share/interpreter/linkResolver.cpp, line 773]
Event: 17.771 Thread 0x000001dda8abf000 Exception <a 'java/lang/NoSuchMethodError'{0x0000000087fdf080}: 'void java.lang.invoke.DirectMethodHandle$Holder.invokeVirtual(java.lang.Object, java.lang.Object)'> (0x0000000087fdf080) thrown at [./src/hotspot/share/interpreter/linkResolver.cpp, line 773]
Event: 18.764 Thread 0x000001dda8ac1000 Exception <a 'java/lang/NoSuchMethodError'{0x0000000087761048}: 'int java.lang.invoke.DirectMethodHandle$Holder.invokeSpecial(java.lang.Object, java.lang.Object, java.lang.Object, java.lang.Object, java.lang.Object)'> (0x0000000087761048) thrown at [./src/hotspot/share/interpreter/linkResolver.cpp, line 773]
Event: 19.383 Thread 0x000001dda9cea000 Exception <a 'sun/nio/fs/WindowsException'{0x0000000088c43b18}> (0x0000000088c43b18) thrown at [./src/hotspot/share/prims/jni.cpp, line 615]
Event: 19.388 Thread 0x000001dda7e55800 Exception <a 'sun/nio/fs/WindowsException'{0x00000000889b0748}> (0x00000000889b0748) thrown at [./src/hotspot/share/prims/jni.cpp, line 615]
Event: 19.395 Thread 0x000001dda9ce5800 Exception <a 'sun/nio/fs/WindowsException'{0x0000000088813818}> (0x0000000088813818) thrown at [./src/hotspot/share/prims/jni.cpp, line 615]
Event: 19.419 Thread 0x000001dda6ce0000 Exception <a 'java/lang/OutOfMemoryError'{0x00000000883aa598}> (0x00000000883aa598) thrown at [./src/hotspot/share/prims/jni.cpp, line 636]
Event: 19.421 Thread 0x000001dda6ce0000 Implicit null exception at 0x000001dd9357e320 to 0x000001dd9357ea94
Event: 19.441 Thread 0x000001dda87f2000 Exception <a 'sun/nio/fs/WindowsException'{0x0000000087d776b0}> (0x0000000087d776b0) thrown at [./src/hotspot/share/prims/jni.cpp, line 615]
Event: 19.443 Thread 0x000001dda87f3800 Exception <a 'java/lang/OutOfMemoryError'{0x0000000087da0518}> (0x0000000087da0518) thrown at [./src/hotspot/share/prims/jni.cpp, line 636]
Event: 19.457 Thread 0x000001dda6ce0000 Exception <a 'java/lang/NoSuchMethodError'{0x0000000087de6c20}: 'void java.lang.invoke.DirectMethodHandle$Holder.invokeStatic(java.lang.Object, java.lang.Object, java.lang.Object, java.lang.Object, java.lang.Object, java.lang.Object, java.lang.Object)'> (0x0000000087de6c20) thrown at [./src/hotspot/share/interpreter/linkResolver.cpp, line 773]
Event: 19.533 Thread 0x000001dda6ce3800 Exception <a 'sun/nio/fs/WindowsException'{0x0000000089f3dd00}> (0x0000000089f3dd00) thrown at [./src/hotspot/share/prims/jni.cpp, line 615]
Event: 19.602 Thread 0x000001dda87eb800 Exception <a 'sun/nio/fs/WindowsException'{0x000000008987ac90}> (0x000000008987ac90) thrown at [./src/hotspot/share/prims/jni.cpp, line 615]

Events (20 events):
Event: 19.596 loading class com/android/tools/r8/internal/RL0
Event: 19.596 loading class com/android/tools/r8/internal/RL0 done
Event: 19.596 loading class com/android/tools/r8/internal/SL0
Event: 19.596 loading class com/android/tools/r8/internal/SL0 done
Event: 19.597 loading class com/android/tools/r8/internal/UL0
Event: 19.597 loading class com/android/tools/r8/internal/UL0 done
Event: 19.598 loading class com/android/tools/r8/internal/TL0
Event: 19.598 loading class com/android/tools/r8/internal/TL0 done
Event: 19.599 loading class com/android/tools/r8/internal/YL0
Event: 19.599 loading class com/android/tools/r8/internal/YL0 done
Event: 19.600 loading class com/android/tools/r8/internal/ZL0
Event: 19.600 loading class com/android/tools/r8/internal/ZL0 done
Event: 19.601 loading class com/android/tools/r8/internal/aM0
Event: 19.601 loading class com/android/tools/r8/internal/aM0 done
Event: 19.601 loading class com/android/tools/r8/graph/A0
Event: 19.601 loading class com/android/tools/r8/graph/A0 done
Event: 19.602 loading class com/android/tools/r8/internal/bM0
Event: 19.602 loading class com/android/tools/r8/internal/bM0 done
Event: 19.603 loading class com/android/tools/r8/internal/cM0
Event: 19.603 loading class com/android/tools/r8/internal/cM0 done


Dynamic libraries:
0x00007ff709d50000 - 0x00007ff709d5a000 	D:\programming\jre\bin\java.exe
0x00007fff8a3e0000 - 0x00007fff8a5e9000 	C:\WINDOWS\SYSTEM32\ntdll.dll
0x00007fff89ac0000 - 0x00007fff89b7d000 	C:\WINDOWS\System32\KERNEL32.DLL
0x00007fff87cf0000 - 0x00007fff88069000 	C:\WINDOWS\System32\KERNELBASE.dll
0x00007fff878d0000 - 0x00007fff879e1000 	C:\WINDOWS\System32\ucrtbase.dll
0x00007fff79170000 - 0x00007fff79187000 	D:\programming\jre\bin\VCRUNTIME140.dll
0x00007fff773a0000 - 0x00007fff773b9000 	D:\programming\jre\bin\jli.dll
0x00007fff884a0000 - 0x00007fff8864c000 	C:\WINDOWS\System32\USER32.dll
0x00007fff7bf20000 - 0x00007fff7c1c5000 	C:\WINDOWS\WinSxS\amd64_microsoft.windows.common-controls_6595b64144ccf1df_6.0.22000.120_none_9d947278b86cc467\COMCTL32.dll
0x00007fff89440000 - 0x00007fff894e3000 	C:\WINDOWS\System32\msvcrt.dll
0x00007fff88070000 - 0x00007fff88096000 	C:\WINDOWS\System32\win32u.dll
0x00007fff89c00000 - 0x00007fff89c29000 	C:\WINDOWS\System32\GDI32.dll
0x00007fff880a0000 - 0x00007fff881b2000 	C:\WINDOWS\System32\gdi32full.dll
0x00007fff87be0000 - 0x00007fff87c7d000 	C:\WINDOWS\System32\msvcp_win.dll
0x00007fff89d10000 - 0x00007fff89d41000 	C:\WINDOWS\System32\IMM32.DLL
0x00007fff77300000 - 0x00007fff7739d000 	D:\programming\jre\bin\msvcp140.dll
0x00007fff0f0b0000 - 0x00007fff0fb85000 	D:\programming\jre\bin\server\jvm.dll
0x00007fff88990000 - 0x00007fff88a3e000 	C:\WINDOWS\System32\ADVAPI32.dll
0x00007fff88400000 - 0x00007fff8849e000 	C:\WINDOWS\System32\sechost.dll
0x00007fff88280000 - 0x00007fff883a0000 	C:\WINDOWS\System32\RPCRT4.dll
0x00007fff8a0e0000 - 0x00007fff8a0e8000 	C:\WINDOWS\System32\PSAPI.DLL
0x00007fff82b50000 - 0x00007fff82b83000 	C:\WINDOWS\SYSTEM32\WINMM.dll
0x00007fff83cc0000 - 0x00007fff83cc9000 	C:\WINDOWS\SYSTEM32\WSOCK32.dll
0x00007fff89a50000 - 0x00007fff89abf000 	C:\WINDOWS\System32\WS2_32.dll
0x00007fff808d0000 - 0x00007fff808da000 	C:\WINDOWS\SYSTEM32\VERSION.dll
0x00007fff869d0000 - 0x00007fff869e8000 	C:\WINDOWS\SYSTEM32\kernel.appcore.dll
0x00007fff7ba20000 - 0x00007fff7ba31000 	D:\programming\jre\bin\verify.dll
0x00007fff85340000 - 0x00007fff85561000 	C:\WINDOWS\SYSTEM32\DBGHELP.DLL
0x00007fff7cdd0000 - 0x00007fff7ce01000 	C:\WINDOWS\SYSTEM32\dbgcore.DLL
0x00007fff879f0000 - 0x00007fff87a6f000 	C:\WINDOWS\System32\bcryptPrimitives.dll
0x00007fff7b820000 - 0x00007fff7b849000 	D:\programming\jre\bin\java.dll
0x00007fff7ba10000 - 0x00007fff7ba1b000 	D:\programming\jre\bin\jimage.dll
0x00007fff797e0000 - 0x00007fff797f8000 	D:\programming\jre\bin\zip.dll
0x00007fff88ac0000 - 0x00007fff8926f000 	C:\WINDOWS\System32\SHELL32.dll
0x00007fff85a40000 - 0x00007fff862a8000 	C:\WINDOWS\SYSTEM32\windows.storage.dll
0x00007fff89d60000 - 0x00007fff8a0d8000 	C:\WINDOWS\System32\combase.dll
0x00007fff858d0000 - 0x00007fff85a36000 	C:\WINDOWS\SYSTEM32\wintypes.dll
0x00007fff894f0000 - 0x00007fff895da000 	C:\WINDOWS\System32\SHCORE.dll
0x00007fff8a270000 - 0x00007fff8a2cd000 	C:\WINDOWS\System32\shlwapi.dll
0x00007fff87800000 - 0x00007fff87821000 	C:\WINDOWS\SYSTEM32\profapi.dll
0x00007fff797c0000 - 0x00007fff797da000 	D:\programming\jre\bin\net.dll
0x00007fff81610000 - 0x00007fff8171c000 	C:\WINDOWS\SYSTEM32\WINHTTP.dll
0x00007fff86e00000 - 0x00007fff86e67000 	C:\WINDOWS\system32\mswsock.dll
0x00007fff795b0000 - 0x00007fff795c4000 	D:\programming\jre\bin\nio.dll
0x00007fff673c0000 - 0x00007fff673e7000 	C:\Users\polin\.gradle\native\e1d6ef7f7dcc3fd88c89a11ec53ec762bb8ba0a96d01ffa2cd45eb1d1d8dd5c5\windows-amd64\native-platform.dll
0x00007fff6c9b0000 - 0x00007fff6caf4000 	C:\Users\polin\.gradle\native\5664cfc778a61ccfe75a443a1ab52a65af34e5dc3c78e0209fed803814484fcb\windows-amd64\native-platform-file-events.dll
0x00007fff77210000 - 0x00007fff7721a000 	D:\programming\jre\bin\management.dll
0x00007fff77200000 - 0x00007fff7720d000 	D:\programming\jre\bin\management_ext.dll
0x00007fff87050000 - 0x00007fff87068000 	C:\WINDOWS\SYSTEM32\CRYPTSP.dll
0x00007fff86930000 - 0x00007fff86965000 	C:\WINDOWS\system32\rsaenh.dll
0x00007fff86ef0000 - 0x00007fff86f19000 	C:\WINDOWS\SYSTEM32\USERENV.dll
0x00007fff871c0000 - 0x00007fff871e7000 	C:\WINDOWS\SYSTEM32\bcrypt.dll
0x00007fff87040000 - 0x00007fff8704c000 	C:\WINDOWS\SYSTEM32\CRYPTBASE.dll
0x00007fff86500000 - 0x00007fff8652d000 	C:\WINDOWS\SYSTEM32\IPHLPAPI.DLL
0x00007fff89d50000 - 0x00007fff89d59000 	C:\WINDOWS\System32\NSI.dll
0x00007fff81d20000 - 0x00007fff81d39000 	C:\WINDOWS\SYSTEM32\dhcpcsvc6.DLL
0x00007fff82a90000 - 0x00007fff82aae000 	C:\WINDOWS\SYSTEM32\dhcpcsvc.DLL
0x00007fff86530000 - 0x00007fff86618000 	C:\WINDOWS\SYSTEM32\DNSAPI.dll

dbghelp: loaded successfully - version: 4.0.5 - missing functions: none
symbol engine: initialized successfully - sym options: 0x614 - pdb path: .;D:\programming\jre\bin;C:\WINDOWS\SYSTEM32;C:\WINDOWS\WinSxS\amd64_microsoft.windows.common-controls_6595b64144ccf1df_6.0.22000.120_none_9d947278b86cc467;D:\programming\jre\bin\server;C:\Users\polin\.gradle\native\e1d6ef7f7dcc3fd88c89a11ec53ec762bb8ba0a96d01ffa2cd45eb1d1d8dd5c5\windows-amd64;C:\Users\polin\.gradle\native\5664cfc778a61ccfe75a443a1ab52a65af34e5dc3c78e0209fed803814484fcb\windows-amd64

VM Arguments:
jvm_args: --add-opens=java.base/java.util=ALL-UNNAMED --add-opens=java.base/java.lang=ALL-UNNAMED --add-opens=java.base/java.lang.invoke=ALL-UNNAMED --add-opens=java.base/java.util=ALL-UNNAMED --add-opens=java.prefs/java.util.prefs=ALL-UNNAMED --add-opens=java.prefs/java.util.prefs=ALL-UNNAMED --add-opens=java.base/java.nio.charset=ALL-UNNAMED --add-opens=java.base/java.net=ALL-UNNAMED --add-opens=java.base/java.util.concurrent.atomic=ALL-UNNAMED -Xmx2048m -Dfile.encoding=UTF-8 -Duser.country=RU -Duser.language=ru -Duser.variant 
java_command: org.gradle.launcher.daemon.bootstrap.GradleDaemon 7.2
java_class_path (initial): C:\Users\polin\.gradle\wrapper\dists\gradle-7.2-bin\2dnblmf4td7x66yl1d74lt32g\gradle-7.2\lib\gradle-launcher-7.2.jar
Launcher Type: SUN_STANDARD

[Global flags]
     intx CICompilerCount                          = 4                                         {product} {ergonomic}
     uint ConcGCThreads                            = 2                                         {product} {ergonomic}
     uint G1ConcRefinementThreads                  = 8                                         {product} {ergonomic}
   size_t G1HeapRegionSize                         = 1048576                                   {product} {ergonomic}
    uintx GCDrainStackTargetSize                   = 64                                        {product} {ergonomic}
   size_t InitialHeapSize                          = 117440512                                 {product} {ergonomic}
   size_t MarkStackSize                            = 4194304                                   {product} {ergonomic}
   size_t MaxHeapSize                              = 2147483648                                {product} {command line}
   size_t MaxNewSize                               = 1287651328                                {product} {ergonomic}
   size_t MinHeapDeltaBytes                        = 1048576                                   {product} {ergonomic}
    uintx NonNMethodCodeHeapSize                   = 5836300                                {pd product} {ergonomic}
    uintx NonProfiledCodeHeapSize                  = 122910970                              {pd product} {ergonomic}
    uintx ProfiledCodeHeapSize                     = 122910970                              {pd product} {ergonomic}
    uintx ReservedCodeCacheSize                    = 251658240                              {pd product} {ergonomic}
     bool SegmentedCodeCache                       = true                                      {product} {ergonomic}
     bool UseCompressedClassPointers               = true                                 {lp64_product} {ergonomic}
     bool UseCompressedOops                        = true                                 {lp64_product} {ergonomic}
     bool UseG1GC                                  = true                                      {product} {ergonomic}
     bool UseLargePagesIndividualAllocation        = false                                  {pd product} {ergonomic}

Logging:
Log output configuration:
 #0: stdout all=warning uptime,level,tags
 #1: stderr all=off uptime,level,tags

Environment Variables:
PATH=C:\Program Files\Common Files\Oracle\Java\javapath;C:\WINDOWS\system32;C:\WINDOWS;C:\WINDOWS\System32\Wbem;C:\WINDOWS\System32\WindowsPowerShell\v1.0\;C:\WINDOWS\System32\OpenSSH\;D:\Git\Git\cmd;C:\Program Files\MySQL\MySQL Shell 8.0\bin\;D:\Python310\Scripts\;D:\Python310\;C:\Users\polin\AppData\Local\Microsoft\WindowsApps;D:\Python\PyCharm Community Edition 2021.3.2\bin;;C:\Users\polin\AppData\Local\GitHubDesktop\bin;C:\src\flutter\bin;
USERNAME=polin
OS=Windows_NT
PROCESSOR_IDENTIFIER=AMD64 Family 23 Model 24 Stepping 1, AuthenticAMD



---------------  S Y S T E M  ---------------

OS: Windows 10 , 64 bit Build 22000 (10.0.22000.675)
OS uptime: 2 days 19:36 hours

CPU:total 8 (initial active 8) (8 cores per cpu, 2 threads per core) family 23 model 24 stepping 1 microcode 0x0, cmov, cx8, fxsr, mmx, sse, sse2, sse3, ssse3, sse4.1, sse4.2, popcnt, avx, avx2, aes, clmul, mmxext, 3dnowpref, lzcnt, sse4a, ht, tsc, tscinvbit, tscinv, bmi1, bmi2, adx, s

Memory: 4k page, system-wide physical 7103M (397M free)
TotalPageFile size 17353M (AvailPageFile size 0M)
current process WorkingSet (physical memory assigned to process): 447M, peak: 447M
current process commit charge ("private bytes"): 502M, peak: 503M

vm_info: OpenJDK 64-Bit Server VM (11.0.11+9-b60-7590822) for windows-amd64 JRE (11.0.11+9-b60-7590822), built on Jul 29 2021 21:43:44 by "builder" with MS VC++ 14.0 (VS2015)

END.
