#
# There is insufficient memory for the Java Runtime Environment to continue.
# Native memory allocation (mmap) failed to map 81788928 bytes for Failed to commit area from 0x000000008ea00000 to 0x0000000093800000 of length 81788928.
# Possible reasons:
#   The system is out of physical RAM or swap space
#   The process is running with CompressedOops enabled, and the Java Heap may be blocking the growth of the native heap
# Possible solutions:
#   Reduce memory load on the system
#   Increase physical memory or swap space
#   Check if swap backing store is full
#   Decrease Java heap size (-Xmx/-Xms)
#   Decrease number of Java threads
#   Decrease Java thread stack sizes (-Xss)
#   Set larger code cache with -XX:ReservedCodeCacheSize=
#   JVM is running with Unscaled Compressed Oops mode in which the Java heap is
#     placed in the first 4GB address space. The Java Heap base address is the
#     maximum limit for the native heap growth. Please use -XX:HeapBaseMinAddress
#     to set the Java Heap base and to place the Java Heap above 4GB virtual address.
# This output file may be truncated or incomplete.
#
#  Out of Memory Error (./src/hotspot/os/windows/os_windows.cpp:3301), pid=4996, tid=1668
#
# JRE version: OpenJDK Runtime Environment (11.0.11+9) (build 11.0.11+9-b60-7590822)
# Java VM: OpenJDK 64-Bit Server VM (11.0.11+9-b60-7590822, mixed mode, tiered, compressed oops, g1 gc, windows-amd64)
# No core dump will be written. Minidumps are not enabled by default on client versions of Windows
#

---------------  S U M M A R Y ------------

Command Line: --add-opens=java.base/java.util=ALL-UNNAMED --add-opens=java.base/java.lang=ALL-UNNAMED --add-opens=java.base/java.lang.invoke=ALL-UNNAMED --add-opens=java.base/java.util=ALL-UNNAMED --add-opens=java.prefs/java.util.prefs=ALL-UNNAMED --add-opens=java.prefs/java.util.prefs=ALL-UNNAMED --add-opens=java.base/java.nio.charset=ALL-UNNAMED --add-opens=java.base/java.net=ALL-UNNAMED --add-opens=java.base/java.util.concurrent.atomic=ALL-UNNAMED -Xmx2048m -Dfile.encoding=UTF-8 -Duser.country=RU -Duser.language=ru -Duser.variant org.gradle.launcher.daemon.bootstrap.GradleDaemon 7.2

Host: AMD Ryzen 5 3500U with Radeon Vega Mobile Gfx  , 8 cores, 6G,  Windows 10 , 64 bit Build 22000 (10.0.22000.675)
Time: Tue May 17 14:04:48 2022 RTZ 2 (зима) elapsed time: 18.618810 seconds (0d 0h 0m 18s)

---------------  T H R E A D  ---------------

Current thread (0x0000020640ec6000):  VMThread "VM Thread" [stack: 0x000000f52c300000,0x000000f52c400000] [id=1668]

Stack: [0x000000f52c300000,0x000000f52c400000]
[error occurred during error reporting (printing stack bounds), id 0xc0000005, EXCEPTION_ACCESS_VIOLATION (0xc0000005) at pc=0x000002062a570f2d]

Native frames: (J=compiled Java code, j=interpreted, Vv=VM code, C=native code)
V  [jvm.dll+0x5f214a]
V  [jvm.dll+0x726fb5]
V  [jvm.dll+0x7285cd]
V  [jvm.dll+0x728be5]
V  [jvm.dll+0x728b9b]
V  [jvm.dll+0x5f14e8]
V  [jvm.dll+0x5f1c78]
C  [ntdll.dll+0xa8e4f]
C  [ntdll.dll+0x35e9a]
C  [ntdll.dll+0xa7e5e]
C  0x000002062a570f2d

VM_Operation (0x000000f52f4f8830): G1CollectForAllocation, mode: safepoint, requested by thread 0x0000020646b54800


---------------  P R O C E S S  ---------------

Threads class SMR info:
_java_thread_list=0x0000020646e7fe50, length=134, elements={
0x0000020626a6d000, 0x0000020640eca800, 0x0000020640ed6000, 0x0000020640eec800,
0x0000020640eed000, 0x0000020640eee000, 0x0000020640f01800, 0x0000020640f07800,
0x0000020640f08800, 0x00000206419d4000, 0x0000020642c3e800, 0x0000020641aa7000,
0x0000020643fe9800, 0x0000020643c1a000, 0x0000020642f00800, 0x0000020642720000,
0x0000020643b9b800, 0x0000020642c96800, 0x0000020642e87000, 0x0000020644361000,
0x0000020644361800, 0x0000020644360000, 0x0000020644362800, 0x000002064435e800,
0x0000020644363000, 0x000002064435f000, 0x000002064435d800, 0x0000020644364000,
0x0000020646b55800, 0x0000020646b53800, 0x0000020646b52000, 0x0000020646b4f800,
0x0000020646b50800, 0x0000020646b57800, 0x0000020646b5a000, 0x0000020646b58800,
0x0000020646b56000, 0x0000020646b59800, 0x0000020646b57000, 0x0000020646b54800,
0x0000020646b5b000, 0x0000020646b5c000, 0x0000020646b5c800, 0x0000020646b5d800,
0x0000020646b5e800, 0x000002064539e000, 0x000002064539e800, 0x000002064539c000,
0x000002064539f800, 0x000002064539b800, 0x000002064539d000, 0x00000206453a5000,
0x00000206453a6000, 0x00000206453a2000, 0x00000206453a3800, 0x00000206453a0800,
0x00000206453a1000, 0x00000206453a8800, 0x00000206453a7000, 0x00000206453a4800,
0x00000206453a7800, 0x00000206453a2800, 0x00000206453a9800, 0x00000206453aa000,
0x0000020645116000, 0x0000020645117800, 0x0000020645114000, 0x0000020645116800,
0x0000020645118000, 0x0000020645119000, 0x0000020645113800, 0x0000020645115000,
0x000002064511f800, 0x000002064511d000, 0x000002064511e000, 0x000002064511a000,
0x0000020645120800, 0x000002064511c800, 0x000002064511a800, 0x000002064511e800,
0x0000020645121000, 0x000002064511b800, 0x0000020645122000, 0x0000020648aa8000,
0x0000020648aa6800, 0x0000020648aaa800, 0x0000020648aa8800, 0x0000020648aa9800,
0x0000020648aab000, 0x0000020648aac000, 0x0000020648aad000, 0x0000020648aa7000,
0x0000020648ab1000, 0x0000020648ab1800, 0x0000020648aad800, 0x0000020648ab4000,
0x0000020648aaf800, 0x0000020648ab2800, 0x0000020648aae800, 0x0000020648ab3800,
0x0000020648ab5000, 0x0000020648ab0000, 0x00000206455bd800, 0x00000206455c0800,
0x00000206455bf000, 0x00000206455c1800, 0x00000206455c3000, 0x00000206455c2000,
0x00000206455c4000, 0x00000206455bf800, 0x00000206455be000, 0x00000206455c8000,
0x00000206455c4800, 0x00000206455c7000, 0x00000206455c8800, 0x00000206455cb000,
0x00000206455c9800, 0x00000206455c6800, 0x00000206455ca800, 0x00000206455c5800,
0x00000206455cc000, 0x00000206475ea000, 0x00000206475ea800, 0x00000206475e6800,
0x00000206475e9000, 0x00000206475eb800, 0x00000206475e7800, 0x00000206475e6000,
0x00000206475ed000, 0x00000206475ef800, 0x00000206475f1000, 0x00000206475f2000,
0x00000206475ee000, 0x00000206475ee800
}

Java Threads: ( => current thread )
  0x0000020626a6d000 JavaThread "main" [_thread_blocked, id=17020, stack(0x000000f52bd00000,0x000000f52be00000)]
  0x0000020640eca800 JavaThread "Reference Handler" daemon [_thread_blocked, id=9980, stack(0x000000f52c400000,0x000000f52c500000)]
  0x0000020640ed6000 JavaThread "Finalizer" daemon [_thread_blocked, id=1492, stack(0x000000f52c500000,0x000000f52c600000)]
  0x0000020640eec800 JavaThread "Signal Dispatcher" daemon [_thread_blocked, id=5372, stack(0x000000f52c600000,0x000000f52c700000)]
  0x0000020640eed000 JavaThread "Attach Listener" daemon [_thread_blocked, id=12704, stack(0x000000f52c700000,0x000000f52c800000)]
  0x0000020640eee000 JavaThread "Service Thread" daemon [_thread_blocked, id=10568, stack(0x000000f52c800000,0x000000f52c900000)]
  0x0000020640f01800 JavaThread "C2 CompilerThread0" daemon [_thread_blocked, id=1060, stack(0x000000f52c900000,0x000000f52ca00000)]
  0x0000020640f07800 JavaThread "C1 CompilerThread0" daemon [_thread_blocked, id=1884, stack(0x000000f52ca00000,0x000000f52cb00000)]
  0x0000020640f08800 JavaThread "Sweeper thread" daemon [_thread_blocked, id=1984, stack(0x000000f52cb00000,0x000000f52cc00000)]
  0x00000206419d4000 JavaThread "Common-Cleaner" daemon [_thread_blocked, id=9408, stack(0x000000f52cc00000,0x000000f52cd00000)]
  0x0000020642c3e800 JavaThread "Daemon health stats" [_thread_blocked, id=9500, stack(0x000000f52d000000,0x000000f52d100000)]
  0x0000020641aa7000 JavaThread "Incoming local TCP Connector on port 53023" [_thread_in_native, id=4932, stack(0x000000f52ce00000,0x000000f52cf00000)]
  0x0000020643fe9800 JavaThread "Daemon periodic checks" [_thread_blocked, id=14472, stack(0x000000f52d100000,0x000000f52d200000)]
  0x0000020643c1a000 JavaThread "Daemon" [_thread_blocked, id=17788, stack(0x000000f52d200000,0x000000f52d300000)]
  0x0000020642f00800 JavaThread "Handler for socket connection from /127.0.0.1:53023 to /127.0.0.1:53024" [_thread_in_native, id=9516, stack(0x000000f52d300000,0x000000f52d400000)]
  0x0000020642720000 JavaThread "Cancel handler" [_thread_blocked, id=9888, stack(0x000000f52d400000,0x000000f52d500000)]
  0x0000020643b9b800 JavaThread "Daemon worker" [_thread_blocked, id=8480, stack(0x000000f52d500000,0x000000f52d600000)]
  0x0000020642c96800 JavaThread "Asynchronous log dispatcher for DefaultDaemonConnection: socket connection from /127.0.0.1:53023 to /127.0.0.1:53024" [_thread_blocked, id=5480, stack(0x000000f52d600000,0x000000f52d700000)]
  0x0000020642e87000 JavaThread "Stdin handler" [_thread_blocked, id=15420, stack(0x000000f52d700000,0x000000f52d800000)]
  0x0000020644361000 JavaThread "Daemon client event forwarder" [_thread_blocked, id=5916, stack(0x000000f52de00000,0x000000f52df00000)]
  0x0000020644361800 JavaThread "Cache worker for journal cache (C:\Users\polin\.gradle\caches\journal-1)" [_thread_blocked, id=9532, stack(0x000000f52df00000,0x000000f52e000000)]
  0x0000020644360000 JavaThread "File lock request listener" [_thread_in_native, id=18172, stack(0x000000f52e000000,0x000000f52e100000)]
  0x0000020644362800 JavaThread "Cache worker for file hash cache (C:\Users\polin\.gradle\caches\7.2\fileHashes)" [_thread_blocked, id=14352, stack(0x000000f52e100000,0x000000f52e200000)]
  0x000002064435e800 JavaThread "Cache worker for file hash cache (D:\all_projects\mirea\mobilki\pr11\.gradle\7.2\fileHashes)" [_thread_blocked, id=7500, stack(0x000000f52e400000,0x000000f52e500000)]
  0x0000020644363000 JavaThread "File watcher server" daemon [_thread_blocked, id=7024, stack(0x000000f52e500000,0x000000f52e600000)]
  0x000002064435f000 JavaThread "File watcher consumer" daemon [_thread_blocked, id=1964, stack(0x000000f52e600000,0x000000f52e700000)]
  0x000002064435d800 JavaThread "Cache worker for checksums cache (D:\all_projects\mirea\mobilki\pr11\.gradle\checksums)" [_thread_blocked, id=11504, stack(0x000000f52e700000,0x000000f52e800000)]
  0x0000020644364000 JavaThread "Cache worker for cache directory md-supplier (C:\Users\polin\.gradle\caches\7.2\md-supplier)" [_thread_blocked, id=2804, stack(0x000000f52e800000,0x000000f52e900000)]
  0x0000020646b55800 JavaThread "Cache worker for cache directory md-rule (C:\Users\polin\.gradle\caches\7.2\md-rule)" [_thread_blocked, id=7152, stack(0x000000f52e900000,0x000000f52ea00000)]
  0x0000020646b53800 JavaThread "Cache worker for execution history cache (C:\Users\polin\.gradle\caches\7.2\executionHistory)" [_thread_blocked, id=13480, stack(0x000000f52ea00000,0x000000f52eb00000)]
  0x0000020646b52000 JavaThread "jar transforms" [_thread_blocked, id=15388, stack(0x000000f52eb00000,0x000000f52ec00000)]
  0x0000020646b4f800 JavaThread "Cache worker for file content cache (C:\Users\polin\.gradle\caches\7.2\fileContent)" [_thread_blocked, id=9812, stack(0x000000f52ec00000,0x000000f52ed00000)]
  0x0000020646b50800 JavaThread "jar transforms Thread 2" [_thread_blocked, id=13496, stack(0x000000f52ed00000,0x000000f52ee00000)]
  0x0000020646b57800 JavaThread "Cache worker for dependencies-accessors (D:\all_projects\mirea\mobilki\pr11\.gradle\7.2\dependencies-accessors)" [_thread_blocked, id=2700, stack(0x000000f52ee00000,0x000000f52ef00000)]
  0x0000020646b5a000 JavaThread "jar transforms Thread 3" [_thread_blocked, id=3460, stack(0x000000f52ef00000,0x000000f52f000000)]
  0x0000020646b58800 JavaThread "Cache worker for Build Output Cleanup Cache (D:\all_projects\mirea\mobilki\pr11\.gradle\buildOutputCleanup)" [_thread_blocked, id=12004, stack(0x000000f52f000000,0x000000f52f100000)]
  0x0000020646b56000 JavaThread "Unconstrained build operations" [_thread_blocked, id=12908, stack(0x000000f52f100000,0x000000f52f200000)]
  0x0000020646b59800 JavaThread "Unconstrained build operations Thread 2" [_thread_blocked, id=2908, stack(0x000000f52f200000,0x000000f52f300000)]
  0x0000020646b57000 JavaThread "Unconstrained build operations Thread 3" [_thread_blocked, id=15912, stack(0x000000f52f300000,0x000000f52f400000)]
  0x0000020646b54800 JavaThread "Unconstrained build operations Thread 4" [_thread_blocked, id=18016, stack(0x000000f52f400000,0x000000f52f500000)]
  0x0000020646b5b000 JavaThread "Unconstrained build operations Thread 5" [_thread_blocked, id=12144, stack(0x000000f52f500000,0x000000f52f600000)]
  0x0000020646b5c000 JavaThread "Unconstrained build operations Thread 6" [_thread_blocked, id=6764, stack(0x000000f52f600000,0x000000f52f700000)]
  0x0000020646b5c800 JavaThread "Unconstrained build operations Thread 7" [_thread_blocked, id=13580, stack(0x000000f52f700000,0x000000f52f800000)]
  0x0000020646b5d800 JavaThread "Unconstrained build operations Thread 8" [_thread_blocked, id=17196, stack(0x000000f52f800000,0x000000f52f900000)]
  0x0000020646b5e800 JavaThread "Unconstrained build operations Thread 9" [_thread_blocked, id=11208, stack(0x000000f52f900000,0x000000f52fa00000)]
  0x000002064539e000 JavaThread "Unconstrained build operations Thread 10" [_thread_blocked, id=19284, stack(0x000000f52fa00000,0x000000f52fb00000)]
  0x000002064539e800 JavaThread "Unconstrained build operations Thread 11" [_thread_blocked, id=2684, stack(0x000000f52fb00000,0x000000f52fc00000)]
  0x000002064539c000 JavaThread "Unconstrained build operations Thread 12" [_thread_blocked, id=13668, stack(0x000000f52fc00000,0x000000f52fd00000)]
  0x000002064539f800 JavaThread "Unconstrained build operations Thread 13" [_thread_blocked, id=18940, stack(0x000000f52fd00000,0x000000f52fe00000)]
  0x000002064539b800 JavaThread "Unconstrained build operations Thread 14" [_thread_blocked, id=10864, stack(0x000000f52fe00000,0x000000f52ff00000)]
  0x000002064539d000 JavaThread "Unconstrained build operations Thread 15" [_thread_blocked, id=1188, stack(0x000000f52ff00000,0x000000f530000000)]
  0x00000206453a5000 JavaThread "Unconstrained build operations Thread 16" [_thread_blocked, id=18872, stack(0x000000f530000000,0x000000f530100000)]
  0x00000206453a6000 JavaThread "Unconstrained build operations Thread 17" [_thread_blocked, id=12456, stack(0x000000f530100000,0x000000f530200000)]
  0x00000206453a2000 JavaThread "Unconstrained build operations Thread 18" [_thread_blocked, id=9248, stack(0x000000f530200000,0x000000f530300000)]
  0x00000206453a3800 JavaThread "Unconstrained build operations Thread 19" [_thread_blocked, id=16624, stack(0x000000f530300000,0x000000f530400000)]
  0x00000206453a0800 JavaThread "Unconstrained build operations Thread 20" [_thread_blocked, id=14028, stack(0x000000f530400000,0x000000f530500000)]
  0x00000206453a1000 JavaThread "Unconstrained build operations Thread 21" [_thread_blocked, id=16268, stack(0x000000f530500000,0x000000f530600000)]
  0x00000206453a8800 JavaThread "Unconstrained build operations Thread 22" [_thread_blocked, id=17288, stack(0x000000f530600000,0x000000f530700000)]
  0x00000206453a7000 JavaThread "Unconstrained build operations Thread 23" [_thread_blocked, id=16792, stack(0x000000f530700000,0x000000f530800000)]
  0x00000206453a4800 JavaThread "Unconstrained build operations Thread 24" [_thread_blocked, id=10260, stack(0x000000f530800000,0x000000f530900000)]
  0x00000206453a7800 JavaThread "Unconstrained build operations Thread 25" [_thread_blocked, id=3772, stack(0x000000f530900000,0x000000f530a00000)]
  0x00000206453a2800 JavaThread "Unconstrained build operations Thread 26" [_thread_blocked, id=18868, stack(0x000000f530a00000,0x000000f530b00000)]
  0x00000206453a9800 JavaThread "Unconstrained build operations Thread 27" [_thread_blocked, id=15108, stack(0x000000f530b00000,0x000000f530c00000)]
  0x00000206453aa000 JavaThread "Unconstrained build operations Thread 28" [_thread_blocked, id=18344, stack(0x000000f530c00000,0x000000f530d00000)]
  0x0000020645116000 JavaThread "Unconstrained build operations Thread 29" [_thread_blocked, id=14188, stack(0x000000f530d00000,0x000000f530e00000)]
  0x0000020645117800 JavaThread "Unconstrained build operations Thread 30" [_thread_blocked, id=16960, stack(0x000000f530e00000,0x000000f530f00000)]
  0x0000020645114000 JavaThread "Unconstrained build operations Thread 31" [_thread_blocked, id=3476, stack(0x000000f530f00000,0x000000f531000000)]
  0x0000020645116800 JavaThread "Unconstrained build operations Thread 32" [_thread_blocked, id=14176, stack(0x000000f531000000,0x000000f531100000)]
  0x0000020645118000 JavaThread "Unconstrained build operations Thread 33" [_thread_blocked, id=12760, stack(0x000000f531100000,0x000000f531200000)]
  0x0000020645119000 JavaThread "Unconstrained build operations Thread 34" [_thread_blocked, id=18488, stack(0x000000f531200000,0x000000f531300000)]
  0x0000020645113800 JavaThread "Unconstrained build operations Thread 35" [_thread_blocked, id=16236, stack(0x000000f531300000,0x000000f531400000)]
  0x0000020645115000 JavaThread "Unconstrained build operations Thread 36" [_thread_blocked, id=16596, stack(0x000000f531400000,0x000000f531500000)]
  0x000002064511f800 JavaThread "Unconstrained build operations Thread 37" [_thread_blocked, id=12236, stack(0x000000f531500000,0x000000f531600000)]
  0x000002064511d000 JavaThread "Unconstrained build operations Thread 38" [_thread_blocked, id=13888, stack(0x000000f531600000,0x000000f531700000)]
  0x000002064511e000 JavaThread "Unconstrained build operations Thread 39" [_thread_blocked, id=17096, stack(0x000000f531700000,0x000000f531800000)]
  0x000002064511a000 JavaThread "Unconstrained build operations Thread 40" [_thread_blocked, id=14616, stack(0x000000f531800000,0x000000f531900000)]
  0x0000020645120800 JavaThread "Unconstrained build operations Thread 41" [_thread_blocked, id=15584, stack(0x000000f531900000,0x000000f531a00000)]
  0x000002064511c800 JavaThread "Unconstrained build operations Thread 42" [_thread_blocked, id=9104, stack(0x000000f531a00000,0x000000f531b00000)]
  0x000002064511a800 JavaThread "Unconstrained build operations Thread 43" [_thread_blocked, id=2064, stack(0x000000f531b00000,0x000000f531c00000)]
  0x000002064511e800 JavaThread "Unconstrained build operations Thread 44" [_thread_blocked, id=17824, stack(0x000000f531c00000,0x000000f531d00000)]
  0x0000020645121000 JavaThread "Unconstrained build operations Thread 45" [_thread_blocked, id=16604, stack(0x000000f531d00000,0x000000f531e00000)]
  0x000002064511b800 JavaThread "Unconstrained build operations Thread 46" [_thread_blocked, id=19164, stack(0x000000f531e00000,0x000000f531f00000)]
  0x0000020645122000 JavaThread "Unconstrained build operations Thread 47" [_thread_blocked, id=19388, stack(0x000000f531f00000,0x000000f532000000)]
  0x0000020648aa8000 JavaThread "Unconstrained build operations Thread 48" [_thread_blocked, id=15228, stack(0x000000f532000000,0x000000f532100000)]
  0x0000020648aa6800 JavaThread "Unconstrained build operations Thread 49" [_thread_blocked, id=4328, stack(0x000000f532100000,0x000000f532200000)]
  0x0000020648aaa800 JavaThread "Unconstrained build operations Thread 50" [_thread_blocked, id=15208, stack(0x000000f532200000,0x000000f532300000)]
  0x0000020648aa8800 JavaThread "Unconstrained build operations Thread 51" [_thread_blocked, id=12224, stack(0x000000f532300000,0x000000f532400000)]
  0x0000020648aa9800 JavaThread "Unconstrained build operations Thread 52" [_thread_blocked, id=10476, stack(0x000000f532400000,0x000000f532500000)]
  0x0000020648aab000 JavaThread "Unconstrained build operations Thread 53" [_thread_blocked, id=16496, stack(0x000000f532500000,0x000000f532600000)]
  0x0000020648aac000 JavaThread "Unconstrained build operations Thread 54" [_thread_blocked, id=14860, stack(0x000000f532600000,0x000000f532700000)]
  0x0000020648aad000 JavaThread "Unconstrained build operations Thread 55" [_thread_blocked, id=19204, stack(0x000000f532700000,0x000000f532800000)]
  0x0000020648aa7000 JavaThread "Unconstrained build operations Thread 56" [_thread_blocked, id=17104, stack(0x000000f532800000,0x000000f532900000)]
  0x0000020648ab1000 JavaThread "Unconstrained build operations Thread 57" [_thread_blocked, id=1888, stack(0x000000f532900000,0x000000f532a00000)]
  0x0000020648ab1800 JavaThread "Unconstrained build operations Thread 58" [_thread_blocked, id=6896, stack(0x000000f532a00000,0x000000f532b00000)]
  0x0000020648aad800 JavaThread "Unconstrained build operations Thread 59" [_thread_blocked, id=2604, stack(0x000000f532b00000,0x000000f532c00000)]
  0x0000020648ab4000 JavaThread "Unconstrained build operations Thread 60" [_thread_blocked, id=8380, stack(0x000000f532c00000,0x000000f532d00000)]
  0x0000020648aaf800 JavaThread "Unconstrained build operations Thread 61" [_thread_blocked, id=15088, stack(0x000000f532d00000,0x000000f532e00000)]
  0x0000020648ab2800 JavaThread "Unconstrained build operations Thread 62" [_thread_blocked, id=18472, stack(0x000000f532e00000,0x000000f532f00000)]
  0x0000020648aae800 JavaThread "Unconstrained build operations Thread 63" [_thread_blocked, id=10364, stack(0x000000f532f00000,0x000000f533000000)]
  0x0000020648ab3800 JavaThread "Unconstrained build operations Thread 64" [_thread_blocked, id=11160, stack(0x000000f533000000,0x000000f533100000)]
  0x0000020648ab5000 JavaThread "Unconstrained build operations Thread 65" [_thread_blocked, id=9300, stack(0x000000f533100000,0x000000f533200000)]
  0x0000020648ab0000 JavaThread "Unconstrained build operations Thread 66" [_thread_blocked, id=12780, stack(0x000000f533200000,0x000000f533300000)]
  0x00000206455bd800 JavaThread "Unconstrained build operations Thread 67" [_thread_blocked, id=15028, stack(0x000000f533300000,0x000000f533400000)]
  0x00000206455c0800 JavaThread "Unconstrained build operations Thread 68" [_thread_blocked, id=16708, stack(0x000000f533400000,0x000000f533500000)]
  0x00000206455bf000 JavaThread "Unconstrained build operations Thread 69" [_thread_blocked, id=3248, stack(0x000000f533500000,0x000000f533600000)]
  0x00000206455c1800 JavaThread "Unconstrained build operations Thread 70" [_thread_blocked, id=17880, stack(0x000000f533600000,0x000000f533700000)]
  0x00000206455c3000 JavaThread "Unconstrained build operations Thread 71" [_thread_blocked, id=19112, stack(0x000000f533700000,0x000000f533800000)]
  0x00000206455c2000 JavaThread "Unconstrained build operations Thread 72" [_thread_blocked, id=8220, stack(0x000000f533800000,0x000000f533900000)]
  0x00000206455c4000 JavaThread "Unconstrained build operations Thread 73" [_thread_blocked, id=14936, stack(0x000000f533900000,0x000000f533a00000)]
  0x00000206455bf800 JavaThread "Unconstrained build operations Thread 74" [_thread_blocked, id=5436, stack(0x000000f533a00000,0x000000f533b00000)]
  0x00000206455be000 JavaThread "Unconstrained build operations Thread 75" [_thread_blocked, id=16992, stack(0x000000f533b00000,0x000000f533c00000)]
  0x00000206455c8000 JavaThread "Unconstrained build operations Thread 76" [_thread_blocked, id=8492, stack(0x000000f533c00000,0x000000f533d00000)]
  0x00000206455c4800 JavaThread "Unconstrained build operations Thread 77" [_thread_blocked, id=13456, stack(0x000000f533d00000,0x000000f533e00000)]
  0x00000206455c7000 JavaThread "Unconstrained build operations Thread 78" [_thread_blocked, id=17584, stack(0x000000f533e00000,0x000000f533f00000)]
  0x00000206455c8800 JavaThread "Unconstrained build operations Thread 79" [_thread_blocked, id=8616, stack(0x000000f533f00000,0x000000f534000000)]
  0x00000206455cb000 JavaThread "Unconstrained build operations Thread 80" [_thread_blocked, id=15076, stack(0x000000f534000000,0x000000f534100000)]
  0x00000206455c9800 JavaThread "jar transforms Thread 4" [_thread_blocked, id=11176, stack(0x000000f534100000,0x000000f534200000)]
  0x00000206455c6800 JavaThread "jar transforms Thread 5" [_thread_blocked, id=19244, stack(0x000000f534200000,0x000000f534300000)]
  0x00000206455ca800 JavaThread "jar transforms Thread 6" [_thread_blocked, id=17892, stack(0x000000f534300000,0x000000f534400000)]
  0x00000206455c5800 JavaThread "jar transforms Thread 7" [_thread_blocked, id=10060, stack(0x000000f534400000,0x000000f534500000)]
  0x00000206455cc000 JavaThread "jar transforms Thread 8" [_thread_blocked, id=12348, stack(0x000000f534500000,0x000000f534600000)]
  0x00000206475ea000 JavaThread "Memory manager" [_thread_blocked, id=17652, stack(0x000000f52e300000,0x000000f52e400000)]
  0x00000206475ea800 JavaThread "build event listener" [_thread_blocked, id=19240, stack(0x000000f534600000,0x000000f534700000)]
  0x00000206475e6800 JavaThread "pool-3-thread-1" [_thread_blocked, id=11008, stack(0x000000f534700000,0x000000f534800000)]
  0x00000206475e9000 JavaThread "build event listener" [_thread_blocked, id=4820, stack(0x000000f534800000,0x000000f534900000)]
  0x00000206475eb800 JavaThread "Execution worker for ':'" [_thread_blocked, id=10168, stack(0x000000f534900000,0x000000f534a00000)]
  0x00000206475e7800 JavaThread "Execution worker for ':' Thread 2" [_thread_blocked, id=1100, stack(0x000000f534a00000,0x000000f534b00000)]
  0x00000206475e6000 JavaThread "Execution worker for ':' Thread 3" [_thread_blocked, id=9520, stack(0x000000f534b00000,0x000000f534c00000)]
  0x00000206475ed000 JavaThread "Execution worker for ':' Thread 4" [_thread_blocked, id=15392, stack(0x000000f534c00000,0x000000f534d00000)]
  0x00000206475ef800 JavaThread "Execution worker for ':' Thread 5" [_thread_blocked, id=16956, stack(0x000000f534d00000,0x000000f534e00000)]
  0x00000206475f1000 JavaThread "Execution worker for ':' Thread 6" [_thread_blocked, id=640, stack(0x000000f534e00000,0x000000f534f00000)]
  0x00000206475f2000 JavaThread "Execution worker for ':' Thread 7" [_thread_blocked, id=1716, stack(0x000000f534f00000,0x000000f535000000)]
  0x00000206475ee000 JavaThread "Cache worker for execution history cache (D:\all_projects\mirea\mobilki\pr11\.gradle\7.2\executionHistory)" [_thread_blocked, id=18288, stack(0x000000f535000000,0x000000f535100000)]
  0x00000206475ee800 JavaThread "WorkerExecutor Queue" [_thread_blocked, id=3924, stack(0x000000f535100000,0x000000f535200000)]

Other Threads:
=>0x0000020640ec6000 VMThread "VM Thread" [stack: 0x000000f52c300000,0x000000f52c400000] [id=1668]
  0x0000020641a20000 WatcherThread [stack: 0x000000f52cd00000,0x000000f52ce00000] [id=15840]
  0x0000020626a87800 GCTaskThread "GC Thread#0" [stack: 0x000000f52be00000,0x000000f52bf00000] [id=19184]
  0x000002064266d800 GCTaskThread "GC Thread#1" [stack: 0x000000f52cf00000,0x000000f52d000000] [id=14032]
  0x0000020642e88000 GCTaskThread "GC Thread#2" [stack: 0x000000f52d800000,0x000000f52d900000] [id=7952]
  0x0000020643ed1000 GCTaskThread "GC Thread#3" [stack: 0x000000f52d900000,0x000000f52da00000] [id=16876]
  0x0000020643ed1800 GCTaskThread "GC Thread#4" [stack: 0x000000f52da00000,0x000000f52db00000] [id=11368]
  0x0000020642edb000 GCTaskThread "GC Thread#5" [stack: 0x000000f52db00000,0x000000f52dc00000] [id=16896]
  0x0000020642edc000 GCTaskThread "GC Thread#6" [stack: 0x000000f52dc00000,0x000000f52dd00000] [id=10136]
  0x0000020642573000 GCTaskThread "GC Thread#7" [stack: 0x000000f52dd00000,0x000000f52de00000] [id=804]
  0x0000020626ab9000 ConcurrentGCThread "G1 Main Marker" [stack: 0x000000f52bf00000,0x000000f52c000000] [id=1880]
  0x0000020626aba800 ConcurrentGCThread "G1 Conc#0" [stack: 0x000000f52c000000,0x000000f52c100000] [id=2308]
  0x0000020643db1000 ConcurrentGCThread "G1 Conc#1" [stack: 0x000000f52e200000,0x000000f52e300000] [id=14432]
  0x0000020626b49000 ConcurrentGCThread "G1 Refine#0" [stack: 0x000000f52c100000,0x000000f52c200000] [id=2664]
  0x000002064e546000 ConcurrentGCThread "G1 Refine#1" [stack: 0x000000f535200000,0x000000f535300000] [id=7288]
  0x0000020626b4a000 ConcurrentGCThread "G1 Young RemSet Sampling" [stack: 0x000000f52c200000,0x000000f52c300000] [id=10972]

Threads with active compile tasks:
C2 CompilerThread0  18640 10827       4       com.android.tools.r8.internal.JK0::e (297 bytes)
C1 CompilerThread0  18640 10867       2       com.android.tools.r8.internal.Zb1::iterator (12 bytes)

VM state:at safepoint (normal execution)

VM Mutex/Monitor currently owned by a thread:  ([mutex/lock_event])
[0x0000020626a69fe0] Threads_lock - owner thread: 0x0000020640ec6000
[0x0000020626a69d10] Heap_lock - owner thread: 0x0000020646b54800

Heap address: 0x0000000080000000, size: 2048 MB, Compressed Oops mode: 32-bit
Narrow klass base: 0x0000000000000000, Narrow klass shift: 3
Compressed class space size: 1073741824 Address: 0x0000000100000000

Heap:
 garbage-first heap   total 319488K, used 166614K [0x0000000080000000, 0x0000000100000000)
  region size 1024K, 6 young (6144K), 6 survivors (6144K)
 Metaspace       used 95336K, capacity 97828K, committed 98084K, reserved 1134592K
  class space    used 12457K, capacity 13405K, committed 13516K, reserved 1048576K
Heap Regions: E=young(eden), S=young(survivor), O=old, HS=humongous(starts), HC=humongous(continues), CS=collection set, F=free, A=archive, TAMS=top-at-mark-start (previous, next)
|   0|0x0000000080000000, 0x0000000080100000, 0x0000000080100000|100%| O|  |TAMS 0x0000000080100000, 0x0000000080100000| Untracked 
|   1|0x0000000080100000, 0x0000000080200000, 0x0000000080200000|100%| O|  |TAMS 0x0000000080200000, 0x0000000080200000| Untracked 
|   2|0x0000000080200000, 0x0000000080300000, 0x0000000080300000|100%| O|  |TAMS 0x0000000080300000, 0x0000000080300000| Untracked 
|   3|0x0000000080300000, 0x0000000080400000, 0x0000000080400000|100%|HS|  |TAMS 0x0000000080400000, 0x0000000080400000| Complete 
|   4|0x0000000080400000, 0x0000000080500000, 0x0000000080500000|100%|HC|  |TAMS 0x0000000080500000, 0x0000000080500000| Complete 
|   5|0x0000000080500000, 0x0000000080600000, 0x0000000080600000|100%|HC|  |TAMS 0x0000000080600000, 0x0000000080600000| Complete 
|   6|0x0000000080600000, 0x0000000080700000, 0x0000000080700000|100%| O|  |TAMS 0x0000000080700000, 0x0000000080700000| Untracked 
|   7|0x0000000080700000, 0x0000000080800000, 0x0000000080800000|100%| O|  |TAMS 0x0000000080800000, 0x0000000080800000| Untracked 
|   8|0x0000000080800000, 0x0000000080900000, 0x0000000080900000|100%| O|  |TAMS 0x0000000080900000, 0x0000000080900000| Untracked 
|   9|0x0000000080900000, 0x0000000080a00000, 0x0000000080a00000|100%| O|  |TAMS 0x0000000080a00000, 0x0000000080a00000| Untracked 
|  10|0x0000000080a00000, 0x0000000080b00000, 0x0000000080b00000|100%| O|  |TAMS 0x0000000080b00000, 0x0000000080b00000| Untracked 
|  11|0x0000000080b00000, 0x0000000080c00000, 0x0000000080c00000|100%| O|  |TAMS 0x0000000080c00000, 0x0000000080c00000| Untracked 
|  12|0x0000000080c00000, 0x0000000080d00000, 0x0000000080d00000|100%| O|  |TAMS 0x0000000080d00000, 0x0000000080d00000| Untracked 
|  13|0x0000000080d00000, 0x0000000080e00000, 0x0000000080e00000|100%| O|  |TAMS 0x0000000080e00000, 0x0000000080e00000| Untracked 
|  14|0x0000000080e00000, 0x0000000080f00000, 0x0000000080f00000|100%| O|  |TAMS 0x0000000080f00000, 0x0000000080f00000| Untracked 
|  15|0x0000000080f00000, 0x0000000081000000, 0x0000000081000000|100%| O|  |TAMS 0x0000000081000000, 0x0000000081000000| Untracked 
|  16|0x0000000081000000, 0x0000000081100000, 0x0000000081100000|100%| O|  |TAMS 0x0000000081100000, 0x0000000081100000| Untracked 
|  17|0x0000000081100000, 0x0000000081200000, 0x0000000081200000|100%| O|  |TAMS 0x0000000081200000, 0x0000000081200000| Untracked 
|  18|0x0000000081200000, 0x0000000081300000, 0x0000000081300000|100%| O|  |TAMS 0x0000000081300000, 0x0000000081300000| Untracked 
|  19|0x0000000081300000, 0x0000000081400000, 0x0000000081400000|100%| O|  |TAMS 0x0000000081400000, 0x0000000081400000| Untracked 
|  20|0x0000000081400000, 0x0000000081500000, 0x0000000081500000|100%| O|  |TAMS 0x0000000081500000, 0x0000000081500000| Untracked 
|  21|0x0000000081500000, 0x0000000081600000, 0x0000000081600000|100%| O|  |TAMS 0x0000000081600000, 0x0000000081600000| Untracked 
|  22|0x0000000081600000, 0x0000000081700000, 0x0000000081700000|100%| O|  |TAMS 0x0000000081700000, 0x0000000081700000| Untracked 
|  23|0x0000000081700000, 0x0000000081800000, 0x0000000081800000|100%| O|  |TAMS 0x0000000081800000, 0x0000000081800000| Untracked 
|  24|0x0000000081800000, 0x0000000081900000, 0x0000000081900000|100%| O|  |TAMS 0x0000000081900000, 0x0000000081900000| Untracked 
|  25|0x0000000081900000, 0x0000000081a00000, 0x0000000081a00000|100%| O|  |TAMS 0x0000000081a00000, 0x0000000081a00000| Untracked 
|  26|0x0000000081a00000, 0x0000000081b00000, 0x0000000081b00000|100%|HS|  |TAMS 0x0000000081b00000, 0x0000000081b00000| Complete 
|  27|0x0000000081b00000, 0x0000000081c00000, 0x0000000081c00000|100%|HS|  |TAMS 0x0000000081c00000, 0x0000000081c00000| Complete 
|  28|0x0000000081c00000, 0x0000000081d00000, 0x0000000081d00000|100%|HS|  |TAMS 0x0000000081d00000, 0x0000000081d00000| Complete 
|  29|0x0000000081d00000, 0x0000000081e00000, 0x0000000081e00000|100%|HS|  |TAMS 0x0000000081e00000, 0x0000000081e00000| Complete 
|  30|0x0000000081e00000, 0x0000000081f00000, 0x0000000081f00000|100%|HC|  |TAMS 0x0000000081f00000, 0x0000000081f00000| Complete 
|  31|0x0000000081f00000, 0x0000000082000000, 0x0000000082000000|100%| O|  |TAMS 0x0000000082000000, 0x0000000082000000| Untracked 
|  32|0x0000000082000000, 0x0000000082100000, 0x0000000082100000|100%| O|  |TAMS 0x0000000082100000, 0x0000000082100000| Untracked 
|  33|0x0000000082100000, 0x0000000082200000, 0x0000000082200000|100%| O|  |TAMS 0x0000000082200000, 0x0000000082200000| Untracked 
|  34|0x0000000082200000, 0x0000000082300000, 0x0000000082300000|100%| O|  |TAMS 0x0000000082300000, 0x0000000082300000| Untracked 
|  35|0x0000000082300000, 0x0000000082400000, 0x0000000082400000|100%| O|  |TAMS 0x0000000082400000, 0x0000000082400000| Untracked 
|  36|0x0000000082400000, 0x0000000082500000, 0x0000000082500000|100%| O|  |TAMS 0x0000000082500000, 0x0000000082500000| Untracked 
|  37|0x0000000082500000, 0x0000000082600000, 0x0000000082600000|100%| O|  |TAMS 0x0000000082600000, 0x0000000082600000| Untracked 
|  38|0x0000000082600000, 0x0000000082700000, 0x0000000082700000|100%| O|  |TAMS 0x0000000082700000, 0x0000000082700000| Untracked 
|  39|0x0000000082700000, 0x0000000082800000, 0x0000000082800000|100%| O|  |TAMS 0x0000000082800000, 0x0000000082800000| Untracked 
|  40|0x0000000082800000, 0x0000000082900000, 0x0000000082900000|100%| O|  |TAMS 0x0000000082900000, 0x0000000082900000| Untracked 
|  41|0x0000000082900000, 0x0000000082a00000, 0x0000000082a00000|100%| O|  |TAMS 0x0000000082a00000, 0x0000000082a00000| Untracked 
|  42|0x0000000082a00000, 0x0000000082b00000, 0x0000000082b00000|100%| O|  |TAMS 0x0000000082b00000, 0x0000000082b00000| Untracked 
|  43|0x0000000082b00000, 0x0000000082c00000, 0x0000000082c00000|100%| O|  |TAMS 0x0000000082c00000, 0x0000000082c00000| Untracked 
|  44|0x0000000082c00000, 0x0000000082d00000, 0x0000000082d00000|100%| O|  |TAMS 0x0000000082d00000, 0x0000000082d00000| Untracked 
|  45|0x0000000082d00000, 0x0000000082e00000, 0x0000000082e00000|100%| O|  |TAMS 0x0000000082e00000, 0x0000000082e00000| Untracked 
|  46|0x0000000082e00000, 0x0000000082f00000, 0x0000000082f00000|100%| O|  |TAMS 0x0000000082f00000, 0x0000000082f00000| Untracked 
|  47|0x0000000082f00000, 0x0000000083000000, 0x0000000083000000|100%| O|  |TAMS 0x0000000083000000, 0x0000000083000000| Untracked 
|  48|0x0000000083000000, 0x0000000083100000, 0x0000000083100000|100%| O|  |TAMS 0x0000000083100000, 0x0000000083100000| Untracked 
|  49|0x0000000083100000, 0x0000000083200000, 0x0000000083200000|100%| O|  |TAMS 0x0000000083200000, 0x0000000083200000| Untracked 
|  50|0x0000000083200000, 0x0000000083300000, 0x0000000083300000|100%| O|  |TAMS 0x0000000083300000, 0x0000000083300000| Untracked 
|  51|0x0000000083300000, 0x0000000083400000, 0x0000000083400000|100%| O|  |TAMS 0x0000000083400000, 0x0000000083400000| Untracked 
|  52|0x0000000083400000, 0x0000000083500000, 0x0000000083500000|100%| O|  |TAMS 0x0000000083500000, 0x0000000083500000| Untracked 
|  53|0x0000000083500000, 0x0000000083600000, 0x0000000083600000|100%| O|  |TAMS 0x0000000083600000, 0x0000000083600000| Untracked 
|  54|0x0000000083600000, 0x0000000083700000, 0x0000000083700000|100%| O|  |TAMS 0x0000000083700000, 0x0000000083700000| Untracked 
|  55|0x0000000083700000, 0x0000000083800000, 0x0000000083800000|100%| O|  |TAMS 0x0000000083800000, 0x0000000083800000| Untracked 
|  56|0x0000000083800000, 0x0000000083900000, 0x0000000083900000|100%| O|  |TAMS 0x0000000083900000, 0x0000000083900000| Untracked 
|  57|0x0000000083900000, 0x0000000083a00000, 0x0000000083a00000|100%| O|  |TAMS 0x0000000083a00000, 0x0000000083a00000| Untracked 
|  58|0x0000000083a00000, 0x0000000083b00000, 0x0000000083b00000|100%| O|  |TAMS 0x0000000083b00000, 0x0000000083b00000| Untracked 
|  59|0x0000000083b00000, 0x0000000083c00000, 0x0000000083c00000|100%| O|  |TAMS 0x0000000083c00000, 0x0000000083c00000| Untracked 
|  60|0x0000000083c00000, 0x0000000083d00000, 0x0000000083d00000|100%| O|  |TAMS 0x0000000083d00000, 0x0000000083d00000| Untracked 
|  61|0x0000000083d00000, 0x0000000083e00000, 0x0000000083e00000|100%| O|  |TAMS 0x0000000083e00000, 0x0000000083e00000| Untracked 
|  62|0x0000000083e00000, 0x0000000083f00000, 0x0000000083f00000|100%| O|  |TAMS 0x0000000083f00000, 0x0000000083f00000| Untracked 
|  63|0x0000000083f00000, 0x0000000084000000, 0x0000000084000000|100%| O|  |TAMS 0x0000000084000000, 0x0000000084000000| Untracked 
|  64|0x0000000084000000, 0x0000000084100000, 0x0000000084100000|100%| O|  |TAMS 0x0000000084100000, 0x0000000084100000| Untracked 
|  65|0x0000000084100000, 0x0000000084200000, 0x0000000084200000|100%| O|  |TAMS 0x0000000084200000, 0x0000000084200000| Untracked 
|  66|0x0000000084200000, 0x0000000084300000, 0x0000000084300000|100%| O|  |TAMS 0x0000000084300000, 0x0000000084300000| Untracked 
|  67|0x0000000084300000, 0x0000000084400000, 0x0000000084400000|100%| O|  |TAMS 0x0000000084400000, 0x0000000084400000| Untracked 
|  68|0x0000000084400000, 0x0000000084500000, 0x0000000084500000|100%| O|  |TAMS 0x0000000084500000, 0x0000000084500000| Untracked 
|  69|0x0000000084500000, 0x0000000084600000, 0x0000000084600000|100%| O|  |TAMS 0x0000000084600000, 0x0000000084600000| Untracked 
|  70|0x0000000084600000, 0x0000000084700000, 0x0000000084700000|100%| O|  |TAMS 0x0000000084700000, 0x0000000084700000| Untracked 
|  71|0x0000000084700000, 0x0000000084800000, 0x0000000084800000|100%| O|  |TAMS 0x0000000084800000, 0x0000000084800000| Untracked 
|  72|0x0000000084800000, 0x0000000084900000, 0x0000000084900000|100%| O|  |TAMS 0x0000000084900000, 0x0000000084900000| Untracked 
|  73|0x0000000084900000, 0x0000000084a00000, 0x0000000084a00000|100%|HS|  |TAMS 0x0000000084a00000, 0x0000000084a00000| Complete 
|  74|0x0000000084a00000, 0x0000000084b00000, 0x0000000084b00000|100%|HC|  |TAMS 0x0000000084b00000, 0x0000000084b00000| Complete 
|  75|0x0000000084b00000, 0x0000000084c00000, 0x0000000084c00000|100%| O|  |TAMS 0x0000000084c00000, 0x0000000084c00000| Untracked 
|  76|0x0000000084c00000, 0x0000000084d00000, 0x0000000084d00000|100%| O|  |TAMS 0x0000000084d00000, 0x0000000084d00000| Untracked 
|  77|0x0000000084d00000, 0x0000000084e00000, 0x0000000084e00000|100%| O|  |TAMS 0x0000000084e00000, 0x0000000084e00000| Untracked 
|  78|0x0000000084e00000, 0x0000000084f00000, 0x0000000084f00000|100%| O|  |TAMS 0x0000000084f00000, 0x0000000084f00000| Untracked 
|  79|0x0000000084f00000, 0x0000000085000000, 0x0000000085000000|100%| O|  |TAMS 0x0000000085000000, 0x0000000085000000| Untracked 
|  80|0x0000000085000000, 0x0000000085100000, 0x0000000085100000|100%| O|  |TAMS 0x0000000085100000, 0x0000000085100000| Untracked 
|  81|0x0000000085100000, 0x0000000085200000, 0x0000000085200000|100%| O|  |TAMS 0x0000000085200000, 0x0000000085200000| Untracked 
|  82|0x0000000085200000, 0x0000000085300000, 0x0000000085300000|100%| O|  |TAMS 0x0000000085300000, 0x0000000085300000| Untracked 
|  83|0x0000000085300000, 0x0000000085400000, 0x0000000085400000|100%| O|  |TAMS 0x0000000085400000, 0x0000000085400000| Untracked 
|  84|0x0000000085400000, 0x0000000085500000, 0x0000000085500000|100%| O|  |TAMS 0x0000000085500000, 0x0000000085500000| Untracked 
|  85|0x0000000085500000, 0x0000000085600000, 0x0000000085600000|100%| O|  |TAMS 0x0000000085600000, 0x0000000085600000| Untracked 
|  86|0x0000000085600000, 0x0000000085700000, 0x0000000085700000|100%| O|  |TAMS 0x0000000085700000, 0x0000000085700000| Untracked 
|  87|0x0000000085700000, 0x0000000085800000, 0x0000000085800000|100%| O|  |TAMS 0x0000000085800000, 0x0000000085800000| Untracked 
|  88|0x0000000085800000, 0x0000000085900000, 0x0000000085900000|100%| O|  |TAMS 0x0000000085900000, 0x0000000085900000| Untracked 
|  89|0x0000000085900000, 0x0000000085a00000, 0x0000000085a00000|100%| O|  |TAMS 0x0000000085a00000, 0x0000000085a00000| Untracked 
|  90|0x0000000085a00000, 0x0000000085b00000, 0x0000000085b00000|100%| O|  |TAMS 0x0000000085b00000, 0x0000000085b00000| Untracked 
|  91|0x0000000085b00000, 0x0000000085c00000, 0x0000000085c00000|100%| O|  |TAMS 0x0000000085c00000, 0x0000000085c00000| Untracked 
|  92|0x0000000085c00000, 0x0000000085d00000, 0x0000000085d00000|100%| O|  |TAMS 0x0000000085d00000, 0x0000000085d00000| Untracked 
|  93|0x0000000085d00000, 0x0000000085e00000, 0x0000000085e00000|100%| O|  |TAMS 0x0000000085e00000, 0x0000000085e00000| Untracked 
|  94|0x0000000085e00000, 0x0000000085f00000, 0x0000000085f00000|100%| O|  |TAMS 0x0000000085f00000, 0x0000000085f00000| Untracked 
|  95|0x0000000085f00000, 0x0000000086000000, 0x0000000086000000|100%| O|  |TAMS 0x0000000086000000, 0x0000000086000000| Untracked 
|  96|0x0000000086000000, 0x0000000086100000, 0x0000000086100000|100%| O|  |TAMS 0x0000000086100000, 0x0000000086100000| Untracked 
|  97|0x0000000086100000, 0x0000000086200000, 0x0000000086200000|100%| O|  |TAMS 0x0000000086200000, 0x0000000086200000| Untracked 
|  98|0x0000000086200000, 0x0000000086300000, 0x0000000086300000|100%| O|  |TAMS 0x0000000086300000, 0x0000000086300000| Untracked 
|  99|0x0000000086300000, 0x0000000086400000, 0x0000000086400000|100%| O|  |TAMS 0x0000000086400000, 0x0000000086400000| Untracked 
| 100|0x0000000086400000, 0x0000000086500000, 0x0000000086500000|100%| O|  |TAMS 0x0000000086500000, 0x0000000086500000| Untracked 
| 101|0x0000000086500000, 0x0000000086600000, 0x0000000086600000|100%| O|  |TAMS 0x0000000086600000, 0x0000000086600000| Untracked 
| 102|0x0000000086600000, 0x0000000086700000, 0x0000000086700000|100%| O|  |TAMS 0x0000000086700000, 0x0000000086700000| Untracked 
| 103|0x0000000086700000, 0x0000000086800000, 0x0000000086800000|100%| O|  |TAMS 0x0000000086800000, 0x0000000086800000| Untracked 
| 104|0x0000000086800000, 0x0000000086900000, 0x0000000086900000|100%| O|  |TAMS 0x0000000086900000, 0x0000000086900000| Untracked 
| 105|0x0000000086900000, 0x0000000086a00000, 0x0000000086a00000|100%| O|  |TAMS 0x0000000086a00000, 0x0000000086a00000| Untracked 
| 106|0x0000000086a00000, 0x0000000086b00000, 0x0000000086b00000|100%| O|  |TAMS 0x0000000086b00000, 0x0000000086b00000| Untracked 
| 107|0x0000000086b00000, 0x0000000086c00000, 0x0000000086c00000|100%| O|  |TAMS 0x0000000086c00000, 0x0000000086c00000| Untracked 
| 108|0x0000000086c00000, 0x0000000086d00000, 0x0000000086d00000|100%| O|  |TAMS 0x0000000086d00000, 0x0000000086d00000| Untracked 
| 109|0x0000000086d00000, 0x0000000086e00000, 0x0000000086e00000|100%| O|  |TAMS 0x0000000086e00000, 0x0000000086e00000| Untracked 
| 110|0x0000000086e00000, 0x0000000086f00000, 0x0000000086f00000|100%| O|  |TAMS 0x0000000086f00000, 0x0000000086f00000| Untracked 
| 111|0x0000000086f00000, 0x0000000087000000, 0x0000000087000000|100%| O|  |TAMS 0x0000000087000000, 0x0000000087000000| Untracked 
| 112|0x0000000087000000, 0x0000000087100000, 0x0000000087100000|100%| O|  |TAMS 0x0000000087100000, 0x0000000087100000| Untracked 
| 113|0x0000000087100000, 0x0000000087200000, 0x0000000087200000|100%| O|  |TAMS 0x0000000087200000, 0x0000000087200000| Untracked 
| 114|0x0000000087200000, 0x0000000087300000, 0x0000000087300000|100%| O|  |TAMS 0x0000000087300000, 0x0000000087300000| Untracked 
| 115|0x0000000087300000, 0x0000000087400000, 0x0000000087400000|100%| O|  |TAMS 0x0000000087400000, 0x0000000087400000| Untracked 
| 116|0x0000000087400000, 0x0000000087500000, 0x0000000087500000|100%| O|  |TAMS 0x0000000087500000, 0x0000000087500000| Untracked 
| 117|0x0000000087500000, 0x0000000087600000, 0x0000000087600000|100%| O|  |TAMS 0x0000000087600000, 0x0000000087600000| Untracked 
| 118|0x0000000087600000, 0x0000000087700000, 0x0000000087700000|100%| O|  |TAMS 0x0000000087700000, 0x0000000087700000| Untracked 
| 119|0x0000000087700000, 0x0000000087800000, 0x0000000087800000|100%| O|  |TAMS 0x00000000877f6a00, 0x0000000087800000| Untracked 
| 120|0x0000000087800000, 0x0000000087900000, 0x0000000087900000|100%| O|  |TAMS 0x0000000087800000, 0x0000000087900000| Untracked 
| 121|0x0000000087900000, 0x0000000087a00000, 0x0000000087a00000|100%| O|  |TAMS 0x0000000087900000, 0x0000000087a00000| Untracked 
| 122|0x0000000087a00000, 0x0000000087b00000, 0x0000000087b00000|100%| O|  |TAMS 0x0000000087a00000, 0x0000000087b00000| Untracked 
| 123|0x0000000087b00000, 0x0000000087c00000, 0x0000000087c00000|100%| O|  |TAMS 0x0000000087b00000, 0x0000000087c00000| Untracked 
| 124|0x0000000087c00000, 0x0000000087d00000, 0x0000000087d00000|100%| O|  |TAMS 0x0000000087c00000, 0x0000000087d00000| Untracked 
| 125|0x0000000087d00000, 0x0000000087e00000, 0x0000000087e00000|100%| O|  |TAMS 0x0000000087d00000, 0x0000000087e00000| Untracked 
| 126|0x0000000087e00000, 0x0000000087f00000, 0x0000000087f00000|100%| O|  |TAMS 0x0000000087e00000, 0x0000000087f00000| Untracked 
| 127|0x0000000087f00000, 0x0000000088000000, 0x0000000088000000|100%| O|  |TAMS 0x0000000087f00000, 0x0000000088000000| Untracked 
| 128|0x0000000088000000, 0x0000000088100000, 0x0000000088100000|100%| O|  |TAMS 0x0000000088000000, 0x0000000088100000| Untracked 
| 129|0x0000000088100000, 0x0000000088200000, 0x0000000088200000|100%| O|  |TAMS 0x0000000088100000, 0x0000000088200000| Untracked 
| 130|0x0000000088200000, 0x0000000088300000, 0x0000000088300000|100%| O|  |TAMS 0x0000000088200000, 0x0000000088300000| Untracked 
| 131|0x0000000088300000, 0x0000000088400000, 0x0000000088400000|100%| O|  |TAMS 0x0000000088300000, 0x0000000088400000| Untracked 
| 132|0x0000000088400000, 0x0000000088500000, 0x0000000088500000|100%| O|  |TAMS 0x0000000088400000, 0x0000000088500000| Untracked 
| 133|0x0000000088500000, 0x0000000088600000, 0x0000000088600000|100%| O|  |TAMS 0x0000000088500000, 0x0000000088600000| Untracked 
| 134|0x0000000088600000, 0x0000000088700000, 0x0000000088700000|100%| O|  |TAMS 0x0000000088600000, 0x0000000088700000| Untracked 
| 135|0x0000000088700000, 0x0000000088800000, 0x0000000088800000|100%| O|  |TAMS 0x0000000088700000, 0x0000000088800000| Untracked 
| 136|0x0000000088800000, 0x0000000088900000, 0x0000000088900000|100%| O|  |TAMS 0x0000000088800000, 0x0000000088900000| Untracked 
| 137|0x0000000088900000, 0x0000000088a00000, 0x0000000088a00000|100%| O|  |TAMS 0x0000000088900000, 0x0000000088a00000| Untracked 
| 138|0x0000000088a00000, 0x0000000088b00000, 0x0000000088b00000|100%| O|  |TAMS 0x0000000088a00000, 0x0000000088b00000| Untracked 
| 139|0x0000000088b00000, 0x0000000088c00000, 0x0000000088c00000|100%| O|  |TAMS 0x0000000088b00000, 0x0000000088c00000| Untracked 
| 140|0x0000000088c00000, 0x0000000088d00000, 0x0000000088d00000|100%| O|  |TAMS 0x0000000088c00000, 0x0000000088d00000| Untracked 
| 141|0x0000000088d00000, 0x0000000088e00000, 0x0000000088e00000|100%| O|  |TAMS 0x0000000088d00000, 0x0000000088e00000| Untracked 
| 142|0x0000000088e00000, 0x0000000088f00000, 0x0000000088f00000|100%| O|  |TAMS 0x0000000088e00000, 0x0000000088f00000| Untracked 
| 143|0x0000000088f00000, 0x0000000089000000, 0x0000000089000000|100%| O|  |TAMS 0x0000000088f00000, 0x0000000089000000| Untracked 
| 144|0x0000000089000000, 0x0000000089100000, 0x0000000089100000|100%| O|  |TAMS 0x0000000089000000, 0x0000000089100000| Untracked 
| 145|0x0000000089100000, 0x0000000089200000, 0x0000000089200000|100%| O|  |TAMS 0x0000000089100000, 0x0000000089200000| Untracked 
| 146|0x0000000089200000, 0x0000000089300000, 0x0000000089300000|100%| O|  |TAMS 0x0000000089200000, 0x0000000089300000| Untracked 
| 147|0x0000000089300000, 0x0000000089400000, 0x0000000089400000|100%| O|  |TAMS 0x0000000089300000, 0x0000000089400000| Untracked 
| 148|0x0000000089400000, 0x0000000089500000, 0x0000000089500000|100%| O|  |TAMS 0x0000000089400000, 0x0000000089500000| Untracked 
| 149|0x0000000089500000, 0x0000000089600000, 0x0000000089600000|100%| O|  |TAMS 0x0000000089500000, 0x0000000089600000| Untracked 
| 150|0x0000000089600000, 0x0000000089700000, 0x0000000089700000|100%| O|  |TAMS 0x0000000089600000, 0x000000008962f000| Untracked 
| 151|0x0000000089700000, 0x0000000089800000, 0x0000000089800000|100%| O|  |TAMS 0x0000000089700000, 0x0000000089700000| Untracked 
| 152|0x0000000089800000, 0x0000000089900000, 0x0000000089900000|100%| O|  |TAMS 0x0000000089800000, 0x0000000089800000| Untracked 
| 153|0x0000000089900000, 0x0000000089a00000, 0x0000000089a00000|100%| O|  |TAMS 0x0000000089900000, 0x0000000089900000| Untracked 
| 154|0x0000000089a00000, 0x0000000089b00000, 0x0000000089b00000|100%| O|  |TAMS 0x0000000089a00000, 0x0000000089a00000| Untracked 
| 155|0x0000000089b00000, 0x0000000089c00000, 0x0000000089c00000|100%| O|  |TAMS 0x0000000089b00000, 0x0000000089b00000| Untracked 
| 156|0x0000000089c00000, 0x0000000089cb5800, 0x0000000089d00000| 70%| O|  |TAMS 0x0000000089c00000, 0x0000000089c00000| Untracked 
| 157|0x0000000089d00000, 0x0000000089d00000, 0x0000000089e00000|  0%| F|  |TAMS 0x0000000089d00000, 0x0000000089d00000| Untracked 
| 158|0x0000000089e00000, 0x0000000089e00000, 0x0000000089f00000|  0%| F|  |TAMS 0x0000000089e00000, 0x0000000089e00000| Untracked 
| 159|0x0000000089f00000, 0x0000000089f00000, 0x000000008a000000|  0%| F|  |TAMS 0x0000000089f00000, 0x0000000089f00000| Untracked 
| 160|0x000000008a000000, 0x000000008a000000, 0x000000008a100000|  0%| F|  |TAMS 0x000000008a000000, 0x000000008a000000| Untracked 
| 161|0x000000008a100000, 0x000000008a100000, 0x000000008a200000|  0%| F|  |TAMS 0x000000008a100000, 0x000000008a100000| Untracked 
| 162|0x000000008a200000, 0x000000008a200000, 0x000000008a300000|  0%| F|  |TAMS 0x000000008a200000, 0x000000008a200000| Untracked 
| 163|0x000000008a300000, 0x000000008a300000, 0x000000008a400000|  0%| F|  |TAMS 0x000000008a300000, 0x000000008a300000| Untracked 
| 164|0x000000008a400000, 0x000000008a400000, 0x000000008a500000|  0%| F|  |TAMS 0x000000008a400000, 0x000000008a400000| Untracked 
| 165|0x000000008a500000, 0x000000008a500000, 0x000000008a600000|  0%| F|  |TAMS 0x000000008a500000, 0x000000008a500000| Untracked 
| 166|0x000000008a600000, 0x000000008a600000, 0x000000008a700000|  0%| F|  |TAMS 0x000000008a600000, 0x000000008a600000| Untracked 
| 167|0x000000008a700000, 0x000000008a700000, 0x000000008a800000|  0%| F|  |TAMS 0x000000008a700000, 0x000000008a700000| Untracked 
| 168|0x000000008a800000, 0x000000008a800000, 0x000000008a900000|  0%| F|  |TAMS 0x000000008a800000, 0x000000008a800000| Untracked 
| 169|0x000000008a900000, 0x000000008a900000, 0x000000008aa00000|  0%| F|  |TAMS 0x000000008a900000, 0x000000008a900000| Untracked 
| 170|0x000000008aa00000, 0x000000008aa00000, 0x000000008ab00000|  0%| F|  |TAMS 0x000000008aa00000, 0x000000008aa00000| Untracked 
| 171|0x000000008ab00000, 0x000000008ab00000, 0x000000008ac00000|  0%| F|  |TAMS 0x000000008ab00000, 0x000000008ab00000| Untracked 
| 172|0x000000008ac00000, 0x000000008ac00000, 0x000000008ad00000|  0%| F|  |TAMS 0x000000008ac00000, 0x000000008ac00000| Untracked 
| 173|0x000000008ad00000, 0x000000008ad00000, 0x000000008ae00000|  0%| F|  |TAMS 0x000000008ad00000, 0x000000008ad00000| Untracked 
| 174|0x000000008ae00000, 0x000000008ae00000, 0x000000008af00000|  0%| F|  |TAMS 0x000000008ae00000, 0x000000008ae00000| Untracked 
| 175|0x000000008af00000, 0x000000008af00000, 0x000000008b000000|  0%| F|  |TAMS 0x000000008af00000, 0x000000008af00000| Untracked 
| 176|0x000000008b000000, 0x000000008b000000, 0x000000008b100000|  0%| F|  |TAMS 0x000000008b000000, 0x000000008b000000| Untracked 
| 177|0x000000008b100000, 0x000000008b100000, 0x000000008b200000|  0%| F|  |TAMS 0x000000008b100000, 0x000000008b100000| Untracked 
| 178|0x000000008b200000, 0x000000008b200000, 0x000000008b300000|  0%| F|  |TAMS 0x000000008b200000, 0x000000008b200000| Untracked 
| 179|0x000000008b300000, 0x000000008b300000, 0x000000008b400000|  0%| F|  |TAMS 0x000000008b300000, 0x000000008b300000| Untracked 
| 180|0x000000008b400000, 0x000000008b400000, 0x000000008b500000|  0%| F|  |TAMS 0x000000008b400000, 0x000000008b400000| Untracked 
| 181|0x000000008b500000, 0x000000008b500000, 0x000000008b600000|  0%| F|  |TAMS 0x000000008b500000, 0x000000008b500000| Untracked 
| 182|0x000000008b600000, 0x000000008b600000, 0x000000008b700000|  0%| F|  |TAMS 0x000000008b600000, 0x000000008b600000| Untracked 
| 183|0x000000008b700000, 0x000000008b700000, 0x000000008b800000|  0%| F|  |TAMS 0x000000008b700000, 0x000000008b700000| Untracked 
| 184|0x000000008b800000, 0x000000008b800000, 0x000000008b900000|  0%| F|  |TAMS 0x000000008b800000, 0x000000008b800000| Untracked 
| 185|0x000000008b900000, 0x000000008b900000, 0x000000008ba00000|  0%| F|  |TAMS 0x000000008b900000, 0x000000008b900000| Untracked 
| 186|0x000000008ba00000, 0x000000008ba00000, 0x000000008bb00000|  0%| F|  |TAMS 0x000000008ba00000, 0x000000008ba00000| Untracked 
| 187|0x000000008bb00000, 0x000000008bb00000, 0x000000008bc00000|  0%| F|  |TAMS 0x000000008bb00000, 0x000000008bb00000| Untracked 
| 188|0x000000008bc00000, 0x000000008bc00000, 0x000000008bd00000|  0%| F|  |TAMS 0x000000008bc00000, 0x000000008bc00000| Untracked 
| 189|0x000000008bd00000, 0x000000008be00000, 0x000000008be00000|100%| S|CS|TAMS 0x000000008bd00000, 0x000000008bd00000| Complete 
| 190|0x000000008be00000, 0x000000008bf00000, 0x000000008bf00000|100%| S|CS|TAMS 0x000000008be00000, 0x000000008be00000| Complete 
| 191|0x000000008bf00000, 0x000000008c000000, 0x000000008c000000|100%| S|CS|TAMS 0x000000008bf00000, 0x000000008bf00000| Complete 
| 192|0x000000008c000000, 0x000000008c000000, 0x000000008c100000|  0%| F|  |TAMS 0x000000008c000000, 0x000000008c000000| Untracked 
| 193|0x000000008c100000, 0x000000008c100000, 0x000000008c200000|  0%| F|  |TAMS 0x000000008c100000, 0x000000008c100000| Untracked 
| 194|0x000000008c200000, 0x000000008c200000, 0x000000008c300000|  0%| F|  |TAMS 0x000000008c200000, 0x000000008c200000| Untracked 
| 195|0x000000008c300000, 0x000000008c300000, 0x000000008c400000|  0%| F|  |TAMS 0x000000008c300000, 0x000000008c300000| Untracked 
| 196|0x000000008c400000, 0x000000008c500000, 0x000000008c500000|100%| S|CS|TAMS 0x000000008c400000, 0x000000008c400000| Complete 
| 197|0x000000008c500000, 0x000000008c600000, 0x000000008c600000|100%| S|CS|TAMS 0x000000008c500000, 0x000000008c500000| Complete 
| 198|0x000000008c600000, 0x000000008c700000, 0x000000008c700000|100%| S|CS|TAMS 0x000000008c600000, 0x000000008c600000| Complete 
| 199|0x000000008c700000, 0x000000008c700000, 0x000000008c800000|  0%| F|  |TAMS 0x000000008c700000, 0x000000008c700000| Untracked 
| 200|0x000000008c800000, 0x000000008c800000, 0x000000008c900000|  0%| F|  |TAMS 0x000000008c800000, 0x000000008c800000| Untracked 
| 201|0x000000008c900000, 0x000000008c900000, 0x000000008ca00000|  0%| F|  |TAMS 0x000000008c900000, 0x000000008c900000| Untracked 
| 202|0x000000008ca00000, 0x000000008ca00000, 0x000000008cb00000|  0%| F|  |TAMS 0x000000008ca00000, 0x000000008ca00000| Untracked 
| 203|0x000000008cb00000, 0x000000008cb00000, 0x000000008cc00000|  0%| F|  |TAMS 0x000000008cb00000, 0x000000008cb00000| Untracked 
| 204|0x000000008cc00000, 0x000000008cc00000, 0x000000008cd00000|  0%| F|  |TAMS 0x000000008cc00000, 0x000000008cc00000| Untracked 
| 205|0x000000008cd00000, 0x000000008cd00000, 0x000000008ce00000|  0%| F|  |TAMS 0x000000008cd00000, 0x000000008cd00000| Untracked 
| 206|0x000000008ce00000, 0x000000008ce00000, 0x000000008cf00000|  0%| F|  |TAMS 0x000000008ce00000, 0x000000008ce00000| Untracked 
| 207|0x000000008cf00000, 0x000000008cf00000, 0x000000008d000000|  0%| F|  |TAMS 0x000000008cf00000, 0x000000008cf00000| Untracked 
| 208|0x000000008d000000, 0x000000008d000000, 0x000000008d100000|  0%| F|  |TAMS 0x000000008d000000, 0x000000008d000000| Untracked 
| 209|0x000000008d100000, 0x000000008d100000, 0x000000008d200000|  0%| F|  |TAMS 0x000000008d100000, 0x000000008d100000| Untracked 
| 210|0x000000008d200000, 0x000000008d200000, 0x000000008d300000|  0%| F|  |TAMS 0x000000008d200000, 0x000000008d200000| Untracked 
| 211|0x000000008d300000, 0x000000008d300000, 0x000000008d400000|  0%| F|  |TAMS 0x000000008d300000, 0x000000008d300000| Untracked 
| 212|0x000000008d400000, 0x000000008d400000, 0x000000008d500000|  0%| F|  |TAMS 0x000000008d400000, 0x000000008d400000| Untracked 
| 213|0x000000008d500000, 0x000000008d500000, 0x000000008d600000|  0%| F|  |TAMS 0x000000008d500000, 0x000000008d500000| Untracked 
| 214|0x000000008d600000, 0x000000008d600000, 0x000000008d700000|  0%| F|  |TAMS 0x000000008d600000, 0x000000008d600000| Untracked 
| 215|0x000000008d700000, 0x000000008d700000, 0x000000008d800000|  0%| F|  |TAMS 0x000000008d700000, 0x000000008d700000| Untracked 
| 216|0x000000008d800000, 0x000000008d800000, 0x000000008d900000|  0%| F|  |TAMS 0x000000008d800000, 0x000000008d800000| Untracked 
| 217|0x000000008d900000, 0x000000008d900000, 0x000000008da00000|  0%| F|  |TAMS 0x000000008d900000, 0x000000008d900000| Untracked 
| 218|0x000000008da00000, 0x000000008da00000, 0x000000008db00000|  0%| F|  |TAMS 0x000000008da00000, 0x000000008da00000| Untracked 
| 219|0x000000008db00000, 0x000000008db00000, 0x000000008dc00000|  0%| F|  |TAMS 0x000000008db00000, 0x000000008db00000| Untracked 
| 220|0x000000008dc00000, 0x000000008dc00000, 0x000000008dd00000|  0%| F|  |TAMS 0x000000008dc00000, 0x000000008dc00000| Untracked 
| 221|0x000000008dd00000, 0x000000008dd00000, 0x000000008de00000|  0%| F|  |TAMS 0x000000008dd00000, 0x000000008dd00000| Untracked 
| 222|0x000000008de00000, 0x000000008de00000, 0x000000008df00000|  0%| F|  |TAMS 0x000000008de00000, 0x000000008de00000| Untracked 
| 223|0x000000008df00000, 0x000000008df00000, 0x000000008e000000|  0%| F|  |TAMS 0x000000008df00000, 0x000000008df00000| Untracked 
| 224|0x000000008e000000, 0x000000008e000000, 0x000000008e100000|  0%| F|  |TAMS 0x000000008e000000, 0x000000008e000000| Untracked 
| 225|0x000000008e100000, 0x000000008e100000, 0x000000008e200000|  0%| F|  |TAMS 0x000000008e100000, 0x000000008e100000| Untracked 
| 226|0x000000008e200000, 0x000000008e200000, 0x000000008e300000|  0%| F|  |TAMS 0x000000008e200000, 0x000000008e200000| Untracked 
| 227|0x000000008e300000, 0x000000008e300000, 0x000000008e400000|  0%| F|  |TAMS 0x000000008e300000, 0x000000008e300000| Untracked 
| 228|0x000000008e400000, 0x000000008e400000, 0x000000008e500000|  0%| F|  |TAMS 0x000000008e400000, 0x000000008e400000| Untracked 
| 229|0x000000008e500000, 0x000000008e500000, 0x000000008e600000|  0%| F|  |TAMS 0x000000008e500000, 0x000000008e500000| Untracked 
| 230|0x000000008e600000, 0x000000008e600000, 0x000000008e700000|  0%| F|  |TAMS 0x000000008e600000, 0x000000008e600000| Untracked 
| 231|0x000000008e700000, 0x000000008e700000, 0x000000008e800000|  0%| F|  |TAMS 0x000000008e700000, 0x000000008e700000| Untracked 
| 232|0x000000008e800000, 0x000000008e800000, 0x000000008e900000|  0%| F|  |TAMS 0x000000008e800000, 0x000000008e800000| Untracked 
| 233|0x000000008e900000, 0x000000008e900000, 0x000000008ea00000|  0%| F|  |TAMS 0x000000008e900000, 0x000000008e900000| Untracked 

Card table byte_map: [0x0000020639ca0000,0x000002063a0a0000] _byte_map_base: 0x00000206398a0000

Marking Bits (Prev, Next): (CMBitMap*) 0x0000020626ab0558, (CMBitMap*) 0x0000020626ab0590
 Prev Bits: [0x000002063a4a0000, 0x000002063c4a0000)
 Next Bits: [0x000002063c4a0000, 0x000002063e4a0000)

Polling page: 0x0000020624a90000

Metaspace:

Usage:
  Non-class:     82.44 MB capacity,    80.94 MB ( 98%) used,     1.22 MB (  1%) free+waste,   293.25 KB ( <1%) overhead. 
      Class:     13.09 MB capacity,    12.17 MB ( 93%) used,   808.67 KB (  6%) free+waste,   138.50 KB (  1%) overhead. 
       Both:     95.54 MB capacity,    93.10 MB ( 97%) used,     2.01 MB (  2%) free+waste,   431.75 KB ( <1%) overhead. 

Virtual space:
  Non-class space:       84.00 MB reserved,      82.59 MB ( 98%) committed 
      Class space:        1.00 GB reserved,      13.20 MB (  1%) committed 
             Both:        1.08 GB reserved,      95.79 MB (  9%) committed 

Chunk freelists:
   Non-Class:  17.00 KB
       Class:  3.00 KB
        Both:  20.00 KB

MaxMetaspaceSize: 17179869184.00 GB
CompressedClassSpaceSize: 1.00 GB

CodeHeap 'non-profiled nmethods': size=120000Kb used=4746Kb max_used=4746Kb free=115253Kb
 bounds [0x0000020632040000, 0x00000206324f0000, 0x0000020639570000]
CodeHeap 'profiled nmethods': size=120000Kb used=21361Kb max_used=21361Kb free=98638Kb
 bounds [0x000002062ab10000, 0x000002062bff0000, 0x0000020632040000]
CodeHeap 'non-nmethods': size=5760Kb used=2302Kb max_used=2330Kb free=3457Kb
 bounds [0x000002062a570000, 0x000002062a7e0000, 0x000002062ab10000]
 total_blobs=11415 nmethods=10510 adapters=816
 compilation: enabled
              stopped_count=0, restarted_count=0
 full_count=0

Compilation events (20 events):
Event: 18.571 Thread 0x0000020640f07800 10857       3       java.util.IdentityHashMap::resize (153 bytes)
Event: 18.572 Thread 0x0000020640f07800 nmethod 10857 0x000002062bfe8790 code [0x000002062bfe8a00, 0x000002062bfe9778]
Event: 18.581 Thread 0x0000020640f07800 10858       2       com.android.tools.r8.graph.n2::a (138 bytes)
Event: 18.582 Thread 0x0000020640f07800 nmethod 10858 0x000002062bfe9b90 code [0x000002062bfe9dc0, 0x000002062bfea508]
Event: 18.599 Thread 0x0000020640f07800 10860       2       com.android.tools.r8.internal.X0::<init> (5 bytes)
Event: 18.599 Thread 0x0000020640f07800 nmethod 10860 0x000002062bfea910 code [0x000002062bfeaac0, 0x000002062bfeabb8]
Event: 18.599 Thread 0x0000020640f07800 10861       2       com.android.tools.r8.internal.W0::<init> (5 bytes)
Event: 18.599 Thread 0x0000020640f07800 nmethod 10861 0x000002062bfeac90 code [0x000002062bfeae40, 0x000002062bfeaf38]
Event: 18.599 Thread 0x0000020640f07800 10862       2       com.android.tools.r8.internal.Q0::<init> (5 bytes)
Event: 18.599 Thread 0x0000020640f07800 nmethod 10862 0x000002062bfeb010 code [0x000002062bfeb1c0, 0x000002062bfeb2b8]
Event: 18.599 Thread 0x0000020640f07800 10863       2       com.android.tools.r8.internal.Zb1::<init> (6 bytes)
Event: 18.600 Thread 0x0000020640f07800 nmethod 10863 0x000002062bfeb390 code [0x000002062bfeb540, 0x000002062bfeb698]
Event: 18.600 Thread 0x0000020640f07800 10864       2       com.android.tools.r8.internal.X0::iterator (5 bytes)
Event: 18.600 Thread 0x0000020640f07800 nmethod 10864 0x000002062bfeb710 code [0x000002062bfeb8c0, 0x000002062bfeb9e8]
Event: 18.600 Thread 0x0000020640f07800 10865       2       com.android.tools.r8.internal.Vb1::<init> (12 bytes)
Event: 18.600 Thread 0x0000020640f07800 nmethod 10865 0x000002062bfeba90 code [0x000002062bfebc40, 0x000002062bfebda8]
Event: 18.601 Thread 0x0000020640f07800 10866       2       com.android.tools.r8.internal.P0::entrySet (5 bytes)
Event: 18.602 Thread 0x0000020640f07800 nmethod 10866 0x000002062bfebe90 code [0x000002062bfec040, 0x000002062bfec168]
Event: 18.602 Thread 0x0000020640f07800 10867       2       com.android.tools.r8.internal.Zb1::iterator (12 bytes)
Event: 18.602 Thread 0x0000020640f07800 nmethod 10867 0x000002062bfec210 code [0x000002062bfec3c0, 0x000002062bfec5a8]

GC Heap History (20 events):
Event: 16.582 GC heap after
{Heap after GC invocations=22 (full 0):
 garbage-first heap   total 199680K, used 75171K [0x0000000080000000, 0x0000000100000000)
  region size 1024K, 7 young (7168K), 7 survivors (7168K)
 Metaspace       used 87708K, capacity 89906K, committed 90148K, reserved 1128448K
  class space    used 11374K, capacity 12180K, committed 12236K, reserved 1048576K
}
Event: 16.919 GC heap before
{Heap before GC invocations=22 (full 0):
 garbage-first heap   total 199680K, used 154019K [0x0000000080000000, 0x0000000100000000)
  region size 1024K, 77 young (78848K), 7 survivors (7168K)
 Metaspace       used 88584K, capacity 90852K, committed 91044K, reserved 1128448K
  class space    used 11481K, capacity 12314K, committed 12364K, reserved 1048576K
}
Event: 16.932 GC heap after
{Heap after GC invocations=23 (full 0):
 garbage-first heap   total 199680K, used 84565K [0x0000000080000000, 0x0000000100000000)
  region size 1024K, 10 young (10240K), 10 survivors (10240K)
 Metaspace       used 88584K, capacity 90852K, committed 91044K, reserved 1128448K
  class space    used 11481K, capacity 12314K, committed 12364K, reserved 1048576K
}
Event: 17.236 GC heap before
{Heap before GC invocations=23 (full 0):
 garbage-first heap   total 199680K, used 152149K [0x0000000080000000, 0x0000000100000000)
  region size 1024K, 77 young (78848K), 10 survivors (10240K)
 Metaspace       used 89462K, capacity 91722K, committed 91940K, reserved 1128448K
  class space    used 11594K, capacity 12432K, committed 12492K, reserved 1048576K
}
Event: 17.249 GC heap after
{Heap after GC invocations=24 (full 0):
 garbage-first heap   total 199680K, used 102898K [0x0000000080000000, 0x0000000100000000)
  region size 1024K, 10 young (10240K), 10 survivors (10240K)
 Metaspace       used 89462K, capacity 91722K, committed 91940K, reserved 1128448K
  class space    used 11594K, capacity 12432K, committed 12492K, reserved 1048576K
}
Event: 17.686 GC heap before
{Heap before GC invocations=24 (full 0):
 garbage-first heap   total 199680K, used 154098K [0x0000000080000000, 0x0000000100000000)
  region size 1024K, 61 young (62464K), 10 survivors (10240K)
 Metaspace       used 92059K, capacity 94432K, committed 94628K, reserved 1130496K
  class space    used 11970K, capacity 12861K, committed 12876K, reserved 1048576K
}
Event: 17.707 GC heap after
{Heap after GC invocations=25 (full 0):
 garbage-first heap   total 199680K, used 107129K [0x0000000080000000, 0x0000000100000000)
  region size 1024K, 8 young (8192K), 8 survivors (8192K)
 Metaspace       used 92059K, capacity 94432K, committed 94628K, reserved 1130496K
  class space    used 11970K, capacity 12861K, committed 12876K, reserved 1048576K
}
Event: 17.937 GC heap before
{Heap before GC invocations=26 (full 0):
 garbage-first heap   total 199680K, used 154233K [0x0000000080000000, 0x0000000100000000)
  region size 1024K, 55 young (56320K), 8 survivors (8192K)
 Metaspace       used 92156K, capacity 94349K, committed 95012K, reserved 1132544K
  class space    used 11942K, capacity 12785K, committed 13004K, reserved 1048576K
}
Event: 17.964 GC heap after
{Heap after GC invocations=27 (full 0):
 garbage-first heap   total 199680K, used 119986K [0x0000000080000000, 0x0000000100000000)
  region size 1024K, 7 young (7168K), 7 survivors (7168K)
 Metaspace       used 92156K, capacity 94349K, committed 95012K, reserved 1132544K
  class space    used 11942K, capacity 12785K, committed 13004K, reserved 1048576K
}
Event: 18.086 GC heap before
{Heap before GC invocations=27 (full 0):
 garbage-first heap   total 199680K, used 156850K [0x0000000080000000, 0x0000000100000000)
  region size 1024K, 43 young (44032K), 7 survivors (7168K)
 Metaspace       used 93118K, capacity 95426K, committed 95652K, reserved 1132544K
  class space    used 12108K, capacity 12997K, committed 13132K, reserved 1048576K
}
Event: 18.104 GC heap after
{Heap after GC invocations=28 (full 0):
 garbage-first heap   total 199680K, used 128986K [0x0000000080000000, 0x0000000100000000)
  region size 1024K, 6 young (6144K), 6 survivors (6144K)
 Metaspace       used 93118K, capacity 95426K, committed 95652K, reserved 1132544K
  class space    used 12108K, capacity 12997K, committed 13132K, reserved 1048576K
}
Event: 18.174 GC heap before
{Heap before GC invocations=28 (full 0):
 garbage-first heap   total 199680K, used 159706K [0x0000000080000000, 0x0000000100000000)
  region size 1024K, 37 young (37888K), 6 survivors (6144K)
 Metaspace       used 93281K, capacity 95621K, committed 95908K, reserved 1132544K
  class space    used 12126K, capacity 12997K, committed 13132K, reserved 1048576K
}
Event: 18.188 GC heap after
{Heap after GC invocations=29 (full 0):
 garbage-first heap   total 239616K, used 135874K [0x0000000080000000, 0x0000000100000000)
  region size 1024K, 5 young (5120K), 5 survivors (5120K)
 Metaspace       used 93281K, capacity 95621K, committed 95908K, reserved 1132544K
  class space    used 12126K, capacity 12997K, committed 13132K, reserved 1048576K
}
Event: 18.330 GC heap before
{Heap before GC invocations=29 (full 0):
 garbage-first heap   total 239616K, used 181954K [0x0000000080000000, 0x0000000100000000)
  region size 1024K, 50 young (51200K), 5 survivors (5120K)
 Metaspace       used 94025K, capacity 96266K, committed 96804K, reserved 1132544K
  class space    used 12184K, capacity 13026K, committed 13260K, reserved 1048576K
}
Event: 18.346 GC heap after
{Heap after GC invocations=30 (full 0):
 garbage-first heap   total 239616K, used 144766K [0x0000000080000000, 0x0000000100000000)
  region size 1024K, 7 young (7168K), 7 survivors (7168K)
 Metaspace       used 94025K, capacity 96266K, committed 96804K, reserved 1132544K
  class space    used 12184K, capacity 13026K, committed 13260K, reserved 1048576K
}
Event: 18.482 GC heap before
{Heap before GC invocations=31 (full 0):
 garbage-first heap   total 239616K, used 186750K [0x0000000080000000, 0x0000000100000000)
  region size 1024K, 49 young (50176K), 7 survivors (7168K)
 Metaspace       used 94787K, capacity 97244K, committed 97444K, reserved 1134592K
  class space    used 12339K, capacity 13296K, committed 13388K, reserved 1048576K
}
Event: 18.496 GC heap after
{Heap after GC invocations=32 (full 0):
 garbage-first heap   total 239616K, used 153234K [0x0000000080000000, 0x0000000100000000)
  region size 1024K, 7 young (7168K), 7 survivors (7168K)
 Metaspace       used 94787K, capacity 97244K, committed 97444K, reserved 1134592K
  class space    used 12339K, capacity 13296K, committed 13388K, reserved 1048576K
}
Event: 18.538 GC heap before
{Heap before GC invocations=32 (full 0):
 garbage-first heap   total 239616K, used 192146K [0x0000000080000000, 0x0000000100000000)
  region size 1024K, 45 young (46080K), 7 survivors (7168K)
 Metaspace       used 95111K, capacity 97592K, committed 97700K, reserved 1134592K
  class space    used 12410K, capacity 13369K, committed 13388K, reserved 1048576K
}
Event: 18.555 GC heap after
{Heap after GC invocations=33 (full 0):
 garbage-first heap   total 239616K, used 159932K [0x0000000080000000, 0x0000000100000000)
  region size 1024K, 6 young (6144K), 6 survivors (6144K)
 Metaspace       used 95111K, capacity 97592K, committed 97700K, reserved 1134592K
  class space    used 12410K, capacity 13369K, committed 13388K, reserved 1048576K
}
Event: 18.602 GC heap before
{Heap before GC invocations=33 (full 0):
 garbage-first heap   total 239616K, used 195772K [0x0000000080000000, 0x0000000100000000)
  region size 1024K, 41 young (41984K), 6 survivors (6144K)
 Metaspace       used 95336K, capacity 97828K, committed 98084K, reserved 1134592K
  class space    used 12457K, capacity 13405K, committed 13516K, reserved 1048576K
}

Deoptimization events (20 events):
Event: 18.577 Thread 0x00000206453a2000 DEOPT PACKING pc=0x000002062bf92177 sp=0x000000f5302f8b40
Event: 18.577 Thread 0x00000206453a2000 DEOPT UNPACKING pc=0x000002062a596dde sp=0x000000f5302f80b8 mode 0
Event: 18.579 Thread 0x000002064539e000 DEOPT PACKING pc=0x000002062be65fd3 sp=0x000000f52faf9990
Event: 18.579 Thread 0x000002064539e000 DEOPT UNPACKING pc=0x000002062a596dde sp=0x000000f52faf8ec0 mode 0
Event: 18.581 Thread 0x000002064539e000 DEOPT PACKING pc=0x000002062bfc7bb4 sp=0x000000f52faf8fe0
Event: 18.581 Thread 0x000002064539e000 DEOPT UNPACKING pc=0x000002062a596dde sp=0x000000f52faf84f0 mode 0
Event: 18.583 Thread 0x0000020645115000 DEOPT PACKING pc=0x000002062bf92177 sp=0x000000f5314f9120
Event: 18.583 Thread 0x0000020645115000 DEOPT UNPACKING pc=0x000002062a596dde sp=0x000000f5314f8698 mode 0
Event: 18.588 Thread 0x000002064539e000 DEOPT PACKING pc=0x000002062be65fd3 sp=0x000000f52faf9990
Event: 18.588 Thread 0x000002064539e000 DEOPT UNPACKING pc=0x000002062a596dde sp=0x000000f52faf8ec0 mode 0
Event: 18.588 Thread 0x00000206453a2000 DEOPT PACKING pc=0x000002062bf92177 sp=0x000000f5302f8b60
Event: 18.588 Thread 0x00000206453a2000 DEOPT UNPACKING pc=0x000002062a596dde sp=0x000000f5302f80d8 mode 0
Event: 18.592 Thread 0x00000206453a2000 DEOPT PACKING pc=0x000002062bf92177 sp=0x000000f5302f8b60
Event: 18.592 Thread 0x00000206453a2000 DEOPT UNPACKING pc=0x000002062a596dde sp=0x000000f5302f80d8 mode 0
Event: 18.596 Thread 0x00000206453a3800 DEOPT PACKING pc=0x000002062bf92177 sp=0x000000f5303f9360
Event: 18.596 Thread 0x00000206453a3800 DEOPT UNPACKING pc=0x000002062a596dde sp=0x000000f5303f88d8 mode 0
Event: 18.597 Thread 0x000002064539e000 DEOPT PACKING pc=0x000002062be65fd3 sp=0x000000f52faf9990
Event: 18.597 Thread 0x000002064539e000 DEOPT UNPACKING pc=0x000002062a596dde sp=0x000000f52faf8ec0 mode 0
Event: 18.602 Thread 0x0000020645115000 DEOPT PACKING pc=0x000002062bf92177 sp=0x000000f5314f8ce0
Event: 18.602 Thread 0x0000020645115000 DEOPT UNPACKING pc=0x000002062a596dde sp=0x000000f5314f8258 mode 0

Classes redefined (0 events):
No events

Internal exceptions (20 events):
Event: 17.991 Thread 0x00000206455c0800 Exception <a 'java/lang/IncompatibleClassChangeError'{0x000000008ba4b7b0}: Found class java.lang.Object, but interface was expected> (0x000000008ba4b7b0) thrown at [./src/hotspot/share/interpreter/linkResolver.cpp, line 839]
Event: 17.991 Thread 0x0000020645115000 Exception <a 'java/lang/IncompatibleClassChangeError'{0x000000008bbeba60}: Found class java.lang.Object, but interface was expected> (0x000000008bbeba60) thrown at [./src/hotspot/share/interpreter/linkResolver.cpp, line 839]
Event: 17.992 Thread 0x0000020646b54800 Exception <a 'java/lang/NoSuchMethodError'{0x000000008bbe12f8}: 'java.lang.Object java.lang.invoke.DirectMethodHandle$Holder.newInvokeSpecial(java.lang.Object, int)'> (0x000000008bbe12f8) thrown at [./src/hotspot/share/interpreter/linkResolver.cpp, line 773]
Event: 17.992 Thread 0x00000206453a2000 Exception <a 'java/lang/NoSuchMethodError'{0x000000008b93e628}: 'java.lang.Object java.lang.invoke.DirectMethodHandle$Holder.newInvokeSpecial(java.lang.Object, int)'> (0x000000008b93e628) thrown at [./src/hotspot/share/interpreter/linkResolver.cpp, line 773]
Event: 17.992 Thread 0x0000020645115000 Exception <a 'java/lang/NoSuchMethodError'{0x000000008bbef640}: 'java.lang.Object java.lang.invoke.DirectMethodHandle$Holder.newInvokeSpecial(java.lang.Object, int)'> (0x000000008bbef640) thrown at [./src/hotspot/share/interpreter/linkResolver.cpp, line 773]
Event: 17.993 Thread 0x00000206455c0800 Exception <a 'java/lang/NoSuchMethodError'{0x000000008bad01b8}: 'java.lang.Object java.lang.invoke.DirectMethodHandle$Holder.newInvokeSpecial(java.lang.Object, int)'> (0x000000008bad01b8) thrown at [./src/hotspot/share/interpreter/linkResolver.cpp, line 773]
Event: 17.995 Thread 0x0000020645115000 Exception <a 'java/lang/IncompatibleClassChangeError'{0x000000008bbf9050}: Found class java.lang.Object, but interface was expected> (0x000000008bbf9050) thrown at [./src/hotspot/share/interpreter/linkResolver.cpp, line 839]
Event: 17.995 Thread 0x0000020646b54800 Exception <a 'java/lang/IncompatibleClassChangeError'{0x000000008b95c0e0}: Found class java.lang.Object, but interface was expected> (0x000000008b95c0e0) thrown at [./src/hotspot/share/interpreter/linkResolver.cpp, line 839]
Event: 17.996 Thread 0x0000020646b54800 Exception <a 'java/lang/IncompatibleClassChangeError'{0x000000008b9f4b50}: Found class java.lang.Object, but interface was expected> (0x000000008b9f4b50) thrown at [./src/hotspot/share/interpreter/linkResolver.cpp, line 839]
Event: 18.034 Thread 0x0000020645115000 Exception <a 'java/lang/IncompatibleClassChangeError'{0x000000008ad15ad8}: Found class java.lang.Object, but interface was expected> (0x000000008ad15ad8) thrown at [./src/hotspot/share/interpreter/linkResolver.cpp, line 839]
Event: 18.034 Thread 0x00000206453a2000 Exception <a 'java/lang/IncompatibleClassChangeError'{0x000000008acebf08}: Found class java.lang.Object, but interface was expected> (0x000000008acebf08) thrown at [./src/hotspot/share/interpreter/linkResolver.cpp, line 839]
Event: 18.034 Thread 0x000002064539e000 Exception <a 'java/lang/IncompatibleClassChangeError'{0x000000008ac7f8c8}: Found class java.lang.Object, but interface was expected> (0x000000008ac7f8c8) thrown at [./src/hotspot/share/interpreter/linkResolver.cpp, line 839]
Event: 18.034 Thread 0x00000206453a3800 Exception <a 'java/lang/IncompatibleClassChangeError'{0x000000008acd7f38}: Found class java.lang.Object, but interface was expected> (0x000000008acd7f38) thrown at [./src/hotspot/share/interpreter/linkResolver.cpp, line 839]
Event: 18.034 Thread 0x0000020646b54800 Exception <a 'java/lang/IncompatibleClassChangeError'{0x000000008ad56888}: Found class java.lang.Object, but interface was expected> (0x000000008ad56888) thrown at [./src/hotspot/share/interpreter/linkResolver.cpp, line 839]
Event: 18.039 Thread 0x00000206453a3800 Exception <a 'java/lang/NoSuchMethodError'{0x000000008ab4b220}: 'int java.lang.invoke.DirectMethodHandle$Holder.invokeVirtual(java.lang.Object, java.lang.Object, java.lang.Object)'> (0x000000008ab4b220) thrown at [./src/hotspot/share/interpreter/linkResolver.cpp, line 773]
Event: 18.039 Thread 0x000002064539e000 Exception <a 'java/lang/NoSuchMethodError'{0x000000008ac8dd40}: 'int java.lang.invoke.DirectMethodHandle$Holder.invokeVirtual(java.lang.Object, java.lang.Object, java.lang.Object)'> (0x000000008ac8dd40) thrown at [./src/hotspot/share/interpreter/linkResolver.cpp, line 773]
Event: 18.039 Thread 0x00000206453a2000 Exception <a 'java/lang/NoSuchMethodError'{0x000000008ab58278}: 'int java.lang.invoke.DirectMethodHandle$Holder.invokeVirtual(java.lang.Object, java.lang.Object, java.lang.Object)'> (0x000000008ab58278) thrown at [./src/hotspot/share/interpreter/linkResolver.cpp, line 773]
Event: 18.413 Thread 0x0000020645115000 Exception <a 'java/lang/NoSuchMethodError'{0x000000008e759238}: 'java.lang.Object java.lang.invoke.DirectMethodHandle$Holder.invokeStatic(java.lang.Object, int, java.lang.Object, java.lang.Object)'> (0x000000008e759238) thrown at [./src/hotspot/share/interpreter/linkResolver.cpp, line 773]
Event: 18.413 Thread 0x00000206453a2000 Exception <a 'java/lang/NoSuchMethodError'{0x000000008e9951a0}: 'java.lang.Object java.lang.invoke.DirectMethodHandle$Holder.invokeStatic(java.lang.Object, int, java.lang.Object, java.lang.Object)'> (0x000000008e9951a0) thrown at [./src/hotspot/share/interpreter/linkResolver.cpp, line 773]
Event: 18.414 Thread 0x00000206453a3800 Exception <a 'java/lang/NoSuchMethodError'{0x000000008e573dd8}: 'java.lang.Object java.lang.invoke.DirectMethodHandle$Holder.invokeStatic(java.lang.Object, int, java.lang.Object, java.lang.Object)'> (0x000000008e573dd8) thrown at [./src/hotspot/share/interpreter/linkResolver.cpp, line 773]

Events (20 events):
Event: 18.583 loading class com/android/tools/r8/internal/iV0 done
Event: 18.584 loading class com/android/tools/r8/internal/mV0
Event: 18.584 loading class com/android/tools/r8/internal/mV0 done
Event: 18.585 loading class com/android/tools/r8/internal/AD0
Event: 18.585 loading class com/android/tools/r8/internal/AD0 done
Event: 18.585 loading class com/android/tools/r8/internal/AD0
Event: 18.585 loading class com/android/tools/r8/internal/AD0 done
Event: 18.585 loading class com/android/tools/r8/internal/ID0
Event: 18.585 loading class com/android/tools/r8/internal/ID0 done
Event: 18.585 loading class com/android/tools/r8/internal/AD0
Event: 18.585 loading class com/android/tools/r8/internal/AD0 done
Event: 18.586 loading class com/android/tools/r8/internal/ID0
Event: 18.586 loading class com/android/tools/r8/internal/ID0 done
Event: 18.586 loading class com/android/tools/r8/internal/AD0
Event: 18.586 loading class com/android/tools/r8/internal/AD0 done
Event: 18.586 loading class com/android/tools/r8/internal/ID0
Event: 18.586 loading class com/android/tools/r8/internal/ID0 done
Event: 18.586 loading class com/android/tools/r8/internal/qB0
Event: 18.586 loading class com/android/tools/r8/internal/qB0 done
Event: 18.602 Executing VM operation: G1CollectForAllocation


Dynamic libraries:
0x00007ff709d50000 - 0x00007ff709d5a000 	D:\programming\jre\bin\java.exe
0x00007fff8a3e0000 - 0x00007fff8a5e9000 	C:\WINDOWS\SYSTEM32\ntdll.dll
0x00007fff89ac0000 - 0x00007fff89b7d000 	C:\WINDOWS\System32\KERNEL32.DLL
0x00007fff87cf0000 - 0x00007fff88069000 	C:\WINDOWS\System32\KERNELBASE.dll
0x00007fff878d0000 - 0x00007fff879e1000 	C:\WINDOWS\System32\ucrtbase.dll
0x00007fff78d10000 - 0x00007fff78d27000 	D:\programming\jre\bin\VCRUNTIME140.dll
0x00007fff79180000 - 0x00007fff79199000 	D:\programming\jre\bin\jli.dll
0x00007fff884a0000 - 0x00007fff8864c000 	C:\WINDOWS\System32\USER32.dll
0x00007fff7bf20000 - 0x00007fff7c1c5000 	C:\WINDOWS\WinSxS\amd64_microsoft.windows.common-controls_6595b64144ccf1df_6.0.22000.120_none_9d947278b86cc467\COMCTL32.dll
0x00007fff88070000 - 0x00007fff88096000 	C:\WINDOWS\System32\win32u.dll
0x00007fff89440000 - 0x00007fff894e3000 	C:\WINDOWS\System32\msvcrt.dll
0x00007fff89c00000 - 0x00007fff89c29000 	C:\WINDOWS\System32\GDI32.dll
0x00007fff880a0000 - 0x00007fff881b2000 	C:\WINDOWS\System32\gdi32full.dll
0x00007fff87be0000 - 0x00007fff87c7d000 	C:\WINDOWS\System32\msvcp_win.dll
0x00007fff89d10000 - 0x00007fff89d41000 	C:\WINDOWS\System32\IMM32.DLL
0x00007fff700d0000 - 0x00007fff7016d000 	D:\programming\jre\bin\msvcp140.dll
0x00007fff0f0b0000 - 0x00007fff0fb85000 	D:\programming\jre\bin\server\jvm.dll
0x00007fff88990000 - 0x00007fff88a3e000 	C:\WINDOWS\System32\ADVAPI32.dll
0x00007fff88400000 - 0x00007fff8849e000 	C:\WINDOWS\System32\sechost.dll
0x00007fff88280000 - 0x00007fff883a0000 	C:\WINDOWS\System32\RPCRT4.dll
0x00007fff8a0e0000 - 0x00007fff8a0e8000 	C:\WINDOWS\System32\PSAPI.DLL
0x00007fff83cc0000 - 0x00007fff83cc9000 	C:\WINDOWS\SYSTEM32\WSOCK32.dll
0x00007fff82b50000 - 0x00007fff82b83000 	C:\WINDOWS\SYSTEM32\WINMM.dll
0x00007fff89a50000 - 0x00007fff89abf000 	C:\WINDOWS\System32\WS2_32.dll
0x00007fff808d0000 - 0x00007fff808da000 	C:\WINDOWS\SYSTEM32\VERSION.dll
0x00007fff869d0000 - 0x00007fff869e8000 	C:\WINDOWS\SYSTEM32\kernel.appcore.dll
0x00007fff7ba20000 - 0x00007fff7ba31000 	D:\programming\jre\bin\verify.dll
0x00007fff85340000 - 0x00007fff85561000 	C:\WINDOWS\SYSTEM32\DBGHELP.DLL
0x00007fff7cdd0000 - 0x00007fff7ce01000 	C:\WINDOWS\SYSTEM32\dbgcore.DLL
0x00007fff879f0000 - 0x00007fff87a6f000 	C:\WINDOWS\System32\bcryptPrimitives.dll
0x00007fff7b820000 - 0x00007fff7b849000 	D:\programming\jre\bin\java.dll
0x00007fff7ba10000 - 0x00007fff7ba1b000 	D:\programming\jre\bin\jimage.dll
0x00007fff797e0000 - 0x00007fff797f8000 	D:\programming\jre\bin\zip.dll
0x00007fff88ac0000 - 0x00007fff8926f000 	C:\WINDOWS\System32\SHELL32.dll
0x00007fff85a40000 - 0x00007fff862a8000 	C:\WINDOWS\SYSTEM32\windows.storage.dll
0x00007fff89d60000 - 0x00007fff8a0d8000 	C:\WINDOWS\System32\combase.dll
0x00007fff858d0000 - 0x00007fff85a36000 	C:\WINDOWS\SYSTEM32\wintypes.dll
0x00007fff894f0000 - 0x00007fff895da000 	C:\WINDOWS\System32\SHCORE.dll
0x00007fff8a270000 - 0x00007fff8a2cd000 	C:\WINDOWS\System32\shlwapi.dll
0x00007fff87800000 - 0x00007fff87821000 	C:\WINDOWS\SYSTEM32\profapi.dll
0x00007fff797c0000 - 0x00007fff797da000 	D:\programming\jre\bin\net.dll
0x00007fff81610000 - 0x00007fff8171c000 	C:\WINDOWS\SYSTEM32\WINHTTP.dll
0x00007fff86e00000 - 0x00007fff86e67000 	C:\WINDOWS\system32\mswsock.dll
0x00007fff795b0000 - 0x00007fff795c4000 	D:\programming\jre\bin\nio.dll
0x00007fff673c0000 - 0x00007fff673e7000 	C:\Users\polin\.gradle\native\e1d6ef7f7dcc3fd88c89a11ec53ec762bb8ba0a96d01ffa2cd45eb1d1d8dd5c5\windows-amd64\native-platform.dll
0x00007fff6cfc0000 - 0x00007fff6d104000 	C:\Users\polin\.gradle\native\5664cfc778a61ccfe75a443a1ab52a65af34e5dc3c78e0209fed803814484fcb\windows-amd64\native-platform-file-events.dll
0x00007fff77210000 - 0x00007fff7721a000 	D:\programming\jre\bin\management.dll
0x00007fff77200000 - 0x00007fff7720d000 	D:\programming\jre\bin\management_ext.dll
0x00007fff87050000 - 0x00007fff87068000 	C:\WINDOWS\SYSTEM32\CRYPTSP.dll
0x00007fff86930000 - 0x00007fff86965000 	C:\WINDOWS\system32\rsaenh.dll
0x00007fff86ef0000 - 0x00007fff86f19000 	C:\WINDOWS\SYSTEM32\USERENV.dll
0x00007fff871c0000 - 0x00007fff871e7000 	C:\WINDOWS\SYSTEM32\bcrypt.dll
0x00007fff87040000 - 0x00007fff8704c000 	C:\WINDOWS\SYSTEM32\CRYPTBASE.dll
0x00007fff86500000 - 0x00007fff8652d000 	C:\WINDOWS\SYSTEM32\IPHLPAPI.DLL
0x00007fff89d50000 - 0x00007fff89d59000 	C:\WINDOWS\System32\NSI.dll
0x00007fff81d20000 - 0x00007fff81d39000 	C:\WINDOWS\SYSTEM32\dhcpcsvc6.DLL
0x00007fff82a90000 - 0x00007fff82aae000 	C:\WINDOWS\SYSTEM32\dhcpcsvc.DLL
0x00007fff86530000 - 0x00007fff86618000 	C:\WINDOWS\SYSTEM32\DNSAPI.dll

dbghelp: loaded successfully - version: 4.0.5 - missing functions: none
symbol engine: initialized successfully - sym options: 0x614 - pdb path: .;D:\programming\jre\bin;C:\WINDOWS\SYSTEM32;C:\WINDOWS\WinSxS\amd64_microsoft.windows.common-controls_6595b64144ccf1df_6.0.22000.120_none_9d947278b86cc467;D:\programming\jre\bin\server;C:\Users\polin\.gradle\native\e1d6ef7f7dcc3fd88c89a11ec53ec762bb8ba0a96d01ffa2cd45eb1d1d8dd5c5\windows-amd64;C:\Users\polin\.gradle\native\5664cfc778a61ccfe75a443a1ab52a65af34e5dc3c78e0209fed803814484fcb\windows-amd64

VM Arguments:
jvm_args: --add-opens=java.base/java.util=ALL-UNNAMED --add-opens=java.base/java.lang=ALL-UNNAMED --add-opens=java.base/java.lang.invoke=ALL-UNNAMED --add-opens=java.base/java.util=ALL-UNNAMED --add-opens=java.prefs/java.util.prefs=ALL-UNNAMED --add-opens=java.prefs/java.util.prefs=ALL-UNNAMED --add-opens=java.base/java.nio.charset=ALL-UNNAMED --add-opens=java.base/java.net=ALL-UNNAMED --add-opens=java.base/java.util.concurrent.atomic=ALL-UNNAMED -Xmx2048m -Dfile.encoding=UTF-8 -Duser.country=RU -Duser.language=ru -Duser.variant 
java_command: org.gradle.launcher.daemon.bootstrap.GradleDaemon 7.2
java_class_path (initial): C:\Users\polin\.gradle\wrapper\dists\gradle-7.2-bin\2dnblmf4td7x66yl1d74lt32g\gradle-7.2\lib\gradle-launcher-7.2.jar
Launcher Type: SUN_STANDARD

[Global flags]
     intx CICompilerCount                          = 4                                         {product} {ergonomic}
     uint ConcGCThreads                            = 2                                         {product} {ergonomic}
     uint G1ConcRefinementThreads                  = 8                                         {product} {ergonomic}
   size_t G1HeapRegionSize                         = 1048576                                   {product} {ergonomic}
    uintx GCDrainStackTargetSize                   = 64                                        {product} {ergonomic}
   size_t InitialHeapSize                          = 117440512                                 {product} {ergonomic}
   size_t MarkStackSize                            = 4194304                                   {product} {ergonomic}
   size_t MaxHeapSize                              = 2147483648                                {product} {command line}
   size_t MaxNewSize                               = 1287651328                                {product} {ergonomic}
   size_t MinHeapDeltaBytes                        = 1048576                                   {product} {ergonomic}
    uintx NonNMethodCodeHeapSize                   = 5836300                                {pd product} {ergonomic}
    uintx NonProfiledCodeHeapSize                  = 122910970                              {pd product} {ergonomic}
    uintx ProfiledCodeHeapSize                     = 122910970                              {pd product} {ergonomic}
    uintx ReservedCodeCacheSize                    = 251658240                              {pd product} {ergonomic}
     bool SegmentedCodeCache                       = true                                      {product} {ergonomic}
     bool UseCompressedClassPointers               = true                                 {lp64_product} {ergonomic}
     bool UseCompressedOops                        = true                                 {lp64_product} {ergonomic}
     bool UseG1GC                                  = true                                      {product} {ergonomic}
     bool UseLargePagesIndividualAllocation        = false                                  {pd product} {ergonomic}

Logging:
Log output configuration:
 #0: stdout all=warning uptime,level,tags
 #1: stderr all=off uptime,level,tags

Environment Variables:
PATH=C:\Program Files\Common Files\Oracle\Java\javapath;C:\WINDOWS\system32;C:\WINDOWS;C:\WINDOWS\System32\Wbem;C:\WINDOWS\System32\WindowsPowerShell\v1.0\;C:\WINDOWS\System32\OpenSSH\;D:\Git\Git\cmd;C:\Program Files\MySQL\MySQL Shell 8.0\bin\;D:\Python310\Scripts\;D:\Python310\;C:\Users\polin\AppData\Local\Microsoft\WindowsApps;D:\Python\PyCharm Community Edition 2021.3.2\bin;;C:\Users\polin\AppData\Local\GitHubDesktop\bin;C:\src\flutter\bin;
USERNAME=polin
OS=Windows_NT
PROCESSOR_IDENTIFIER=AMD64 Family 23 Model 24 Stepping 1, AuthenticAMD



---------------  S Y S T E M  ---------------

OS: Windows 10 , 64 bit Build 22000 (10.0.22000.675)
OS uptime: 2 days 19:35 hours

CPU:total 8 (initial active 8) (8 cores per cpu, 2 threads per core) family 23 model 24 stepping 1 microcode 0x0, cmov, cx8, fxsr, mmx, sse, sse2, sse3, ssse3, sse4.1, sse4.2, popcnt, avx, avx2, aes, clmul, mmxext, 3dnowpref, lzcnt, sse4a, ht, tsc, tscinvbit, tscinv, bmi1, bmi2, adx, s

Memory: 4k page, system-wide physical 7103M (306M free)
TotalPageFile size 17353M (AvailPageFile size 12M)
current process WorkingSet (physical memory assigned to process): 534M, peak: 534M
current process commit charge ("private bytes"): 618M, peak: 696M

vm_info: OpenJDK 64-Bit Server VM (11.0.11+9-b60-7590822) for windows-amd64 JRE (11.0.11+9-b60-7590822), built on Jul 29 2021 21:43:44 by "builder" with MS VC++ 14.0 (VS2015)

END.
